

================================================================
== Vitis HLS Report for 'axi4_conv2D_Pipeline_VITIS_LOOP_9_1_VITIS_LOOP_10_2'
================================================================
* Date:           Thu Sep 28 12:30:28 2023

* Version:        2022.2 (Build 3670227 on Oct 13 2022)
* Project:        axi4_conv2D
* Solution:       solution1 (Vivado IP Flow Target)
* Product family: artix7
* Target device:  xc7a100t-csg324-1


================================================================
== Performance Estimates
================================================================
+ Timing: 
    * Summary: 
    +--------+----------+----------+------------+
    |  Clock |  Target  | Estimated| Uncertainty|
    +--------+----------+----------+------------+
    |ap_clk  |  10.00 ns|  7.092 ns|     2.70 ns|
    +--------+----------+----------+------------+

+ Latency: 
    * Summary: 
    +---------+---------+----------+----------+-----+-----+---------+
    |  Latency (cycles) |  Latency (absolute) |  Interval | Pipeline|
    |   min   |   max   |    min   |    max   | min | max |   Type  |
    +---------+---------+----------+----------+-----+-----+---------+
    |       85|       85|  0.850 us|  0.850 us|   85|   85|       no|
    +---------+---------+----------+----------+-----+-----+---------+

    + Detail: 
        * Instance: 
        N/A

        * Loop: 
        +----------------------------------+---------+---------+----------+-----------+-----------+------+----------+
        |                                  |  Latency (cycles) | Iteration|  Initiation Interval  | Trip |          |
        |             Loop Name            |   min   |   max   |  Latency |  achieved |   target  | Count| Pipelined|
        +----------------------------------+---------+---------+----------+-----------+-----------+------+----------+
        |- VITIS_LOOP_9_1_VITIS_LOOP_10_2  |       83|       83|         9|          5|          1|    16|       yes|
        +----------------------------------+---------+---------+----------+-----------+-----------+------+----------+



================================================================
== Utilization Estimates
================================================================
* Summary: 
+-----------------+---------+-----+--------+-------+-----+
|       Name      | BRAM_18K| DSP |   FF   |  LUT  | URAM|
+-----------------+---------+-----+--------+-------+-----+
|DSP              |        -|    -|       -|      -|    -|
|Expression       |        -|    -|       0|    544|    -|
|FIFO             |        -|    -|       -|      -|    -|
|Instance         |        -|    0|       0|    378|    -|
|Memory           |        -|    -|       -|      -|    -|
|Multiplexer      |        -|    -|       -|    197|    -|
|Register         |        -|    -|     563|      -|    -|
+-----------------+---------+-----+--------+-------+-----+
|Total            |        0|    0|     563|   1119|    0|
+-----------------+---------+-----+--------+-------+-----+
|Available        |      270|  240|  126800|  63400|    0|
+-----------------+---------+-----+--------+-------+-----+
|Utilization (%)  |        0|    0|      ~0|      1|    0|
+-----------------+---------+-----+--------+-------+-----+

+ Detail: 
    * Instance: 
    +----------------------+-------------------+---------+----+---+----+-----+
    |       Instance       |       Module      | BRAM_18K| DSP| FF| LUT| URAM|
    +----------------------+-------------------+---------+----+---+----+-----+
    |mul_8ns_8s_16_1_1_U1  |mul_8ns_8s_16_1_1  |        0|   0|  0|  42|    0|
    |mul_8ns_8s_16_1_1_U2  |mul_8ns_8s_16_1_1  |        0|   0|  0|  42|    0|
    |mul_8ns_8s_16_1_1_U3  |mul_8ns_8s_16_1_1  |        0|   0|  0|  42|    0|
    |mul_8ns_8s_16_1_1_U4  |mul_8ns_8s_16_1_1  |        0|   0|  0|  42|    0|
    |mul_8ns_8s_16_1_1_U5  |mul_8ns_8s_16_1_1  |        0|   0|  0|  42|    0|
    |mul_8ns_8s_16_1_1_U6  |mul_8ns_8s_16_1_1  |        0|   0|  0|  42|    0|
    |mul_8ns_8s_16_1_1_U7  |mul_8ns_8s_16_1_1  |        0|   0|  0|  42|    0|
    |mul_8ns_8s_16_1_1_U8  |mul_8ns_8s_16_1_1  |        0|   0|  0|  42|    0|
    |mul_8ns_8s_16_1_1_U9  |mul_8ns_8s_16_1_1  |        0|   0|  0|  42|    0|
    +----------------------+-------------------+---------+----+---+----+-----+
    |Total                 |                   |        0|   0|  0| 378|    0|
    +----------------------+-------------------+---------+----+---+----+-----+

    * DSP: 
    N/A

    * Memory: 
    N/A

    * FIFO: 
    N/A

    * Expression: 
    +-------------------------+----------+----+---+----+------------+------------+
    |      Variable Name      | Operation| DSP| FF| LUT| Bitwidth P0| Bitwidth P1|
    +-------------------------+----------+----+---+----+------------+------------+
    |add_ln14_1_fu_530_p2     |         +|   0|  0|  14|           6|           4|
    |add_ln14_fu_445_p2       |         +|   0|  0|  13|           5|           3|
    |add_ln186_1_fu_718_p2    |         +|   0|  0|  15|           8|           8|
    |add_ln186_2_fu_552_p2    |         +|   0|  0|   8|           8|           8|
    |add_ln186_3_fu_556_p2    |         +|   0|  0|   8|           8|           8|
    |add_ln186_4_fu_831_p2    |         +|   0|  0|   8|           8|           8|
    |add_ln186_5_fu_772_p2    |         +|   0|  0|   8|           8|           8|
    |add_ln186_6_fu_723_p2    |         +|   0|  0|   8|           8|           8|
    |add_ln186_7_fu_727_p2    |         +|   0|  0|   8|           8|           8|
    |add_ln186_8_fu_776_p2    |         +|   0|  0|   8|           8|           8|
    |add_ln186_fu_835_p2      |         +|   0|  0|   8|           8|           8|
    |add_ln840_10_fu_696_p2   |         +|   0|  0|  24|          17|          17|
    |add_ln840_11_fu_702_p2   |         +|   0|  0|  24|          17|          17|
    |add_ln840_12_fu_712_p2   |         +|   0|  0|  25|          18|          18|
    |add_ln840_13_fu_746_p2   |         +|   0|  0|  26|          19|          19|
    |add_ln840_14_fu_756_p2   |         +|   0|  0|  21|          21|          21|
    |add_ln840_15_fu_794_p2   |         +|   0|  0|  11|           3|           1|
    |add_ln840_1_fu_435_p2    |         +|   0|  0|  13|           5|           2|
    |add_ln840_2_fu_481_p2    |         +|   0|  0|  13|           5|           3|
    |add_ln840_3_fu_491_p2    |         +|   0|  0|  13|           5|           4|
    |add_ln840_4_fu_541_p2    |         +|   0|  0|  14|           6|           4|
    |add_ln840_5_fu_609_p2    |         +|   0|  0|  14|           6|           4|
    |add_ln840_6_fu_654_p2    |         +|   0|  0|  28|          21|          21|
    |add_ln840_7_fu_619_p2    |         +|   0|  0|  24|          17|          17|
    |add_ln840_8_fu_662_p2    |         +|   0|  0|  25|          18|          18|
    |add_ln840_9_fu_735_p2    |         +|   0|  0|  21|          21|          21|
    |add_ln840_fu_401_p2      |         +|   0|  0|  13|           5|           1|
    |add_ln9_1_fu_382_p2      |         +|   0|  0|  13|           5|           3|
    |add_ln9_2_fu_561_p2      |         +|   0|  0|  13|           5|           3|
    |add_ln9_fu_361_p2        |         +|   0|  0|  13|           5|           1|
    |j_V_fu_878_p2            |         +|   0|  0|  11|           3|           1|
    |ret_V_fu_867_p2          |         +|   0|  0|  13|           4|           4|
    |icmp_ln1027_fu_376_p2    |      icmp|   0|  0|   9|           5|           5|
    |icmp_ln1035_fu_819_p2    |      icmp|   0|  0|  12|          13|           1|
    |icmp_ln9_fu_355_p2       |      icmp|   0|  0|  10|           5|           6|
    |or_ln1035_fu_848_p2      |        or|   0|  0|   2|           1|           1|
    |image_out_d0             |    select|   0|  0|   8|           1|           8|
    |select_ln1035_fu_840_p3  |    select|   0|  0|   2|           1|           2|
    |select_ln9_1_fu_787_p3   |    select|   0|  0|   3|           1|           1|
    |select_ln9_2_fu_800_p3   |    select|   0|  0|   3|           1|           3|
    |select_ln9_3_fu_566_p3   |    select|   0|  0|   5|           1|           5|
    |select_ln9_4_fu_572_p3   |    select|   0|  0|   5|           1|           5|
    |select_ln9_fu_388_p3     |    select|   0|  0|   5|           1|           5|
    |ap_enable_pp0            |       xor|   0|  0|   2|           1|           2|
    +-------------------------+----------+----+---+----+------------+------------+
    |Total                    |          |   0|  0| 544|         341|         323|
    +-------------------------+----------+----+---+----+------------+------------+

    * Multiplexer: 
    +--------------------------------------+----+-----------+-----+-----------+
    |                 Name                 | LUT| Input Size| Bits| Total Bits|
    +--------------------------------------+----+-----------+-----+-----------+
    |ap_NS_fsm                             |  25|          6|    1|          6|
    |ap_done_int                           |   9|          2|    1|          2|
    |ap_enable_reg_pp0_iter0               |   9|          2|    1|          2|
    |ap_enable_reg_pp0_iter0_reg           |   9|          2|    1|          2|
    |ap_enable_reg_pp0_iter1               |   9|          2|    1|          2|
    |ap_sig_allocacmp_indvar_flatten_load  |   9|          2|    5|         10|
    |ap_sig_allocacmp_indvars_iv17_load    |   9|          2|    5|         10|
    |ap_sig_allocacmp_indvars_iv34_load    |   9|          2|    5|         10|
    |ap_sig_allocacmp_indvars_iv_load      |   9|          2|    5|         10|
    |i_V_fu_110                            |   9|          2|    3|          6|
    |image_in_address0                     |  25|          6|    6|         36|
    |image_in_address1                     |  21|          5|    6|         30|
    |indvar_flatten_fu_122                 |   9|          2|    5|         10|
    |indvars_iv17_fu_106                   |   9|          2|    5|         10|
    |indvars_iv34_fu_118                   |   9|          2|    5|         10|
    |indvars_iv_fu_114                     |   9|          2|    5|         10|
    |rhs_fu_102                            |   9|          2|    3|          6|
    +--------------------------------------+----+-----------+-----+-----------+
    |Total                                 | 197|         45|   63|        172|
    +--------------------------------------+----+-----------+-----+-----------+

    * Register: 
    +------------------------------------+----+----+-----+-----------+
    |                Name                | FF | LUT| Bits| Const Bits|
    +------------------------------------+----+----+-----+-----------+
    |add_ln186_1_reg_1193                |   8|   0|    8|          0|
    |add_ln186_3_reg_1128                |   8|   0|    8|          0|
    |add_ln186_7_reg_1198                |   8|   0|    8|          0|
    |add_ln186_8_reg_1213                |   8|   0|    8|          0|
    |add_ln840_10_reg_1183               |  17|   0|   17|          0|
    |add_ln840_12_reg_1188               |  18|   0|   18|          0|
    |add_ln840_14_reg_1203               |  21|   0|   21|          0|
    |add_ln840_6_reg_1173                |  21|   0|   21|          0|
    |add_ln840_7_reg_1158                |  17|   0|   17|          0|
    |add_ln840_8_reg_1178                |  18|   0|   18|          0|
    |add_ln9_1_reg_1014                  |   5|   0|    5|          0|
    |ap_CS_fsm                           |   5|   0|    5|          0|
    |ap_done_reg                         |   1|   0|    1|          0|
    |ap_enable_reg_pp0_iter0_reg         |   1|   0|    1|          0|
    |ap_enable_reg_pp0_iter1             |   1|   0|    1|          0|
    |i_V_fu_110                          |   3|   0|    3|          0|
    |icmp_ln1027_reg_1006                |   1|   0|    1|          0|
    |icmp_ln1027_reg_1006_pp0_iter1_reg  |   1|   0|    1|          0|
    |icmp_ln9_reg_991                    |   1|   0|    1|          0|
    |image_in_load_reg_1038              |   8|   0|    8|          0|
    |indvar_flatten_fu_122               |   5|   0|    5|          0|
    |indvars_iv17_cast_reg_1093          |   5|   0|    6|          1|
    |indvars_iv17_fu_106                 |   5|   0|    5|          0|
    |indvars_iv34_fu_118                 |   5|   0|    5|          0|
    |indvars_iv34_load_reg_1000          |   5|   0|    5|          0|
    |indvars_iv_fu_114                   |   5|   0|    5|          0|
    |indvars_iv_load_reg_995             |   5|   0|    5|          0|
    |mul_ln1494_1_reg_1043               |  16|   0|   16|          0|
    |mul_ln1494_2_reg_1063               |  16|   0|   16|          0|
    |mul_ln1494_3_reg_1073               |  16|   0|   16|          0|
    |mul_ln1494_4_reg_1098               |  16|   0|   16|          0|
    |mul_ln1494_5_reg_1108               |  16|   0|   16|          0|
    |mul_ln1494_6_reg_1133               |  16|   0|   16|          0|
    |mul_ln1494_7_reg_1143               |  16|   0|   16|          0|
    |mul_ln1494_8_reg_1163               |  16|   0|   16|          0|
    |rhs_fu_102                          |   3|   0|    3|          0|
    |select_ln9_reg_1019                 |   5|   0|    5|          0|
    |sext_ln186_1_cast_reg_981           |  16|   0|   16|          0|
    |sext_ln186_2_cast_reg_976           |  16|   0|   16|          0|
    |sext_ln186_3_cast_reg_971           |  16|   0|   16|          0|
    |sext_ln186_4_cast_reg_966           |  16|   0|   16|          0|
    |sext_ln186_5_cast_reg_961           |  16|   0|   16|          0|
    |sext_ln186_6_cast_reg_956           |  16|   0|   16|          0|
    |sext_ln186_7_cast_reg_951           |  16|   0|   16|          0|
    |sext_ln186_8_cast_reg_946           |  16|   0|   16|          0|
    |sext_ln186_cast_reg_986             |  16|   0|   16|          0|
    |tmp_reg_1208                        |  13|   0|   13|          0|
    |trunc_ln840_1_reg_1048              |   8|   0|    8|          0|
    |trunc_ln840_2_reg_1068              |   8|   0|    8|          0|
    |trunc_ln840_3_reg_1078              |   8|   0|    8|          0|
    |trunc_ln840_4_reg_1103              |   8|   0|    8|          0|
    |trunc_ln840_5_reg_1113              |   8|   0|    8|          0|
    |trunc_ln840_6_reg_1138              |   8|   0|    8|          0|
    |trunc_ln840_7_reg_1148              |   8|   0|    8|          0|
    |trunc_ln840_8_reg_1168              |   8|   0|    8|          0|
    +------------------------------------+----+----+-----+-----------+
    |Total                               | 563|   0|  564|          1|
    +------------------------------------+----+----+-----+-----------+



================================================================
== Interface
================================================================
* Summary: 
+--------------------+-----+-----+------------+-----------------------------------------------------+--------------+
|      RTL Ports     | Dir | Bits|  Protocol  |                    Source Object                    |    C Type    |
+--------------------+-----+-----+------------+-----------------------------------------------------+--------------+
|ap_clk              |   in|    1|  ap_ctrl_hs|  axi4_conv2D_Pipeline_VITIS_LOOP_9_1_VITIS_LOOP_10_2|  return value|
|ap_rst              |   in|    1|  ap_ctrl_hs|  axi4_conv2D_Pipeline_VITIS_LOOP_9_1_VITIS_LOOP_10_2|  return value|
|ap_start            |   in|    1|  ap_ctrl_hs|  axi4_conv2D_Pipeline_VITIS_LOOP_9_1_VITIS_LOOP_10_2|  return value|
|ap_done             |  out|    1|  ap_ctrl_hs|  axi4_conv2D_Pipeline_VITIS_LOOP_9_1_VITIS_LOOP_10_2|  return value|
|ap_idle             |  out|    1|  ap_ctrl_hs|  axi4_conv2D_Pipeline_VITIS_LOOP_9_1_VITIS_LOOP_10_2|  return value|
|ap_ready            |  out|    1|  ap_ctrl_hs|  axi4_conv2D_Pipeline_VITIS_LOOP_9_1_VITIS_LOOP_10_2|  return value|
|image_in_address0   |  out|    6|   ap_memory|                                             image_in|         array|
|image_in_ce0        |  out|    1|   ap_memory|                                             image_in|         array|
|image_in_q0         |   in|    8|   ap_memory|                                             image_in|         array|
|image_in_address1   |  out|    6|   ap_memory|                                             image_in|         array|
|image_in_ce1        |  out|    1|   ap_memory|                                             image_in|         array|
|image_in_q1         |   in|    8|   ap_memory|                                             image_in|         array|
|sext_ln186          |   in|    8|     ap_none|                                           sext_ln186|        scalar|
|sext_ln186_1        |   in|    8|     ap_none|                                         sext_ln186_1|        scalar|
|sext_ln186_2        |   in|    8|     ap_none|                                         sext_ln186_2|        scalar|
|sext_ln186_3        |   in|    8|     ap_none|                                         sext_ln186_3|        scalar|
|sext_ln186_4        |   in|    8|     ap_none|                                         sext_ln186_4|        scalar|
|sext_ln186_5        |   in|    8|     ap_none|                                         sext_ln186_5|        scalar|
|sext_ln186_6        |   in|    8|     ap_none|                                         sext_ln186_6|        scalar|
|sext_ln186_7        |   in|    8|     ap_none|                                         sext_ln186_7|        scalar|
|sext_ln186_8        |   in|    8|     ap_none|                                         sext_ln186_8|        scalar|
|acc_V               |   in|   21|     ap_none|                                                acc_V|        scalar|
|trunc_ln            |   in|    8|     ap_none|                                             trunc_ln|        scalar|
|image_out_address0  |  out|    4|   ap_memory|                                            image_out|         array|
|image_out_ce0       |  out|    1|   ap_memory|                                            image_out|         array|
|image_out_we0       |  out|    1|   ap_memory|                                            image_out|         array|
|image_out_d0        |  out|    8|   ap_memory|                                            image_out|         array|
+--------------------+-----+-----+------------+-----------------------------------------------------+--------------+

