12/06/23 16:38:28: Running xcd server. This server was built by gradle.
12/06/23 16:38:28: Server was asked to start on port: '55953'
12/06/23 16:38:28: Server is using token UUID: '37d38b3d-481d-4985-8c3a-64223980fe5f'
12/06/23 16:38:28: SESSION_MGR: creating session with session uuid: '6d04a3e9-ade5-4ab9-8d63-1f78fcd2ec76' and name 'default'
12/06/23 16:38:28: Attempting to start server on port '55953'
12/06/23 16:38:28: Running Dispatch Server
12/06/23 16:38:28: Version 2.2.0
12/06/23 16:38:37: Dispatch Server: Accepted socket connection from client
12/06/23 16:38:37: Starting Socket connection
12/06/23 16:38:37: EXCHANGE_TOKEN received, server token: 37d38b3d-481d-4985-8c3a-64223980fe5f, passed token: 37d38b3d-481d-4985-8c3a-64223980fe5f
12/06/23 16:38:37: SESSION_MGR: creating session with session uuid: '4931decf-e392-4a3e-9ab0-f26888f15d86' and name 'vitis_hls'
12/06/23 16:38:37: KERNEL_SVC: creating session with uuid: '4931decf-e392-4a3e-9ab0-f26888f15d86' and name 'vitis_hls'
12/06/23 16:38:37: GUIDANCE_SMGR: creating guidance session with uuid: '4931decf-e392-4a3e-9ab0-f26888f15d86' and name 'vitis_hls'
12/06/23 16:38:51: STOP_SERVER received, server token: 37d38b3d-481d-4985-8c3a-64223980fe5f, passed token: 37d38b3d-481d-4985-8c3a-64223980fe5f
12/06/23 16:38:51: Socket received request to stop server.
12/06/23 16:38:51: Dispatch Server: do_await_stop
12/06/23 16:38:51: SERVER: destructor for server bound to port 55953
12/06/23 16:38:51: Server exiting with status 0.
12/06/23 16:38:51: Closing log file.
12/06/23 19:30:47: Running xcd server. This server was built by gradle.
12/06/23 19:30:47: Server was asked to start on port: '59160'
12/06/23 19:30:47: Server is using token UUID: 'b9aecd33-88ae-4009-acaf-33037e069b2d'
12/06/23 19:30:47: SESSION_MGR: creating session with session uuid: '6d04a3e9-ade5-4ab9-8d63-1f78fcd2ec76' and name 'default'
12/06/23 19:30:47: Attempting to start server on port '59160'
12/06/23 19:30:47: Running Dispatch Server
12/06/23 19:30:47: Version 2.2.0
12/06/23 19:30:56: Dispatch Server: Accepted socket connection from client
12/06/23 19:30:56: Starting Socket connection
12/06/23 19:30:56: EXCHANGE_TOKEN received, server token: b9aecd33-88ae-4009-acaf-33037e069b2d, passed token: b9aecd33-88ae-4009-acaf-33037e069b2d
12/06/23 19:30:56: SESSION_MGR: creating session with session uuid: 'fac23ae8-831c-4fd0-b4c5-ee7fadeab413' and name 'vitis_hls'
12/06/23 19:30:56: KERNEL_SVC: creating session with uuid: 'fac23ae8-831c-4fd0-b4c5-ee7fadeab413' and name 'vitis_hls'
12/06/23 19:30:56: GUIDANCE_SMGR: creating guidance session with uuid: 'fac23ae8-831c-4fd0-b4c5-ee7fadeab413' and name 'vitis_hls'
12/06/23 19:30:59: STOP_SERVER received, server token: b9aecd33-88ae-4009-acaf-33037e069b2d, passed token: b9aecd33-88ae-4009-acaf-33037e069b2d
12/06/23 19:30:59: Socket received request to stop server.
12/06/23 19:30:59: Dispatch Server: do_await_stop
12/06/23 19:30:59: SERVER: destructor for server bound to port 59160
12/06/23 19:30:59: Server exiting with status 0.
12/06/23 19:30:59: Closing log file.
