
*** Running vivado
    with args -log accel_matprod_0_2.vds -m64 -product Vivado -mode batch -messageDb vivado.pb -notrace -source accel_matprod_0_2.tcl



****** Vivado v2022.2 (64-bit)
  **** SW Build 3671981 on Fri Oct 14 05:00:03 MDT 2022
  **** IP Build 3669848 on Fri Oct 14 08:30:02 MDT 2022
    ** Copyright 1986-2022 Xilinx, Inc. All Rights Reserved.

source accel_matprod_0_2.tcl -notrace
INFO: [IP_Flow 19-234] Refreshing IP repositories
INFO: [IP_Flow 19-1700] Loaded user IP repository 'c:/Users/Rui/Rui/MSc_Dissertation/SoC/accelerator/ips'.
INFO: [IP_Flow 19-2313] Loaded Vivado IP repository 'C:/Xilinx/Vivado/2022.2/data/ip'.
WARNING: [IP_Flow 19-4995] The host OS only allows 260 characters in a normal path. The IP cache path is more than 80 characters. If you experience issues with IP caching, please consider changing the IP cache to a location with a shorter path. Alternately consider using the OS subst command to map part of the path to a drive letter. 
Current IP cache path is c:/Users/Rui/Rui/MSc_Dissertation/SoC/RVfpgaXilinxIntercon/rvfpga/rvfpga.cache/ip 
INFO: [IP_Flow 19-6924] IPCACHE: Running cache check for IP inst: accel_matprod_0_2
Command: synth_design -top accel_matprod_0_2 -part xc7a100tcsg324-1 -incremental_mode off -mode out_of_context
Starting synth_design
Attempting to get a license for feature 'Synthesis' and/or device 'xc7a100t'
INFO: [Common 17-349] Got license for feature 'Synthesis' and/or device 'xc7a100t'
INFO: [Device 21-403] Loading part xc7a100tcsg324-1
INFO: [Synth 8-7079] Multithreading enabled for synth_design using a maximum of 2 processes.
INFO: [Synth 8-7078] Launching helper process for spawning children vivado processes
INFO: [Synth 8-7075] Helper process launched with PID 27192
INFO: [Synth 8-11241] undeclared symbol 'REGCCE', assumed default net type 'wire' [C:/Xilinx/Vivado/2022.2/data/verilog/src/unimacro/BRAM_SINGLE_MACRO.v:2170]
---------------------------------------------------------------------------------
Starting RTL Elaboration : Time (s): cpu = 00:00:02 ; elapsed = 00:00:06 . Memory (MB): peak = 1874.715 ; gain = 407.930
---------------------------------------------------------------------------------
INFO: [Synth 8-6157] synthesizing module 'accel_matprod_0_2' [c:/Users/Rui/Rui/MSc_Dissertation/SoC/RVfpgaXilinxIntercon/rvfpga/rvfpga.gen/sources_1/bd/accel/ip/accel_matprod_0_2/synth/accel_matprod_0_2.v:53]
INFO: [Synth 8-6157] synthesizing module 'matprod' [c:/Users/Rui/Rui/MSc_Dissertation/SoC/RVfpgaXilinxIntercon/rvfpga/rvfpga.gen/sources_1/bd/accel/ipshared/e30c/hdl/verilog/matprod.v:10]
INFO: [Synth 8-6157] synthesizing module 'matprod_m1_buffer_RAM_AUTO_1R1W' [c:/Users/Rui/Rui/MSc_Dissertation/SoC/RVfpgaXilinxIntercon/rvfpga/rvfpga.gen/sources_1/bd/accel/ipshared/e30c/hdl/verilog/matprod_m1_buffer_RAM_AUTO_1R1W.v:7]
INFO: [Synth 8-6155] done synthesizing module 'matprod_m1_buffer_RAM_AUTO_1R1W' (0#1) [c:/Users/Rui/Rui/MSc_Dissertation/SoC/RVfpgaXilinxIntercon/rvfpga/rvfpga.gen/sources_1/bd/accel/ipshared/e30c/hdl/verilog/matprod_m1_buffer_RAM_AUTO_1R1W.v:7]
INFO: [Synth 8-6157] synthesizing module 'matprod_matprod_Pipeline_1' [c:/Users/Rui/Rui/MSc_Dissertation/SoC/RVfpgaXilinxIntercon/rvfpga/rvfpga.gen/sources_1/bd/accel/ipshared/e30c/hdl/verilog/matprod_matprod_Pipeline_1.v:10]
INFO: [Synth 8-6157] synthesizing module 'matprod_flow_control_loop_pipe_sequential_init' [c:/Users/Rui/Rui/MSc_Dissertation/SoC/RVfpgaXilinxIntercon/rvfpga/rvfpga.gen/sources_1/bd/accel/ipshared/e30c/hdl/verilog/matprod_flow_control_loop_pipe_sequential_init.v:9]
INFO: [Synth 8-6155] done synthesizing module 'matprod_flow_control_loop_pipe_sequential_init' (0#1) [c:/Users/Rui/Rui/MSc_Dissertation/SoC/RVfpgaXilinxIntercon/rvfpga/rvfpga.gen/sources_1/bd/accel/ipshared/e30c/hdl/verilog/matprod_flow_control_loop_pipe_sequential_init.v:9]
INFO: [Synth 8-6155] done synthesizing module 'matprod_matprod_Pipeline_1' (0#1) [c:/Users/Rui/Rui/MSc_Dissertation/SoC/RVfpgaXilinxIntercon/rvfpga/rvfpga.gen/sources_1/bd/accel/ipshared/e30c/hdl/verilog/matprod_matprod_Pipeline_1.v:10]
INFO: [Synth 8-6157] synthesizing module 'matprod_matprod_Pipeline_2' [c:/Users/Rui/Rui/MSc_Dissertation/SoC/RVfpgaXilinxIntercon/rvfpga/rvfpga.gen/sources_1/bd/accel/ipshared/e30c/hdl/verilog/matprod_matprod_Pipeline_2.v:10]
INFO: [Synth 8-6155] done synthesizing module 'matprod_matprod_Pipeline_2' (0#1) [c:/Users/Rui/Rui/MSc_Dissertation/SoC/RVfpgaXilinxIntercon/rvfpga/rvfpga.gen/sources_1/bd/accel/ipshared/e30c/hdl/verilog/matprod_matprod_Pipeline_2.v:10]
INFO: [Synth 8-6157] synthesizing module 'matprod_matprod_Pipeline_VITIS_LOOP_26_1' [c:/Users/Rui/Rui/MSc_Dissertation/SoC/RVfpgaXilinxIntercon/rvfpga/rvfpga.gen/sources_1/bd/accel/ipshared/e30c/hdl/verilog/matprod_matprod_Pipeline_VITIS_LOOP_26_1.v:10]
INFO: [Synth 8-6157] synthesizing module 'matprod_dadd_64ns_64ns_64_8_full_dsp_1' [c:/Users/Rui/Rui/MSc_Dissertation/SoC/RVfpgaXilinxIntercon/rvfpga/rvfpga.gen/sources_1/bd/accel/ipshared/e30c/hdl/verilog/matprod_dadd_64ns_64ns_64_8_full_dsp_1.v:9]
INFO: [Synth 8-6157] synthesizing module 'matprod_dadd_64ns_64ns_64_8_full_dsp_1_ip' [c:/Users/Rui/Rui/MSc_Dissertation/SoC/RVfpgaXilinxIntercon/rvfpga/rvfpga.gen/sources_1/bd/accel/ipshared/e30c/hdl/ip/matprod_dadd_64ns_64ns_64_8_full_dsp_1_ip.v:53]
INFO: [Synth 8-6157] synthesizing module 'LUT1' [C:/Xilinx/Vivado/2022.2/scripts/rt/data/unisim_comp.v:78971]
INFO: [Synth 8-6155] done synthesizing module 'LUT1' (0#1) [C:/Xilinx/Vivado/2022.2/scripts/rt/data/unisim_comp.v:78971]
INFO: [Synth 8-6155] done synthesizing module 'matprod_dadd_64ns_64ns_64_8_full_dsp_1_ip' (0#1) [c:/Users/Rui/Rui/MSc_Dissertation/SoC/RVfpgaXilinxIntercon/rvfpga/rvfpga.gen/sources_1/bd/accel/ipshared/e30c/hdl/ip/matprod_dadd_64ns_64ns_64_8_full_dsp_1_ip.v:53]
INFO: [Synth 8-6155] done synthesizing module 'matprod_dadd_64ns_64ns_64_8_full_dsp_1' (0#1) [c:/Users/Rui/Rui/MSc_Dissertation/SoC/RVfpgaXilinxIntercon/rvfpga/rvfpga.gen/sources_1/bd/accel/ipshared/e30c/hdl/verilog/matprod_dadd_64ns_64ns_64_8_full_dsp_1.v:9]
INFO: [Synth 8-6157] synthesizing module 'matprod_dmul_64ns_64ns_64_7_max_dsp_1' [c:/Users/Rui/Rui/MSc_Dissertation/SoC/RVfpgaXilinxIntercon/rvfpga/rvfpga.gen/sources_1/bd/accel/ipshared/e30c/hdl/verilog/matprod_dmul_64ns_64ns_64_7_max_dsp_1.v:9]
INFO: [Synth 8-6157] synthesizing module 'matprod_dmul_64ns_64ns_64_7_max_dsp_1_ip' [c:/Users/Rui/Rui/MSc_Dissertation/SoC/RVfpgaXilinxIntercon/rvfpga/rvfpga.gen/sources_1/bd/accel/ipshared/e30c/hdl/ip/matprod_dmul_64ns_64ns_64_7_max_dsp_1_ip.v:53]
INFO: [Synth 8-6155] done synthesizing module 'matprod_dmul_64ns_64ns_64_7_max_dsp_1_ip' (0#1) [c:/Users/Rui/Rui/MSc_Dissertation/SoC/RVfpgaXilinxIntercon/rvfpga/rvfpga.gen/sources_1/bd/accel/ipshared/e30c/hdl/ip/matprod_dmul_64ns_64ns_64_7_max_dsp_1_ip.v:53]
INFO: [Synth 8-6155] done synthesizing module 'matprod_dmul_64ns_64ns_64_7_max_dsp_1' (0#1) [c:/Users/Rui/Rui/MSc_Dissertation/SoC/RVfpgaXilinxIntercon/rvfpga/rvfpga.gen/sources_1/bd/accel/ipshared/e30c/hdl/verilog/matprod_dmul_64ns_64ns_64_7_max_dsp_1.v:9]
INFO: [Synth 8-6157] synthesizing module 'matprod_mac_muladd_10s_10s_10s_10_4_1' [c:/Users/Rui/Rui/MSc_Dissertation/SoC/RVfpgaXilinxIntercon/rvfpga/rvfpga.gen/sources_1/bd/accel/ipshared/e30c/hdl/verilog/matprod_mac_muladd_10s_10s_10s_10_4_1.v:47]
INFO: [Synth 8-6157] synthesizing module 'matprod_mac_muladd_10s_10s_10s_10_4_1_DSP48_0' [c:/Users/Rui/Rui/MSc_Dissertation/SoC/RVfpgaXilinxIntercon/rvfpga/rvfpga.gen/sources_1/bd/accel/ipshared/e30c/hdl/verilog/matprod_mac_muladd_10s_10s_10s_10_4_1.v:8]
INFO: [Synth 8-6155] done synthesizing module 'matprod_mac_muladd_10s_10s_10s_10_4_1_DSP48_0' (0#1) [c:/Users/Rui/Rui/MSc_Dissertation/SoC/RVfpgaXilinxIntercon/rvfpga/rvfpga.gen/sources_1/bd/accel/ipshared/e30c/hdl/verilog/matprod_mac_muladd_10s_10s_10s_10_4_1.v:8]
INFO: [Synth 8-6155] done synthesizing module 'matprod_mac_muladd_10s_10s_10s_10_4_1' (0#1) [c:/Users/Rui/Rui/MSc_Dissertation/SoC/RVfpgaXilinxIntercon/rvfpga/rvfpga.gen/sources_1/bd/accel/ipshared/e30c/hdl/verilog/matprod_mac_muladd_10s_10s_10s_10_4_1.v:47]
INFO: [Synth 8-6157] synthesizing module 'matprod_mac_muladd_10s_10s_10ns_10_4_1' [c:/Users/Rui/Rui/MSc_Dissertation/SoC/RVfpgaXilinxIntercon/rvfpga/rvfpga.gen/sources_1/bd/accel/ipshared/e30c/hdl/verilog/matprod_mac_muladd_10s_10s_10ns_10_4_1.v:47]
INFO: [Synth 8-6157] synthesizing module 'matprod_mac_muladd_10s_10s_10ns_10_4_1_DSP48_1' [c:/Users/Rui/Rui/MSc_Dissertation/SoC/RVfpgaXilinxIntercon/rvfpga/rvfpga.gen/sources_1/bd/accel/ipshared/e30c/hdl/verilog/matprod_mac_muladd_10s_10s_10ns_10_4_1.v:8]
INFO: [Synth 8-6155] done synthesizing module 'matprod_mac_muladd_10s_10s_10ns_10_4_1_DSP48_1' (0#1) [c:/Users/Rui/Rui/MSc_Dissertation/SoC/RVfpgaXilinxIntercon/rvfpga/rvfpga.gen/sources_1/bd/accel/ipshared/e30c/hdl/verilog/matprod_mac_muladd_10s_10s_10ns_10_4_1.v:8]
INFO: [Synth 8-6155] done synthesizing module 'matprod_mac_muladd_10s_10s_10ns_10_4_1' (0#1) [c:/Users/Rui/Rui/MSc_Dissertation/SoC/RVfpgaXilinxIntercon/rvfpga/rvfpga.gen/sources_1/bd/accel/ipshared/e30c/hdl/verilog/matprod_mac_muladd_10s_10s_10ns_10_4_1.v:47]
INFO: [Synth 8-6155] done synthesizing module 'matprod_matprod_Pipeline_VITIS_LOOP_26_1' (0#1) [c:/Users/Rui/Rui/MSc_Dissertation/SoC/RVfpgaXilinxIntercon/rvfpga/rvfpga.gen/sources_1/bd/accel/ipshared/e30c/hdl/verilog/matprod_matprod_Pipeline_VITIS_LOOP_26_1.v:10]
INFO: [Synth 8-6157] synthesizing module 'matprod_matprod_Pipeline_4' [c:/Users/Rui/Rui/MSc_Dissertation/SoC/RVfpgaXilinxIntercon/rvfpga/rvfpga.gen/sources_1/bd/accel/ipshared/e30c/hdl/verilog/matprod_matprod_Pipeline_4.v:10]
INFO: [Synth 8-6155] done synthesizing module 'matprod_matprod_Pipeline_4' (0#1) [c:/Users/Rui/Rui/MSc_Dissertation/SoC/RVfpgaXilinxIntercon/rvfpga/rvfpga.gen/sources_1/bd/accel/ipshared/e30c/hdl/verilog/matprod_matprod_Pipeline_4.v:10]
INFO: [Synth 8-6157] synthesizing module 'matprod_BUS1_s_axi' [c:/Users/Rui/Rui/MSc_Dissertation/SoC/RVfpgaXilinxIntercon/rvfpga/rvfpga.gen/sources_1/bd/accel/ipshared/e30c/hdl/verilog/matprod_BUS1_s_axi.v:7]
INFO: [Synth 8-155] case statement is not full and has no default [c:/Users/Rui/Rui/MSc_Dissertation/SoC/RVfpgaXilinxIntercon/rvfpga/rvfpga.gen/sources_1/bd/accel/ipshared/e30c/hdl/verilog/matprod_BUS1_s_axi.v:244]
INFO: [Synth 8-6155] done synthesizing module 'matprod_BUS1_s_axi' (0#1) [c:/Users/Rui/Rui/MSc_Dissertation/SoC/RVfpgaXilinxIntercon/rvfpga/rvfpga.gen/sources_1/bd/accel/ipshared/e30c/hdl/verilog/matprod_BUS1_s_axi.v:7]
INFO: [Synth 8-6157] synthesizing module 'matprod_gmem_m_axi' [c:/Users/Rui/Rui/MSc_Dissertation/SoC/RVfpgaXilinxIntercon/rvfpga/rvfpga.gen/sources_1/bd/accel/ipshared/e30c/hdl/verilog/matprod_gmem_m_axi.v:11]
INFO: [Synth 8-6157] synthesizing module 'matprod_gmem_m_axi_store' [c:/Users/Rui/Rui/MSc_Dissertation/SoC/RVfpgaXilinxIntercon/rvfpga/rvfpga.gen/sources_1/bd/accel/ipshared/e30c/hdl/verilog/matprod_gmem_m_axi.v:781]
INFO: [Synth 8-6157] synthesizing module 'matprod_gmem_m_axi_fifo' [c:/Users/Rui/Rui/MSc_Dissertation/SoC/RVfpgaXilinxIntercon/rvfpga/rvfpga.gen/sources_1/bd/accel/ipshared/e30c/hdl/verilog/matprod_gmem_m_axi.v:2551]
INFO: [Synth 8-6157] synthesizing module 'matprod_gmem_m_axi_srl' [c:/Users/Rui/Rui/MSc_Dissertation/SoC/RVfpgaXilinxIntercon/rvfpga/rvfpga.gen/sources_1/bd/accel/ipshared/e30c/hdl/verilog/matprod_gmem_m_axi.v:2729]
INFO: [Synth 8-6155] done synthesizing module 'matprod_gmem_m_axi_srl' (0#1) [c:/Users/Rui/Rui/MSc_Dissertation/SoC/RVfpgaXilinxIntercon/rvfpga/rvfpga.gen/sources_1/bd/accel/ipshared/e30c/hdl/verilog/matprod_gmem_m_axi.v:2729]
INFO: [Synth 8-6155] done synthesizing module 'matprod_gmem_m_axi_fifo' (0#1) [c:/Users/Rui/Rui/MSc_Dissertation/SoC/RVfpgaXilinxIntercon/rvfpga/rvfpga.gen/sources_1/bd/accel/ipshared/e30c/hdl/verilog/matprod_gmem_m_axi.v:2551]
INFO: [Synth 8-6157] synthesizing module 'matprod_gmem_m_axi_fifo__parameterized0' [c:/Users/Rui/Rui/MSc_Dissertation/SoC/RVfpgaXilinxIntercon/rvfpga/rvfpga.gen/sources_1/bd/accel/ipshared/e30c/hdl/verilog/matprod_gmem_m_axi.v:2551]
INFO: [Synth 8-6157] synthesizing module 'matprod_gmem_m_axi_mem' [c:/Users/Rui/Rui/MSc_Dissertation/SoC/RVfpgaXilinxIntercon/rvfpga/rvfpga.gen/sources_1/bd/accel/ipshared/e30c/hdl/verilog/matprod_gmem_m_axi.v:2783]
INFO: [Synth 8-6155] done synthesizing module 'matprod_gmem_m_axi_mem' (0#1) [c:/Users/Rui/Rui/MSc_Dissertation/SoC/RVfpgaXilinxIntercon/rvfpga/rvfpga.gen/sources_1/bd/accel/ipshared/e30c/hdl/verilog/matprod_gmem_m_axi.v:2783]
INFO: [Synth 8-6155] done synthesizing module 'matprod_gmem_m_axi_fifo__parameterized0' (0#1) [c:/Users/Rui/Rui/MSc_Dissertation/SoC/RVfpgaXilinxIntercon/rvfpga/rvfpga.gen/sources_1/bd/accel/ipshared/e30c/hdl/verilog/matprod_gmem_m_axi.v:2551]
INFO: [Synth 8-6157] synthesizing module 'matprod_gmem_m_axi_fifo__parameterized1' [c:/Users/Rui/Rui/MSc_Dissertation/SoC/RVfpgaXilinxIntercon/rvfpga/rvfpga.gen/sources_1/bd/accel/ipshared/e30c/hdl/verilog/matprod_gmem_m_axi.v:2551]
INFO: [Synth 8-6157] synthesizing module 'matprod_gmem_m_axi_srl__parameterized0' [c:/Users/Rui/Rui/MSc_Dissertation/SoC/RVfpgaXilinxIntercon/rvfpga/rvfpga.gen/sources_1/bd/accel/ipshared/e30c/hdl/verilog/matprod_gmem_m_axi.v:2729]
INFO: [Synth 8-6155] done synthesizing module 'matprod_gmem_m_axi_srl__parameterized0' (0#1) [c:/Users/Rui/Rui/MSc_Dissertation/SoC/RVfpgaXilinxIntercon/rvfpga/rvfpga.gen/sources_1/bd/accel/ipshared/e30c/hdl/verilog/matprod_gmem_m_axi.v:2729]
INFO: [Synth 8-6155] done synthesizing module 'matprod_gmem_m_axi_fifo__parameterized1' (0#1) [c:/Users/Rui/Rui/MSc_Dissertation/SoC/RVfpgaXilinxIntercon/rvfpga/rvfpga.gen/sources_1/bd/accel/ipshared/e30c/hdl/verilog/matprod_gmem_m_axi.v:2551]
INFO: [Synth 8-6157] synthesizing module 'matprod_gmem_m_axi_fifo__parameterized2' [c:/Users/Rui/Rui/MSc_Dissertation/SoC/RVfpgaXilinxIntercon/rvfpga/rvfpga.gen/sources_1/bd/accel/ipshared/e30c/hdl/verilog/matprod_gmem_m_axi.v:2551]
INFO: [Synth 8-6157] synthesizing module 'matprod_gmem_m_axi_srl__parameterized1' [c:/Users/Rui/Rui/MSc_Dissertation/SoC/RVfpgaXilinxIntercon/rvfpga/rvfpga.gen/sources_1/bd/accel/ipshared/e30c/hdl/verilog/matprod_gmem_m_axi.v:2729]
INFO: [Synth 8-6155] done synthesizing module 'matprod_gmem_m_axi_srl__parameterized1' (0#1) [c:/Users/Rui/Rui/MSc_Dissertation/SoC/RVfpgaXilinxIntercon/rvfpga/rvfpga.gen/sources_1/bd/accel/ipshared/e30c/hdl/verilog/matprod_gmem_m_axi.v:2729]
INFO: [Synth 8-6155] done synthesizing module 'matprod_gmem_m_axi_fifo__parameterized2' (0#1) [c:/Users/Rui/Rui/MSc_Dissertation/SoC/RVfpgaXilinxIntercon/rvfpga/rvfpga.gen/sources_1/bd/accel/ipshared/e30c/hdl/verilog/matprod_gmem_m_axi.v:2551]
INFO: [Synth 8-6155] done synthesizing module 'matprod_gmem_m_axi_store' (0#1) [c:/Users/Rui/Rui/MSc_Dissertation/SoC/RVfpgaXilinxIntercon/rvfpga/rvfpga.gen/sources_1/bd/accel/ipshared/e30c/hdl/verilog/matprod_gmem_m_axi.v:781]
INFO: [Synth 8-6157] synthesizing module 'matprod_gmem_m_axi_load' [c:/Users/Rui/Rui/MSc_Dissertation/SoC/RVfpgaXilinxIntercon/rvfpga/rvfpga.gen/sources_1/bd/accel/ipshared/e30c/hdl/verilog/matprod_gmem_m_axi.v:325]
INFO: [Synth 8-6157] synthesizing module 'matprod_gmem_m_axi_fifo__parameterized3' [c:/Users/Rui/Rui/MSc_Dissertation/SoC/RVfpgaXilinxIntercon/rvfpga/rvfpga.gen/sources_1/bd/accel/ipshared/e30c/hdl/verilog/matprod_gmem_m_axi.v:2551]
INFO: [Synth 8-6157] synthesizing module 'matprod_gmem_m_axi_mem__parameterized0' [c:/Users/Rui/Rui/MSc_Dissertation/SoC/RVfpgaXilinxIntercon/rvfpga/rvfpga.gen/sources_1/bd/accel/ipshared/e30c/hdl/verilog/matprod_gmem_m_axi.v:2783]
INFO: [Synth 8-6155] done synthesizing module 'matprod_gmem_m_axi_mem__parameterized0' (0#1) [c:/Users/Rui/Rui/MSc_Dissertation/SoC/RVfpgaXilinxIntercon/rvfpga/rvfpga.gen/sources_1/bd/accel/ipshared/e30c/hdl/verilog/matprod_gmem_m_axi.v:2783]
INFO: [Synth 8-6155] done synthesizing module 'matprod_gmem_m_axi_fifo__parameterized3' (0#1) [c:/Users/Rui/Rui/MSc_Dissertation/SoC/RVfpgaXilinxIntercon/rvfpga/rvfpga.gen/sources_1/bd/accel/ipshared/e30c/hdl/verilog/matprod_gmem_m_axi.v:2551]
INFO: [Synth 8-6155] done synthesizing module 'matprod_gmem_m_axi_load' (0#1) [c:/Users/Rui/Rui/MSc_Dissertation/SoC/RVfpgaXilinxIntercon/rvfpga/rvfpga.gen/sources_1/bd/accel/ipshared/e30c/hdl/verilog/matprod_gmem_m_axi.v:325]
INFO: [Synth 8-6157] synthesizing module 'matprod_gmem_m_axi_write' [c:/Users/Rui/Rui/MSc_Dissertation/SoC/RVfpgaXilinxIntercon/rvfpga/rvfpga.gen/sources_1/bd/accel/ipshared/e30c/hdl/verilog/matprod_gmem_m_axi.v:1716]
INFO: [Synth 8-6157] synthesizing module 'matprod_gmem_m_axi_reg_slice' [c:/Users/Rui/Rui/MSc_Dissertation/SoC/RVfpgaXilinxIntercon/rvfpga/rvfpga.gen/sources_1/bd/accel/ipshared/e30c/hdl/verilog/matprod_gmem_m_axi.v:2449]
INFO: [Synth 8-6155] done synthesizing module 'matprod_gmem_m_axi_reg_slice' (0#1) [c:/Users/Rui/Rui/MSc_Dissertation/SoC/RVfpgaXilinxIntercon/rvfpga/rvfpga.gen/sources_1/bd/accel/ipshared/e30c/hdl/verilog/matprod_gmem_m_axi.v:2449]
INFO: [Synth 8-6157] synthesizing module 'matprod_gmem_m_axi_fifo__parameterized4' [c:/Users/Rui/Rui/MSc_Dissertation/SoC/RVfpgaXilinxIntercon/rvfpga/rvfpga.gen/sources_1/bd/accel/ipshared/e30c/hdl/verilog/matprod_gmem_m_axi.v:2551]
INFO: [Synth 8-6157] synthesizing module 'matprod_gmem_m_axi_srl__parameterized2' [c:/Users/Rui/Rui/MSc_Dissertation/SoC/RVfpgaXilinxIntercon/rvfpga/rvfpga.gen/sources_1/bd/accel/ipshared/e30c/hdl/verilog/matprod_gmem_m_axi.v:2729]
INFO: [Synth 8-6155] done synthesizing module 'matprod_gmem_m_axi_srl__parameterized2' (0#1) [c:/Users/Rui/Rui/MSc_Dissertation/SoC/RVfpgaXilinxIntercon/rvfpga/rvfpga.gen/sources_1/bd/accel/ipshared/e30c/hdl/verilog/matprod_gmem_m_axi.v:2729]
INFO: [Synth 8-6155] done synthesizing module 'matprod_gmem_m_axi_fifo__parameterized4' (0#1) [c:/Users/Rui/Rui/MSc_Dissertation/SoC/RVfpgaXilinxIntercon/rvfpga/rvfpga.gen/sources_1/bd/accel/ipshared/e30c/hdl/verilog/matprod_gmem_m_axi.v:2551]
INFO: [Synth 8-6157] synthesizing module 'matprod_gmem_m_axi_throttle' [c:/Users/Rui/Rui/MSc_Dissertation/SoC/RVfpgaXilinxIntercon/rvfpga/rvfpga.gen/sources_1/bd/accel/ipshared/e30c/hdl/verilog/matprod_gmem_m_axi.v:2224]
INFO: [Synth 8-6157] synthesizing module 'matprod_gmem_m_axi_reg_slice__parameterized0' [c:/Users/Rui/Rui/MSc_Dissertation/SoC/RVfpgaXilinxIntercon/rvfpga/rvfpga.gen/sources_1/bd/accel/ipshared/e30c/hdl/verilog/matprod_gmem_m_axi.v:2449]
INFO: [Synth 8-6155] done synthesizing module 'matprod_gmem_m_axi_reg_slice__parameterized0' (0#1) [c:/Users/Rui/Rui/MSc_Dissertation/SoC/RVfpgaXilinxIntercon/rvfpga/rvfpga.gen/sources_1/bd/accel/ipshared/e30c/hdl/verilog/matprod_gmem_m_axi.v:2449]
INFO: [Synth 8-6157] synthesizing module 'matprod_gmem_m_axi_fifo__parameterized5' [c:/Users/Rui/Rui/MSc_Dissertation/SoC/RVfpgaXilinxIntercon/rvfpga/rvfpga.gen/sources_1/bd/accel/ipshared/e30c/hdl/verilog/matprod_gmem_m_axi.v:2551]
INFO: [Synth 8-6157] synthesizing module 'matprod_gmem_m_axi_srl__parameterized3' [c:/Users/Rui/Rui/MSc_Dissertation/SoC/RVfpgaXilinxIntercon/rvfpga/rvfpga.gen/sources_1/bd/accel/ipshared/e30c/hdl/verilog/matprod_gmem_m_axi.v:2729]
INFO: [Synth 8-6155] done synthesizing module 'matprod_gmem_m_axi_srl__parameterized3' (0#1) [c:/Users/Rui/Rui/MSc_Dissertation/SoC/RVfpgaXilinxIntercon/rvfpga/rvfpga.gen/sources_1/bd/accel/ipshared/e30c/hdl/verilog/matprod_gmem_m_axi.v:2729]
INFO: [Synth 8-6155] done synthesizing module 'matprod_gmem_m_axi_fifo__parameterized5' (0#1) [c:/Users/Rui/Rui/MSc_Dissertation/SoC/RVfpgaXilinxIntercon/rvfpga/rvfpga.gen/sources_1/bd/accel/ipshared/e30c/hdl/verilog/matprod_gmem_m_axi.v:2551]
INFO: [Synth 8-6157] synthesizing module 'matprod_gmem_m_axi_fifo__parameterized6' [c:/Users/Rui/Rui/MSc_Dissertation/SoC/RVfpgaXilinxIntercon/rvfpga/rvfpga.gen/sources_1/bd/accel/ipshared/e30c/hdl/verilog/matprod_gmem_m_axi.v:2551]
INFO: [Synth 8-6157] synthesizing module 'matprod_gmem_m_axi_srl__parameterized4' [c:/Users/Rui/Rui/MSc_Dissertation/SoC/RVfpgaXilinxIntercon/rvfpga/rvfpga.gen/sources_1/bd/accel/ipshared/e30c/hdl/verilog/matprod_gmem_m_axi.v:2729]
INFO: [Synth 8-6155] done synthesizing module 'matprod_gmem_m_axi_srl__parameterized4' (0#1) [c:/Users/Rui/Rui/MSc_Dissertation/SoC/RVfpgaXilinxIntercon/rvfpga/rvfpga.gen/sources_1/bd/accel/ipshared/e30c/hdl/verilog/matprod_gmem_m_axi.v:2729]
INFO: [Synth 8-6155] done synthesizing module 'matprod_gmem_m_axi_fifo__parameterized6' (0#1) [c:/Users/Rui/Rui/MSc_Dissertation/SoC/RVfpgaXilinxIntercon/rvfpga/rvfpga.gen/sources_1/bd/accel/ipshared/e30c/hdl/verilog/matprod_gmem_m_axi.v:2551]
INFO: [Synth 8-6155] done synthesizing module 'matprod_gmem_m_axi_throttle' (0#1) [c:/Users/Rui/Rui/MSc_Dissertation/SoC/RVfpgaXilinxIntercon/rvfpga/rvfpga.gen/sources_1/bd/accel/ipshared/e30c/hdl/verilog/matprod_gmem_m_axi.v:2224]
INFO: [Synth 8-6157] synthesizing module 'matprod_gmem_m_axi_reg_slice__parameterized1' [c:/Users/Rui/Rui/MSc_Dissertation/SoC/RVfpgaXilinxIntercon/rvfpga/rvfpga.gen/sources_1/bd/accel/ipshared/e30c/hdl/verilog/matprod_gmem_m_axi.v:2449]
INFO: [Synth 8-6155] done synthesizing module 'matprod_gmem_m_axi_reg_slice__parameterized1' (0#1) [c:/Users/Rui/Rui/MSc_Dissertation/SoC/RVfpgaXilinxIntercon/rvfpga/rvfpga.gen/sources_1/bd/accel/ipshared/e30c/hdl/verilog/matprod_gmem_m_axi.v:2449]
WARNING: [Synth 8-589] replacing case/wildcard equality operator === with logical equality operator == [c:/Users/Rui/Rui/MSc_Dissertation/SoC/RVfpgaXilinxIntercon/rvfpga/rvfpga.gen/sources_1/bd/accel/ipshared/e30c/hdl/verilog/matprod_gmem_m_axi.v:2216]
WARNING: [Synth 8-589] replacing case/wildcard equality operator === with logical equality operator == [c:/Users/Rui/Rui/MSc_Dissertation/SoC/RVfpgaXilinxIntercon/rvfpga/rvfpga.gen/sources_1/bd/accel/ipshared/e30c/hdl/verilog/matprod_gmem_m_axi.v:2219]
INFO: [Synth 8-6155] done synthesizing module 'matprod_gmem_m_axi_write' (0#1) [c:/Users/Rui/Rui/MSc_Dissertation/SoC/RVfpgaXilinxIntercon/rvfpga/rvfpga.gen/sources_1/bd/accel/ipshared/e30c/hdl/verilog/matprod_gmem_m_axi.v:1716]
INFO: [Synth 8-6157] synthesizing module 'matprod_gmem_m_axi_read' [c:/Users/Rui/Rui/MSc_Dissertation/SoC/RVfpgaXilinxIntercon/rvfpga/rvfpga.gen/sources_1/bd/accel/ipshared/e30c/hdl/verilog/matprod_gmem_m_axi.v:1332]
INFO: [Synth 8-6157] synthesizing module 'matprod_gmem_m_axi_reg_slice__parameterized2' [c:/Users/Rui/Rui/MSc_Dissertation/SoC/RVfpgaXilinxIntercon/rvfpga/rvfpga.gen/sources_1/bd/accel/ipshared/e30c/hdl/verilog/matprod_gmem_m_axi.v:2449]
INFO: [Synth 8-6155] done synthesizing module 'matprod_gmem_m_axi_reg_slice__parameterized2' (0#1) [c:/Users/Rui/Rui/MSc_Dissertation/SoC/RVfpgaXilinxIntercon/rvfpga/rvfpga.gen/sources_1/bd/accel/ipshared/e30c/hdl/verilog/matprod_gmem_m_axi.v:2449]
WARNING: [Synth 8-589] replacing case/wildcard equality operator === with logical equality operator == [c:/Users/Rui/Rui/MSc_Dissertation/SoC/RVfpgaXilinxIntercon/rvfpga/rvfpga.gen/sources_1/bd/accel/ipshared/e30c/hdl/verilog/matprod_gmem_m_axi.v:1708]
INFO: [Synth 8-6155] done synthesizing module 'matprod_gmem_m_axi_read' (0#1) [c:/Users/Rui/Rui/MSc_Dissertation/SoC/RVfpgaXilinxIntercon/rvfpga/rvfpga.gen/sources_1/bd/accel/ipshared/e30c/hdl/verilog/matprod_gmem_m_axi.v:1332]
INFO: [Synth 8-6155] done synthesizing module 'matprod_gmem_m_axi' (0#1) [c:/Users/Rui/Rui/MSc_Dissertation/SoC/RVfpgaXilinxIntercon/rvfpga/rvfpga.gen/sources_1/bd/accel/ipshared/e30c/hdl/verilog/matprod_gmem_m_axi.v:11]
INFO: [Synth 8-6157] synthesizing module 'matprod_mul_32s_32s_32_2_1' [c:/Users/Rui/Rui/MSc_Dissertation/SoC/RVfpgaXilinxIntercon/rvfpga/rvfpga.gen/sources_1/bd/accel/ipshared/e30c/hdl/verilog/matprod_mul_32s_32s_32_2_1.v:9]
INFO: [Synth 8-6155] done synthesizing module 'matprod_mul_32s_32s_32_2_1' (0#1) [c:/Users/Rui/Rui/MSc_Dissertation/SoC/RVfpgaXilinxIntercon/rvfpga/rvfpga.gen/sources_1/bd/accel/ipshared/e30c/hdl/verilog/matprod_mul_32s_32s_32_2_1.v:9]
INFO: [Synth 8-6155] done synthesizing module 'matprod' (0#1) [c:/Users/Rui/Rui/MSc_Dissertation/SoC/RVfpgaXilinxIntercon/rvfpga/rvfpga.gen/sources_1/bd/accel/ipshared/e30c/hdl/verilog/matprod.v:10]
INFO: [Synth 8-6155] done synthesizing module 'accel_matprod_0_2' (0#1) [c:/Users/Rui/Rui/MSc_Dissertation/SoC/RVfpgaXilinxIntercon/rvfpga/rvfpga.gen/sources_1/bd/accel/ip/accel_matprod_0_2/synth/accel_matprod_0_2.v:53]
WARNING: [Synth 8-6014] Unused sequential element int_ap_done_reg was removed.  [c:/Users/Rui/Rui/MSc_Dissertation/SoC/RVfpgaXilinxIntercon/rvfpga/rvfpga.gen/sources_1/bd/accel/ipshared/e30c/hdl/verilog/matprod_BUS1_s_axi.v:334]
WARNING: [Synth 8-7129] Port reset in module matprod_mul_32s_32s_32_2_1 is either unconnected or has no load
WARNING: [Synth 8-7129] Port in_BUS_RID[3] in module matprod_gmem_m_axi_read is either unconnected or has no load
WARNING: [Synth 8-7129] Port in_BUS_RID[2] in module matprod_gmem_m_axi_read is either unconnected or has no load
WARNING: [Synth 8-7129] Port in_BUS_RID[1] in module matprod_gmem_m_axi_read is either unconnected or has no load
WARNING: [Synth 8-7129] Port in_BUS_RID[0] in module matprod_gmem_m_axi_read is either unconnected or has no load
WARNING: [Synth 8-7129] Port in_BUS_RRESP[1] in module matprod_gmem_m_axi_read is either unconnected or has no load
WARNING: [Synth 8-7129] Port in_BUS_RRESP[0] in module matprod_gmem_m_axi_read is either unconnected or has no load
WARNING: [Synth 8-7129] Port in_BUS_RUSER[0] in module matprod_gmem_m_axi_read is either unconnected or has no load
WARNING: [Synth 8-7129] Port in_BUS_BID[3] in module matprod_gmem_m_axi_write is either unconnected or has no load
WARNING: [Synth 8-7129] Port in_BUS_BID[2] in module matprod_gmem_m_axi_write is either unconnected or has no load
WARNING: [Synth 8-7129] Port in_BUS_BID[1] in module matprod_gmem_m_axi_write is either unconnected or has no load
WARNING: [Synth 8-7129] Port in_BUS_BID[0] in module matprod_gmem_m_axi_write is either unconnected or has no load
WARNING: [Synth 8-7129] Port in_BUS_BRESP[1] in module matprod_gmem_m_axi_write is either unconnected or has no load
WARNING: [Synth 8-7129] Port in_BUS_BRESP[0] in module matprod_gmem_m_axi_write is either unconnected or has no load
WARNING: [Synth 8-7129] Port in_BUS_BUSER[0] in module matprod_gmem_m_axi_write is either unconnected or has no load
WARNING: [Synth 8-7129] Port raddr[2] in module matprod_gmem_m_axi_srl is either unconnected or has no load
WARNING: [Synth 8-7129] Port raddr[2] in module matprod_gmem_m_axi_srl__parameterized1 is either unconnected or has no load
WARNING: [Synth 8-7129] Port m_axi_gmem_AWREADY in module matprod_matprod_Pipeline_4 is either unconnected or has no load
WARNING: [Synth 8-7129] Port m_axi_gmem_ARREADY in module matprod_matprod_Pipeline_4 is either unconnected or has no load
WARNING: [Synth 8-7129] Port m_axi_gmem_RVALID in module matprod_matprod_Pipeline_4 is either unconnected or has no load
WARNING: [Synth 8-7129] Port m_axi_gmem_RDATA[63] in module matprod_matprod_Pipeline_4 is either unconnected or has no load
WARNING: [Synth 8-7129] Port m_axi_gmem_RDATA[62] in module matprod_matprod_Pipeline_4 is either unconnected or has no load
WARNING: [Synth 8-7129] Port m_axi_gmem_RDATA[61] in module matprod_matprod_Pipeline_4 is either unconnected or has no load
WARNING: [Synth 8-7129] Port m_axi_gmem_RDATA[60] in module matprod_matprod_Pipeline_4 is either unconnected or has no load
WARNING: [Synth 8-7129] Port m_axi_gmem_RDATA[59] in module matprod_matprod_Pipeline_4 is either unconnected or has no load
WARNING: [Synth 8-7129] Port m_axi_gmem_RDATA[58] in module matprod_matprod_Pipeline_4 is either unconnected or has no load
WARNING: [Synth 8-7129] Port m_axi_gmem_RDATA[57] in module matprod_matprod_Pipeline_4 is either unconnected or has no load
WARNING: [Synth 8-7129] Port m_axi_gmem_RDATA[56] in module matprod_matprod_Pipeline_4 is either unconnected or has no load
WARNING: [Synth 8-7129] Port m_axi_gmem_RDATA[55] in module matprod_matprod_Pipeline_4 is either unconnected or has no load
WARNING: [Synth 8-7129] Port m_axi_gmem_RDATA[54] in module matprod_matprod_Pipeline_4 is either unconnected or has no load
WARNING: [Synth 8-7129] Port m_axi_gmem_RDATA[53] in module matprod_matprod_Pipeline_4 is either unconnected or has no load
WARNING: [Synth 8-7129] Port m_axi_gmem_RDATA[52] in module matprod_matprod_Pipeline_4 is either unconnected or has no load
WARNING: [Synth 8-7129] Port m_axi_gmem_RDATA[51] in module matprod_matprod_Pipeline_4 is either unconnected or has no load
WARNING: [Synth 8-7129] Port m_axi_gmem_RDATA[50] in module matprod_matprod_Pipeline_4 is either unconnected or has no load
WARNING: [Synth 8-7129] Port m_axi_gmem_RDATA[49] in module matprod_matprod_Pipeline_4 is either unconnected or has no load
WARNING: [Synth 8-7129] Port m_axi_gmem_RDATA[48] in module matprod_matprod_Pipeline_4 is either unconnected or has no load
WARNING: [Synth 8-7129] Port m_axi_gmem_RDATA[47] in module matprod_matprod_Pipeline_4 is either unconnected or has no load
WARNING: [Synth 8-7129] Port m_axi_gmem_RDATA[46] in module matprod_matprod_Pipeline_4 is either unconnected or has no load
WARNING: [Synth 8-7129] Port m_axi_gmem_RDATA[45] in module matprod_matprod_Pipeline_4 is either unconnected or has no load
WARNING: [Synth 8-7129] Port m_axi_gmem_RDATA[44] in module matprod_matprod_Pipeline_4 is either unconnected or has no load
WARNING: [Synth 8-7129] Port m_axi_gmem_RDATA[43] in module matprod_matprod_Pipeline_4 is either unconnected or has no load
WARNING: [Synth 8-7129] Port m_axi_gmem_RDATA[42] in module matprod_matprod_Pipeline_4 is either unconnected or has no load
WARNING: [Synth 8-7129] Port m_axi_gmem_RDATA[41] in module matprod_matprod_Pipeline_4 is either unconnected or has no load
WARNING: [Synth 8-7129] Port m_axi_gmem_RDATA[40] in module matprod_matprod_Pipeline_4 is either unconnected or has no load
WARNING: [Synth 8-7129] Port m_axi_gmem_RDATA[39] in module matprod_matprod_Pipeline_4 is either unconnected or has no load
WARNING: [Synth 8-7129] Port m_axi_gmem_RDATA[38] in module matprod_matprod_Pipeline_4 is either unconnected or has no load
WARNING: [Synth 8-7129] Port m_axi_gmem_RDATA[37] in module matprod_matprod_Pipeline_4 is either unconnected or has no load
WARNING: [Synth 8-7129] Port m_axi_gmem_RDATA[36] in module matprod_matprod_Pipeline_4 is either unconnected or has no load
WARNING: [Synth 8-7129] Port m_axi_gmem_RDATA[35] in module matprod_matprod_Pipeline_4 is either unconnected or has no load
WARNING: [Synth 8-7129] Port m_axi_gmem_RDATA[34] in module matprod_matprod_Pipeline_4 is either unconnected or has no load
WARNING: [Synth 8-7129] Port m_axi_gmem_RDATA[33] in module matprod_matprod_Pipeline_4 is either unconnected or has no load
WARNING: [Synth 8-7129] Port m_axi_gmem_RDATA[32] in module matprod_matprod_Pipeline_4 is either unconnected or has no load
WARNING: [Synth 8-7129] Port m_axi_gmem_RDATA[31] in module matprod_matprod_Pipeline_4 is either unconnected or has no load
WARNING: [Synth 8-7129] Port m_axi_gmem_RDATA[30] in module matprod_matprod_Pipeline_4 is either unconnected or has no load
WARNING: [Synth 8-7129] Port m_axi_gmem_RDATA[29] in module matprod_matprod_Pipeline_4 is either unconnected or has no load
WARNING: [Synth 8-7129] Port m_axi_gmem_RDATA[28] in module matprod_matprod_Pipeline_4 is either unconnected or has no load
WARNING: [Synth 8-7129] Port m_axi_gmem_RDATA[27] in module matprod_matprod_Pipeline_4 is either unconnected or has no load
WARNING: [Synth 8-7129] Port m_axi_gmem_RDATA[26] in module matprod_matprod_Pipeline_4 is either unconnected or has no load
WARNING: [Synth 8-7129] Port m_axi_gmem_RDATA[25] in module matprod_matprod_Pipeline_4 is either unconnected or has no load
WARNING: [Synth 8-7129] Port m_axi_gmem_RDATA[24] in module matprod_matprod_Pipeline_4 is either unconnected or has no load
WARNING: [Synth 8-7129] Port m_axi_gmem_RDATA[23] in module matprod_matprod_Pipeline_4 is either unconnected or has no load
WARNING: [Synth 8-7129] Port m_axi_gmem_RDATA[22] in module matprod_matprod_Pipeline_4 is either unconnected or has no load
WARNING: [Synth 8-7129] Port m_axi_gmem_RDATA[21] in module matprod_matprod_Pipeline_4 is either unconnected or has no load
WARNING: [Synth 8-7129] Port m_axi_gmem_RDATA[20] in module matprod_matprod_Pipeline_4 is either unconnected or has no load
WARNING: [Synth 8-7129] Port m_axi_gmem_RDATA[19] in module matprod_matprod_Pipeline_4 is either unconnected or has no load
WARNING: [Synth 8-7129] Port m_axi_gmem_RDATA[18] in module matprod_matprod_Pipeline_4 is either unconnected or has no load
WARNING: [Synth 8-7129] Port m_axi_gmem_RDATA[17] in module matprod_matprod_Pipeline_4 is either unconnected or has no load
WARNING: [Synth 8-7129] Port m_axi_gmem_RDATA[16] in module matprod_matprod_Pipeline_4 is either unconnected or has no load
WARNING: [Synth 8-7129] Port m_axi_gmem_RDATA[15] in module matprod_matprod_Pipeline_4 is either unconnected or has no load
WARNING: [Synth 8-7129] Port m_axi_gmem_RDATA[14] in module matprod_matprod_Pipeline_4 is either unconnected or has no load
WARNING: [Synth 8-7129] Port m_axi_gmem_RDATA[13] in module matprod_matprod_Pipeline_4 is either unconnected or has no load
WARNING: [Synth 8-7129] Port m_axi_gmem_RDATA[12] in module matprod_matprod_Pipeline_4 is either unconnected or has no load
WARNING: [Synth 8-7129] Port m_axi_gmem_RDATA[11] in module matprod_matprod_Pipeline_4 is either unconnected or has no load
WARNING: [Synth 8-7129] Port m_axi_gmem_RDATA[10] in module matprod_matprod_Pipeline_4 is either unconnected or has no load
WARNING: [Synth 8-7129] Port m_axi_gmem_RDATA[9] in module matprod_matprod_Pipeline_4 is either unconnected or has no load
WARNING: [Synth 8-7129] Port m_axi_gmem_RDATA[8] in module matprod_matprod_Pipeline_4 is either unconnected or has no load
WARNING: [Synth 8-7129] Port m_axi_gmem_RDATA[7] in module matprod_matprod_Pipeline_4 is either unconnected or has no load
WARNING: [Synth 8-7129] Port m_axi_gmem_RDATA[6] in module matprod_matprod_Pipeline_4 is either unconnected or has no load
WARNING: [Synth 8-7129] Port m_axi_gmem_RDATA[5] in module matprod_matprod_Pipeline_4 is either unconnected or has no load
WARNING: [Synth 8-7129] Port m_axi_gmem_RDATA[4] in module matprod_matprod_Pipeline_4 is either unconnected or has no load
WARNING: [Synth 8-7129] Port m_axi_gmem_RDATA[3] in module matprod_matprod_Pipeline_4 is either unconnected or has no load
WARNING: [Synth 8-7129] Port m_axi_gmem_RDATA[2] in module matprod_matprod_Pipeline_4 is either unconnected or has no load
WARNING: [Synth 8-7129] Port m_axi_gmem_RDATA[1] in module matprod_matprod_Pipeline_4 is either unconnected or has no load
WARNING: [Synth 8-7129] Port m_axi_gmem_RDATA[0] in module matprod_matprod_Pipeline_4 is either unconnected or has no load
WARNING: [Synth 8-7129] Port m_axi_gmem_RLAST in module matprod_matprod_Pipeline_4 is either unconnected or has no load
WARNING: [Synth 8-7129] Port m_axi_gmem_RID[0] in module matprod_matprod_Pipeline_4 is either unconnected or has no load
WARNING: [Synth 8-7129] Port m_axi_gmem_RFIFONUM[8] in module matprod_matprod_Pipeline_4 is either unconnected or has no load
WARNING: [Synth 8-7129] Port m_axi_gmem_RFIFONUM[7] in module matprod_matprod_Pipeline_4 is either unconnected or has no load
WARNING: [Synth 8-7129] Port m_axi_gmem_RFIFONUM[6] in module matprod_matprod_Pipeline_4 is either unconnected or has no load
WARNING: [Synth 8-7129] Port m_axi_gmem_RFIFONUM[5] in module matprod_matprod_Pipeline_4 is either unconnected or has no load
WARNING: [Synth 8-7129] Port m_axi_gmem_RFIFONUM[4] in module matprod_matprod_Pipeline_4 is either unconnected or has no load
WARNING: [Synth 8-7129] Port m_axi_gmem_RFIFONUM[3] in module matprod_matprod_Pipeline_4 is either unconnected or has no load
WARNING: [Synth 8-7129] Port m_axi_gmem_RFIFONUM[2] in module matprod_matprod_Pipeline_4 is either unconnected or has no load
WARNING: [Synth 8-7129] Port m_axi_gmem_RFIFONUM[1] in module matprod_matprod_Pipeline_4 is either unconnected or has no load
WARNING: [Synth 8-7129] Port m_axi_gmem_RFIFONUM[0] in module matprod_matprod_Pipeline_4 is either unconnected or has no load
WARNING: [Synth 8-7129] Port m_axi_gmem_RUSER[0] in module matprod_matprod_Pipeline_4 is either unconnected or has no load
WARNING: [Synth 8-7129] Port m_axi_gmem_RRESP[1] in module matprod_matprod_Pipeline_4 is either unconnected or has no load
WARNING: [Synth 8-7129] Port m_axi_gmem_RRESP[0] in module matprod_matprod_Pipeline_4 is either unconnected or has no load
WARNING: [Synth 8-7129] Port m_axi_gmem_BVALID in module matprod_matprod_Pipeline_4 is either unconnected or has no load
WARNING: [Synth 8-7129] Port m_axi_gmem_BRESP[1] in module matprod_matprod_Pipeline_4 is either unconnected or has no load
INFO: [Common 17-14] Message 'Synth 8-7129' appears 100 times and further instances of the messages will be disabled. Use the Tcl command set_msg_config to change the current settings.
---------------------------------------------------------------------------------
Finished RTL Elaboration : Time (s): cpu = 00:00:06 ; elapsed = 00:00:15 . Memory (MB): peak = 2112.906 ; gain = 646.121
---------------------------------------------------------------------------------
---------------------------------------------------------------------------------
Start Handling Custom Attributes
---------------------------------------------------------------------------------
---------------------------------------------------------------------------------
Finished Handling Custom Attributes : Time (s): cpu = 00:00:06 ; elapsed = 00:00:15 . Memory (MB): peak = 2112.906 ; gain = 646.121
---------------------------------------------------------------------------------
---------------------------------------------------------------------------------
Finished RTL Optimization Phase 1 : Time (s): cpu = 00:00:06 ; elapsed = 00:00:15 . Memory (MB): peak = 2112.906 ; gain = 646.121
---------------------------------------------------------------------------------
Netlist sorting complete. Time (s): cpu = 00:00:00 ; elapsed = 00:00:00.291 . Memory (MB): peak = 2112.906 ; gain = 0.000
INFO: [Netlist 29-17] Analyzing 370 Unisim elements for replacement
INFO: [Netlist 29-28] Unisim Transformation completed in 0 CPU seconds
INFO: [Project 1-570] Preparing netlist for logic optimization

Processing XDC Constraints
Initializing timing engine
Parsing XDC File [c:/Users/Rui/Rui/MSc_Dissertation/SoC/RVfpgaXilinxIntercon/rvfpga/rvfpga.gen/sources_1/bd/accel/ip/accel_matprod_0_2/constraints/matprod_ooc.xdc] for cell 'inst'
Finished Parsing XDC File [c:/Users/Rui/Rui/MSc_Dissertation/SoC/RVfpgaXilinxIntercon/rvfpga/rvfpga.gen/sources_1/bd/accel/ip/accel_matprod_0_2/constraints/matprod_ooc.xdc] for cell 'inst'
Parsing XDC File [C:/Users/Rui/Rui/MSc_Dissertation/SoC/RVfpgaXilinxIntercon/rvfpga/rvfpga.runs/accel_matprod_0_2_synth_1/dont_touch.xdc]
Finished Parsing XDC File [C:/Users/Rui/Rui/MSc_Dissertation/SoC/RVfpgaXilinxIntercon/rvfpga/rvfpga.runs/accel_matprod_0_2_synth_1/dont_touch.xdc]
Completed Processing XDC Constraints

Netlist sorting complete. Time (s): cpu = 00:00:00 ; elapsed = 00:00:00.006 . Memory (MB): peak = 2220.797 ; gain = 0.000
INFO: [Project 1-111] Unisim Transformation Summary:
  A total of 19 instances were transformed.
  FDE => FDRE: 19 instances

Constraint Validation Runtime : Time (s): cpu = 00:00:00 ; elapsed = 00:00:00.167 . Memory (MB): peak = 2221.766 ; gain = 0.969
INFO: [Designutils 20-5008] Incremental synthesis strategy off
INFO: [Synth 8-11241] undeclared symbol 'REGCCE', assumed default net type 'wire' [C:/Xilinx/Vivado/2022.2/data/verilog/src/unimacro/BRAM_SINGLE_MACRO.v:2170]
---------------------------------------------------------------------------------
Finished Constraint Validation : Time (s): cpu = 00:00:10 ; elapsed = 00:00:23 . Memory (MB): peak = 2221.766 ; gain = 754.980
---------------------------------------------------------------------------------
---------------------------------------------------------------------------------
Start Loading Part and Timing Information
---------------------------------------------------------------------------------
Loading part: xc7a100tcsg324-1
---------------------------------------------------------------------------------
Finished Loading Part and Timing Information : Time (s): cpu = 00:00:10 ; elapsed = 00:00:23 . Memory (MB): peak = 2221.766 ; gain = 754.980
---------------------------------------------------------------------------------
---------------------------------------------------------------------------------
Start Applying 'set_property' XDC Constraints
---------------------------------------------------------------------------------
Applied set_property KEEP_HIERARCHY = SOFT for inst. (constraint file  C:/Users/Rui/Rui/MSc_Dissertation/SoC/RVfpgaXilinxIntercon/rvfpga/rvfpga.runs/accel_matprod_0_2_synth_1/dont_touch.xdc, line 9).
---------------------------------------------------------------------------------
Finished applying 'set_property' XDC Constraints : Time (s): cpu = 00:00:10 ; elapsed = 00:00:23 . Memory (MB): peak = 2221.766 ; gain = 754.980
---------------------------------------------------------------------------------
WARNING: [Synth 8-3936] Found unconnected internal register 'loop_index9_load_reg_148_reg' and it is trimmed from '61' to '10' bits. [c:/Users/Rui/Rui/MSc_Dissertation/SoC/RVfpgaXilinxIntercon/rvfpga/rvfpga.gen/sources_1/bd/accel/ipshared/e30c/hdl/verilog/matprod_matprod_Pipeline_1.v:262]
WARNING: [Synth 8-3936] Found unconnected internal register 'loop_index3_load_reg_148_reg' and it is trimmed from '61' to '10' bits. [c:/Users/Rui/Rui/MSc_Dissertation/SoC/RVfpgaXilinxIntercon/rvfpga/rvfpga.gen/sources_1/bd/accel/ipshared/e30c/hdl/verilog/matprod_matprod_Pipeline_2.v:262]
INFO: [Synth 8-4490] FSM extraction disabled for register 'ap_CS_fsm_reg' through user attribute
INFO: [Synth 8-4490] FSM extraction disabled for register 'ap_CS_fsm_reg' through user attribute
INFO: [Synth 8-802] inferred FSM for state register 'wstate_reg' in module 'matprod_BUS1_s_axi'
INFO: [Synth 8-802] inferred FSM for state register 'rstate_reg' in module 'matprod_BUS1_s_axi'
INFO: [Synth 8-802] inferred FSM for state register 'state_reg' in module 'matprod_gmem_m_axi_reg_slice'
INFO: [Synth 8-802] inferred FSM for state register 'state_reg' in module 'matprod_gmem_m_axi_reg_slice__parameterized0'
INFO: [Synth 8-802] inferred FSM for state register 'state_reg' in module 'matprod_gmem_m_axi_reg_slice__parameterized1'
INFO: [Synth 8-802] inferred FSM for state register 'state_reg' in module 'matprod_gmem_m_axi_reg_slice__parameterized2'
INFO: [Synth 8-4490] FSM extraction disabled for register 'ap_CS_fsm_reg' through user attribute
---------------------------------------------------------------------------------------------------
                   State |                     New Encoding |                Previous Encoding 
---------------------------------------------------------------------------------------------------
                  iSTATE |                             0001 |                               11
*
                  WRIDLE |                             0010 |                               00
                  WRDATA |                             0100 |                               01
                  WRRESP |                             1000 |                               10
---------------------------------------------------------------------------------------------------
INFO: [Synth 8-3354] encoded FSM with state register 'wstate_reg' using encoding 'one-hot' in module 'matprod_BUS1_s_axi'
---------------------------------------------------------------------------------------------------
                   State |                     New Encoding |                Previous Encoding 
---------------------------------------------------------------------------------------------------
                  iSTATE |                              001 |                               10
*
                  RDIDLE |                              010 |                               00
                  RDDATA |                              100 |                               01
---------------------------------------------------------------------------------------------------
INFO: [Synth 8-3354] encoded FSM with state register 'rstate_reg' using encoding 'one-hot' in module 'matprod_BUS1_s_axi'
---------------------------------------------------------------------------------------------------
                   State |                     New Encoding |                Previous Encoding 
---------------------------------------------------------------------------------------------------
                    ZERO |                               00 |                               10
                     ONE |                               10 |                               11
                     TWO |                               01 |                               01
---------------------------------------------------------------------------------------------------
INFO: [Synth 8-3354] encoded FSM with state register 'state_reg' using encoding 'sequential' in module 'matprod_gmem_m_axi_reg_slice'
---------------------------------------------------------------------------------------------------
                   State |                     New Encoding |                Previous Encoding 
---------------------------------------------------------------------------------------------------
                    ZERO |                               00 |                               10
                     ONE |                               10 |                               11
                     TWO |                               01 |                               01
---------------------------------------------------------------------------------------------------
INFO: [Synth 8-3354] encoded FSM with state register 'state_reg' using encoding 'sequential' in module 'matprod_gmem_m_axi_reg_slice__parameterized0'
---------------------------------------------------------------------------------------------------
                   State |                     New Encoding |                Previous Encoding 
---------------------------------------------------------------------------------------------------
                    ZERO |                               00 |                               10
                     ONE |                               10 |                               11
                     TWO |                               01 |                               01
---------------------------------------------------------------------------------------------------
INFO: [Synth 8-3354] encoded FSM with state register 'state_reg' using encoding 'sequential' in module 'matprod_gmem_m_axi_reg_slice__parameterized1'
---------------------------------------------------------------------------------------------------
                   State |                     New Encoding |                Previous Encoding 
---------------------------------------------------------------------------------------------------
                    ZERO |                               00 |                               10
                     ONE |                               10 |                               11
                     TWO |                               01 |                               01
---------------------------------------------------------------------------------------------------
INFO: [Synth 8-3354] encoded FSM with state register 'state_reg' using encoding 'sequential' in module 'matprod_gmem_m_axi_reg_slice__parameterized2'
---------------------------------------------------------------------------------
Finished RTL Optimization Phase 2 : Time (s): cpu = 00:00:10 ; elapsed = 00:00:25 . Memory (MB): peak = 2221.766 ; gain = 754.980
---------------------------------------------------------------------------------
INFO: [Synth 8-223] decloning instance 'inst/grp_matprod_Pipeline_VITIS_LOOP_26_1_fu_171/dadd_64ns_64ns_64_8_full_dsp_1_U9/matprod_dadd_64ns_64ns_64_8_full_dsp_1_ip_u/inst/i_synth/DELAY_DIVIDE_BY_ZERO' (delay__parameterized13) to 'inst/grp_matprod_Pipeline_VITIS_LOOP_26_1_fu_171/dadd_64ns_64ns_64_8_full_dsp_1_U9/matprod_dadd_64ns_64ns_64_8_full_dsp_1_ip_u/inst/i_synth/DELAY_ACCUM_OVERFLOW'
INFO: [Synth 8-223] decloning instance 'inst/grp_matprod_Pipeline_VITIS_LOOP_26_1_fu_171/dadd_64ns_64ns_64_8_full_dsp_1_U9/matprod_dadd_64ns_64ns_64_8_full_dsp_1_ip_u/inst/i_synth/DELAY_DIVIDE_BY_ZERO' (delay__parameterized13) to 'inst/grp_matprod_Pipeline_VITIS_LOOP_26_1_fu_171/dadd_64ns_64ns_64_8_full_dsp_1_U9/matprod_dadd_64ns_64ns_64_8_full_dsp_1_ip_u/inst/i_synth/DELAY_ACCUM_INPUT_OVERFLOW'
INFO: [Synth 8-223] decloning instance 'inst/grp_matprod_Pipeline_VITIS_LOOP_26_1_fu_171/dmul_64ns_64ns_64_7_max_dsp_1_U10/matprod_dmul_64ns_64ns_64_7_max_dsp_1_ip_u/inst/i_synth/DELAY_DIVIDE_BY_ZERO' (delay__parameterized13) to 'inst/grp_matprod_Pipeline_VITIS_LOOP_26_1_fu_171/dmul_64ns_64ns_64_7_max_dsp_1_U10/matprod_dmul_64ns_64ns_64_7_max_dsp_1_ip_u/inst/i_synth/DELAY_ACCUM_OVERFLOW'
INFO: [Synth 8-223] decloning instance 'inst/grp_matprod_Pipeline_VITIS_LOOP_26_1_fu_171/dmul_64ns_64ns_64_7_max_dsp_1_U10/matprod_dmul_64ns_64ns_64_7_max_dsp_1_ip_u/inst/i_synth/DELAY_DIVIDE_BY_ZERO' (delay__parameterized13) to 'inst/grp_matprod_Pipeline_VITIS_LOOP_26_1_fu_171/dmul_64ns_64ns_64_7_max_dsp_1_U10/matprod_dmul_64ns_64ns_64_7_max_dsp_1_ip_u/inst/i_synth/DELAY_ACCUM_INPUT_OVERFLOW'
---------------------------------------------------------------------------------
Start RTL Component Statistics 
---------------------------------------------------------------------------------
---------------------------------------------------------------------------------
Finished RTL Component Statistics 
---------------------------------------------------------------------------------
---------------------------------------------------------------------------------
Start Part Resource Summary
---------------------------------------------------------------------------------
Part Resources:
DSPs: 240 (col length:80)
BRAMs: 270 (col length: RAMB18 80 RAMB36 40)
---------------------------------------------------------------------------------
Finished Part Resource Summary
---------------------------------------------------------------------------------
---------------------------------------------------------------------------------
Start Cross Boundary and Area Optimization
---------------------------------------------------------------------------------
WARNING: [Synth 8-7080] Parallel synthesis criteria is not met
WARNING: [Synth 8-3936] Found unconnected internal register 'mac_muladd_10s_10s_10s_10_4_1_U11/matprod_mac_muladd_10s_10s_10s_10_4_1_DSP48_0_U/p_reg_reg' and it is trimmed from '44' to '10' bits. [c:/Users/Rui/Rui/MSc_Dissertation/SoC/RVfpgaXilinxIntercon/rvfpga/rvfpga.gen/sources_1/bd/accel/ipshared/e30c/hdl/verilog/matprod_mac_muladd_10s_10s_10s_10_4_1.v:39]
WARNING: [Synth 8-3936] Found unconnected internal register 'mac_muladd_10s_10s_10s_10_4_1_U11/matprod_mac_muladd_10s_10s_10s_10_4_1_DSP48_0_U/m_reg_reg' and it is trimmed from '43' to '10' bits. [c:/Users/Rui/Rui/MSc_Dissertation/SoC/RVfpgaXilinxIntercon/rvfpga/rvfpga.gen/sources_1/bd/accel/ipshared/e30c/hdl/verilog/matprod_mac_muladd_10s_10s_10s_10_4_1.v:32]
WARNING: [Synth 8-3936] Found unconnected internal register 'mac_muladd_10s_10s_10s_10_4_1_U11/matprod_mac_muladd_10s_10s_10s_10_4_1_DSP48_0_U/a_reg_reg' and it is trimmed from '25' to '10' bits. [c:/Users/Rui/Rui/MSc_Dissertation/SoC/RVfpgaXilinxIntercon/rvfpga/rvfpga.gen/sources_1/bd/accel/ipshared/e30c/hdl/verilog/matprod_mac_muladd_10s_10s_10s_10_4_1.v:31]
WARNING: [Synth 8-3936] Found unconnected internal register 'mac_muladd_10s_10s_10ns_10_4_1_U13/matprod_mac_muladd_10s_10s_10ns_10_4_1_DSP48_1_U/p_reg_reg' and it is trimmed from '44' to '10' bits. [c:/Users/Rui/Rui/MSc_Dissertation/SoC/RVfpgaXilinxIntercon/rvfpga/rvfpga.gen/sources_1/bd/accel/ipshared/e30c/hdl/verilog/matprod_mac_muladd_10s_10s_10ns_10_4_1.v:39]
WARNING: [Synth 8-3936] Found unconnected internal register 'mac_muladd_10s_10s_10ns_10_4_1_U13/matprod_mac_muladd_10s_10s_10ns_10_4_1_DSP48_1_U/m_reg_reg' and it is trimmed from '43' to '10' bits. [c:/Users/Rui/Rui/MSc_Dissertation/SoC/RVfpgaXilinxIntercon/rvfpga/rvfpga.gen/sources_1/bd/accel/ipshared/e30c/hdl/verilog/matprod_mac_muladd_10s_10s_10ns_10_4_1.v:32]
WARNING: [Synth 8-3936] Found unconnected internal register 'mac_muladd_10s_10s_10ns_10_4_1_U13/matprod_mac_muladd_10s_10s_10ns_10_4_1_DSP48_1_U/a_reg_reg' and it is trimmed from '25' to '10' bits. [c:/Users/Rui/Rui/MSc_Dissertation/SoC/RVfpgaXilinxIntercon/rvfpga/rvfpga.gen/sources_1/bd/accel/ipshared/e30c/hdl/verilog/matprod_mac_muladd_10s_10s_10ns_10_4_1.v:31]
WARNING: [Synth 8-3936] Found unconnected internal register 'mac_muladd_10s_10s_10s_10_4_1_U11/matprod_mac_muladd_10s_10s_10s_10_4_1_DSP48_0_U/b_reg_reg' and it is trimmed from '18' to '10' bits. [c:/Users/Rui/Rui/MSc_Dissertation/SoC/RVfpgaXilinxIntercon/rvfpga/rvfpga.gen/sources_1/bd/accel/ipshared/e30c/hdl/verilog/matprod_mac_muladd_10s_10s_10s_10_4_1.v:31]
WARNING: [Synth 8-3936] Found unconnected internal register 'mac_muladd_10s_10s_10ns_10_4_1_U12/matprod_mac_muladd_10s_10s_10ns_10_4_1_DSP48_1_U/p_reg_reg' and it is trimmed from '44' to '10' bits. [c:/Users/Rui/Rui/MSc_Dissertation/SoC/RVfpgaXilinxIntercon/rvfpga/rvfpga.gen/sources_1/bd/accel/ipshared/e30c/hdl/verilog/matprod_mac_muladd_10s_10s_10ns_10_4_1.v:39]
WARNING: [Synth 8-3936] Found unconnected internal register 'mac_muladd_10s_10s_10ns_10_4_1_U12/matprod_mac_muladd_10s_10s_10ns_10_4_1_DSP48_1_U/m_reg_reg' and it is trimmed from '43' to '10' bits. [c:/Users/Rui/Rui/MSc_Dissertation/SoC/RVfpgaXilinxIntercon/rvfpga/rvfpga.gen/sources_1/bd/accel/ipshared/e30c/hdl/verilog/matprod_mac_muladd_10s_10s_10ns_10_4_1.v:32]
WARNING: [Synth 8-3936] Found unconnected internal register 'mac_muladd_10s_10s_10ns_10_4_1_U12/matprod_mac_muladd_10s_10s_10ns_10_4_1_DSP48_1_U/b_reg_reg' and it is trimmed from '18' to '10' bits. [c:/Users/Rui/Rui/MSc_Dissertation/SoC/RVfpgaXilinxIntercon/rvfpga/rvfpga.gen/sources_1/bd/accel/ipshared/e30c/hdl/verilog/matprod_mac_muladd_10s_10s_10ns_10_4_1.v:31]
WARNING: [Synth 8-3936] Found unconnected internal register 'mac_muladd_10s_10s_10ns_10_4_1_U12/matprod_mac_muladd_10s_10s_10ns_10_4_1_DSP48_1_U/a_reg_reg' and it is trimmed from '25' to '10' bits. [c:/Users/Rui/Rui/MSc_Dissertation/SoC/RVfpgaXilinxIntercon/rvfpga/rvfpga.gen/sources_1/bd/accel/ipshared/e30c/hdl/verilog/matprod_mac_muladd_10s_10s_10ns_10_4_1.v:31]
WARNING: [Synth 8-3332] Sequential element (FSM_onehot_wstate_reg[0]) is unused and will be removed from module matprod_BUS1_s_axi.
WARNING: [Synth 8-3332] Sequential element (FSM_onehot_rstate_reg[0]) is unused and will be removed from module matprod_BUS1_s_axi.
WARNING: [Synth 8-3332] Sequential element (mul_32s_32s_32_2_1_U30/dout_reg[47]) is unused and will be removed from module matprod.
WARNING: [Synth 8-3332] Sequential element (mul_32s_32s_32_2_1_U30/dout_reg[46]) is unused and will be removed from module matprod.
WARNING: [Synth 8-3332] Sequential element (mul_32s_32s_32_2_1_U30/dout_reg[45]) is unused and will be removed from module matprod.
WARNING: [Synth 8-3332] Sequential element (mul_32s_32s_32_2_1_U30/dout_reg[44]) is unused and will be removed from module matprod.
WARNING: [Synth 8-3332] Sequential element (mul_32s_32s_32_2_1_U30/dout_reg[43]) is unused and will be removed from module matprod.
WARNING: [Synth 8-3332] Sequential element (mul_32s_32s_32_2_1_U30/dout_reg[42]) is unused and will be removed from module matprod.
WARNING: [Synth 8-3332] Sequential element (mul_32s_32s_32_2_1_U30/dout_reg[41]) is unused and will be removed from module matprod.
WARNING: [Synth 8-3332] Sequential element (mul_32s_32s_32_2_1_U30/dout_reg[40]) is unused and will be removed from module matprod.
WARNING: [Synth 8-3332] Sequential element (mul_32s_32s_32_2_1_U30/dout_reg[39]) is unused and will be removed from module matprod.
WARNING: [Synth 8-3332] Sequential element (mul_32s_32s_32_2_1_U30/dout_reg[38]) is unused and will be removed from module matprod.
WARNING: [Synth 8-3332] Sequential element (mul_32s_32s_32_2_1_U30/dout_reg[37]) is unused and will be removed from module matprod.
WARNING: [Synth 8-3332] Sequential element (mul_32s_32s_32_2_1_U30/dout_reg[36]) is unused and will be removed from module matprod.
WARNING: [Synth 8-3332] Sequential element (mul_32s_32s_32_2_1_U30/dout_reg[35]) is unused and will be removed from module matprod.
WARNING: [Synth 8-3332] Sequential element (mul_32s_32s_32_2_1_U30/dout_reg[34]) is unused and will be removed from module matprod.
WARNING: [Synth 8-3332] Sequential element (mul_32s_32s_32_2_1_U30/dout_reg[33]) is unused and will be removed from module matprod.
WARNING: [Synth 8-3332] Sequential element (mul_32s_32s_32_2_1_U30/dout_reg[32]) is unused and will be removed from module matprod.
WARNING: [Synth 8-3332] Sequential element (mul_32s_32s_32_2_1_U30/dout_reg[31]) is unused and will be removed from module matprod.
WARNING: [Synth 8-3332] Sequential element (mul_32s_32s_32_2_1_U30/dout_reg[30]) is unused and will be removed from module matprod.
WARNING: [Synth 8-3332] Sequential element (mul_32s_32s_32_2_1_U30/dout_reg[29]) is unused and will be removed from module matprod.
WARNING: [Synth 8-3332] Sequential element (mul_32s_32s_32_2_1_U30/dout_reg[28]) is unused and will be removed from module matprod.
WARNING: [Synth 8-3332] Sequential element (mul_32s_32s_32_2_1_U30/dout_reg[27]) is unused and will be removed from module matprod.
WARNING: [Synth 8-3332] Sequential element (mul_32s_32s_32_2_1_U30/dout_reg[26]) is unused and will be removed from module matprod.
WARNING: [Synth 8-3332] Sequential element (mul_32s_32s_32_2_1_U30/dout_reg[25]) is unused and will be removed from module matprod.
WARNING: [Synth 8-3332] Sequential element (mul_32s_32s_32_2_1_U30/dout_reg[24]) is unused and will be removed from module matprod.
WARNING: [Synth 8-3332] Sequential element (mul_32s_32s_32_2_1_U30/dout_reg[23]) is unused and will be removed from module matprod.
WARNING: [Synth 8-3332] Sequential element (mul_32s_32s_32_2_1_U30/dout_reg[22]) is unused and will be removed from module matprod.
WARNING: [Synth 8-3332] Sequential element (mul_32s_32s_32_2_1_U30/dout_reg[21]) is unused and will be removed from module matprod.
WARNING: [Synth 8-3332] Sequential element (mul_32s_32s_32_2_1_U30/dout_reg[20]) is unused and will be removed from module matprod.
WARNING: [Synth 8-3332] Sequential element (mul_32s_32s_32_2_1_U30/dout_reg[19]) is unused and will be removed from module matprod.
WARNING: [Synth 8-3332] Sequential element (mul_32s_32s_32_2_1_U30/dout_reg[18]) is unused and will be removed from module matprod.
WARNING: [Synth 8-3332] Sequential element (mul_32s_32s_32_2_1_U30/dout_reg[17]) is unused and will be removed from module matprod.
WARNING: [Synth 8-3332] Sequential element (mul_32s_32s_32_2_1_U30/dout_reg[16]) is unused and will be removed from module matprod.
WARNING: [Synth 8-3332] Sequential element (mul_32s_32s_32_2_1_U30/dout_reg[15]) is unused and will be removed from module matprod.
WARNING: [Synth 8-3332] Sequential element (mul_32s_32s_32_2_1_U30/dout_reg[47]__0) is unused and will be removed from module matprod.
WARNING: [Synth 8-3332] Sequential element (mul_32s_32s_32_2_1_U30/dout_reg[46]__0) is unused and will be removed from module matprod.
WARNING: [Synth 8-3332] Sequential element (mul_32s_32s_32_2_1_U30/dout_reg[45]__0) is unused and will be removed from module matprod.
WARNING: [Synth 8-3332] Sequential element (mul_32s_32s_32_2_1_U30/dout_reg[44]__0) is unused and will be removed from module matprod.
WARNING: [Synth 8-3332] Sequential element (mul_32s_32s_32_2_1_U30/dout_reg[43]__0) is unused and will be removed from module matprod.
WARNING: [Synth 8-3332] Sequential element (mul_32s_32s_32_2_1_U30/dout_reg[42]__0) is unused and will be removed from module matprod.
WARNING: [Synth 8-3332] Sequential element (mul_32s_32s_32_2_1_U30/dout_reg[41]__0) is unused and will be removed from module matprod.
WARNING: [Synth 8-3332] Sequential element (mul_32s_32s_32_2_1_U30/dout_reg[40]__0) is unused and will be removed from module matprod.
WARNING: [Synth 8-3332] Sequential element (mul_32s_32s_32_2_1_U30/dout_reg[39]__0) is unused and will be removed from module matprod.
WARNING: [Synth 8-3332] Sequential element (mul_32s_32s_32_2_1_U30/dout_reg[38]__0) is unused and will be removed from module matprod.
WARNING: [Synth 8-3332] Sequential element (mul_32s_32s_32_2_1_U30/dout_reg[37]__0) is unused and will be removed from module matprod.
WARNING: [Synth 8-3332] Sequential element (mul_32s_32s_32_2_1_U30/dout_reg[36]__0) is unused and will be removed from module matprod.
WARNING: [Synth 8-3332] Sequential element (mul_32s_32s_32_2_1_U30/dout_reg[35]__0) is unused and will be removed from module matprod.
WARNING: [Synth 8-3332] Sequential element (mul_32s_32s_32_2_1_U30/dout_reg[34]__0) is unused and will be removed from module matprod.
WARNING: [Synth 8-3332] Sequential element (mul_32s_32s_32_2_1_U30/dout_reg[33]__0) is unused and will be removed from module matprod.
WARNING: [Synth 8-3332] Sequential element (mul_32s_32s_32_2_1_U30/dout_reg[32]__0) is unused and will be removed from module matprod.
WARNING: [Synth 8-3332] Sequential element (mul_32s_32s_32_2_1_U30/dout_reg[31]__0) is unused and will be removed from module matprod.
WARNING: [Synth 8-3332] Sequential element (mul_32s_32s_32_2_1_U30/dout_reg[30]__0) is unused and will be removed from module matprod.
WARNING: [Synth 8-3332] Sequential element (mul_32s_32s_32_2_1_U30/dout_reg[29]__0) is unused and will be removed from module matprod.
WARNING: [Synth 8-3332] Sequential element (mul_32s_32s_32_2_1_U30/dout_reg[28]__0) is unused and will be removed from module matprod.
WARNING: [Synth 8-3332] Sequential element (mul_32s_32s_32_2_1_U30/dout_reg[27]__0) is unused and will be removed from module matprod.
WARNING: [Synth 8-3332] Sequential element (mul_32s_32s_32_2_1_U30/dout_reg[26]__0) is unused and will be removed from module matprod.
WARNING: [Synth 8-3332] Sequential element (mul_32s_32s_32_2_1_U30/dout_reg[25]__0) is unused and will be removed from module matprod.
WARNING: [Synth 8-3332] Sequential element (mul_32s_32s_32_2_1_U30/dout_reg[24]__0) is unused and will be removed from module matprod.
WARNING: [Synth 8-3332] Sequential element (mul_32s_32s_32_2_1_U30/dout_reg[23]__0) is unused and will be removed from module matprod.
WARNING: [Synth 8-3332] Sequential element (mul_32s_32s_32_2_1_U30/dout_reg[22]__0) is unused and will be removed from module matprod.
WARNING: [Synth 8-3332] Sequential element (mul_32s_32s_32_2_1_U30/dout_reg[21]__0) is unused and will be removed from module matprod.
WARNING: [Synth 8-3332] Sequential element (mul_32s_32s_32_2_1_U30/dout_reg[20]__0) is unused and will be removed from module matprod.
WARNING: [Synth 8-3332] Sequential element (mul_32s_32s_32_2_1_U30/dout_reg[19]__0) is unused and will be removed from module matprod.
WARNING: [Synth 8-3332] Sequential element (mul_32s_32s_32_2_1_U30/dout_reg[18]__0) is unused and will be removed from module matprod.
WARNING: [Synth 8-3332] Sequential element (mul_32s_32s_32_2_1_U30/dout_reg[17]__0) is unused and will be removed from module matprod.
WARNING: [Synth 8-3332] Sequential element (mul_32s_32s_32_2_1_U31/dout_reg[47]) is unused and will be removed from module matprod.
WARNING: [Synth 8-3332] Sequential element (mul_32s_32s_32_2_1_U31/dout_reg[46]) is unused and will be removed from module matprod.
WARNING: [Synth 8-3332] Sequential element (mul_32s_32s_32_2_1_U31/dout_reg[45]) is unused and will be removed from module matprod.
WARNING: [Synth 8-3332] Sequential element (mul_32s_32s_32_2_1_U31/dout_reg[44]) is unused and will be removed from module matprod.
WARNING: [Synth 8-3332] Sequential element (mul_32s_32s_32_2_1_U31/dout_reg[43]) is unused and will be removed from module matprod.
WARNING: [Synth 8-3332] Sequential element (mul_32s_32s_32_2_1_U31/dout_reg[42]) is unused and will be removed from module matprod.
WARNING: [Synth 8-3332] Sequential element (mul_32s_32s_32_2_1_U31/dout_reg[41]) is unused and will be removed from module matprod.
WARNING: [Synth 8-3332] Sequential element (mul_32s_32s_32_2_1_U31/dout_reg[40]) is unused and will be removed from module matprod.
WARNING: [Synth 8-3332] Sequential element (mul_32s_32s_32_2_1_U31/dout_reg[39]) is unused and will be removed from module matprod.
WARNING: [Synth 8-3332] Sequential element (mul_32s_32s_32_2_1_U31/dout_reg[38]) is unused and will be removed from module matprod.
WARNING: [Synth 8-3332] Sequential element (mul_32s_32s_32_2_1_U31/dout_reg[37]) is unused and will be removed from module matprod.
WARNING: [Synth 8-3332] Sequential element (mul_32s_32s_32_2_1_U31/dout_reg[36]) is unused and will be removed from module matprod.
WARNING: [Synth 8-3332] Sequential element (mul_32s_32s_32_2_1_U31/dout_reg[35]) is unused and will be removed from module matprod.
WARNING: [Synth 8-3332] Sequential element (mul_32s_32s_32_2_1_U31/dout_reg[34]) is unused and will be removed from module matprod.
WARNING: [Synth 8-3332] Sequential element (mul_32s_32s_32_2_1_U31/dout_reg[33]) is unused and will be removed from module matprod.
WARNING: [Synth 8-3332] Sequential element (mul_32s_32s_32_2_1_U31/dout_reg[32]) is unused and will be removed from module matprod.
WARNING: [Synth 8-3332] Sequential element (mul_32s_32s_32_2_1_U31/dout_reg[31]) is unused and will be removed from module matprod.
WARNING: [Synth 8-3332] Sequential element (mul_32s_32s_32_2_1_U31/dout_reg[30]) is unused and will be removed from module matprod.
WARNING: [Synth 8-3332] Sequential element (mul_32s_32s_32_2_1_U31/dout_reg[29]) is unused and will be removed from module matprod.
WARNING: [Synth 8-3332] Sequential element (mul_32s_32s_32_2_1_U31/dout_reg[28]) is unused and will be removed from module matprod.
WARNING: [Synth 8-3332] Sequential element (mul_32s_32s_32_2_1_U31/dout_reg[27]) is unused and will be removed from module matprod.
WARNING: [Synth 8-3332] Sequential element (mul_32s_32s_32_2_1_U31/dout_reg[26]) is unused and will be removed from module matprod.
WARNING: [Synth 8-3332] Sequential element (mul_32s_32s_32_2_1_U31/dout_reg[25]) is unused and will be removed from module matprod.
WARNING: [Synth 8-3332] Sequential element (mul_32s_32s_32_2_1_U31/dout_reg[24]) is unused and will be removed from module matprod.
WARNING: [Synth 8-3332] Sequential element (mul_32s_32s_32_2_1_U31/dout_reg[23]) is unused and will be removed from module matprod.
WARNING: [Synth 8-3332] Sequential element (mul_32s_32s_32_2_1_U31/dout_reg[22]) is unused and will be removed from module matprod.
WARNING: [Synth 8-3332] Sequential element (mul_32s_32s_32_2_1_U31/dout_reg[21]) is unused and will be removed from module matprod.
WARNING: [Synth 8-3332] Sequential element (mul_32s_32s_32_2_1_U31/dout_reg[20]) is unused and will be removed from module matprod.
WARNING: [Synth 8-3332] Sequential element (mul_32s_32s_32_2_1_U31/dout_reg[19]) is unused and will be removed from module matprod.
WARNING: [Synth 8-3332] Sequential element (mul_32s_32s_32_2_1_U31/dout_reg[18]) is unused and will be removed from module matprod.
WARNING: [Synth 8-3332] Sequential element (mul_32s_32s_32_2_1_U31/dout_reg[17]) is unused and will be removed from module matprod.
WARNING: [Synth 8-3332] Sequential element (mul_32s_32s_32_2_1_U31/dout_reg[16]) is unused and will be removed from module matprod.
WARNING: [Synth 8-3332] Sequential element (mul_32s_32s_32_2_1_U31/dout_reg[15]) is unused and will be removed from module matprod.
WARNING: [Synth 8-3332] Sequential element (mul_32s_32s_32_2_1_U31/dout_reg[47]__0) is unused and will be removed from module matprod.
INFO: [Common 17-14] Message 'Synth 8-3332' appears 100 times and further instances of the messages will be disabled. Use the Tcl command set_msg_config to change the current settings.
---------------------------------------------------------------------------------
Finished Cross Boundary and Area Optimization : Time (s): cpu = 00:00:15 ; elapsed = 00:00:37 . Memory (MB): peak = 2221.766 ; gain = 754.980
---------------------------------------------------------------------------------
---------------------------------------------------------------------------------
Start Applying XDC Timing Constraints
---------------------------------------------------------------------------------
---------------------------------------------------------------------------------
Finished Applying XDC Timing Constraints : Time (s): cpu = 00:00:18 ; elapsed = 00:00:44 . Memory (MB): peak = 2221.766 ; gain = 754.980
---------------------------------------------------------------------------------
---------------------------------------------------------------------------------
Start Timing Optimization
---------------------------------------------------------------------------------
---------------------------------------------------------------------------------
Finished Timing Optimization : Time (s): cpu = 00:00:19 ; elapsed = 00:00:46 . Memory (MB): peak = 2221.766 ; gain = 754.980
---------------------------------------------------------------------------------
---------------------------------------------------------------------------------
Start Technology Mapping
---------------------------------------------------------------------------------
INFO: [Synth 8-7052] The timing for the instance inst/gmem_m_axi_U/load_unit/buff_rdata/U_fifo_mem/mem_reg (implemented as a Block RAM) might be sub-optimal as no optional output register could be merged into the ram block. Providing additional output register may help in improving timing.
---------------------------------------------------------------------------------
Finished Technology Mapping : Time (s): cpu = 00:00:20 ; elapsed = 00:00:49 . Memory (MB): peak = 2221.766 ; gain = 754.980
---------------------------------------------------------------------------------
---------------------------------------------------------------------------------
Start IO Insertion
---------------------------------------------------------------------------------
---------------------------------------------------------------------------------
Start Flattening Before IO Insertion
---------------------------------------------------------------------------------
---------------------------------------------------------------------------------
Finished Flattening Before IO Insertion
---------------------------------------------------------------------------------
---------------------------------------------------------------------------------
Start Final Netlist Cleanup
---------------------------------------------------------------------------------
---------------------------------------------------------------------------------
Finished Final Netlist Cleanup
---------------------------------------------------------------------------------
---------------------------------------------------------------------------------
Finished IO Insertion : Time (s): cpu = 00:00:22 ; elapsed = 00:00:52 . Memory (MB): peak = 2221.766 ; gain = 754.980
---------------------------------------------------------------------------------
---------------------------------------------------------------------------------
Start Renaming Generated Instances
---------------------------------------------------------------------------------
---------------------------------------------------------------------------------
Finished Renaming Generated Instances : Time (s): cpu = 00:00:22 ; elapsed = 00:00:52 . Memory (MB): peak = 2221.766 ; gain = 754.980
---------------------------------------------------------------------------------
---------------------------------------------------------------------------------
Start Rebuilding User Hierarchy
---------------------------------------------------------------------------------
---------------------------------------------------------------------------------
Finished Rebuilding User Hierarchy : Time (s): cpu = 00:00:22 ; elapsed = 00:00:53 . Memory (MB): peak = 2221.766 ; gain = 754.980
---------------------------------------------------------------------------------
---------------------------------------------------------------------------------
Start Renaming Generated Ports
---------------------------------------------------------------------------------
---------------------------------------------------------------------------------
Finished Renaming Generated Ports : Time (s): cpu = 00:00:22 ; elapsed = 00:00:53 . Memory (MB): peak = 2221.766 ; gain = 754.980
---------------------------------------------------------------------------------
---------------------------------------------------------------------------------
Start Handling Custom Attributes
---------------------------------------------------------------------------------
---------------------------------------------------------------------------------
Finished Handling Custom Attributes : Time (s): cpu = 00:00:22 ; elapsed = 00:00:53 . Memory (MB): peak = 2221.766 ; gain = 754.980
---------------------------------------------------------------------------------
---------------------------------------------------------------------------------
Start Renaming Generated Nets
---------------------------------------------------------------------------------
---------------------------------------------------------------------------------
Finished Renaming Generated Nets : Time (s): cpu = 00:00:22 ; elapsed = 00:00:53 . Memory (MB): peak = 2221.766 ; gain = 754.980
---------------------------------------------------------------------------------
---------------------------------------------------------------------------------
Start Writing Synthesis Report
---------------------------------------------------------------------------------

DSP Final Report (the ' indicates corresponding REG is set)
+-----------------------------------------------+-------------------+--------+--------+--------+--------+--------+------+------+------+------+-------+------+------+
|Module Name                                    | DSP Mapping       | A Size | B Size | C Size | D Size | P Size | AREG | BREG | CREG | DREG | ADREG | MREG | PREG | 
+-----------------------------------------------+-------------------+--------+--------+--------+--------+--------+------+------+------+------+-------+------+------+
|dsp48e1_wrapper__parameterized0                | Dynamic           | -      | -      | -      | -      | 48     | -    | -    | -    | -    | -     | 0    | 1    | 
|dsp48e1_wrapper                                | A':B'             | 29     | 18     | -      | -      | 16     | 1    | 1    | -    | -    | -     | 0    | 0    | 
|dsp48e1_wrapper__parameterized1_28             | C+A:B             | 0      | 2      | 47     | -      | 48     | 0    | 0    | 0    | -    | -     | 0    | 0    | 
|dsp48e1_wrapper__parameterized2                | A*B               | 17     | 17     | -      | -      | 17     | 0    | 0    | -    | -    | -     | 0    | 0    | 
|dsp48e1_wrapper__parameterized3                | (PCIN>>17+A*B)'   | 17     | 0      | -      | -      | 16     | 0    | 0    | -    | -    | -     | 0    | 1    | 
|dsp48e1_wrapper__parameterized4                | PCIN+(A*B)'       | 17     | 17     | -      | -      | 17     | 0    | 0    | -    | -    | -     | 1    | 0    | 
|dsp48e1_wrapper__parameterized5                | PCIN>>17+A'*B'    | 17     | 0      | -      | -      | 16     | 1    | 1    | -    | -    | -     | 0    | 0    | 
|dsp48e1_wrapper__parameterized6                | (PCIN+A'*B')'     | 19     | 17     | -      | -      | 16     | 1    | 1    | -    | -    | -     | 0    | 1    | 
|dsp48e1_wrapper__parameterized7                | PCIN+(A'*B')'     | 19     | 17     | -      | -      | 17     | 1    | 1    | -    | -    | -     | 1    | 0    | 
|dsp48e1_wrapper__parameterized8                | PCIN>>17+A'*B''   | 0      | 17     | -      | -      | 16     | 1    | 2    | -    | -    | -     | 0    | 0    | 
|dsp48e1_wrapper__parameterized9                | (PCIN+A''*B'')'   | 19     | 17     | -      | -      | 17     | 2    | 2    | -    | -    | -     | 0    | 1    | 
|dsp48e1_wrapper__parameterized10               | PCIN>>17+(A*B'')' | 0      | 17     | -      | -      | 38     | 0    | 2    | -    | -    | -     | 1    | 0    | 
|dsp48e1_wrapper__parameterized11               | PCIN>>17+A'*B''   | 0      | 2      | -      | -      | 21     | 1    | 2    | -    | -    | -     | 0    | 0    | 
|dsp48e1_wrapper__parameterized1                | Dynamic           | -      | -      | -      | -      | 48     | -    | -    | -    | -    | -     | 0    | 0    | 
|matprod_mac_muladd_10s_10s_10ns_10_4_1_DSP48_1 | (C'+(A'*B'')')'   | 30     | 18     | 10     | -      | 10     | 1    | 2    | 2    | -    | -     | 1    | 1    | 
|matprod_mac_muladd_10s_10s_10ns_10_4_1_DSP48_1 | (C'+(A''*B'')')'  | 30     | 18     | 10     | -      | 10     | 2    | 2    | 2    | -    | -     | 1    | 1    | 
|matprod_mac_muladd_10s_10s_10s_10_4_1_DSP48_0  | (C'+(A'*B'')')'   | 30     | 18     | 48     | -      | 10     | 1    | 2    | 2    | -    | -     | 1    | 1    | 
|matprod                                        | (A'*B')'          | 17     | 18     | -      | -      | 48     | 1    | 1    | -    | -    | -     | 0    | 1    | 
|matprod                                        | A'*B'             | 17     | 17     | -      | -      | 48     | 1    | 1    | -    | -    | -     | 0    | 0    | 
|matprod                                        | (PCIN>>17+A'*B')' | 17     | 18     | -      | -      | 48     | 1    | 1    | -    | -    | -     | 0    | 1    | 
|matprod                                        | (A'*B')'          | 17     | 18     | -      | -      | 48     | 1    | 1    | -    | -    | -     | 0    | 1    | 
|matprod                                        | A'*B'             | 17     | 17     | -      | -      | 48     | 1    | 1    | -    | -    | -     | 0    | 0    | 
|matprod                                        | (PCIN>>17+A'*B')' | 17     | 18     | -      | -      | 48     | 1    | 1    | -    | -    | -     | 0    | 1    | 
|matprod                                        | (A'*B')'          | 17     | 18     | -      | -      | 48     | 1    | 1    | -    | -    | -     | 0    | 1    | 
|matprod                                        | A'*B'             | 17     | 17     | -      | -      | 48     | 1    | 1    | -    | -    | -     | 0    | 0    | 
|matprod                                        | (PCIN>>17+A'*B')' | 17     | 18     | -      | -      | 48     | 1    | 1    | -    | -    | -     | 0    | 1    | 
+-----------------------------------------------+-------------------+--------+--------+--------+--------+--------+------+------+------+------+-------+------+------+


Report BlackBoxes: 
+-+--------------+----------+
| |BlackBox name |Instances |
+-+--------------+----------+
+-+--------------+----------+

Report Cell Usage: 
+------+---------+------+
|      |Cell     |Count |
+------+---------+------+
|1     |CARRY4   |   304|
|2     |DSP48E1  |    26|
|18    |LUT1     |    94|
|19    |LUT2     |   265|
|20    |LUT3     |   830|
|21    |LUT4     |  1045|
|22    |LUT5     |   537|
|23    |LUT6     |   992|
|24    |MUXCY    |   195|
|25    |MUXF7    |     4|
|26    |MUXF8    |     1|
|27    |RAMB36E1 |     8|
|30    |SRL16E   |   364|
|31    |XORCY    |    89|
|32    |FDE      |    19|
|33    |FDRE     |  4969|
|34    |FDSE     |     7|
+------+---------+------+
---------------------------------------------------------------------------------
Finished Writing Synthesis Report : Time (s): cpu = 00:00:22 ; elapsed = 00:00:53 . Memory (MB): peak = 2221.766 ; gain = 754.980
---------------------------------------------------------------------------------
Synthesis finished with 0 errors, 0 critical warnings and 743 warnings.
Synthesis Optimization Runtime : Time (s): cpu = 00:00:14 ; elapsed = 00:00:49 . Memory (MB): peak = 2221.766 ; gain = 646.121
Synthesis Optimization Complete : Time (s): cpu = 00:00:22 ; elapsed = 00:00:53 . Memory (MB): peak = 2221.766 ; gain = 754.980
INFO: [Project 1-571] Translating synthesized netlist
Netlist sorting complete. Time (s): cpu = 00:00:00 ; elapsed = 00:00:00.172 . Memory (MB): peak = 2221.766 ; gain = 0.000
INFO: [Netlist 29-17] Analyzing 646 Unisim elements for replacement
INFO: [Netlist 29-28] Unisim Transformation completed in 0 CPU seconds
INFO: [Project 1-570] Preparing netlist for logic optimization
INFO: [Opt 31-138] Pushed 0 inverter(s) to 0 load pin(s).
Netlist sorting complete. Time (s): cpu = 00:00:00 ; elapsed = 00:00:00.002 . Memory (MB): peak = 2243.797 ; gain = 0.000
INFO: [Project 1-111] Unisim Transformation Summary:
  A total of 76 instances were transformed.
  (MUXCY,XORCY) => CARRY4: 57 instances
  FDE => FDRE: 19 instances

Synth Design complete, checksum: a7df6721
INFO: [Common 17-83] Releasing license: Synthesis
136 Infos, 219 Warnings, 0 Critical Warnings and 0 Errors encountered.
synth_design completed successfully
synth_design: Time (s): cpu = 00:00:24 ; elapsed = 00:00:59 . Memory (MB): peak = 2243.797 ; gain = 1170.168
INFO: [Common 17-1381] The checkpoint 'C:/Users/Rui/Rui/MSc_Dissertation/SoC/RVfpgaXilinxIntercon/rvfpga/rvfpga.runs/accel_matprod_0_2_synth_1/accel_matprod_0_2.dcp' has been generated.
INFO: [Coretcl 2-1648] Added synthesis output to IP cache for IP accel_matprod_0_2, cache-ID = 087daf8b9749b435
INFO: [Coretcl 2-1174] Renamed 251 cell refs.
INFO: [Common 17-1381] The checkpoint 'C:/Users/Rui/Rui/MSc_Dissertation/SoC/RVfpgaXilinxIntercon/rvfpga/rvfpga.runs/accel_matprod_0_2_synth_1/accel_matprod_0_2.dcp' has been generated.
INFO: [runtcl-4] Executing : report_utilization -file accel_matprod_0_2_utilization_synth.rpt -pb accel_matprod_0_2_utilization_synth.pb
INFO: [Common 17-206] Exiting Vivado at Wed Dec  6 17:20:32 2023...
