remark: C:/Xilinx/Vitis_HLS/2022.2/common/technology/autopilot\ap_int_base.h:214:67: Inlining function '_ZN8ssdm_intILi14ELb0EEC2EDq14_j' into 'ap_int_base<14, false>::ap_int_base(int)'
remark: <unknown>:0:0: Inlining function 'ap_int_base<14, false>::ap_int_base(int)' into 'ap_uint<14>::ap_uint(int)'
remark: C:/Xilinx/Vitis_HLS/2022.2/common/technology/autopilot\ap_int_base.h:214:67: Inlining function 'ssdm_int<32, true>::ssdm_int(int)' into 'ap_int_base<32, true>::ap_int_base(int)'
remark: C:/Xilinx/Vitis_HLS/2022.2/common/technology/autopilot\ap_int_base.h:1788:713: Inlining function 'ap_int_base<32, true>::ap_int_base(int)' into 'bool operator<<14, false>(ap_int_base<14, false> const&, int)'
remark: C:/Xilinx/Vitis_HLS/2022.2/common/technology/autopilot\ap_int_base.h:1788:711: Inlining function 'bool ap_int_base<14, false>::operator<<32, true>(ap_int_base<32, true> const&) const' into 'bool operator<<14, false>(ap_int_base<14, false> const&, int)'
remark: C:/Xilinx/Vitis_HLS/2022.2/common/technology/autopilot\ap_int_base.h:185:106: Inlining function '_ZN8ssdm_intILi21ELb1EEC2EDq21_i' into 'ap_int_base<21, true>::ap_int_base<32, true>(ap_int_base<32, true> const&)'
remark: <unknown>:0:0: Inlining function 'ap_int_base<21, true>::ap_int_base<32, true>(ap_int_base<32, true> const&)' into 'ap_int<21>::ap_int<32>(ap_int<32> const&)'
remark: C:/Xilinx/Vitis_HLS/2022.2/common/technology/autopilot\ap_int_base.h:185:106: Inlining function '_ZN8ssdm_intILi46ELb1EEC2EDq46_i' into 'ap_int_base<46, true>::ap_int_base<14, false>(ap_int_base<14, false> const&)'
remark: C:/Xilinx/Vitis_HLS/2022.2/common/technology/autopilot\ap_int_base.h:185:106: Inlining function '_ZN8ssdm_intILi46ELb1EEC2EDq46_i' into 'ap_int_base<46, true>::ap_int_base<32, true>(ap_int_base<32, true> const&)'
remark: C:/Xilinx/Vitis_HLS/2022.2/common/technology/autopilot\ap_int_base.h:214:67: Inlining function '_ZN8ssdm_intILi46ELb1EEC2EDq46_i' into 'ap_int_base<46, true>::ap_int_base(int)'
remark: C:/Xilinx/Vitis_HLS/2022.2/common/technology/autopilot\ap_int_base.h:1494:339: Inlining function 'ap_int_base<46, true>::ap_int_base<14, false>(ap_int_base<14, false> const&)' into 'ap_int_base<14, false>::RType<32, true>::mult operator*<14, false, 32, true>(ap_int_base<14, false> const&, ap_int_base<32, true> const&)'
remark: C:/Xilinx/Vitis_HLS/2022.2/common/technology/autopilot\ap_int_base.h:1494:516: Inlining function 'ap_int_base<46, true>::ap_int_base(int)' into 'ap_int_base<14, false>::RType<32, true>::mult operator*<14, false, 32, true>(ap_int_base<14, false> const&, ap_int_base<32, true> const&)'
remark: C:/Xilinx/Vitis_HLS/2022.2/common/technology/autopilot\ap_int_base.h:1494:427: Inlining function 'ap_int_base<46, true>::ap_int_base<32, true>(ap_int_base<32, true> const&)' into 'ap_int_base<14, false>::RType<32, true>::mult operator*<14, false, 32, true>(ap_int_base<14, false> const&, ap_int_base<32, true> const&)'
remark: C:/Xilinx/Vitis_HLS/2022.2/common/technology/autopilot\ap_int_base.h:1633:483: Inlining function 'ap_int_base<32, true>::ap_int_base(int)' into 'ap_int_base<14, false>::RType<($_0)32, true>::mult operator*<14, false>(ap_int_base<14, false> const&, int)'
remark: C:/Xilinx/Vitis_HLS/2022.2/common/technology/autopilot\ap_int_base.h:1633:481: Inlining function 'ap_int_base<14, false>::RType<32, true>::mult operator*<14, false, 32, true>(ap_int_base<14, false> const&, ap_int_base<32, true> const&)' into 'ap_int_base<14, false>::RType<($_0)32, true>::mult operator*<14, false>(ap_int_base<14, false> const&, int)'
remark: C:/Xilinx/Vitis_HLS/2022.2/common/technology/autopilot\ap_int_base.h:185:106: Inlining function '_ZN8ssdm_intILi14ELb0EEC2EDq14_j' into 'ap_int_base<14, false>::ap_int_base<46, true>(ap_int_base<46, true> const&)'
remark: <unknown>:0:0: Inlining function 'ap_int_base<14, false>::ap_int_base<46, true>(ap_int_base<46, true> const&)' into 'ap_uint<14>::ap_uint<46>(ap_int<46> const&)'
remark: C:/Xilinx/Vitis_HLS/2022.2/common/technology/autopilot\ap_int_base.h:185:106: Inlining function '_ZN8ssdm_intILi15ELb0EEC2EDq15_j' into 'ap_int_base<15, false>::ap_int_base<14, false>(ap_int_base<14, false> const&)'
remark: C:/Xilinx/Vitis_HLS/2022.2/common/technology/autopilot\ap_int_base.h:214:67: Inlining function '_ZN8ssdm_intILi15ELb0EEC2EDq15_j' into 'ap_int_base<15, false>::ap_int_base(int)'
remark: C:/Xilinx/Vitis_HLS/2022.2/common/technology/autopilot\ap_int_base.h:1495:339: Inlining function 'ap_int_base<15, false>::ap_int_base<14, false>(ap_int_base<14, false> const&)' into 'ap_int_base<14, false>::RType<14, false>::plus operator+<14, false, 14, false>(ap_int_base<14, false> const&, ap_int_base<14, false> const&)'
remark: C:/Xilinx/Vitis_HLS/2022.2/common/technology/autopilot\ap_int_base.h:1495:516: Inlining function 'ap_int_base<15, false>::ap_int_base(int)' into 'ap_int_base<14, false>::RType<14, false>::plus operator+<14, false, 14, false>(ap_int_base<14, false> const&, ap_int_base<14, false> const&)'
remark: C:/Xilinx/Vitis_HLS/2022.2/common/technology/autopilot\ap_int_base.h:1495:427: Inlining function 'ap_int_base<15, false>::ap_int_base<14, false>(ap_int_base<14, false> const&)' into 'ap_int_base<14, false>::RType<14, false>::plus operator+<14, false, 14, false>(ap_int_base<14, false> const&, ap_int_base<14, false> const&)'
remark: C:/Xilinx/Vitis_HLS/2022.2/common/technology/autopilot\ap_int_base.h:185:106: Inlining function '_ZN8ssdm_intILi47ELb1EEC2EDq47_i' into 'ap_int_base<47, true>::ap_int_base<15, false>(ap_int_base<15, false> const&)'
remark: C:/Xilinx/Vitis_HLS/2022.2/common/technology/autopilot\ap_int_base.h:185:106: Inlining function '_ZN8ssdm_intILi47ELb1EEC2EDq47_i' into 'ap_int_base<47, true>::ap_int_base<32, true>(ap_int_base<32, true> const&)'
remark: C:/Xilinx/Vitis_HLS/2022.2/common/technology/autopilot\ap_int_base.h:214:67: Inlining function '_ZN8ssdm_intILi47ELb1EEC2EDq47_i' into 'ap_int_base<47, true>::ap_int_base(int)'
remark: C:/Xilinx/Vitis_HLS/2022.2/common/technology/autopilot\ap_int_base.h:1494:339: Inlining function 'ap_int_base<47, true>::ap_int_base<15, false>(ap_int_base<15, false> const&)' into 'ap_int_base<15, false>::RType<32, true>::mult operator*<15, false, 32, true>(ap_int_base<15, false> const&, ap_int_base<32, true> const&)'
remark: C:/Xilinx/Vitis_HLS/2022.2/common/technology/autopilot\ap_int_base.h:1494:516: Inlining function 'ap_int_base<47, true>::ap_int_base(int)' into 'ap_int_base<15, false>::RType<32, true>::mult operator*<15, false, 32, true>(ap_int_base<15, false> const&, ap_int_base<32, true> const&)'
remark: C:/Xilinx/Vitis_HLS/2022.2/common/technology/autopilot\ap_int_base.h:1494:427: Inlining function 'ap_int_base<47, true>::ap_int_base<32, true>(ap_int_base<32, true> const&)' into 'ap_int_base<15, false>::RType<32, true>::mult operator*<15, false, 32, true>(ap_int_base<15, false> const&, ap_int_base<32, true> const&)'
remark: C:/Xilinx/Vitis_HLS/2022.2/common/technology/autopilot\ap_int_base.h:1633:483: Inlining function 'ap_int_base<32, true>::ap_int_base(int)' into 'ap_int_base<15, false>::RType<($_0)32, true>::mult operator*<15, false>(ap_int_base<15, false> const&, int)'
remark: C:/Xilinx/Vitis_HLS/2022.2/common/technology/autopilot\ap_int_base.h:1633:481: Inlining function 'ap_int_base<15, false>::RType<32, true>::mult operator*<15, false, 32, true>(ap_int_base<15, false> const&, ap_int_base<32, true> const&)' into 'ap_int_base<15, false>::RType<($_0)32, true>::mult operator*<15, false>(ap_int_base<15, false> const&, int)'
remark: C:/Xilinx/Vitis_HLS/2022.2/common/technology/autopilot\ap_int_base.h:185:106: Inlining function '_ZN8ssdm_intILi48ELb1EEC2EDq48_i' into 'ap_int_base<48, true>::ap_int_base<47, true>(ap_int_base<47, true> const&)'
remark: C:/Xilinx/Vitis_HLS/2022.2/common/technology/autopilot\ap_int_base.h:185:106: Inlining function '_ZN8ssdm_intILi48ELb1EEC2EDq48_i' into 'ap_int_base<48, true>::ap_int_base<14, false>(ap_int_base<14, false> const&)'
remark: C:/Xilinx/Vitis_HLS/2022.2/common/technology/autopilot\ap_int_base.h:214:67: Inlining function '_ZN8ssdm_intILi48ELb1EEC2EDq48_i' into 'ap_int_base<48, true>::ap_int_base(int)'
remark: C:/Xilinx/Vitis_HLS/2022.2/common/technology/autopilot\ap_int_base.h:1495:339: Inlining function 'ap_int_base<48, true>::ap_int_base<47, true>(ap_int_base<47, true> const&)' into 'ap_int_base<47, true>::RType<14, false>::plus operator+<47, true, 14, false>(ap_int_base<47, true> const&, ap_int_base<14, false> const&)'
remark: C:/Xilinx/Vitis_HLS/2022.2/common/technology/autopilot\ap_int_base.h:1495:516: Inlining function 'ap_int_base<48, true>::ap_int_base(int)' into 'ap_int_base<47, true>::RType<14, false>::plus operator+<47, true, 14, false>(ap_int_base<47, true> const&, ap_int_base<14, false> const&)'
remark: C:/Xilinx/Vitis_HLS/2022.2/common/technology/autopilot\ap_int_base.h:1495:427: Inlining function 'ap_int_base<48, true>::ap_int_base<14, false>(ap_int_base<14, false> const&)' into 'ap_int_base<47, true>::RType<14, false>::plus operator+<47, true, 14, false>(ap_int_base<47, true> const&, ap_int_base<14, false> const&)'
remark: C:/Xilinx/Vitis_HLS/2022.2/common/technology/autopilot\ap_int_base.h:185:106: Inlining function '_ZN8ssdm_intILi14ELb0EEC2EDq14_j' into 'ap_int_base<14, false>::ap_int_base<48, true>(ap_int_base<48, true> const&)'
remark: <unknown>:0:0: Inlining function 'ap_int_base<14, false>::ap_int_base<48, true>(ap_int_base<48, true> const&)' into 'ap_uint<14>::ap_uint<48>(ap_int<48> const&)'
remark: C:/Xilinx/Vitis_HLS/2022.2/common/technology/autopilot\ap_int_base.h:185:106: Inlining function 'ssdm_int<16, true>::ssdm_int(short)' into 'ap_int_base<16, true>::ap_int_base<8, true>(ap_int_base<8, true> const&)'
remark: C:/Xilinx/Vitis_HLS/2022.2/common/technology/autopilot\ap_int_base.h:185:106: Inlining function 'ssdm_int<16, true>::ssdm_int(short)' into 'ap_int_base<16, true>::ap_int_base<8, false>(ap_int_base<8, false> const&)'
remark: C:/Xilinx/Vitis_HLS/2022.2/common/technology/autopilot\ap_int_base.h:214:67: Inlining function 'ssdm_int<16, true>::ssdm_int(short)' into 'ap_int_base<16, true>::ap_int_base(int)'
remark: C:/Xilinx/Vitis_HLS/2022.2/common/technology/autopilot\ap_int_base.h:1494:339: Inlining function 'ap_int_base<16, true>::ap_int_base<8, true>(ap_int_base<8, true> const&)' into 'ap_int_base<8, true>::RType<8, false>::mult operator*<8, true, 8, false>(ap_int_base<8, true> const&, ap_int_base<8, false> const&)'
remark: C:/Xilinx/Vitis_HLS/2022.2/common/technology/autopilot\ap_int_base.h:1494:516: Inlining function 'ap_int_base<16, true>::ap_int_base(int)' into 'ap_int_base<8, true>::RType<8, false>::mult operator*<8, true, 8, false>(ap_int_base<8, true> const&, ap_int_base<8, false> const&)'
remark: C:/Xilinx/Vitis_HLS/2022.2/common/technology/autopilot\ap_int_base.h:1494:427: Inlining function 'ap_int_base<16, true>::ap_int_base<8, false>(ap_int_base<8, false> const&)' into 'ap_int_base<8, true>::RType<8, false>::mult operator*<8, true, 8, false>(ap_int_base<8, true> const&, ap_int_base<8, false> const&)'
remark: C:/Xilinx/Vitis_HLS/2022.2/common/technology/autopilot\ap_int_base.h:214:67: Inlining function '_ZN8ssdm_intILi1ELb0EEC2EDq1_j' into 'ap_int_base<1, false>::ap_int_base(int)'
remark: C:/Xilinx/Vitis_HLS/2022.2/common/technology/autopilot\ap_int_base.h:879:16: Inlining function 'ap_int_base<1, false>::ap_int_base(int)' into 'ap_int_base<14, false>::operator++(int)'
remark: C:/Xilinx/Vitis_HLS/2022.2/common/technology/autopilot\ap_int_base.h:879:5: Inlining function 'ap_int_base<14, false>& ap_int_base<14, false>::operator+=<1, false>(ap_int_base<1, false> const&)' into 'ap_int_base<14, false>::operator++(int)'
remark: C:/Xilinx/Vitis_HLS/2022.2/common/technology/autopilot\ap_int_base.h:1285:12: Inlining function 'ap_concat_ref<14, ap_int_base<14, false>, 14, ap_int_base<14, false> >::ap_concat_ref(ap_int_base<14, false>&, ap_int_base<14, false>&)' into 'ap_concat_ref<14, ap_int_base<14, false>, 14, ap_int_base<14, false> > ap_int_base<14, false>::operator,<14, false>(ap_int_base<14, false> const&) const'
remark: C:/Xilinx/Vitis_HLS/2022.2/common/technology/autopilot\ap_int_ref.h:170:12: Inlining function 'ap_concat_ref<28, ap_concat_ref<14, ap_int_base<14, false>, 14, ap_int_base<14, false> >, 14, ap_int_base<14, false> >::ap_concat_ref(ap_concat_ref<14, ap_int_base<14, false>, 14, ap_int_base<14, false> >&, ap_int_base<14, false>&)' into 'ap_concat_ref<28, ap_concat_ref<14, ap_int_base<14, false>, 14, ap_int_base<14, false> >, 14, ap_int_base<14, false> > ap_concat_ref<14, ap_int_base<14, false>, 14, ap_int_base<14, false> >::operator,<14, false>(ap_int_base<14, false> const&)'
remark: C:/Xilinx/Vitis_HLS/2022.2/common/technology/autopilot\ap_int_base.h:1788:337: Inlining function 'ap_int_base<32, true>::ap_int_base(int)' into 'bool operator><21, true>(ap_int_base<21, true> const&, int)'
remark: C:/Xilinx/Vitis_HLS/2022.2/common/technology/autopilot\ap_int_base.h:1788:335: Inlining function 'bool ap_int_base<21, true>::operator><32, true>(ap_int_base<32, true> const&) const' into 'bool operator><21, true>(ap_int_base<21, true> const&, int)'
remark: C:/Xilinx/Vitis_HLS/2022.2/common/technology/autopilot\ap_int_base.h:214:67: Inlining function 'ssdm_int<8, false>::ssdm_int(unsigned char)' into 'ap_int_base<8, false>::ap_int_base(int)'
remark: <unknown>:0:0: Inlining function 'ap_int_base<8, false>::ap_int_base(int)' into 'ap_uint<8>::ap_uint(int)'
remark: C:/Xilinx/Vitis_HLS/2022.2/common/technology/autopilot\ap_int_base.h:1788:713: Inlining function 'ap_int_base<32, true>::ap_int_base(int)' into 'bool operator<<21, true>(ap_int_base<21, true> const&, int)'
remark: C:/Xilinx/Vitis_HLS/2022.2/common/technology/autopilot\ap_int_base.h:1788:711: Inlining function 'bool ap_int_base<21, true>::operator<<32, true>(ap_int_base<32, true> const&) const' into 'bool operator<<21, true>(ap_int_base<21, true> const&, int)'
remark: C:/Xilinx/Vitis_HLS/2022.2/common/technology/autopilot\ap_int_base.h:185:106: Inlining function 'ssdm_int<8, false>::ssdm_int(unsigned char)' into 'ap_int_base<8, false>::ap_int_base<21, true>(ap_int_base<21, true> const&)'
remark: <unknown>:0:0: Inlining function 'ap_int_base<8, false>::ap_int_base<21, true>(ap_int_base<21, true> const&)' into 'ap_uint<8>::ap_uint<21>(ap_int<21> const&)'
remark: C:/Xilinx/Vitis_HLS/2022.2/common/technology/autopilot\ap_int_base.h:185:106: Inlining function '_ZN8ssdm_intILi47ELb1EEC2EDq47_i' into 'ap_int_base<47, true>::ap_int_base<46, true>(ap_int_base<46, true> const&)'
remark: C:/Xilinx/Vitis_HLS/2022.2/common/technology/autopilot\ap_int_base.h:185:106: Inlining function '_ZN8ssdm_intILi47ELb1EEC2EDq47_i' into 'ap_int_base<47, true>::ap_int_base<14, false>(ap_int_base<14, false> const&)'
remark: C:/Xilinx/Vitis_HLS/2022.2/common/technology/autopilot\ap_int_base.h:1495:339: Inlining function 'ap_int_base<47, true>::ap_int_base<46, true>(ap_int_base<46, true> const&)' into 'ap_int_base<46, true>::RType<14, false>::plus operator+<46, true, 14, false>(ap_int_base<46, true> const&, ap_int_base<14, false> const&)'
remark: C:/Xilinx/Vitis_HLS/2022.2/common/technology/autopilot\ap_int_base.h:1495:516: Inlining function 'ap_int_base<47, true>::ap_int_base(int)' into 'ap_int_base<46, true>::RType<14, false>::plus operator+<46, true, 14, false>(ap_int_base<46, true> const&, ap_int_base<14, false> const&)'
remark: C:/Xilinx/Vitis_HLS/2022.2/common/technology/autopilot\ap_int_base.h:1495:427: Inlining function 'ap_int_base<47, true>::ap_int_base<14, false>(ap_int_base<14, false> const&)' into 'ap_int_base<46, true>::RType<14, false>::plus operator+<46, true, 14, false>(ap_int_base<46, true> const&, ap_int_base<14, false> const&)'
remark: axi4_conv2D/axi4_conv2D.cpp:9:58: Inlining function 'ap_int_base<14, false>::operator++(int)' into 'axi4_conv2D(ap_uint<8>*, ap_uint<8>*, ap_int<8>*, ap_int<32>)'
remark: axi4_conv2D/axi4_conv2D.cpp:10:63: Inlining function 'ap_int_base<14, false>::operator++(int)' into 'axi4_conv2D(ap_uint<8>*, ap_uint<8>*, ap_int<8>*, ap_int<32>)'
remark: axi4_conv2D/axi4_conv2D.cpp:33:23: Inlining function 'ap_int_base<47, true>::operator long long() const' into 'axi4_conv2D(ap_uint<8>*, ap_uint<8>*, ap_int<8>*, ap_int<32>)'
remark: axi4_conv2D/axi4_conv2D.cpp:33:39: Inlining function 'ap_int_base<46, true>::RType<14, false>::plus operator+<46, true, 14, false>(ap_int_base<46, true> const&, ap_int_base<14, false> const&)' into 'axi4_conv2D(ap_uint<8>*, ap_uint<8>*, ap_int<8>*, ap_int<32>)'
remark: axi4_conv2D/axi4_conv2D.cpp:33:25: Inlining function 'ap_int_base<14, false>::RType<($_0)32, true>::mult operator*<14, false>(ap_int_base<14, false> const&, int)' into 'axi4_conv2D(ap_uint<8>*, ap_uint<8>*, ap_int<8>*, ap_int<32>)'
remark: axi4_conv2D/axi4_conv2D.cpp:28:26: Inlining function 'bool operator<<21, true>(ap_int_base<21, true> const&, int)' into 'axi4_conv2D(ap_uint<8>*, ap_uint<8>*, ap_int<8>*, ap_int<32>)'
remark: axi4_conv2D/axi4_conv2D.cpp:26:21: Inlining function 'bool operator><21, true>(ap_int_base<21, true> const&, int)' into 'axi4_conv2D(ap_uint<8>*, ap_uint<8>*, ap_int<8>*, ap_int<32>)'
remark: axi4_conv2D/axi4_conv2D.cpp:14:57: Inlining function 'ap_int_base<14, false>::operator++(int)' into 'axi4_conv2D(ap_uint<8>*, ap_uint<8>*, ap_int<8>*, ap_int<32>)'
remark: axi4_conv2D/axi4_conv2D.cpp:20:64: Inlining function 'ap_concat_ref<28, ap_concat_ref<14, ap_int_base<14, false>, 14, ap_int_base<14, false> >, 14, ap_int_base<14, false> > ap_concat_ref<14, ap_int_base<14, false>, 14, ap_int_base<14, false> >::operator,<14, false>(ap_int_base<14, false> const&)' into 'axi4_conv2D(ap_uint<8>*, ap_uint<8>*, ap_int<8>*, ap_int<32>)'
remark: axi4_conv2D/axi4_conv2D.cpp:20:66: Inlining function 'ap_int_base<14, false>::operator++(int)' into 'axi4_conv2D(ap_uint<8>*, ap_uint<8>*, ap_int<8>*, ap_int<32>)'
remark: axi4_conv2D/axi4_conv2D.cpp:20:47: Inlining function 'ap_concat_ref<14, ap_int_base<14, false>, 14, ap_int_base<14, false> > ap_int_base<14, false>::operator,<14, false>(ap_int_base<14, false> const&) const' into 'axi4_conv2D(ap_uint<8>*, ap_uint<8>*, ap_int<8>*, ap_int<32>)'
remark: axi4_conv2D/axi4_conv2D.cpp:20:49: Inlining function 'ap_int_base<14, false>::operator++(int)' into 'axi4_conv2D(ap_uint<8>*, ap_uint<8>*, ap_int<8>*, ap_int<32>)'
remark: axi4_conv2D/axi4_conv2D.cpp:20:44: Inlining function 'ap_int_base<14, false>::operator++(int)' into 'axi4_conv2D(ap_uint<8>*, ap_uint<8>*, ap_int<8>*, ap_int<32>)'
remark: axi4_conv2D/axi4_conv2D.cpp:21:25: Inlining function 'ap_int_base<21, true>& ap_int_base<21, true>::operator+=<16, true>(ap_int_base<16, true> const&)' into 'axi4_conv2D(ap_uint<8>*, ap_uint<8>*, ap_int<8>*, ap_int<32>)'
remark: axi4_conv2D/axi4_conv2D.cpp:21:51: Inlining function 'ap_int_base<8, true>::RType<8, false>::mult operator*<8, true, 8, false>(ap_int_base<8, true> const&, ap_int_base<8, false> const&)' into 'axi4_conv2D(ap_uint<8>*, ap_uint<8>*, ap_int<8>*, ap_int<32>)'
remark: axi4_conv2D/axi4_conv2D.cpp:21:62: Inlining function 'ap_int_base<14, false>::operator unsigned long long() const' into 'axi4_conv2D(ap_uint<8>*, ap_uint<8>*, ap_int<8>*, ap_int<32>)'
remark: axi4_conv2D/axi4_conv2D.cpp:21:36: Inlining function 'ap_int_base<14, false>::operator unsigned long long() const' into 'axi4_conv2D(ap_uint<8>*, ap_uint<8>*, ap_int<8>*, ap_int<32>)'
remark: axi4_conv2D/axi4_conv2D.cpp:20:39: Inlining function 'bool operator<<14, false>(ap_int_base<14, false> const&, int)' into 'axi4_conv2D(ap_uint<8>*, ap_uint<8>*, ap_int<8>*, ap_int<32>)'
remark: axi4_conv2D/axi4_conv2D.cpp:18:49: Inlining function 'ap_int_base<47, true>::RType<14, false>::plus operator+<47, true, 14, false>(ap_int_base<47, true> const&, ap_int_base<14, false> const&)' into 'axi4_conv2D(ap_uint<8>*, ap_uint<8>*, ap_int<8>*, ap_int<32>)'
remark: axi4_conv2D/axi4_conv2D.cpp:18:45: Inlining function 'ap_int_base<15, false>::RType<($_0)32, true>::mult operator*<15, false>(ap_int_base<15, false> const&, int)' into 'axi4_conv2D(ap_uint<8>*, ap_uint<8>*, ap_int<8>*, ap_int<32>)'
remark: axi4_conv2D/axi4_conv2D.cpp:18:40: Inlining function 'ap_int_base<14, false>::RType<14, false>::plus operator+<14, false, 14, false>(ap_int_base<14, false> const&, ap_int_base<14, false> const&)' into 'axi4_conv2D(ap_uint<8>*, ap_uint<8>*, ap_int<8>*, ap_int<32>)'
remark: axi4_conv2D/axi4_conv2D.cpp:17:40: Inlining function 'ap_int_base<14, false>::RType<($_0)32, true>::mult operator*<14, false>(ap_int_base<14, false> const&, int)' into 'axi4_conv2D(ap_uint<8>*, ap_uint<8>*, ap_int<8>*, ap_int<32>)'
remark: axi4_conv2D/axi4_conv2D.cpp:14:52: Inlining function 'bool operator<<14, false>(ap_int_base<14, false> const&, int)' into 'axi4_conv2D(ap_uint<8>*, ap_uint<8>*, ap_int<8>*, ap_int<32>)'
remark: axi4_conv2D/axi4_conv2D.cpp:10:48: Inlining function 'bool operator<<14, false>(ap_int_base<14, false> const&, int)' into 'axi4_conv2D(ap_uint<8>*, ap_uint<8>*, ap_int<8>*, ap_int<32>)'
remark: axi4_conv2D/axi4_conv2D.cpp:9:43: Inlining function 'bool operator<<14, false>(ap_int_base<14, false> const&, int)' into 'axi4_conv2D(ap_uint<8>*, ap_uint<8>*, ap_int<8>*, ap_int<32>)'
