In file included from axi4_conv2D/axi4_conv2D.cpp:1:
In file included from axi4_conv2D/axi4_conv2D.h:4:
In file included from C:/Xilinx/Vitis_HLS/2022.2/common/technology/autopilot\ap_int.h:12:
C:/Xilinx/Vitis_HLS/2022.2/common/technology/autopilot\ap_int_ref.h:678:9: warning: HLS pragma dump _XLX_SEP_ PragmaIsValid=1_XLX_SEP_ PragmaType=unroll_XLX_SEP_ PragmaContext=_XLX_SEP_ PragmaFunction=and_reduce_XLX_SEP_ PragmaOptions=_XLX_SEP_ [-Wdump-hls-pragmas]
#pragma HLS unroll
        ^
C:/Xilinx/Vitis_HLS/2022.2/common/technology/autopilot\ap_int_ref.h:692:9: warning: HLS pragma dump _XLX_SEP_ PragmaIsValid=1_XLX_SEP_ PragmaType=unroll_XLX_SEP_ PragmaContext=_XLX_SEP_ PragmaFunction=or_reduce_XLX_SEP_ PragmaOptions=_XLX_SEP_ [-Wdump-hls-pragmas]
#pragma HLS unroll
        ^
C:/Xilinx/Vitis_HLS/2022.2/common/technology/autopilot\ap_int_ref.h:706:9: warning: HLS pragma dump _XLX_SEP_ PragmaIsValid=1_XLX_SEP_ PragmaType=unroll_XLX_SEP_ PragmaContext=_XLX_SEP_ PragmaFunction=xor_reduce_XLX_SEP_ PragmaOptions=_XLX_SEP_ [-Wdump-hls-pragmas]
#pragma HLS unroll
        ^
C:/Users/Rui/Rui/MSc_Dissertation/SoC/Acelerador/axi4_conv2D/solution1/csynth.tcl:15:9: warning: HLS pragma dump _XLX_SEP_ PragmaIsValid=1_XLX_SEP_ PragmaType=top_XLX_SEP_ PragmaContext=directive_XLX_SEP_ PragmaFunction=axi4_conv2D_XLX_SEP_ PragmaOptions=name=axi4_conv2D_XLX_SEP_ [-Wdump-hls-pragmas]
#pragma HLSDIRECTIVE TOP name=axi4_conv2D
        ^
C:/Users/Rui/Rui/MSc_Dissertation/SoC/Acelerador/axi4_conv2D/solution1/directives.tcl:6:9: warning: HLS pragma dump _XLX_SEP_ PragmaIsValid=1_XLX_SEP_ PragmaType=top_XLX_SEP_ PragmaContext=directive_XLX_SEP_ PragmaFunction=axi4_conv2D_XLX_SEP_ PragmaOptions=name=axi4_conv2D_XLX_SEP_ [-Wdump-hls-pragmas]
#pragma HLSDIRECTIVE TOP name=axi4_conv2D
        ^
axi4_conv2D/axi4_conv2D.cpp:8:9: warning: HLS pragma dump _XLX_SEP_ PragmaIsValid=1_XLX_SEP_ PragmaType=interface_XLX_SEP_ PragmaContext=_XLX_SEP_ PragmaFunction=axi4_conv2D_XLX_SEP_ PragmaOptions=m_axi port=image_in offset=slave_XLX_SEP_ [-Wdump-hls-pragmas]
#pragma HLS INTERFACE m_axi port=image_in offset=slave
        ^
axi4_conv2D/axi4_conv2D.cpp:9:9: warning: HLS pragma dump _XLX_SEP_ PragmaIsValid=1_XLX_SEP_ PragmaType=interface_XLX_SEP_ PragmaContext=_XLX_SEP_ PragmaFunction=axi4_conv2D_XLX_SEP_ PragmaOptions=m_axi port=image_out offset=slave_XLX_SEP_ [-Wdump-hls-pragmas]
#pragma HLS INTERFACE m_axi port=image_out offset=slave
        ^
axi4_conv2D/axi4_conv2D.cpp:10:9: warning: HLS pragma dump _XLX_SEP_ PragmaIsValid=1_XLX_SEP_ PragmaType=interface_XLX_SEP_ PragmaContext=_XLX_SEP_ PragmaFunction=axi4_conv2D_XLX_SEP_ PragmaOptions=m_axi port=weights offset=slave_XLX_SEP_ [-Wdump-hls-pragmas]
#pragma HLS INTERFACE m_axi port=weights offset=slave
        ^
axi4_conv2D/axi4_conv2D.cpp:11:34: warning: Unsupported interface port data type in '#pragma HLS interface m_axi' [-Wignored-hls-pragmas]
#pragma HLS INTERFACE m_axi port=bias offset=slave
                                 ^
axi4_conv2D/axi4_conv2D.cpp:11:9: warning: HLS pragma dump _XLX_SEP_ PragmaIsValid=0_XLX_SEP_ PragmaType=interface_XLX_SEP_ PragmaContext=_XLX_SEP_ PragmaFunction=axi4_conv2D_XLX_SEP_ PragmaOptions=m_axi port=bias offset=slave_XLX_SEP_ [-Wdump-hls-pragmas]
#pragma HLS INTERFACE m_axi port=bias offset=slave
        ^
10 warnings generated.
