Vivado Simulator v2022.2
Copyright 1986-1999, 2001-2022 Xilinx, Inc. All Rights Reserved.
Running: C:/Xilinx/Vivado/2022.2/bin/unwrapped/win64.o/xelab.exe xil_defaultlib.apatb_matprod_top glbl -Oenable_linking_all_libraries -prj matprod.prj -L smartconnect_v1_0 -L axi_protocol_checker_v1_1_12 -L axi_protocol_checker_v1_1_13 -L axis_protocol_checker_v1_1_11 -L axis_protocol_checker_v1_1_12 -L xil_defaultlib -L unisims_ver -L xpm -L floating_point_v7_0_20 -L floating_point_v7_1_15 --lib ieee_proposed=./ieee_proposed -s matprod -debug wave 
Multi-threading is on. Using 18 slave threads.
INFO: [VRFC 10-2263] Analyzing SystemVerilog file "C:/Users/MSI/Rui/MSc_Dissertation/SoC/accelerator/first_accel/solution1/sim/verilog/ip/xil_defaultlib/matprod_fadd_32ns_32ns_32_4_full_dsp_1_ip.v" into library xil_defaultlib
INFO: [VRFC 10-311] analyzing module matprod_fadd_32ns_32ns_32_4_full_dsp_1_ip
INFO: [VRFC 10-2263] Analyzing SystemVerilog file "C:/Users/MSI/Rui/MSc_Dissertation/SoC/accelerator/first_accel/solution1/sim/verilog/ip/xil_defaultlib/matprod_fmul_32ns_32ns_32_2_max_dsp_1_ip.v" into library xil_defaultlib
INFO: [VRFC 10-311] analyzing module matprod_fmul_32ns_32ns_32_2_max_dsp_1_ip
INFO: [VRFC 10-2263] Analyzing SystemVerilog file "C:/Users/MSI/Rui/MSc_Dissertation/SoC/accelerator/first_accel/solution1/sim/verilog/glbl.v" into library work
INFO: [VRFC 10-311] analyzing module glbl
INFO: [VRFC 10-2263] Analyzing SystemVerilog file "C:/Users/MSI/Rui/MSc_Dissertation/SoC/accelerator/first_accel/solution1/sim/verilog/AESL_axi_master_gmem.v" into library xil_defaultlib
INFO: [VRFC 10-311] analyzing module AESL_axi_master_gmem
INFO: [VRFC 10-2263] Analyzing SystemVerilog file "C:/Users/MSI/Rui/MSc_Dissertation/SoC/accelerator/first_accel/solution1/sim/verilog/AESL_axi_slave_BUS1.v" into library xil_defaultlib
INFO: [VRFC 10-311] analyzing module AESL_axi_slave_BUS1
INFO: [VRFC 10-2263] Analyzing SystemVerilog file "C:/Users/MSI/Rui/MSc_Dissertation/SoC/accelerator/first_accel/solution1/sim/verilog/matprod.autotb.v" into library xil_defaultlib
INFO: [VRFC 10-311] analyzing module apatb_matprod_top
INFO: [VRFC 10-2263] Analyzing SystemVerilog file "C:/Users/MSI/Rui/MSc_Dissertation/SoC/accelerator/first_accel/solution1/sim/verilog/matprod.v" into library xil_defaultlib
INFO: [VRFC 10-311] analyzing module matprod
INFO: [VRFC 10-2263] Analyzing SystemVerilog file "C:/Users/MSI/Rui/MSc_Dissertation/SoC/accelerator/first_accel/solution1/sim/verilog/matprod_BUS1_s_axi.v" into library xil_defaultlib
INFO: [VRFC 10-311] analyzing module matprod_BUS1_s_axi
INFO: [VRFC 10-2263] Analyzing SystemVerilog file "C:/Users/MSI/Rui/MSc_Dissertation/SoC/accelerator/first_accel/solution1/sim/verilog/matprod_fadd_32ns_32ns_32_4_full_dsp_1.v" into library xil_defaultlib
INFO: [VRFC 10-311] analyzing module matprod_fadd_32ns_32ns_32_4_full_dsp_1
INFO: [VRFC 10-2263] Analyzing SystemVerilog file "C:/Users/MSI/Rui/MSc_Dissertation/SoC/accelerator/first_accel/solution1/sim/verilog/matprod_flow_control_loop_pipe_sequential_init.v" into library xil_defaultlib
INFO: [VRFC 10-311] analyzing module matprod_flow_control_loop_pipe_sequential_init
INFO: [VRFC 10-2263] Analyzing SystemVerilog file "C:/Users/MSI/Rui/MSc_Dissertation/SoC/accelerator/first_accel/solution1/sim/verilog/matprod_fmul_32ns_32ns_32_2_max_dsp_1.v" into library xil_defaultlib
INFO: [VRFC 10-311] analyzing module matprod_fmul_32ns_32ns_32_2_max_dsp_1
INFO: [VRFC 10-2263] Analyzing SystemVerilog file "C:/Users/MSI/Rui/MSc_Dissertation/SoC/accelerator/first_accel/solution1/sim/verilog/matprod_gmem_m_axi.v" into library xil_defaultlib
INFO: [VRFC 10-311] analyzing module matprod_gmem_m_axi
INFO: [VRFC 10-311] analyzing module matprod_gmem_m_axi_load
INFO: [VRFC 10-311] analyzing module matprod_gmem_m_axi_store
INFO: [VRFC 10-311] analyzing module matprod_gmem_m_axi_read
INFO: [VRFC 10-311] analyzing module matprod_gmem_m_axi_write
INFO: [VRFC 10-311] analyzing module matprod_gmem_m_axi_throttle
INFO: [VRFC 10-311] analyzing module matprod_gmem_m_axi_reg_slice
INFO: [VRFC 10-311] analyzing module matprod_gmem_m_axi_fifo
INFO: [VRFC 10-311] analyzing module matprod_gmem_m_axi_srl
INFO: [VRFC 10-311] analyzing module matprod_gmem_m_axi_mem
INFO: [VRFC 10-2263] Analyzing SystemVerilog file "C:/Users/MSI/Rui/MSc_Dissertation/SoC/accelerator/first_accel/solution1/sim/verilog/matprod_m1_buffer_RAM_AUTO_1R1W.v" into library xil_defaultlib
INFO: [VRFC 10-311] analyzing module matprod_m1_buffer_RAM_AUTO_1R1W
INFO: [VRFC 10-2263] Analyzing SystemVerilog file "C:/Users/MSI/Rui/MSc_Dissertation/SoC/accelerator/first_accel/solution1/sim/verilog/matprod_mac_muladd_10s_10s_10ns_10_4_1.v" into library xil_defaultlib
INFO: [VRFC 10-311] analyzing module matprod_mac_muladd_10s_10s_10ns_10_4_1_DSP48_0
INFO: [VRFC 10-311] analyzing module matprod_mac_muladd_10s_10s_10ns_10_4_1
INFO: [VRFC 10-2263] Analyzing SystemVerilog file "C:/Users/MSI/Rui/MSc_Dissertation/SoC/accelerator/first_accel/solution1/sim/verilog/matprod_matprod_Pipeline_VITIS_LOOP_23_1.v" into library xil_defaultlib
INFO: [VRFC 10-311] analyzing module matprod_matprod_Pipeline_VITIS_LOOP_23_1
INFO: [VRFC 10-2263] Analyzing SystemVerilog file "C:/Users/MSI/Rui/MSc_Dissertation/SoC/accelerator/first_accel/solution1/sim/verilog/matprod_matprod_Pipeline_VITIS_LOOP_24_2.v" into library xil_defaultlib
INFO: [VRFC 10-311] analyzing module matprod_matprod_Pipeline_VITIS_LOOP_24_2
INFO: [VRFC 10-2263] Analyzing SystemVerilog file "C:/Users/MSI/Rui/MSc_Dissertation/SoC/accelerator/first_accel/solution1/sim/verilog/matprod_matprod_Pipeline_VITIS_LOOP_28_5.v" into library xil_defaultlib
INFO: [VRFC 10-311] analyzing module matprod_matprod_Pipeline_VITIS_LOOP_28_5
INFO: [VRFC 10-2263] Analyzing SystemVerilog file "C:/Users/MSI/Rui/MSc_Dissertation/SoC/accelerator/first_accel/solution1/sim/verilog/matprod_matprod_Pipeline_VITIS_LOOP_37_6.v" into library xil_defaultlib
INFO: [VRFC 10-311] analyzing module matprod_matprod_Pipeline_VITIS_LOOP_37_6
INFO: [VRFC 10-2263] Analyzing SystemVerilog file "C:/Users/MSI/Rui/MSc_Dissertation/SoC/accelerator/first_accel/solution1/sim/verilog/matprod_mul_10s_10s_10_1_1.v" into library xil_defaultlib
INFO: [VRFC 10-311] analyzing module matprod_mul_10s_10s_10_1_1
INFO: [VRFC 10-2263] Analyzing SystemVerilog file "C:/Users/MSI/Rui/MSc_Dissertation/SoC/accelerator/first_accel/solution1/sim/verilog/matprod_mul_32ns_32ns_64_1_1.v" into library xil_defaultlib
INFO: [VRFC 10-311] analyzing module matprod_mul_32ns_32ns_64_1_1
INFO: [VRFC 10-2263] Analyzing SystemVerilog file "C:/Users/MSI/Rui/MSc_Dissertation/SoC/accelerator/first_accel/solution1/sim/verilog/matprod_mul_32s_32s_32_1_1.v" into library xil_defaultlib
INFO: [VRFC 10-311] analyzing module matprod_mul_32s_32s_32_1_1
INFO: [VRFC 10-2263] Analyzing SystemVerilog file "C:/Users/MSI/Rui/MSc_Dissertation/SoC/accelerator/first_accel/solution1/sim/verilog/dataflow_monitor.sv" into library xil_defaultlib
INFO: [VRFC 10-311] analyzing module dataflow_monitor
Starting static elaboration
Pass Through NonSizing Optimizer
Completed static elaboration
Starting simulation data flow analysis
Completed simulation data flow analysis
Time Resolution for simulation is 1ps
Compiling package std.standard
Compiling package std.textio
Compiling package ieee.std_logic_1164
Compiling package floating_point_v7_1_15.floating_point_v7_1_15_viv_comp
Compiling package ieee.numeric_std
Compiling package xbip_utils_v3_0_10.xbip_utils_v3_0_10_pkg
Compiling package axi_utils_v2_0_6.axi_utils_v2_0_6_pkg
Compiling package floating_point_v7_1_15.floating_point_v7_1_15_consts
Compiling package ieee.math_real
Compiling package floating_point_v7_1_15.floating_point_v7_1_15_exp_table...
Compiling package mult_gen_v12_0_18.mult_gen_v12_0_18_pkg
Compiling package ieee.std_logic_arith
Compiling package ieee.std_logic_signed
Compiling package floating_point_v7_1_15.floating_point_v7_1_15_pkg
Compiling package floating_point_v7_1_15.flt_utils
Compiling package xbip_pipe_v3_0_6.xbip_pipe_v3_0_6_viv_comp
Compiling package unisim.vcomponents
Compiling package ieee.vital_timing
Compiling package ieee.vital_primitives
Compiling package unisim.vpkg
Compiling package xil_defaultlib.$unit_dataflow_monitor_sv
Compiling module xil_defaultlib.matprod_m1_buffer_RAM_AUTO_1R1W
Compiling module xil_defaultlib.matprod_flow_control_loop_pipe_s...
Compiling module xil_defaultlib.matprod_matprod_Pipeline_VITIS_L...
Compiling module xil_defaultlib.matprod_matprod_Pipeline_VITIS_L...
Compiling architecture muxcy_v of entity unisim.MUXCY [muxcy_default]
Compiling architecture synth of entity xbip_pipe_v3_0_6.xbip_pipe_v3_0_6_viv [\xbip_pipe_v3_0_6_viv(c_has_ce=1...]
Compiling architecture rtl of entity floating_point_v7_1_15.delay [\delay(width=7,length=0)\]
Compiling architecture struct of entity floating_point_v7_1_15.carry_chain [\carry_chain(c_xdevicefamily="ar...]
Compiling architecture synth of entity floating_point_v7_1_15.compare_eq_im [\compare_eq_im(c_xdevicefamily="...]
Compiling architecture xorcy_v of entity unisim.XORCY [xorcy_default]
Compiling architecture struct of entity floating_point_v7_1_15.carry_chain [\carry_chain(c_xdevicefamily="ar...]
Compiling architecture synth of entity xbip_pipe_v3_0_6.xbip_pipe_v3_0_6_viv [\xbip_pipe_v3_0_6_viv(c_has_ce=1...]
Compiling architecture rtl of entity floating_point_v7_1_15.delay [\delay(length=0)\]
Compiling architecture synth of entity xbip_pipe_v3_0_6.xbip_pipe_v3_0_6_viv [\xbip_pipe_v3_0_6_viv(c_has_ce=1...]
Compiling architecture rtl of entity floating_point_v7_1_15.delay [\delay(width=24,length=0,fast_in...]
Compiling architecture synth of entity xbip_pipe_v3_0_6.xbip_pipe_v3_0_6_viv [\xbip_pipe_v3_0_6_viv(c_has_ce=1...]
Compiling architecture rtl of entity floating_point_v7_1_15.delay [\delay(width=16,length=0)\]
Compiling architecture dsp48e1_v of entity unisim.DSP48E1 [\DSP48E1(acascreg=0,adreg=0,alum...]
Compiling architecture synth of entity xbip_pipe_v3_0_6.xbip_pipe_v3_0_6_viv [\xbip_pipe_v3_0_6_viv(c_has_ce=1...]
Compiling architecture rtl of entity floating_point_v7_1_15.delay [\delay(width=4,length=0)\]
Compiling architecture synth of entity xbip_pipe_v3_0_6.xbip_pipe_v3_0_6_viv [\xbip_pipe_v3_0_6_viv(c_has_ce=1...]
Compiling architecture rtl of entity floating_point_v7_1_15.delay [\delay(width=48,length=0)\]
Compiling architecture synth of entity xbip_pipe_v3_0_6.xbip_pipe_v3_0_6_viv [\xbip_pipe_v3_0_6_viv(c_has_ce=1...]
Compiling architecture rtl of entity floating_point_v7_1_15.delay [\delay(width=24,length=0)\]
Compiling architecture rtl of entity floating_point_v7_1_15.dsp48e1_wrapper [\dsp48e1_wrapper(c_part="xc7a100...]
Compiling architecture synth of entity xbip_pipe_v3_0_6.xbip_pipe_v3_0_6_viv [\xbip_pipe_v3_0_6_viv(c_has_ce=1...]
Compiling architecture rtl of entity floating_point_v7_1_15.delay [\delay(width=13,length=0)\]
Compiling architecture synth of entity xbip_pipe_v3_0_6.xbip_pipe_v3_0_6_viv [\xbip_pipe_v3_0_6_viv(c_has_ce=1...]
Compiling architecture rtl of entity floating_point_v7_1_15.delay [\delay(width=27,length=0)\]
Compiling architecture synth of entity floating_point_v7_1_15.align_add_dsp48e1_sgl [\align_add_dsp48e1_sgl(c_xdevice...]
Compiling architecture fdre_v of entity unisim.FDRE [fdre_default]
Compiling architecture fde_v of entity unisim.FDE [fde_default]
Compiling architecture lut5_v of entity unisim.LUT5 [\LUT5(init="00000000000000001111...]
Compiling architecture lut5_v of entity unisim.LUT5 [\LUT5(init="00000000000000000000...]
Compiling architecture synth of entity xbip_pipe_v3_0_6.xbip_pipe_v3_0_6_viv [\xbip_pipe_v3_0_6_viv(c_latency=...]
Compiling architecture rtl of entity floating_point_v7_1_15.delay [\delay(width=27)\]
Compiling architecture synth of entity xbip_pipe_v3_0_6.xbip_pipe_v3_0_6_viv [\xbip_pipe_v3_0_6_viv(c_latency=...]
Compiling architecture rtl of entity floating_point_v7_1_15.delay [delay_default]
Compiling architecture synth of entity xbip_pipe_v3_0_6.xbip_pipe_v3_0_6_viv [\xbip_pipe_v3_0_6_viv(c_has_ce=1...]
Compiling architecture rtl of entity floating_point_v7_1_15.delay [\delay(width=5,length=0)\]
Compiling architecture rtl of entity floating_point_v7_1_15.lead_zero_encode_shift [\lead_zero_encode_shift(ab_fw=24...]
Compiling architecture synth of entity xbip_pipe_v3_0_6.xbip_pipe_v3_0_6_viv [\xbip_pipe_v3_0_6_viv(c_latency=...]
Compiling architecture rtl of entity floating_point_v7_1_15.delay [\delay(width=4)\]
Compiling architecture synth of entity xbip_pipe_v3_0_6.xbip_pipe_v3_0_6_viv [\xbip_pipe_v3_0_6_viv(c_latency=...]
Compiling architecture rtl of entity floating_point_v7_1_15.delay [\delay(width=3)\]
Compiling architecture lut6_v of entity unisim.LUT6 [\LUT6(init="11111110010101001011...]
Compiling architecture lut5_v of entity unisim.LUT5 [\LUT5(init="00010001010111110000...]
Compiling architecture lut5_v of entity unisim.LUT5 [\LUT5(init="11101110101000001111...]
Compiling architecture synth of entity xbip_pipe_v3_0_6.xbip_pipe_v3_0_6_viv [\xbip_pipe_v3_0_6_viv(c_has_ce=1...]
Compiling architecture rtl of entity floating_point_v7_1_15.delay [\delay(width=2,length=0)\]
Compiling architecture dsp48e1_v of entity unisim.DSP48E1 [\DSP48E1(acascreg=0,adreg=0,alum...]
Compiling architecture synth of entity xbip_pipe_v3_0_6.xbip_pipe_v3_0_6_viv [\xbip_pipe_v3_0_6_viv(c_has_ce=1...]
Compiling architecture rtl of entity floating_point_v7_1_15.delay [\delay(width=25,length=0)\]
Compiling architecture rtl of entity floating_point_v7_1_15.dsp48e1_wrapper [\dsp48e1_wrapper(a_width=24,c_wi...]
Compiling architecture rtl of entity floating_point_v7_1_15.norm_and_round_dsp48e1_sgl [\norm_and_round_dsp48e1_sgl(c_mu...]
Compiling architecture lut5_v of entity unisim.LUT5 [\LUT5(init="10011001100110011001...]
Compiling architecture lut5_v of entity unisim.LUT5 [\LUT5(init="11111111000000001111...]
Compiling architecture synth of entity xbip_pipe_v3_0_6.xbip_pipe_v3_0_6_viv [\xbip_pipe_v3_0_6_viv(c_has_ce=1...]
Compiling architecture rtl of entity floating_point_v7_1_15.delay [\delay(width=9,length=0)\]
Compiling architecture struct of entity floating_point_v7_1_15.carry_chain [\carry_chain(c_xdevicefamily="ar...]
Compiling architecture synth of entity xbip_pipe_v3_0_6.xbip_pipe_v3_0_6_viv [\xbip_pipe_v3_0_6_viv(c_has_ce=1...]
Compiling architecture rtl of entity floating_point_v7_1_15.delay [\delay(width=8,length=0)\]
Compiling architecture synth of entity xbip_pipe_v3_0_6.xbip_pipe_v3_0_6_viv [\xbip_pipe_v3_0_6_viv(c_has_ce=1...]
Compiling architecture rtl of entity floating_point_v7_1_15.delay [\delay(width=10,length=0)\]
Compiling architecture synth of entity xbip_pipe_v3_0_6.xbip_pipe_v3_0_6_viv [\xbip_pipe_v3_0_6_viv(c_has_ce=1...]
Compiling architecture rtl of entity floating_point_v7_1_15.delay [\delay(width=4,length=0,fast_inp...]
Compiling architecture struct of entity floating_point_v7_1_15.carry_chain [\carry_chain(c_xdevicefamily="ar...]
Compiling architecture synth of entity floating_point_v7_1_15.compare_eq_im [\compare_eq_im(c_xdevicefamily="...]
Compiling architecture synth of entity xbip_pipe_v3_0_6.xbip_pipe_v3_0_6_viv [\xbip_pipe_v3_0_6_viv(c_latency=...]
Compiling architecture rtl of entity floating_point_v7_1_15.delay [\delay(fast_input=true)\]
Compiling architecture rtl of entity floating_point_v7_1_15.special_detect [\special_detect(c_xdevicefamily=...]
Compiling architecture struct of entity floating_point_v7_1_15.carry_chain [\carry_chain(c_xdevicefamily="ar...]
Compiling architecture synth of entity floating_point_v7_1_15.compare_gt [\compare_gt(c_xdevicefamily="art...]
Compiling architecture synth of entity floating_point_v7_1_15.compare [\compare(c_xdevicefamily="artix7...]
Compiling architecture synth of entity xbip_pipe_v3_0_6.xbip_pipe_v3_0_6_viv [\xbip_pipe_v3_0_6_viv(c_latency=...]
Compiling architecture rtl of entity floating_point_v7_1_15.delay [\delay(width=8)\]
Compiling architecture synth of entity xbip_pipe_v3_0_6.xbip_pipe_v3_0_6_viv [\xbip_pipe_v3_0_6_viv(c_latency=...]
Compiling architecture rtl of entity floating_point_v7_1_15.delay [\delay(width=9)\]
Compiling architecture synth of entity xbip_pipe_v3_0_6.xbip_pipe_v3_0_6_viv [\xbip_pipe_v3_0_6_viv(c_latency=...]
Compiling architecture rtl of entity floating_point_v7_1_15.delay [\delay(width=2,fast_input=true)\]
Compiling architecture synth of entity xbip_pipe_v3_0_6.xbip_pipe_v3_0_6_viv [\xbip_pipe_v3_0_6_viv(c_has_ce=1...]
Compiling architecture rtl of entity floating_point_v7_1_15.delay [\delay(length=0,fast_input=true)...]
Compiling architecture synth of entity xbip_pipe_v3_0_6.xbip_pipe_v3_0_6_viv [\xbip_pipe_v3_0_6_viv(c_has_ce=1...]
Compiling architecture rtl of entity floating_point_v7_1_15.delay [\delay(width=2,length=0,fast_inp...]
Compiling architecture synth of entity xbip_pipe_v3_0_6.xbip_pipe_v3_0_6_viv [\xbip_pipe_v3_0_6_viv(c_has_ce=1...]
Compiling architecture rtl of entity floating_point_v7_1_15.delay [\delay(width=12,length=0)\]
Compiling architecture rtl of entity floating_point_v7_1_15.flt_add_exp_sp [\flt_add_exp_sp(c_xdevicefamily=...]
Compiling architecture synth of entity xbip_pipe_v3_0_6.xbip_pipe_v3_0_6_viv [\xbip_pipe_v3_0_6_viv(c_latency=...]
Compiling architecture rtl of entity floating_point_v7_1_15.delay [\delay(width=23)\]
Compiling architecture synth of entity floating_point_v7_1_15.flt_dec_op [\flt_dec_op(c_xdevicefamily="art...]
Compiling architecture rtl of entity floating_point_v7_1_15.flt_add_dsp [\flt_add_dsp(c_xdevicefamily="ar...]
Compiling architecture rtl of entity floating_point_v7_1_15.flt_add [\flt_add(c_xdevicefamily="artix7...]
Compiling module unisims_ver.x_lut1_mux2
Compiling module unisims_ver.LUT1
Compiling architecture synth of entity xbip_pipe_v3_0_6.xbip_pipe_v3_0_6_viv [\xbip_pipe_v3_0_6_viv(c_latency=...]
Compiling architecture synth of entity xbip_pipe_v3_0_6.xbip_pipe_v3_0_6_viv [\xbip_pipe_v3_0_6_viv(c_has_ce=1...]
Compiling architecture rtl of entity floating_point_v7_1_15.delay [\delay(width=32,length=0)\]
Compiling architecture xilinx of entity floating_point_v7_1_15.floating_point_v7_1_15_viv [\floating_point_v7_1_15_viv(c_xd...]
Compiling architecture xilinx of entity floating_point_v7_1_15.floating_point_v7_1_15 [\floating_point_v7_1_15(c_xdevic...]
Compiling module xil_defaultlib.matprod_fadd_32ns_32ns_32_4_full...
Compiling module xil_defaultlib.matprod_fadd_32ns_32ns_32_4_full...
Compiling architecture dsp48e1_v of entity unisim.DSP48E1 [\DSP48E1(acascreg=0,adreg=0,alum...]
Compiling architecture synth of entity xbip_pipe_v3_0_6.xbip_pipe_v3_0_6_viv [\xbip_pipe_v3_0_6_viv(c_has_ce=1...]
Compiling architecture rtl of entity floating_point_v7_1_15.delay [\delay(width=17,length=0)\]
Compiling architecture rtl of entity floating_point_v7_1_15.dsp48e1_wrapper [\dsp48e1_wrapper(a_width=24,b_wi...]
Compiling architecture dsp48e1_v of entity unisim.DSP48E1 [\DSP48E1(acascreg=0,adreg=0,alum...]
Compiling architecture rtl of entity floating_point_v7_1_15.dsp48e1_wrapper [\dsp48e1_wrapper(a_width=24,b_wi...]
Compiling architecture struct of entity floating_point_v7_1_15.fix_mult_dsp48e1_sgl [\fix_mult_dsp48e1_sgl(registers=...]
Compiling architecture rtl of entity floating_point_v7_1_15.fix_mult [\fix_mult(c_xdevicefamily="artix...]
Compiling architecture synth of entity xbip_pipe_v3_0_6.xbip_pipe_v3_0_6_viv [\xbip_pipe_v3_0_6_viv(c_has_ce=1...]
Compiling architecture rtl of entity floating_point_v7_1_15.delay [\delay(width=8,length=0,fast_inp...]
Compiling architecture struct of entity floating_point_v7_1_15.carry_chain [\carry_chain(c_xdevicefamily="ar...]
Compiling architecture struct of entity floating_point_v7_1_15.carry_chain [\carry_chain(c_xdevicefamily="ar...]
Compiling architecture synth of entity floating_point_v7_1_15.compare_eq_im [\compare_eq_im(c_xdevicefamily="...]
Compiling architecture rtl of entity floating_point_v7_1_15.special_detect [\special_detect(c_xdevicefamily=...]
Compiling architecture synth of entity xbip_pipe_v3_0_6.xbip_pipe_v3_0_6_viv [\xbip_pipe_v3_0_6_viv(c_has_ce=1...]
Compiling architecture rtl of entity floating_point_v7_1_15.delay [\delay(width=3,length=0,fast_inp...]
Compiling architecture synth of entity xbip_pipe_v3_0_6.xbip_pipe_v3_0_6_viv [\xbip_pipe_v3_0_6_viv(c_has_ce=1...]
Compiling architecture rtl of entity floating_point_v7_1_15.delay [\delay(width=14,length=0)\]
Compiling architecture rtl of entity floating_point_v7_1_15.flt_mult_exp [\flt_mult_exp(c_xdevicefamily="a...]
Compiling architecture dsp48e1_v of entity unisim.DSP48E1 [\DSP48E1(acascreg=0,adreg=0,alum...]
Compiling architecture synth of entity xbip_pipe_v3_0_6.xbip_pipe_v3_0_6_viv [\xbip_pipe_v3_0_6_viv(c_has_ce=1...]
Compiling architecture rtl of entity floating_point_v7_1_15.delay [\delay(width=30,length=0)\]
Compiling architecture synth of entity xbip_pipe_v3_0_6.xbip_pipe_v3_0_6_viv [\xbip_pipe_v3_0_6_viv(c_has_ce=1...]
Compiling architecture rtl of entity floating_point_v7_1_15.delay [\delay(width=18,length=0)\]
Compiling architecture rtl of entity floating_point_v7_1_15.dsp48e1_wrapper [\dsp48e1_wrapper(a_width=30,b_wi...]
Compiling architecture struct of entity floating_point_v7_1_15.flt_round_dsp_opt_full [\flt_round_dsp_opt_full(c_xdevic...]
Compiling architecture rtl of entity floating_point_v7_1_15.flt_mult_round [\flt_mult_round(c_xdevicefamily=...]
Compiling architecture synth of entity floating_point_v7_1_15.flt_dec_op_lat [\flt_dec_op_lat(c_xdevicefamily=...]
Compiling architecture rtl of entity floating_point_v7_1_15.flt_mult [\flt_mult(c_xdevicefamily="artix...]
Compiling architecture xilinx of entity floating_point_v7_1_15.floating_point_v7_1_15_viv [\floating_point_v7_1_15_viv(c_xd...]
Compiling architecture xilinx of entity floating_point_v7_1_15.floating_point_v7_1_15 [\floating_point_v7_1_15(c_xdevic...]
Compiling module xil_defaultlib.matprod_fmul_32ns_32ns_32_2_max_...
Compiling module xil_defaultlib.matprod_fmul_32ns_32ns_32_2_max_...
Compiling module xil_defaultlib.matprod_matprod_Pipeline_VITIS_L...
Compiling module xil_defaultlib.matprod_matprod_Pipeline_VITIS_L...
Compiling module xil_defaultlib.matprod_BUS1_s_axi
Compiling module xil_defaultlib.matprod_gmem_m_axi_srl(DATA_WIDT...
Compiling module xil_defaultlib.matprod_gmem_m_axi_fifo(DATA_WID...
Compiling module xil_defaultlib.matprod_gmem_m_axi_mem(MEM_STYLE...
Compiling module xil_defaultlib.matprod_gmem_m_axi_fifo(MEM_STYL...
Compiling module xil_defaultlib.matprod_gmem_m_axi_srl(DATA_WIDT...
Compiling module xil_defaultlib.matprod_gmem_m_axi_fifo(DATA_WID...
Compiling module xil_defaultlib.matprod_gmem_m_axi_srl(DATA_WIDT...
Compiling module xil_defaultlib.matprod_gmem_m_axi_fifo(DATA_WID...
Compiling module xil_defaultlib.matprod_gmem_m_axi_store(NUM_WRI...
Compiling module xil_defaultlib.matprod_gmem_m_axi_mem(MEM_STYLE...
Compiling module xil_defaultlib.matprod_gmem_m_axi_fifo(MEM_STYL...
Compiling module xil_defaultlib.matprod_gmem_m_axi_load(NUM_READ...
Compiling module xil_defaultlib.matprod_gmem_m_axi_reg_slice(DAT...
Compiling module xil_defaultlib.matprod_gmem_m_axi_srl(DATA_WIDT...
Compiling module xil_defaultlib.matprod_gmem_m_axi_fifo(DATA_WID...
Compiling module xil_defaultlib.matprod_gmem_m_axi_reg_slice(DAT...
Compiling module xil_defaultlib.matprod_gmem_m_axi_srl(DATA_WIDT...
Compiling module xil_defaultlib.matprod_gmem_m_axi_fifo(DATA_WID...
Compiling module xil_defaultlib.matprod_gmem_m_axi_srl(DATA_WIDT...
Compiling module xil_defaultlib.matprod_gmem_m_axi_fifo(DATA_WID...
Compiling module xil_defaultlib.matprod_gmem_m_axi_throttle(CONS...
Compiling module xil_defaultlib.matprod_gmem_m_axi_reg_slice(DAT...
Compiling module xil_defaultlib.matprod_gmem_m_axi_write(CONSERV...
Compiling module xil_defaultlib.matprod_gmem_m_axi_reg_slice(DAT...
Compiling module xil_defaultlib.matprod_gmem_m_axi_read(C_USER_V...
Compiling module xil_defaultlib.matprod_gmem_m_axi(CONSERVATIVE=...
Compiling module xil_defaultlib.matprod_mul_32s_32s_32_1_1(NUM_S...
Compiling module xil_defaultlib.matprod_mul_32ns_32ns_64_1_1(NUM...
Compiling module xil_defaultlib.matprod_mul_10s_10s_10_1_1(NUM_S...
Compiling module xil_defaultlib.matprod_mac_muladd_10s_10s_10ns_...
Compiling module xil_defaultlib.matprod_mac_muladd_10s_10s_10ns_...
Compiling module xil_defaultlib.matprod
Compiling module xil_defaultlib.AESL_axi_master_gmem
Compiling module xil_defaultlib.AESL_axi_slave_BUS1
Compiling module xil_defaultlib.nodf_module_intf
Compiling module xil_defaultlib.seq_loop_intf(FSM_WIDTH=31)
Compiling module xil_defaultlib.upc_loop_intf(FSM_WIDTH=1)
Compiling module xil_defaultlib.upc_loop_intf(FSM_WIDTH=3)
Compiling module xil_defaultlib.dataflow_monitor_1
Compiling module xil_defaultlib.apatb_matprod_top
Compiling module work.glbl
Built simulation snapshot matprod
