#-----------------------------------------------------------
# xsim v2022.2 (64-bit)
# SW Build 3671981 on Fri Oct 14 05:00:03 MDT 2022
# IP Build 3669848 on Fri Oct 14 08:30:02 MDT 2022
# Start of session at: Tue Jan  9 20:36:03 2024
# Process ID: 23860
# Current directory: C:/Users/catia/Rui/MSc_Dissertation/SoC/accelerator/first_accel/solution1/sim/verilog
# Command line: xsim.exe -mode tcl -source {xsim.dir/matprod/xsim_script.tcl}
# Log file: C:/Users/catia/Rui/MSc_Dissertation/SoC/accelerator/first_accel/solution1/sim/verilog/xsim.log
# Journal file: C:/Users/catia/Rui/MSc_Dissertation/SoC/accelerator/first_accel/solution1/sim/verilog\xsim.jou
# Running On: DESKTOP-8GAVNOH, OS: Windows, CPU Frequency: 2419 MHz, CPU Physical cores: 4, Host memory: 16705 MB
#-----------------------------------------------------------
source xsim.dir/matprod/xsim_script.tcl
# xsim {matprod} -view {{matprod_dataflow_ana.wcfg}} -tclbatch {matprod.tcl} -protoinst {matprod.protoinst}
INFO: [Wavedata 42-565] Reading protoinst file matprod.protoinst
INFO: [Wavedata 42-564]   Found protocol instance at /apatb_matprod_top/AESL_inst_matprod//AESL_inst_matprod_activity
INFO: [Wavedata 42-564]   Found protocol instance at /apatb_matprod_top/AESL_inst_matprod/grp_matprod_Pipeline_1_fu_153/grp_matprod_Pipeline_1_fu_153_activity
INFO: [Wavedata 42-564]   Found protocol instance at /apatb_matprod_top/AESL_inst_matprod/grp_matprod_Pipeline_2_fu_162/grp_matprod_Pipeline_2_fu_162_activity
INFO: [Wavedata 42-564]   Found protocol instance at /apatb_matprod_top/AESL_inst_matprod/grp_matprod_Pipeline_4_fu_185/grp_matprod_Pipeline_4_fu_185_activity
INFO: [Wavedata 42-564]   Found protocol instance at /apatb_matprod_top/AESL_inst_matprod/grp_matprod_Pipeline_VITIS_LOOP_26_1_fu_171/grp_matprod_Pipeline_VITIS_LOOP_26_1_fu_171_activity
Time resolution is 1 ps
open_wave_config matprod_dataflow_ana.wcfg
source matprod.tcl
## log_wave -r /
WARNING: [Simtcl 6-197] One or more HDL objects could not be logged because of object type or size limitations.  To see details please rerun the command with -verbose (-v).
## set designtopgroup [add_wave_group "Design Top Signals"]
## set cinoutgroup [add_wave_group "C InOuts" -into $designtopgroup]
## set m1__m2__m3_group [add_wave_group m1__m2__m3(axi_master) -into $cinoutgroup]
## set rdata_group [add_wave_group "Read Channel" -into $m1__m2__m3_group]
## set wdata_group [add_wave_group "Write Channel" -into $m1__m2__m3_group]
## set ctrl_group [add_wave_group "Handshakes" -into $m1__m2__m3_group]
## add_wave /apatb_matprod_top/AESL_inst_matprod/m_axi_gmem_BUSER -into $wdata_group -radix hex
## add_wave /apatb_matprod_top/AESL_inst_matprod/m_axi_gmem_BID -into $wdata_group -radix hex
## add_wave /apatb_matprod_top/AESL_inst_matprod/m_axi_gmem_BRESP -into $wdata_group -radix hex
## add_wave /apatb_matprod_top/AESL_inst_matprod/m_axi_gmem_BREADY -into $ctrl_group -color #ffff00 -radix hex
## add_wave /apatb_matprod_top/AESL_inst_matprod/m_axi_gmem_BVALID -into $ctrl_group -color #ffff00 -radix hex
## add_wave /apatb_matprod_top/AESL_inst_matprod/m_axi_gmem_RRESP -into $rdata_group -radix hex
## add_wave /apatb_matprod_top/AESL_inst_matprod/m_axi_gmem_RUSER -into $rdata_group -radix hex
## add_wave /apatb_matprod_top/AESL_inst_matprod/m_axi_gmem_RID -into $rdata_group -radix hex
## add_wave /apatb_matprod_top/AESL_inst_matprod/m_axi_gmem_RLAST -into $ctrl_group -color #ffff00 -radix hex
## add_wave /apatb_matprod_top/AESL_inst_matprod/m_axi_gmem_RDATA -into $rdata_group -radix hex
## add_wave /apatb_matprod_top/AESL_inst_matprod/m_axi_gmem_RREADY -into $ctrl_group -color #ffff00 -radix hex
## add_wave /apatb_matprod_top/AESL_inst_matprod/m_axi_gmem_RVALID -into $ctrl_group -color #ffff00 -radix hex
## add_wave /apatb_matprod_top/AESL_inst_matprod/m_axi_gmem_ARUSER -into $rdata_group -radix hex
## add_wave /apatb_matprod_top/AESL_inst_matprod/m_axi_gmem_ARREGION -into $rdata_group -radix hex
## add_wave /apatb_matprod_top/AESL_inst_matprod/m_axi_gmem_ARQOS -into $rdata_group -radix hex
## add_wave /apatb_matprod_top/AESL_inst_matprod/m_axi_gmem_ARPROT -into $rdata_group -radix hex
## add_wave /apatb_matprod_top/AESL_inst_matprod/m_axi_gmem_ARCACHE -into $rdata_group -radix hex
## add_wave /apatb_matprod_top/AESL_inst_matprod/m_axi_gmem_ARLOCK -into $rdata_group -radix hex
## add_wave /apatb_matprod_top/AESL_inst_matprod/m_axi_gmem_ARBURST -into $rdata_group -radix hex
## add_wave /apatb_matprod_top/AESL_inst_matprod/m_axi_gmem_ARSIZE -into $rdata_group -radix hex
## add_wave /apatb_matprod_top/AESL_inst_matprod/m_axi_gmem_ARLEN -into $rdata_group -radix hex
## add_wave /apatb_matprod_top/AESL_inst_matprod/m_axi_gmem_ARID -into $rdata_group -radix hex
## add_wave /apatb_matprod_top/AESL_inst_matprod/m_axi_gmem_ARADDR -into $rdata_group -radix hex
## add_wave /apatb_matprod_top/AESL_inst_matprod/m_axi_gmem_ARREADY -into $ctrl_group -color #ffff00 -radix hex
## add_wave /apatb_matprod_top/AESL_inst_matprod/m_axi_gmem_ARVALID -into $ctrl_group -color #ffff00 -radix hex
## add_wave /apatb_matprod_top/AESL_inst_matprod/m_axi_gmem_WUSER -into $wdata_group -radix hex
## add_wave /apatb_matprod_top/AESL_inst_matprod/m_axi_gmem_WID -into $wdata_group -radix hex
## add_wave /apatb_matprod_top/AESL_inst_matprod/m_axi_gmem_WLAST -into $ctrl_group -color #ffff00 -radix hex
## add_wave /apatb_matprod_top/AESL_inst_matprod/m_axi_gmem_WSTRB -into $wdata_group -radix hex
## add_wave /apatb_matprod_top/AESL_inst_matprod/m_axi_gmem_WDATA -into $wdata_group -radix hex
## add_wave /apatb_matprod_top/AESL_inst_matprod/m_axi_gmem_WREADY -into $ctrl_group -color #ffff00 -radix hex
## add_wave /apatb_matprod_top/AESL_inst_matprod/m_axi_gmem_WVALID -into $ctrl_group -color #ffff00 -radix hex
## add_wave /apatb_matprod_top/AESL_inst_matprod/m_axi_gmem_AWUSER -into $wdata_group -radix hex
## add_wave /apatb_matprod_top/AESL_inst_matprod/m_axi_gmem_AWREGION -into $wdata_group -radix hex
## add_wave /apatb_matprod_top/AESL_inst_matprod/m_axi_gmem_AWQOS -into $wdata_group -radix hex
## add_wave /apatb_matprod_top/AESL_inst_matprod/m_axi_gmem_AWPROT -into $wdata_group -radix hex
## add_wave /apatb_matprod_top/AESL_inst_matprod/m_axi_gmem_AWCACHE -into $wdata_group -radix hex
## add_wave /apatb_matprod_top/AESL_inst_matprod/m_axi_gmem_AWLOCK -into $wdata_group -radix hex
## add_wave /apatb_matprod_top/AESL_inst_matprod/m_axi_gmem_AWBURST -into $wdata_group -radix hex
## add_wave /apatb_matprod_top/AESL_inst_matprod/m_axi_gmem_AWSIZE -into $wdata_group -radix hex
## add_wave /apatb_matprod_top/AESL_inst_matprod/m_axi_gmem_AWLEN -into $wdata_group -radix hex
## add_wave /apatb_matprod_top/AESL_inst_matprod/m_axi_gmem_AWID -into $wdata_group -radix hex
## add_wave /apatb_matprod_top/AESL_inst_matprod/m_axi_gmem_AWADDR -into $wdata_group -radix hex
## add_wave /apatb_matprod_top/AESL_inst_matprod/m_axi_gmem_AWREADY -into $ctrl_group -color #ffff00 -radix hex
## add_wave /apatb_matprod_top/AESL_inst_matprod/m_axi_gmem_AWVALID -into $ctrl_group -color #ffff00 -radix hex
## set m1__m2__m3__N1__N2__N3__return_group [add_wave_group m1__m2__m3__N1__N2__N3__return(axi_slave) -into $cinoutgroup]
## add_wave /apatb_matprod_top/AESL_inst_matprod/interrupt -into $m1__m2__m3__N1__N2__N3__return_group -color #ffff00 -radix hex
## add_wave /apatb_matprod_top/AESL_inst_matprod/s_axi_BUS1_BRESP -into $m1__m2__m3__N1__N2__N3__return_group -radix hex
## add_wave /apatb_matprod_top/AESL_inst_matprod/s_axi_BUS1_BREADY -into $m1__m2__m3__N1__N2__N3__return_group -color #ffff00 -radix hex
## add_wave /apatb_matprod_top/AESL_inst_matprod/s_axi_BUS1_BVALID -into $m1__m2__m3__N1__N2__N3__return_group -color #ffff00 -radix hex
## add_wave /apatb_matprod_top/AESL_inst_matprod/s_axi_BUS1_RRESP -into $m1__m2__m3__N1__N2__N3__return_group -radix hex
## add_wave /apatb_matprod_top/AESL_inst_matprod/s_axi_BUS1_RDATA -into $m1__m2__m3__N1__N2__N3__return_group -radix hex
## add_wave /apatb_matprod_top/AESL_inst_matprod/s_axi_BUS1_RREADY -into $m1__m2__m3__N1__N2__N3__return_group -color #ffff00 -radix hex
## add_wave /apatb_matprod_top/AESL_inst_matprod/s_axi_BUS1_RVALID -into $m1__m2__m3__N1__N2__N3__return_group -color #ffff00 -radix hex
## add_wave /apatb_matprod_top/AESL_inst_matprod/s_axi_BUS1_ARREADY -into $m1__m2__m3__N1__N2__N3__return_group -color #ffff00 -radix hex
## add_wave /apatb_matprod_top/AESL_inst_matprod/s_axi_BUS1_ARVALID -into $m1__m2__m3__N1__N2__N3__return_group -color #ffff00 -radix hex
## add_wave /apatb_matprod_top/AESL_inst_matprod/s_axi_BUS1_ARADDR -into $m1__m2__m3__N1__N2__N3__return_group -radix hex
## add_wave /apatb_matprod_top/AESL_inst_matprod/s_axi_BUS1_WSTRB -into $m1__m2__m3__N1__N2__N3__return_group -radix hex
## add_wave /apatb_matprod_top/AESL_inst_matprod/s_axi_BUS1_WDATA -into $m1__m2__m3__N1__N2__N3__return_group -radix hex
## add_wave /apatb_matprod_top/AESL_inst_matprod/s_axi_BUS1_WREADY -into $m1__m2__m3__N1__N2__N3__return_group -color #ffff00 -radix hex
## add_wave /apatb_matprod_top/AESL_inst_matprod/s_axi_BUS1_WVALID -into $m1__m2__m3__N1__N2__N3__return_group -color #ffff00 -radix hex
## add_wave /apatb_matprod_top/AESL_inst_matprod/s_axi_BUS1_AWREADY -into $m1__m2__m3__N1__N2__N3__return_group -color #ffff00 -radix hex
## add_wave /apatb_matprod_top/AESL_inst_matprod/s_axi_BUS1_AWVALID -into $m1__m2__m3__N1__N2__N3__return_group -color #ffff00 -radix hex
## add_wave /apatb_matprod_top/AESL_inst_matprod/s_axi_BUS1_AWADDR -into $m1__m2__m3__N1__N2__N3__return_group -radix hex
## set blocksiggroup [add_wave_group "Block-level IO Handshake(internal)" -into $designtopgroup]
## add_wave /apatb_matprod_top/AESL_inst_matprod/ap_done -into $blocksiggroup
## add_wave /apatb_matprod_top/AESL_inst_matprod/ap_idle -into $blocksiggroup
## add_wave /apatb_matprod_top/AESL_inst_matprod/ap_ready -into $blocksiggroup
## add_wave /apatb_matprod_top/AESL_inst_matprod/ap_start -into $blocksiggroup
## set resetgroup [add_wave_group "Reset" -into $designtopgroup]
## add_wave /apatb_matprod_top/AESL_inst_matprod/ap_rst_n -into $resetgroup
## set clockgroup [add_wave_group "Clock" -into $designtopgroup]
## add_wave /apatb_matprod_top/AESL_inst_matprod/ap_clk -into $clockgroup
## set testbenchgroup [add_wave_group "Test Bench Signals"]
## set tbinternalsiggroup [add_wave_group "Internal Signals" -into $testbenchgroup]
## set tb_simstatus_group [add_wave_group "Simulation Status" -into $tbinternalsiggroup]
## set tb_portdepth_group [add_wave_group "Port Depth" -into $tbinternalsiggroup]
## add_wave /apatb_matprod_top/AUTOTB_TRANSACTION_NUM -into $tb_simstatus_group -radix hex
## add_wave /apatb_matprod_top/ready_cnt -into $tb_simstatus_group -radix hex
## add_wave /apatb_matprod_top/done_cnt -into $tb_simstatus_group -radix hex
## add_wave /apatb_matprod_top/LENGTH_N1 -into $tb_portdepth_group -radix hex
## add_wave /apatb_matprod_top/LENGTH_N2 -into $tb_portdepth_group -radix hex
## add_wave /apatb_matprod_top/LENGTH_N3 -into $tb_portdepth_group -radix hex
## add_wave /apatb_matprod_top/LENGTH_gmem -into $tb_portdepth_group -radix hex
## add_wave /apatb_matprod_top/LENGTH_m1 -into $tb_portdepth_group -radix hex
## add_wave /apatb_matprod_top/LENGTH_m2 -into $tb_portdepth_group -radix hex
## add_wave /apatb_matprod_top/LENGTH_m3 -into $tb_portdepth_group -radix hex
## set tbcinoutgroup [add_wave_group "C InOuts" -into $testbenchgroup]
## set tb_m1__m2__m3_group [add_wave_group m1__m2__m3(axi_master) -into $tbcinoutgroup]
## set rdata_group [add_wave_group "Read Channel" -into $tb_m1__m2__m3_group]
## set wdata_group [add_wave_group "Write Channel" -into $tb_m1__m2__m3_group]
## set ctrl_group [add_wave_group "Handshakes" -into $tb_m1__m2__m3_group]
## add_wave /apatb_matprod_top/gmem_BUSER -into $wdata_group -radix hex
## add_wave /apatb_matprod_top/gmem_BID -into $wdata_group -radix hex
## add_wave /apatb_matprod_top/gmem_BRESP -into $wdata_group -radix hex
## add_wave /apatb_matprod_top/gmem_BREADY -into $ctrl_group -color #ffff00 -radix hex
## add_wave /apatb_matprod_top/gmem_BVALID -into $ctrl_group -color #ffff00 -radix hex
## add_wave /apatb_matprod_top/gmem_RRESP -into $rdata_group -radix hex
## add_wave /apatb_matprod_top/gmem_RUSER -into $rdata_group -radix hex
## add_wave /apatb_matprod_top/gmem_RID -into $rdata_group -radix hex
## add_wave /apatb_matprod_top/gmem_RLAST -into $ctrl_group -color #ffff00 -radix hex
## add_wave /apatb_matprod_top/gmem_RDATA -into $rdata_group -radix hex
## add_wave /apatb_matprod_top/gmem_RREADY -into $ctrl_group -color #ffff00 -radix hex
## add_wave /apatb_matprod_top/gmem_RVALID -into $ctrl_group -color #ffff00 -radix hex
## add_wave /apatb_matprod_top/gmem_ARUSER -into $rdata_group -radix hex
## add_wave /apatb_matprod_top/gmem_ARREGION -into $rdata_group -radix hex
## add_wave /apatb_matprod_top/gmem_ARQOS -into $rdata_group -radix hex
## add_wave /apatb_matprod_top/gmem_ARPROT -into $rdata_group -radix hex
## add_wave /apatb_matprod_top/gmem_ARCACHE -into $rdata_group -radix hex
## add_wave /apatb_matprod_top/gmem_ARLOCK -into $rdata_group -radix hex
## add_wave /apatb_matprod_top/gmem_ARBURST -into $rdata_group -radix hex
## add_wave /apatb_matprod_top/gmem_ARSIZE -into $rdata_group -radix hex
## add_wave /apatb_matprod_top/gmem_ARLEN -into $rdata_group -radix hex
## add_wave /apatb_matprod_top/gmem_ARID -into $rdata_group -radix hex
## add_wave /apatb_matprod_top/gmem_ARADDR -into $rdata_group -radix hex
## add_wave /apatb_matprod_top/gmem_ARREADY -into $ctrl_group -color #ffff00 -radix hex
## add_wave /apatb_matprod_top/gmem_ARVALID -into $ctrl_group -color #ffff00 -radix hex
## add_wave /apatb_matprod_top/gmem_WUSER -into $wdata_group -radix hex
## add_wave /apatb_matprod_top/gmem_WID -into $wdata_group -radix hex
## add_wave /apatb_matprod_top/gmem_WLAST -into $ctrl_group -color #ffff00 -radix hex
## add_wave /apatb_matprod_top/gmem_WSTRB -into $wdata_group -radix hex
## add_wave /apatb_matprod_top/gmem_WDATA -into $wdata_group -radix hex
## add_wave /apatb_matprod_top/gmem_WREADY -into $ctrl_group -color #ffff00 -radix hex
## add_wave /apatb_matprod_top/gmem_WVALID -into $ctrl_group -color #ffff00 -radix hex
## add_wave /apatb_matprod_top/gmem_AWUSER -into $wdata_group -radix hex
## add_wave /apatb_matprod_top/gmem_AWREGION -into $wdata_group -radix hex
## add_wave /apatb_matprod_top/gmem_AWQOS -into $wdata_group -radix hex
## add_wave /apatb_matprod_top/gmem_AWPROT -into $wdata_group -radix hex
## add_wave /apatb_matprod_top/gmem_AWCACHE -into $wdata_group -radix hex
## add_wave /apatb_matprod_top/gmem_AWLOCK -into $wdata_group -radix hex
## add_wave /apatb_matprod_top/gmem_AWBURST -into $wdata_group -radix hex
## add_wave /apatb_matprod_top/gmem_AWSIZE -into $wdata_group -radix hex
## add_wave /apatb_matprod_top/gmem_AWLEN -into $wdata_group -radix hex
## add_wave /apatb_matprod_top/gmem_AWID -into $wdata_group -radix hex
## add_wave /apatb_matprod_top/gmem_AWADDR -into $wdata_group -radix hex
## add_wave /apatb_matprod_top/gmem_AWREADY -into $ctrl_group -color #ffff00 -radix hex
## add_wave /apatb_matprod_top/gmem_AWVALID -into $ctrl_group -color #ffff00 -radix hex
## set tb_m1__m2__m3__N1__N2__N3__return_group [add_wave_group m1__m2__m3__N1__N2__N3__return(axi_slave) -into $tbcinoutgroup]
## add_wave /apatb_matprod_top/BUS1_INTERRUPT -into $tb_m1__m2__m3__N1__N2__N3__return_group -color #ffff00 -radix hex
## add_wave /apatb_matprod_top/BUS1_BRESP -into $tb_m1__m2__m3__N1__N2__N3__return_group -radix hex
## add_wave /apatb_matprod_top/BUS1_BREADY -into $tb_m1__m2__m3__N1__N2__N3__return_group -color #ffff00 -radix hex
## add_wave /apatb_matprod_top/BUS1_BVALID -into $tb_m1__m2__m3__N1__N2__N3__return_group -color #ffff00 -radix hex
## add_wave /apatb_matprod_top/BUS1_RRESP -into $tb_m1__m2__m3__N1__N2__N3__return_group -radix hex
## add_wave /apatb_matprod_top/BUS1_RDATA -into $tb_m1__m2__m3__N1__N2__N3__return_group -radix hex
## add_wave /apatb_matprod_top/BUS1_RREADY -into $tb_m1__m2__m3__N1__N2__N3__return_group -color #ffff00 -radix hex
## add_wave /apatb_matprod_top/BUS1_RVALID -into $tb_m1__m2__m3__N1__N2__N3__return_group -color #ffff00 -radix hex
## add_wave /apatb_matprod_top/BUS1_ARREADY -into $tb_m1__m2__m3__N1__N2__N3__return_group -color #ffff00 -radix hex
## add_wave /apatb_matprod_top/BUS1_ARVALID -into $tb_m1__m2__m3__N1__N2__N3__return_group -color #ffff00 -radix hex
## add_wave /apatb_matprod_top/BUS1_ARADDR -into $tb_m1__m2__m3__N1__N2__N3__return_group -radix hex
## add_wave /apatb_matprod_top/BUS1_WSTRB -into $tb_m1__m2__m3__N1__N2__N3__return_group -radix hex
## add_wave /apatb_matprod_top/BUS1_WDATA -into $tb_m1__m2__m3__N1__N2__N3__return_group -radix hex
## add_wave /apatb_matprod_top/BUS1_WREADY -into $tb_m1__m2__m3__N1__N2__N3__return_group -color #ffff00 -radix hex
## add_wave /apatb_matprod_top/BUS1_WVALID -into $tb_m1__m2__m3__N1__N2__N3__return_group -color #ffff00 -radix hex
## add_wave /apatb_matprod_top/BUS1_AWREADY -into $tb_m1__m2__m3__N1__N2__N3__return_group -color #ffff00 -radix hex
## add_wave /apatb_matprod_top/BUS1_AWVALID -into $tb_m1__m2__m3__N1__N2__N3__return_group -color #ffff00 -radix hex
## add_wave /apatb_matprod_top/BUS1_AWADDR -into $tb_m1__m2__m3__N1__N2__N3__return_group -radix hex
## save_wave_config matprod.wcfg
## run all
////////////////////////////////////////////////////////////////////////////////////
// Inter-Transaction Progress: Completed Transaction / Total Transaction
// Intra-Transaction Progress: Measured Latency / Latency Estimation * 100%
//
// RTL Simulation : "Inter-Transaction Progress" ["Intra-Transaction Progress"] @ "Simulation Time"
////////////////////////////////////////////////////////////////////////////////////
// RTL Simulation : 0 / 1 [n/a] @ "150000"
// RTL Simulation : 1 / 1 [n/a] @ "9150000"
////////////////////////////////////////////////////////////////////////////////////
$finish called at time : 9270 ns : File "C:/Users/catia/Rui/MSc_Dissertation/SoC/accelerator/first_accel/solution1/sim/verilog/matprod.autotb.v" Line 448
## quit
INFO: [Common 17-206] Exiting xsim at Tue Jan  9 20:36:12 2024...
