

================================================================
== Vitis HLS Report for 'matprod'
================================================================
* Date:           Wed Nov 29 19:42:38 2023

* Version:        2022.2 (Build 3670227 on Oct 13 2022)
* Project:        first_accel
* Solution:       solution1 (Vivado IP Flow Target)
* Product family: artix7
* Target device:  xc7a100t-csg324-1


================================================================
== Performance Estimates
================================================================
+ Timing: 
    * Summary: 
    +--------+----------+----------+------------+
    |  Clock |  Target  | Estimated| Uncertainty|
    +--------+----------+----------+------------+
    |ap_clk  |  10.00 ns|  7.728 ns|     2.70 ns|
    +--------+----------+----------+------------+

+ Latency: 
    * Summary: 
    +---------+---------+----------+----------+-----+-----+---------+
    |  Latency (cycles) |  Latency (absolute) |  Interval | Pipeline|
    |   min   |   max   |    min   |    max   | min | max |   Type  |
    +---------+---------+----------+----------+-----+-----+---------+
    |       12|        ?|  0.120 us|         ?|   13|    ?|       no|
    +---------+---------+----------+----------+-----+-----+---------+

    + Detail: 
        * Instance: 
        +---------------------------------------------+----------------------------------+---------+---------------------+-----------+-------------+-----+---------------------+---------+
        |                                             |                                  |        Latency (cycles)       |    Latency (absolute)   |          Interval         | Pipeline|
        |                   Instance                  |              Module              |   min   |         max         |    min    |     max     | min |         max         |   Type  |
        +---------------------------------------------+----------------------------------+---------+---------------------+-----------+-------------+-----+---------------------+---------+
        |grp_matprod_Pipeline_1_fu_153                |matprod_Pipeline_1                |        4|  4611686018427387904|  40.000 ns|  4.6e+10 sec|    4|  4611686018427387904|       no|
        |grp_matprod_Pipeline_2_fu_162                |matprod_Pipeline_2                |        4|  4611686018427387904|  40.000 ns|  4.6e+10 sec|    4|  4611686018427387904|       no|
        |grp_matprod_Pipeline_VITIS_LOOP_26_1_fu_171  |matprod_Pipeline_VITIS_LOOP_26_1  |        2|                 1008|  20.000 ns|    10.080 us|    2|                 1008|       no|
        |grp_matprod_Pipeline_4_fu_185                |matprod_Pipeline_4                |        5|  4611686018427387904|  50.000 ns|  4.6e+10 sec|    5|  4611686018427387904|       no|
        +---------------------------------------------+----------------------------------+---------+---------------------+-----------+-------------+-----+---------------------+---------+

        * Loop: 
        N/A

============================================================
+ Verbose Summary: Synthesis Manager
============================================================
InlineROM: 1
ExposeGlobal: 0
============================================================
+ Verbose Summary: CDFG Model
============================================================
IsTopModel: 1
ResetActiveHigh: 1
IsCombinational: 0
IsDatapathOnly: 0
HasWiredReturn: 1
HasMFsm: 0
HasVarLatency: 1
IsPipeline: 0
IsRtlPipelined: 0
IsInstanceOverlapped: 0
IsDontTouch: 0
HasImplIP: 0
IsGatedGlobalClock: 0


============================================================
+ Verbose Summary: Schedule
============================================================
* Number of FSM states : 34
* Pipeline : 0
* Dataflow Pipeline: 0

* FSM state transitions: 
1 --> 2 
2 --> 3 
3 --> 4 
4 --> 5 13 
5 --> 6 
6 --> 7 
7 --> 8 
8 --> 9 
9 --> 10 
10 --> 11 
11 --> 12 
12 --> 13 
13 --> 14 
14 --> 15 
15 --> 16 24 
16 --> 17 
17 --> 18 
18 --> 19 
19 --> 20 
20 --> 21 
21 --> 22 
22 --> 23 
23 --> 24 
24 --> 25 
25 --> 26 
26 --> 27 34 
27 --> 28 
28 --> 29 
29 --> 30 
30 --> 31 
31 --> 32 
32 --> 33 
33 --> 34 
34 --> 

* FSM state operations: 

State 1 <SV = 0> <Delay = 3.25>
ST_1 : Operation 35 [1/1] (1.00ns)   --->   "%N3_read = read i32 @_ssdm_op_Read.s_axilite.i32, i32 %N3" [first_accel/matprod.cpp:6]   --->   Operation 35 'read' 'N3_read' <Predicate = true> <Delay = 1.00> <CoreInst = "s_axilite">   --->   Core 114 's_axilite' <Latency = 0> <II = 1> <Delay = 1.00> <Adapter> <Opcode : 'read' 'write'>
ST_1 : Operation 36 [1/1] (1.00ns)   --->   "%N2_read = read i32 @_ssdm_op_Read.s_axilite.i32, i32 %N2" [first_accel/matprod.cpp:6]   --->   Operation 36 'read' 'N2_read' <Predicate = true> <Delay = 1.00> <CoreInst = "s_axilite">   --->   Core 114 's_axilite' <Latency = 0> <II = 1> <Delay = 1.00> <Adapter> <Opcode : 'read' 'write'>
ST_1 : Operation 37 [1/1] (1.00ns)   --->   "%N1_read = read i32 @_ssdm_op_Read.s_axilite.i32, i32 %N1" [first_accel/matprod.cpp:6]   --->   Operation 37 'read' 'N1_read' <Predicate = true> <Delay = 1.00> <CoreInst = "s_axilite">   --->   Core 114 's_axilite' <Latency = 0> <II = 1> <Delay = 1.00> <Adapter> <Opcode : 'read' 'write'>
ST_1 : Operation 38 [1/1] (1.00ns)   --->   "%m3_read = read i64 @_ssdm_op_Read.s_axilite.i64, i64 %m3" [first_accel/matprod.cpp:6]   --->   Operation 38 'read' 'm3_read' <Predicate = true> <Delay = 1.00> <CoreInst = "s_axilite">   --->   Core 114 's_axilite' <Latency = 0> <II = 1> <Delay = 1.00> <Adapter> <Opcode : 'read' 'write'>
ST_1 : Operation 39 [1/1] (1.00ns)   --->   "%m2_read = read i64 @_ssdm_op_Read.s_axilite.i64, i64 %m2" [first_accel/matprod.cpp:6]   --->   Operation 39 'read' 'm2_read' <Predicate = true> <Delay = 1.00> <CoreInst = "s_axilite">   --->   Core 114 's_axilite' <Latency = 0> <II = 1> <Delay = 1.00> <Adapter> <Opcode : 'read' 'write'>
ST_1 : Operation 40 [1/1] (1.00ns)   --->   "%m1_read = read i64 @_ssdm_op_Read.s_axilite.i64, i64 %m1" [first_accel/matprod.cpp:6]   --->   Operation 40 'read' 'm1_read' <Predicate = true> <Delay = 1.00> <CoreInst = "s_axilite">   --->   Core 114 's_axilite' <Latency = 0> <II = 1> <Delay = 1.00> <Adapter> <Opcode : 'read' 'write'>
ST_1 : Operation 41 [1/1] (0.00ns)   --->   "%trunc_ln6 = trunc i32 %N3_read" [first_accel/matprod.cpp:6]   --->   Operation 41 'trunc' 'trunc_ln6' <Predicate = true> <Delay = 0.00>
ST_1 : Operation 42 [1/1] (0.00ns)   --->   "%trunc_ln6_1 = trunc i32 %N2_read" [first_accel/matprod.cpp:6]   --->   Operation 42 'trunc' 'trunc_ln6_1' <Predicate = true> <Delay = 0.00>
ST_1 : Operation 43 [1/1] (3.25ns)   --->   "%m1_buffer = alloca i64 1" [first_accel/matprod.cpp:19]   --->   Operation 43 'alloca' 'm1_buffer' <Predicate = true> <Delay = 3.25>
ST_1 : Operation 44 [1/1] (3.25ns)   --->   "%m2_buffer = alloca i64 1" [first_accel/matprod.cpp:20]   --->   Operation 44 'alloca' 'm2_buffer' <Predicate = true> <Delay = 3.25>
ST_1 : Operation 45 [1/1] (3.25ns)   --->   "%m3_buffer = alloca i64 1" [first_accel/matprod.cpp:21]   --->   Operation 45 'alloca' 'm3_buffer' <Predicate = true> <Delay = 3.25>

State 2 <SV = 1> <Delay = 6.86>
ST_2 : Operation 46 [2/2] (6.86ns)   --->   "%mul_ln23 = mul i32 %N2_read, i32 %N1_read" [first_accel/matprod.cpp:23]   --->   Operation 46 'mul' 'mul_ln23' <Predicate = true> <Delay = 6.86> <CoreInst = "Multiplier">   --->   Core 3 'Multiplier' <Latency = 1> <II = 1> <Delay = 6.86> <FuncUnit> <Opcode : 'mul'> <InPorts = 2> <OutPorts = 1>

State 3 <SV = 2> <Delay = 6.86>
ST_3 : Operation 47 [1/2] (6.86ns)   --->   "%mul_ln23 = mul i32 %N2_read, i32 %N1_read" [first_accel/matprod.cpp:23]   --->   Operation 47 'mul' 'mul_ln23' <Predicate = true> <Delay = 6.86> <CoreInst = "Multiplier">   --->   Core 3 'Multiplier' <Latency = 1> <II = 1> <Delay = 6.86> <FuncUnit> <Opcode : 'mul'> <InPorts = 2> <OutPorts = 1>

State 4 <SV = 3> <Delay = 2.43>
ST_4 : Operation 48 [1/1] (0.00ns)   --->   "%spectopmodule_ln6 = spectopmodule void @_ssdm_op_SpecTopModule, void @empty_13" [first_accel/matprod.cpp:6]   --->   Operation 48 'spectopmodule' 'spectopmodule_ln6' <Predicate = true> <Delay = 0.00>
ST_4 : Operation 49 [1/1] (0.00ns)   --->   "%specinterface_ln0 = specinterface void @_ssdm_op_SpecInterface, i32 %gmem, void @empty, i32 0, i32 0, void @empty_0, i32 0, i32 32, void @empty_1, void @empty_2, void @empty_0, i32 16, i32 16, i32 16, i32 16, void @empty_0, void @empty_0, i32 4294967295, i32 0"   --->   Operation 49 'specinterface' 'specinterface_ln0' <Predicate = true> <Delay = 0.00>
ST_4 : Operation 50 [1/1] (0.00ns)   --->   "%specbitsmap_ln0 = specbitsmap void @_ssdm_op_SpecBitsMap, i32 %gmem"   --->   Operation 50 'specbitsmap' 'specbitsmap_ln0' <Predicate = true> <Delay = 0.00>
ST_4 : Operation 51 [1/1] (0.00ns)   --->   "%specinterface_ln0 = specinterface void @_ssdm_op_SpecInterface, i64 %m1, void @empty_3, i32 0, i32 0, void @empty_0, i32 0, i32 0, void @empty_4, void @empty_5, void @empty_0, i32 0, i32 0, i32 0, i32 0, void @empty_0, void @empty_6, i32 4294967295, i32 0"   --->   Operation 51 'specinterface' 'specinterface_ln0' <Predicate = true> <Delay = 0.00>
ST_4 : Operation 52 [1/1] (0.00ns)   --->   "%specinterface_ln0 = specinterface void @_ssdm_op_SpecInterface, i64 %m1, void @empty_7, i32 0, i32 0, void @empty_0, i32 0, i32 0, void @empty_0, void @empty_0, void @empty_0, i32 0, i32 0, i32 0, i32 0, void @empty_0, void @empty_6, i32 4294967295, i32 0"   --->   Operation 52 'specinterface' 'specinterface_ln0' <Predicate = true> <Delay = 0.00>
ST_4 : Operation 53 [1/1] (0.00ns)   --->   "%specinterface_ln0 = specinterface void @_ssdm_op_SpecInterface, i64 %m2, void @empty_3, i32 0, i32 0, void @empty_0, i32 0, i32 0, void @empty_4, void @empty_8, void @empty_0, i32 0, i32 0, i32 0, i32 0, void @empty_0, void @empty_6, i32 4294967295, i32 0"   --->   Operation 53 'specinterface' 'specinterface_ln0' <Predicate = true> <Delay = 0.00>
ST_4 : Operation 54 [1/1] (0.00ns)   --->   "%specinterface_ln0 = specinterface void @_ssdm_op_SpecInterface, i64 %m2, void @empty_7, i32 0, i32 0, void @empty_0, i32 0, i32 0, void @empty_0, void @empty_0, void @empty_0, i32 0, i32 0, i32 0, i32 0, void @empty_0, void @empty_6, i32 4294967295, i32 0"   --->   Operation 54 'specinterface' 'specinterface_ln0' <Predicate = true> <Delay = 0.00>
ST_4 : Operation 55 [1/1] (0.00ns)   --->   "%specinterface_ln0 = specinterface void @_ssdm_op_SpecInterface, i64 %m3, void @empty_3, i32 0, i32 0, void @empty_0, i32 0, i32 0, void @empty_4, void @empty_9, void @empty_0, i32 0, i32 0, i32 0, i32 0, void @empty_0, void @empty_6, i32 4294967295, i32 0"   --->   Operation 55 'specinterface' 'specinterface_ln0' <Predicate = true> <Delay = 0.00>
ST_4 : Operation 56 [1/1] (0.00ns)   --->   "%specinterface_ln0 = specinterface void @_ssdm_op_SpecInterface, i64 %m3, void @empty_7, i32 0, i32 0, void @empty_0, i32 0, i32 0, void @empty_0, void @empty_0, void @empty_0, i32 0, i32 0, i32 0, i32 0, void @empty_0, void @empty_6, i32 4294967295, i32 0"   --->   Operation 56 'specinterface' 'specinterface_ln0' <Predicate = true> <Delay = 0.00>
ST_4 : Operation 57 [1/1] (0.00ns)   --->   "%specbitsmap_ln0 = specbitsmap void @_ssdm_op_SpecBitsMap, i32 %N1"   --->   Operation 57 'specbitsmap' 'specbitsmap_ln0' <Predicate = true> <Delay = 0.00>
ST_4 : Operation 58 [1/1] (0.00ns)   --->   "%specinterface_ln0 = specinterface void @_ssdm_op_SpecInterface, i32 %N1, void @empty_3, i32 0, i32 0, void @empty_0, i32 0, i32 0, void @empty_4, void @empty_10, void @empty_0, i32 0, i32 0, i32 0, i32 0, void @empty_0, void @empty_0, i32 4294967295, i32 0"   --->   Operation 58 'specinterface' 'specinterface_ln0' <Predicate = true> <Delay = 0.00>
ST_4 : Operation 59 [1/1] (0.00ns)   --->   "%specinterface_ln0 = specinterface void @_ssdm_op_SpecInterface, i32 %N1, void @empty_7, i32 0, i32 0, void @empty_0, i32 0, i32 0, void @empty_0, void @empty_0, void @empty_0, i32 0, i32 0, i32 0, i32 0, void @empty_0, void @empty_0, i32 4294967295, i32 0"   --->   Operation 59 'specinterface' 'specinterface_ln0' <Predicate = true> <Delay = 0.00>
ST_4 : Operation 60 [1/1] (0.00ns)   --->   "%specbitsmap_ln0 = specbitsmap void @_ssdm_op_SpecBitsMap, i32 %N2"   --->   Operation 60 'specbitsmap' 'specbitsmap_ln0' <Predicate = true> <Delay = 0.00>
ST_4 : Operation 61 [1/1] (0.00ns)   --->   "%specinterface_ln0 = specinterface void @_ssdm_op_SpecInterface, i32 %N2, void @empty_3, i32 0, i32 0, void @empty_0, i32 0, i32 0, void @empty_4, void @empty_11, void @empty_0, i32 0, i32 0, i32 0, i32 0, void @empty_0, void @empty_0, i32 4294967295, i32 0"   --->   Operation 61 'specinterface' 'specinterface_ln0' <Predicate = true> <Delay = 0.00>
ST_4 : Operation 62 [1/1] (0.00ns)   --->   "%specinterface_ln0 = specinterface void @_ssdm_op_SpecInterface, i32 %N2, void @empty_7, i32 0, i32 0, void @empty_0, i32 0, i32 0, void @empty_0, void @empty_0, void @empty_0, i32 0, i32 0, i32 0, i32 0, void @empty_0, void @empty_0, i32 4294967295, i32 0"   --->   Operation 62 'specinterface' 'specinterface_ln0' <Predicate = true> <Delay = 0.00>
ST_4 : Operation 63 [1/1] (0.00ns)   --->   "%specbitsmap_ln0 = specbitsmap void @_ssdm_op_SpecBitsMap, i32 %N3"   --->   Operation 63 'specbitsmap' 'specbitsmap_ln0' <Predicate = true> <Delay = 0.00>
ST_4 : Operation 64 [1/1] (0.00ns)   --->   "%specinterface_ln0 = specinterface void @_ssdm_op_SpecInterface, i32 %N3, void @empty_3, i32 0, i32 0, void @empty_0, i32 0, i32 0, void @empty_4, void @empty_12, void @empty_0, i32 0, i32 0, i32 0, i32 0, void @empty_0, void @empty_0, i32 4294967295, i32 0"   --->   Operation 64 'specinterface' 'specinterface_ln0' <Predicate = true> <Delay = 0.00>
ST_4 : Operation 65 [1/1] (0.00ns)   --->   "%specinterface_ln0 = specinterface void @_ssdm_op_SpecInterface, i32 %N3, void @empty_7, i32 0, i32 0, void @empty_0, i32 0, i32 0, void @empty_0, void @empty_0, void @empty_0, i32 0, i32 0, i32 0, i32 0, void @empty_0, void @empty_0, i32 4294967295, i32 0"   --->   Operation 65 'specinterface' 'specinterface_ln0' <Predicate = true> <Delay = 0.00>
ST_4 : Operation 66 [1/1] (0.00ns)   --->   "%specinterface_ln0 = specinterface void @_ssdm_op_SpecInterface, i32 0, void @empty_3, i32 0, i32 0, void @empty_0, i32 0, i32 0, void @empty_4, void @empty_0, void @empty_0, i32 0, i32 0, i32 0, i32 0, void @empty_0, void @empty_0, i32 4294967295, i32 0"   --->   Operation 66 'specinterface' 'specinterface_ln0' <Predicate = true> <Delay = 0.00>
ST_4 : Operation 67 [1/1] (2.43ns)   --->   "%icmp_ln23 = icmp_eq  i32 %mul_ln23, i32 0" [first_accel/matprod.cpp:23]   --->   Operation 67 'icmp' 'icmp_ln23' <Predicate = true> <Delay = 2.43> <CoreInst = "Cmp">   --->   Core 9 'Cmp' <Latency = 0> <II = 1> <Delay = 2.43> <FuncUnit> <Opcode : 'icmp'> <InPorts = 2> <OutPorts = 1>
ST_4 : Operation 68 [1/1] (0.00ns)   --->   "%br_ln23 = br i1 %icmp_ln23, void %loop-memcpy-expansion8.preheader, void %post-loop-memcpy-expansion7" [first_accel/matprod.cpp:23]   --->   Operation 68 'br' 'br_ln23' <Predicate = true> <Delay = 0.00>
ST_4 : Operation 69 [1/1] (0.00ns)   --->   "%p_cast = partselect i62 @_ssdm_op_PartSelect.i62.i64.i32.i32, i64 %m1_read, i32 2, i32 63" [first_accel/matprod.cpp:6]   --->   Operation 69 'partselect' 'p_cast' <Predicate = (!icmp_ln23)> <Delay = 0.00>

State 5 <SV = 4> <Delay = 7.30>
ST_5 : Operation 70 [1/1] (0.00ns)   --->   "%p_cast_cast = sext i62 %p_cast" [first_accel/matprod.cpp:6]   --->   Operation 70 'sext' 'p_cast_cast' <Predicate = true> <Delay = 0.00>
ST_5 : Operation 71 [1/1] (0.00ns)   --->   "%gmem_addr = getelementptr i32 %gmem, i64 %p_cast_cast" [first_accel/matprod.cpp:6]   --->   Operation 71 'getelementptr' 'gmem_addr' <Predicate = true> <Delay = 0.00>
ST_5 : Operation 72 [7/7] (7.30ns)   --->   "%empty = readreq i1 @_ssdm_op_ReadReq.m_axi.p1i32, i32 %gmem_addr, i32 %mul_ln23" [first_accel/matprod.cpp:6]   --->   Operation 72 'readreq' 'empty' <Predicate = true> <Delay = 7.30> <CoreInst = "m_axi">   --->   Core 113 'm_axi' <Latency = 0> <II = 1> <Delay = 1.00> <Adapter> <Opcode : 'read' 'write' 'readreq' 'writereq' 'writeresp'>

State 6 <SV = 5> <Delay = 7.30>
ST_6 : Operation 73 [6/7] (7.30ns)   --->   "%empty = readreq i1 @_ssdm_op_ReadReq.m_axi.p1i32, i32 %gmem_addr, i32 %mul_ln23" [first_accel/matprod.cpp:6]   --->   Operation 73 'readreq' 'empty' <Predicate = true> <Delay = 7.30> <CoreInst = "m_axi">   --->   Core 113 'm_axi' <Latency = 0> <II = 1> <Delay = 1.00> <Adapter> <Opcode : 'read' 'write' 'readreq' 'writereq' 'writeresp'>

State 7 <SV = 6> <Delay = 7.30>
ST_7 : Operation 74 [5/7] (7.30ns)   --->   "%empty = readreq i1 @_ssdm_op_ReadReq.m_axi.p1i32, i32 %gmem_addr, i32 %mul_ln23" [first_accel/matprod.cpp:6]   --->   Operation 74 'readreq' 'empty' <Predicate = true> <Delay = 7.30> <CoreInst = "m_axi">   --->   Core 113 'm_axi' <Latency = 0> <II = 1> <Delay = 1.00> <Adapter> <Opcode : 'read' 'write' 'readreq' 'writereq' 'writeresp'>

State 8 <SV = 7> <Delay = 7.30>
ST_8 : Operation 75 [4/7] (7.30ns)   --->   "%empty = readreq i1 @_ssdm_op_ReadReq.m_axi.p1i32, i32 %gmem_addr, i32 %mul_ln23" [first_accel/matprod.cpp:6]   --->   Operation 75 'readreq' 'empty' <Predicate = true> <Delay = 7.30> <CoreInst = "m_axi">   --->   Core 113 'm_axi' <Latency = 0> <II = 1> <Delay = 1.00> <Adapter> <Opcode : 'read' 'write' 'readreq' 'writereq' 'writeresp'>

State 9 <SV = 8> <Delay = 7.30>
ST_9 : Operation 76 [3/7] (7.30ns)   --->   "%empty = readreq i1 @_ssdm_op_ReadReq.m_axi.p1i32, i32 %gmem_addr, i32 %mul_ln23" [first_accel/matprod.cpp:6]   --->   Operation 76 'readreq' 'empty' <Predicate = true> <Delay = 7.30> <CoreInst = "m_axi">   --->   Core 113 'm_axi' <Latency = 0> <II = 1> <Delay = 1.00> <Adapter> <Opcode : 'read' 'write' 'readreq' 'writereq' 'writeresp'>

State 10 <SV = 9> <Delay = 7.30>
ST_10 : Operation 77 [2/7] (7.30ns)   --->   "%empty = readreq i1 @_ssdm_op_ReadReq.m_axi.p1i32, i32 %gmem_addr, i32 %mul_ln23" [first_accel/matprod.cpp:6]   --->   Operation 77 'readreq' 'empty' <Predicate = true> <Delay = 7.30> <CoreInst = "m_axi">   --->   Core 113 'm_axi' <Latency = 0> <II = 1> <Delay = 1.00> <Adapter> <Opcode : 'read' 'write' 'readreq' 'writereq' 'writeresp'>

State 11 <SV = 10> <Delay = 7.30>
ST_11 : Operation 78 [1/7] (7.30ns)   --->   "%empty = readreq i1 @_ssdm_op_ReadReq.m_axi.p1i32, i32 %gmem_addr, i32 %mul_ln23" [first_accel/matprod.cpp:6]   --->   Operation 78 'readreq' 'empty' <Predicate = true> <Delay = 7.30> <CoreInst = "m_axi">   --->   Core 113 'm_axi' <Latency = 0> <II = 1> <Delay = 1.00> <Adapter> <Opcode : 'read' 'write' 'readreq' 'writereq' 'writeresp'>

State 12 <SV = 11> <Delay = 0.00>
ST_12 : Operation 79 [2/2] (0.00ns)   --->   "%call_ln6 = call void @matprod_Pipeline_1, i32 %gmem, i62 %p_cast, i32 %m1_buffer, i32 %mul_ln23" [first_accel/matprod.cpp:6]   --->   Operation 79 'call' 'call_ln6' <Predicate = true> <Delay = 0.00> <CoreType = "Generic">   --->   Core 0 '' <Latency = 0> <II = 1> <Delay = 1.00> <Generic> <Opcode : >

State 13 <SV = 12> <Delay = 6.86>
ST_13 : Operation 80 [1/2] (0.00ns)   --->   "%call_ln6 = call void @matprod_Pipeline_1, i32 %gmem, i62 %p_cast, i32 %m1_buffer, i32 %mul_ln23" [first_accel/matprod.cpp:6]   --->   Operation 80 'call' 'call_ln6' <Predicate = (!icmp_ln23)> <Delay = 0.00> <CoreType = "Generic">   --->   Core 0 '' <Latency = 0> <II = 1> <Delay = 1.00> <Generic> <Opcode : >
ST_13 : Operation 81 [1/1] (0.00ns)   --->   "%br_ln0 = br void %post-loop-memcpy-expansion7"   --->   Operation 81 'br' 'br_ln0' <Predicate = (!icmp_ln23)> <Delay = 0.00>
ST_13 : Operation 82 [2/2] (6.86ns)   --->   "%mul_ln24 = mul i32 %N3_read, i32 %N2_read" [first_accel/matprod.cpp:24]   --->   Operation 82 'mul' 'mul_ln24' <Predicate = true> <Delay = 6.86> <CoreInst = "Multiplier">   --->   Core 3 'Multiplier' <Latency = 1> <II = 1> <Delay = 6.86> <FuncUnit> <Opcode : 'mul'> <InPorts = 2> <OutPorts = 1>

State 14 <SV = 13> <Delay = 6.86>
ST_14 : Operation 83 [1/2] (6.86ns)   --->   "%mul_ln24 = mul i32 %N3_read, i32 %N2_read" [first_accel/matprod.cpp:24]   --->   Operation 83 'mul' 'mul_ln24' <Predicate = true> <Delay = 6.86> <CoreInst = "Multiplier">   --->   Core 3 'Multiplier' <Latency = 1> <II = 1> <Delay = 6.86> <FuncUnit> <Opcode : 'mul'> <InPorts = 2> <OutPorts = 1>

State 15 <SV = 14> <Delay = 2.43>
ST_15 : Operation 84 [1/1] (2.43ns)   --->   "%icmp_ln24 = icmp_eq  i32 %mul_ln24, i32 0" [first_accel/matprod.cpp:24]   --->   Operation 84 'icmp' 'icmp_ln24' <Predicate = true> <Delay = 2.43> <CoreInst = "Cmp">   --->   Core 9 'Cmp' <Latency = 0> <II = 1> <Delay = 2.43> <FuncUnit> <Opcode : 'icmp'> <InPorts = 2> <OutPorts = 1>
ST_15 : Operation 85 [1/1] (0.00ns)   --->   "%br_ln24 = br i1 %icmp_ln24, void %loop-memcpy-expansion2.preheader, void %VITIS_LOOP_26_1" [first_accel/matprod.cpp:24]   --->   Operation 85 'br' 'br_ln24' <Predicate = true> <Delay = 0.00>
ST_15 : Operation 86 [1/1] (0.00ns)   --->   "%p_cast1 = partselect i62 @_ssdm_op_PartSelect.i62.i64.i32.i32, i64 %m2_read, i32 2, i32 63" [first_accel/matprod.cpp:6]   --->   Operation 86 'partselect' 'p_cast1' <Predicate = (!icmp_ln24)> <Delay = 0.00>

State 16 <SV = 15> <Delay = 7.30>
ST_16 : Operation 87 [1/1] (0.00ns)   --->   "%p_cast1_cast = sext i62 %p_cast1" [first_accel/matprod.cpp:6]   --->   Operation 87 'sext' 'p_cast1_cast' <Predicate = true> <Delay = 0.00>
ST_16 : Operation 88 [1/1] (0.00ns)   --->   "%gmem_addr_1 = getelementptr i32 %gmem, i64 %p_cast1_cast" [first_accel/matprod.cpp:6]   --->   Operation 88 'getelementptr' 'gmem_addr_1' <Predicate = true> <Delay = 0.00>
ST_16 : Operation 89 [7/7] (7.30ns)   --->   "%empty_20 = readreq i1 @_ssdm_op_ReadReq.m_axi.p1i32, i32 %gmem_addr_1, i32 %mul_ln24" [first_accel/matprod.cpp:6]   --->   Operation 89 'readreq' 'empty_20' <Predicate = true> <Delay = 7.30> <CoreInst = "m_axi">   --->   Core 113 'm_axi' <Latency = 0> <II = 1> <Delay = 1.00> <Adapter> <Opcode : 'read' 'write' 'readreq' 'writereq' 'writeresp'>

State 17 <SV = 16> <Delay = 7.30>
ST_17 : Operation 90 [6/7] (7.30ns)   --->   "%empty_20 = readreq i1 @_ssdm_op_ReadReq.m_axi.p1i32, i32 %gmem_addr_1, i32 %mul_ln24" [first_accel/matprod.cpp:6]   --->   Operation 90 'readreq' 'empty_20' <Predicate = true> <Delay = 7.30> <CoreInst = "m_axi">   --->   Core 113 'm_axi' <Latency = 0> <II = 1> <Delay = 1.00> <Adapter> <Opcode : 'read' 'write' 'readreq' 'writereq' 'writeresp'>

State 18 <SV = 17> <Delay = 7.30>
ST_18 : Operation 91 [5/7] (7.30ns)   --->   "%empty_20 = readreq i1 @_ssdm_op_ReadReq.m_axi.p1i32, i32 %gmem_addr_1, i32 %mul_ln24" [first_accel/matprod.cpp:6]   --->   Operation 91 'readreq' 'empty_20' <Predicate = true> <Delay = 7.30> <CoreInst = "m_axi">   --->   Core 113 'm_axi' <Latency = 0> <II = 1> <Delay = 1.00> <Adapter> <Opcode : 'read' 'write' 'readreq' 'writereq' 'writeresp'>

State 19 <SV = 18> <Delay = 7.30>
ST_19 : Operation 92 [4/7] (7.30ns)   --->   "%empty_20 = readreq i1 @_ssdm_op_ReadReq.m_axi.p1i32, i32 %gmem_addr_1, i32 %mul_ln24" [first_accel/matprod.cpp:6]   --->   Operation 92 'readreq' 'empty_20' <Predicate = true> <Delay = 7.30> <CoreInst = "m_axi">   --->   Core 113 'm_axi' <Latency = 0> <II = 1> <Delay = 1.00> <Adapter> <Opcode : 'read' 'write' 'readreq' 'writereq' 'writeresp'>

State 20 <SV = 19> <Delay = 7.30>
ST_20 : Operation 93 [3/7] (7.30ns)   --->   "%empty_20 = readreq i1 @_ssdm_op_ReadReq.m_axi.p1i32, i32 %gmem_addr_1, i32 %mul_ln24" [first_accel/matprod.cpp:6]   --->   Operation 93 'readreq' 'empty_20' <Predicate = true> <Delay = 7.30> <CoreInst = "m_axi">   --->   Core 113 'm_axi' <Latency = 0> <II = 1> <Delay = 1.00> <Adapter> <Opcode : 'read' 'write' 'readreq' 'writereq' 'writeresp'>

State 21 <SV = 20> <Delay = 7.30>
ST_21 : Operation 94 [2/7] (7.30ns)   --->   "%empty_20 = readreq i1 @_ssdm_op_ReadReq.m_axi.p1i32, i32 %gmem_addr_1, i32 %mul_ln24" [first_accel/matprod.cpp:6]   --->   Operation 94 'readreq' 'empty_20' <Predicate = true> <Delay = 7.30> <CoreInst = "m_axi">   --->   Core 113 'm_axi' <Latency = 0> <II = 1> <Delay = 1.00> <Adapter> <Opcode : 'read' 'write' 'readreq' 'writereq' 'writeresp'>

State 22 <SV = 21> <Delay = 7.30>
ST_22 : Operation 95 [1/7] (7.30ns)   --->   "%empty_20 = readreq i1 @_ssdm_op_ReadReq.m_axi.p1i32, i32 %gmem_addr_1, i32 %mul_ln24" [first_accel/matprod.cpp:6]   --->   Operation 95 'readreq' 'empty_20' <Predicate = true> <Delay = 7.30> <CoreInst = "m_axi">   --->   Core 113 'm_axi' <Latency = 0> <II = 1> <Delay = 1.00> <Adapter> <Opcode : 'read' 'write' 'readreq' 'writereq' 'writeresp'>

State 23 <SV = 22> <Delay = 0.00>
ST_23 : Operation 96 [2/2] (0.00ns)   --->   "%call_ln6 = call void @matprod_Pipeline_2, i32 %gmem, i62 %p_cast1, i32 %m2_buffer, i32 %mul_ln24" [first_accel/matprod.cpp:6]   --->   Operation 96 'call' 'call_ln6' <Predicate = true> <Delay = 0.00> <CoreType = "Generic">   --->   Core 0 '' <Latency = 0> <II = 1> <Delay = 1.00> <Generic> <Opcode : >

State 24 <SV = 23> <Delay = 6.86>
ST_24 : Operation 97 [1/2] (0.00ns)   --->   "%call_ln6 = call void @matprod_Pipeline_2, i32 %gmem, i62 %p_cast1, i32 %m2_buffer, i32 %mul_ln24" [first_accel/matprod.cpp:6]   --->   Operation 97 'call' 'call_ln6' <Predicate = (!icmp_ln24)> <Delay = 0.00> <CoreType = "Generic">   --->   Core 0 '' <Latency = 0> <II = 1> <Delay = 1.00> <Generic> <Opcode : >
ST_24 : Operation 98 [1/1] (0.00ns)   --->   "%br_ln0 = br void %VITIS_LOOP_26_1"   --->   Operation 98 'br' 'br_ln0' <Predicate = (!icmp_ln24)> <Delay = 0.00>
ST_24 : Operation 99 [2/2] (6.86ns)   --->   "%mul_ln42 = mul i32 %N3_read, i32 %N1_read" [first_accel/matprod.cpp:42]   --->   Operation 99 'mul' 'mul_ln42' <Predicate = true> <Delay = 6.86> <CoreInst = "Multiplier">   --->   Core 3 'Multiplier' <Latency = 1> <II = 1> <Delay = 6.86> <FuncUnit> <Opcode : 'mul'> <InPorts = 2> <OutPorts = 1>

State 25 <SV = 24> <Delay = 6.86>
ST_25 : Operation 100 [2/2] (0.00ns)   --->   "%call_ln6 = call void @matprod_Pipeline_VITIS_LOOP_26_1, i32 %N1_read, i10 %trunc_ln6_1, i32 %m1_buffer, i10 %trunc_ln6, i32 %m2_buffer, i32 %N2_read, i32 %m3_buffer, i32 %N3_read, i32 %regc" [first_accel/matprod.cpp:6]   --->   Operation 100 'call' 'call_ln6' <Predicate = true> <Delay = 0.00> <CoreType = "Generic">   --->   Core 0 '' <Latency = 0> <II = 1> <Delay = 1.00> <Generic> <Opcode : >
ST_25 : Operation 101 [1/2] (6.86ns)   --->   "%mul_ln42 = mul i32 %N3_read, i32 %N1_read" [first_accel/matprod.cpp:42]   --->   Operation 101 'mul' 'mul_ln42' <Predicate = true> <Delay = 6.86> <CoreInst = "Multiplier">   --->   Core 3 'Multiplier' <Latency = 1> <II = 1> <Delay = 6.86> <FuncUnit> <Opcode : 'mul'> <InPorts = 2> <OutPorts = 1>

State 26 <SV = 25> <Delay = 2.43>
ST_26 : Operation 102 [1/2] (0.00ns)   --->   "%call_ln6 = call void @matprod_Pipeline_VITIS_LOOP_26_1, i32 %N1_read, i10 %trunc_ln6_1, i32 %m1_buffer, i10 %trunc_ln6, i32 %m2_buffer, i32 %N2_read, i32 %m3_buffer, i32 %N3_read, i32 %regc" [first_accel/matprod.cpp:6]   --->   Operation 102 'call' 'call_ln6' <Predicate = true> <Delay = 0.00> <CoreType = "Generic">   --->   Core 0 '' <Latency = 0> <II = 1> <Delay = 1.00> <Generic> <Opcode : >
ST_26 : Operation 103 [1/1] (2.43ns)   --->   "%icmp_ln42 = icmp_eq  i32 %mul_ln42, i32 0" [first_accel/matprod.cpp:42]   --->   Operation 103 'icmp' 'icmp_ln42' <Predicate = true> <Delay = 2.43> <CoreInst = "Cmp">   --->   Core 9 'Cmp' <Latency = 0> <II = 1> <Delay = 2.43> <FuncUnit> <Opcode : 'icmp'> <InPorts = 2> <OutPorts = 1>
ST_26 : Operation 104 [1/1] (0.00ns)   --->   "%br_ln42 = br i1 %icmp_ln42, void %loop-memcpy-expansion.preheader, void %post-loop-memcpy-expansion" [first_accel/matprod.cpp:42]   --->   Operation 104 'br' 'br_ln42' <Predicate = true> <Delay = 0.00>
ST_26 : Operation 105 [1/1] (0.00ns)   --->   "%p_cast3 = partselect i62 @_ssdm_op_PartSelect.i62.i64.i32.i32, i64 %m3_read, i32 2, i32 63" [first_accel/matprod.cpp:6]   --->   Operation 105 'partselect' 'p_cast3' <Predicate = (!icmp_ln42)> <Delay = 0.00>

State 27 <SV = 26> <Delay = 7.30>
ST_27 : Operation 106 [1/1] (0.00ns)   --->   "%p_cast3_cast = sext i62 %p_cast3" [first_accel/matprod.cpp:6]   --->   Operation 106 'sext' 'p_cast3_cast' <Predicate = true> <Delay = 0.00>
ST_27 : Operation 107 [1/1] (0.00ns)   --->   "%gmem_addr_2 = getelementptr i32 %gmem, i64 %p_cast3_cast" [first_accel/matprod.cpp:6]   --->   Operation 107 'getelementptr' 'gmem_addr_2' <Predicate = true> <Delay = 0.00>
ST_27 : Operation 108 [1/1] (7.30ns)   --->   "%empty_21 = writereq i1 @_ssdm_op_WriteReq.m_axi.p1i32, i32 %gmem_addr_2, i32 %mul_ln42" [first_accel/matprod.cpp:6]   --->   Operation 108 'writereq' 'empty_21' <Predicate = true> <Delay = 7.30> <CoreInst = "m_axi">   --->   Core 113 'm_axi' <Latency = 0> <II = 1> <Delay = 1.00> <Adapter> <Opcode : 'read' 'write' 'readreq' 'writereq' 'writeresp'>

State 28 <SV = 27> <Delay = 0.00>
ST_28 : Operation 109 [2/2] (0.00ns)   --->   "%call_ln6 = call void @matprod_Pipeline_4, i32 %gmem, i62 %p_cast3, i32 %m3_buffer, i32 %mul_ln42" [first_accel/matprod.cpp:6]   --->   Operation 109 'call' 'call_ln6' <Predicate = true> <Delay = 0.00> <CoreType = "Generic">   --->   Core 0 '' <Latency = 0> <II = 1> <Delay = 1.00> <Generic> <Opcode : >

State 29 <SV = 28> <Delay = 0.00>
ST_29 : Operation 110 [1/2] (0.00ns)   --->   "%call_ln6 = call void @matprod_Pipeline_4, i32 %gmem, i62 %p_cast3, i32 %m3_buffer, i32 %mul_ln42" [first_accel/matprod.cpp:6]   --->   Operation 110 'call' 'call_ln6' <Predicate = true> <Delay = 0.00> <CoreType = "Generic">   --->   Core 0 '' <Latency = 0> <II = 1> <Delay = 1.00> <Generic> <Opcode : >

State 30 <SV = 29> <Delay = 7.30>
ST_30 : Operation 111 [5/5] (7.30ns)   --->   "%empty_22 = writeresp i1 @_ssdm_op_WriteResp.m_axi.p1i32, i32 %gmem_addr_2" [first_accel/matprod.cpp:43]   --->   Operation 111 'writeresp' 'empty_22' <Predicate = true> <Delay = 7.30> <CoreInst = "m_axi">   --->   Core 113 'm_axi' <Latency = 0> <II = 1> <Delay = 1.00> <Adapter> <Opcode : 'read' 'write' 'readreq' 'writereq' 'writeresp'>

State 31 <SV = 30> <Delay = 7.30>
ST_31 : Operation 112 [4/5] (7.30ns)   --->   "%empty_22 = writeresp i1 @_ssdm_op_WriteResp.m_axi.p1i32, i32 %gmem_addr_2" [first_accel/matprod.cpp:43]   --->   Operation 112 'writeresp' 'empty_22' <Predicate = true> <Delay = 7.30> <CoreInst = "m_axi">   --->   Core 113 'm_axi' <Latency = 0> <II = 1> <Delay = 1.00> <Adapter> <Opcode : 'read' 'write' 'readreq' 'writereq' 'writeresp'>

State 32 <SV = 31> <Delay = 7.30>
ST_32 : Operation 113 [3/5] (7.30ns)   --->   "%empty_22 = writeresp i1 @_ssdm_op_WriteResp.m_axi.p1i32, i32 %gmem_addr_2" [first_accel/matprod.cpp:43]   --->   Operation 113 'writeresp' 'empty_22' <Predicate = true> <Delay = 7.30> <CoreInst = "m_axi">   --->   Core 113 'm_axi' <Latency = 0> <II = 1> <Delay = 1.00> <Adapter> <Opcode : 'read' 'write' 'readreq' 'writereq' 'writeresp'>

State 33 <SV = 32> <Delay = 7.30>
ST_33 : Operation 114 [2/5] (7.30ns)   --->   "%empty_22 = writeresp i1 @_ssdm_op_WriteResp.m_axi.p1i32, i32 %gmem_addr_2" [first_accel/matprod.cpp:43]   --->   Operation 114 'writeresp' 'empty_22' <Predicate = true> <Delay = 7.30> <CoreInst = "m_axi">   --->   Core 113 'm_axi' <Latency = 0> <II = 1> <Delay = 1.00> <Adapter> <Opcode : 'read' 'write' 'readreq' 'writereq' 'writeresp'>

State 34 <SV = 33> <Delay = 7.30>
ST_34 : Operation 115 [1/5] (7.30ns)   --->   "%empty_22 = writeresp i1 @_ssdm_op_WriteResp.m_axi.p1i32, i32 %gmem_addr_2" [first_accel/matprod.cpp:43]   --->   Operation 115 'writeresp' 'empty_22' <Predicate = (!icmp_ln42)> <Delay = 7.30> <CoreInst = "m_axi">   --->   Core 113 'm_axi' <Latency = 0> <II = 1> <Delay = 1.00> <Adapter> <Opcode : 'read' 'write' 'readreq' 'writereq' 'writeresp'>
ST_34 : Operation 116 [1/1] (0.00ns)   --->   "%br_ln43 = br void %post-loop-memcpy-expansion" [first_accel/matprod.cpp:43]   --->   Operation 116 'br' 'br_ln43' <Predicate = (!icmp_ln42)> <Delay = 0.00>
ST_34 : Operation 117 [1/1] (0.00ns)   --->   "%ret_ln43 = ret" [first_accel/matprod.cpp:43]   --->   Operation 117 'ret' 'ret_ln43' <Predicate = true> <Delay = 0.00>


============================================================
+ Verbose Summary: Binding
============================================================
STG Binding: 
---------------- STG Properties BEGIN ----------------
- Is combinational: 0
- Is one-state seq: 0
- Is datapath-only: 0
- Is pipelined: 0
- Is top level: 1
Port [ Return ] is wired: 1; IO mode=ap_ctrl_hs:ce=0
Port [ gmem]:  wired=1; compound=1; hidden=0; nouse=0; global=0; static=0; extern=0; dir=2; type=4; pingpong=0; private_global=0; IO mode=m_axi:ce=0
Port [ m1]:  wired=1; compound=0; hidden=0; nouse=0; global=0; static=0; extern=0; dir=0; type=0; pingpong=0; private_global=0; IO mode=ap_none:ce=0
Port [ m2]:  wired=1; compound=0; hidden=0; nouse=0; global=0; static=0; extern=0; dir=0; type=0; pingpong=0; private_global=0; IO mode=ap_none:ce=0
Port [ m3]:  wired=1; compound=0; hidden=0; nouse=0; global=0; static=0; extern=0; dir=0; type=0; pingpong=0; private_global=0; IO mode=ap_none:ce=0
Port [ N1]:  wired=1; compound=0; hidden=0; nouse=0; global=0; static=0; extern=0; dir=0; type=0; pingpong=0; private_global=0; IO mode=ap_none:ce=0
Port [ N2]:  wired=1; compound=0; hidden=0; nouse=0; global=0; static=0; extern=0; dir=0; type=0; pingpong=0; private_global=0; IO mode=ap_none:ce=0
Port [ N3]:  wired=1; compound=0; hidden=0; nouse=0; global=0; static=0; extern=0; dir=0; type=0; pingpong=0; private_global=0; IO mode=ap_none:ce=0
Port [ regc]:  wired=0; compound=0; hidden=1; nouse=1; global=1; static=1; extern=0; dir=2; type=0; pingpong=0; private_global=0; IO mode=ap_ovld:ce=0
---------------- STG Properties END ------------------

---------------- Datapath Model BEGIN ----------------

<LifeTime>
<method=bitvector/>
N3_read           (read         ) [ 00111111111111111111111111100000000]
N2_read           (read         ) [ 00111111111111111111111111100000000]
N1_read           (read         ) [ 00111111111111111111111111100000000]
m3_read           (read         ) [ 00111111111111111111111111100000000]
m2_read           (read         ) [ 00111111111111110000000000000000000]
m1_read           (read         ) [ 00111000000000000000000000000000000]
trunc_ln6         (trunc        ) [ 00111111111111111111111111100000000]
trunc_ln6_1       (trunc        ) [ 00111111111111111111111111100000000]
m1_buffer         (alloca       ) [ 00111111111111111111111111100000000]
m2_buffer         (alloca       ) [ 00111111111111111111111111100000000]
m3_buffer         (alloca       ) [ 00111111111111111111111111111100000]
mul_ln23          (mul          ) [ 00001111111111000000000000000000000]
spectopmodule_ln6 (spectopmodule) [ 00000000000000000000000000000000000]
specinterface_ln0 (specinterface) [ 00000000000000000000000000000000000]
specbitsmap_ln0   (specbitsmap  ) [ 00000000000000000000000000000000000]
specinterface_ln0 (specinterface) [ 00000000000000000000000000000000000]
specinterface_ln0 (specinterface) [ 00000000000000000000000000000000000]
specinterface_ln0 (specinterface) [ 00000000000000000000000000000000000]
specinterface_ln0 (specinterface) [ 00000000000000000000000000000000000]
specinterface_ln0 (specinterface) [ 00000000000000000000000000000000000]
specinterface_ln0 (specinterface) [ 00000000000000000000000000000000000]
specbitsmap_ln0   (specbitsmap  ) [ 00000000000000000000000000000000000]
specinterface_ln0 (specinterface) [ 00000000000000000000000000000000000]
specinterface_ln0 (specinterface) [ 00000000000000000000000000000000000]
specbitsmap_ln0   (specbitsmap  ) [ 00000000000000000000000000000000000]
specinterface_ln0 (specinterface) [ 00000000000000000000000000000000000]
specinterface_ln0 (specinterface) [ 00000000000000000000000000000000000]
specbitsmap_ln0   (specbitsmap  ) [ 00000000000000000000000000000000000]
specinterface_ln0 (specinterface) [ 00000000000000000000000000000000000]
specinterface_ln0 (specinterface) [ 00000000000000000000000000000000000]
specinterface_ln0 (specinterface) [ 00000000000000000000000000000000000]
icmp_ln23         (icmp         ) [ 00001111111111000000000000000000000]
br_ln23           (br           ) [ 00000000000000000000000000000000000]
p_cast            (partselect   ) [ 00000111111111000000000000000000000]
p_cast_cast       (sext         ) [ 00000000000000000000000000000000000]
gmem_addr         (getelementptr) [ 00000011111100000000000000000000000]
empty             (readreq      ) [ 00000000000000000000000000000000000]
call_ln6          (call         ) [ 00000000000000000000000000000000000]
br_ln0            (br           ) [ 00000000000000000000000000000000000]
mul_ln24          (mul          ) [ 00000000000000011111111110000000000]
icmp_ln24         (icmp         ) [ 00000000000000011111111110000000000]
br_ln24           (br           ) [ 00000000000000000000000000000000000]
p_cast1           (partselect   ) [ 00000000000000001111111110000000000]
p_cast1_cast      (sext         ) [ 00000000000000000000000000000000000]
gmem_addr_1       (getelementptr) [ 00000000000000000111111000000000000]
empty_20          (readreq      ) [ 00000000000000000000000000000000000]
call_ln6          (call         ) [ 00000000000000000000000000000000000]
br_ln0            (br           ) [ 00000000000000000000000000000000000]
mul_ln42          (mul          ) [ 00000000000000000000000000111100000]
call_ln6          (call         ) [ 00000000000000000000000000000000000]
icmp_ln42         (icmp         ) [ 00000000000000000000000000111111111]
br_ln42           (br           ) [ 00000000000000000000000000000000000]
p_cast3           (partselect   ) [ 00000000000000000000000000011100000]
p_cast3_cast      (sext         ) [ 00000000000000000000000000000000000]
gmem_addr_2       (getelementptr) [ 00000000000000000000000000001111111]
empty_21          (writereq     ) [ 00000000000000000000000000000000000]
call_ln6          (call         ) [ 00000000000000000000000000000000000]
empty_22          (writeresp    ) [ 00000000000000000000000000000000000]
br_ln43           (br           ) [ 00000000000000000000000000000000000]
ret_ln43          (ret          ) [ 00000000000000000000000000000000000]
</LifeTime>

<model>

<comp_list>
<comp id="0" class="1000" name="gmem">
<pin_list>
<pin id="1" dir="1" index="0" bw="1" slack="0"/>
</pin_list>
<bind>
<StgValue><ssdm name="gmem"/></StgValue>
</bind>
</comp>

<comp id="2" class="1000" name="m1">
<pin_list>
<pin id="3" dir="1" index="0" bw="1" slack="0"/>
</pin_list>
<bind>
<StgValue><ssdm name="m1"/></StgValue>
</bind>
</comp>

<comp id="4" class="1000" name="m2">
<pin_list>
<pin id="5" dir="1" index="0" bw="1" slack="0"/>
</pin_list>
<bind>
<StgValue><ssdm name="m2"/></StgValue>
</bind>
</comp>

<comp id="6" class="1000" name="m3">
<pin_list>
<pin id="7" dir="1" index="0" bw="1" slack="0"/>
</pin_list>
<bind>
<StgValue><ssdm name="m3"/></StgValue>
</bind>
</comp>

<comp id="8" class="1000" name="N1">
<pin_list>
<pin id="9" dir="1" index="0" bw="1" slack="0"/>
</pin_list>
<bind>
<StgValue><ssdm name="N1"/></StgValue>
</bind>
</comp>

<comp id="10" class="1000" name="N2">
<pin_list>
<pin id="11" dir="1" index="0" bw="1" slack="0"/>
</pin_list>
<bind>
<StgValue><ssdm name="N2"/></StgValue>
</bind>
</comp>

<comp id="12" class="1000" name="N3">
<pin_list>
<pin id="13" dir="1" index="0" bw="1" slack="0"/>
</pin_list>
<bind>
<StgValue><ssdm name="N3"/></StgValue>
</bind>
</comp>

<comp id="14" class="1000" name="regc">
<pin_list>
<pin id="15" dir="1" index="0" bw="1" slack="0"/>
</pin_list>
<bind>
<StgValue><ssdm name="regc"/></StgValue>
</bind>
</comp>

<comp id="16" class="1001" name="const_16">
<pin_list>
<pin id="17" dir="1" index="0" bw="1" slack="0"/>
</pin_list>
<bind>
<StgValue><ssdm name="_ssdm_op_Read.s_axilite.i32"/></StgValue>
</bind>
</comp>

<comp id="18" class="1001" name="const_18">
<pin_list>
<pin id="19" dir="1" index="0" bw="1" slack="0"/>
</pin_list>
<bind>
<StgValue><ssdm name="_ssdm_op_Read.s_axilite.i64"/></StgValue>
</bind>
</comp>

<comp id="20" class="1001" name="const_20">
<pin_list>
<pin id="21" dir="1" index="0" bw="1" slack="0"/>
</pin_list>
<bind>
<StgValue><ssdm name=""/></StgValue>
</bind>
</comp>

<comp id="22" class="1001" name="const_22">
<pin_list>
<pin id="23" dir="1" index="0" bw="1" slack="2147483647"/>
</pin_list>
<bind>
<StgValue><ssdm name="_ssdm_op_SpecTopModule"/></StgValue>
</bind>
</comp>

<comp id="24" class="1001" name="const_24">
<pin_list>
<pin id="25" dir="1" index="0" bw="1" slack="2147483647"/>
</pin_list>
<bind>
<StgValue><ssdm name="empty_13"/></StgValue>
</bind>
</comp>

<comp id="26" class="1001" name="const_26">
<pin_list>
<pin id="27" dir="1" index="0" bw="1" slack="2147483647"/>
</pin_list>
<bind>
<StgValue><ssdm name="_ssdm_op_SpecInterface"/></StgValue>
</bind>
</comp>

<comp id="28" class="1001" name="const_28">
<pin_list>
<pin id="29" dir="1" index="0" bw="1" slack="2147483647"/>
</pin_list>
<bind>
<StgValue><ssdm name="empty"/></StgValue>
</bind>
</comp>

<comp id="30" class="1001" name="const_30">
<pin_list>
<pin id="31" dir="1" index="0" bw="1" slack="0"/>
</pin_list>
<bind>
<StgValue><ssdm name=""/></StgValue>
</bind>
</comp>

<comp id="32" class="1001" name="const_32">
<pin_list>
<pin id="33" dir="1" index="0" bw="1" slack="2147483647"/>
</pin_list>
<bind>
<StgValue><ssdm name="empty_0"/></StgValue>
</bind>
</comp>

<comp id="34" class="1001" name="const_34">
<pin_list>
<pin id="35" dir="1" index="0" bw="1" slack="2147483647"/>
</pin_list>
<bind>
<StgValue><ssdm name=""/></StgValue>
</bind>
</comp>

<comp id="36" class="1001" name="const_36">
<pin_list>
<pin id="37" dir="1" index="0" bw="1" slack="2147483647"/>
</pin_list>
<bind>
<StgValue><ssdm name="empty_1"/></StgValue>
</bind>
</comp>

<comp id="38" class="1001" name="const_38">
<pin_list>
<pin id="39" dir="1" index="0" bw="1" slack="2147483647"/>
</pin_list>
<bind>
<StgValue><ssdm name="empty_2"/></StgValue>
</bind>
</comp>

<comp id="40" class="1001" name="const_40">
<pin_list>
<pin id="41" dir="1" index="0" bw="1" slack="2147483647"/>
</pin_list>
<bind>
<StgValue><ssdm name=""/></StgValue>
</bind>
</comp>

<comp id="42" class="1001" name="const_42">
<pin_list>
<pin id="43" dir="1" index="0" bw="1" slack="2147483647"/>
</pin_list>
<bind>
<StgValue><ssdm name=""/></StgValue>
</bind>
</comp>

<comp id="44" class="1001" name="const_44">
<pin_list>
<pin id="45" dir="1" index="0" bw="1" slack="2147483647"/>
</pin_list>
<bind>
<StgValue><ssdm name="_ssdm_op_SpecBitsMap"/></StgValue>
</bind>
</comp>

<comp id="46" class="1001" name="const_46">
<pin_list>
<pin id="47" dir="1" index="0" bw="1" slack="2147483647"/>
</pin_list>
<bind>
<StgValue><ssdm name="empty_3"/></StgValue>
</bind>
</comp>

<comp id="48" class="1001" name="const_48">
<pin_list>
<pin id="49" dir="1" index="0" bw="1" slack="2147483647"/>
</pin_list>
<bind>
<StgValue><ssdm name="empty_4"/></StgValue>
</bind>
</comp>

<comp id="50" class="1001" name="const_50">
<pin_list>
<pin id="51" dir="1" index="0" bw="1" slack="2147483647"/>
</pin_list>
<bind>
<StgValue><ssdm name="empty_5"/></StgValue>
</bind>
</comp>

<comp id="52" class="1001" name="const_52">
<pin_list>
<pin id="53" dir="1" index="0" bw="1" slack="2147483647"/>
</pin_list>
<bind>
<StgValue><ssdm name="empty_6"/></StgValue>
</bind>
</comp>

<comp id="54" class="1001" name="const_54">
<pin_list>
<pin id="55" dir="1" index="0" bw="1" slack="2147483647"/>
</pin_list>
<bind>
<StgValue><ssdm name="empty_7"/></StgValue>
</bind>
</comp>

<comp id="56" class="1001" name="const_56">
<pin_list>
<pin id="57" dir="1" index="0" bw="1" slack="2147483647"/>
</pin_list>
<bind>
<StgValue><ssdm name="empty_8"/></StgValue>
</bind>
</comp>

<comp id="58" class="1001" name="const_58">
<pin_list>
<pin id="59" dir="1" index="0" bw="1" slack="2147483647"/>
</pin_list>
<bind>
<StgValue><ssdm name="empty_9"/></StgValue>
</bind>
</comp>

<comp id="60" class="1001" name="const_60">
<pin_list>
<pin id="61" dir="1" index="0" bw="1" slack="2147483647"/>
</pin_list>
<bind>
<StgValue><ssdm name="empty_10"/></StgValue>
</bind>
</comp>

<comp id="62" class="1001" name="const_62">
<pin_list>
<pin id="63" dir="1" index="0" bw="1" slack="2147483647"/>
</pin_list>
<bind>
<StgValue><ssdm name="empty_11"/></StgValue>
</bind>
</comp>

<comp id="64" class="1001" name="const_64">
<pin_list>
<pin id="65" dir="1" index="0" bw="1" slack="2147483647"/>
</pin_list>
<bind>
<StgValue><ssdm name="empty_12"/></StgValue>
</bind>
</comp>

<comp id="66" class="1001" name="const_66">
<pin_list>
<pin id="67" dir="1" index="0" bw="1" slack="0"/>
</pin_list>
<bind>
<StgValue><ssdm name="_ssdm_op_PartSelect.i62.i64.i32.i32"/></StgValue>
</bind>
</comp>

<comp id="68" class="1001" name="const_68">
<pin_list>
<pin id="69" dir="1" index="0" bw="1" slack="0"/>
</pin_list>
<bind>
<StgValue><ssdm name=""/></StgValue>
</bind>
</comp>

<comp id="70" class="1001" name="const_70">
<pin_list>
<pin id="71" dir="1" index="0" bw="1" slack="0"/>
</pin_list>
<bind>
<StgValue><ssdm name=""/></StgValue>
</bind>
</comp>

<comp id="72" class="1001" name="const_72">
<pin_list>
<pin id="73" dir="1" index="0" bw="1" slack="0"/>
</pin_list>
<bind>
<StgValue><ssdm name="_ssdm_op_ReadReq.m_axi.p1i32"/></StgValue>
</bind>
</comp>

<comp id="74" class="1001" name="const_74">
<pin_list>
<pin id="75" dir="1" index="0" bw="1" slack="0"/>
</pin_list>
<bind>
<StgValue><ssdm name="matprod_Pipeline_1"/></StgValue>
</bind>
</comp>

<comp id="76" class="1001" name="const_76">
<pin_list>
<pin id="77" dir="1" index="0" bw="1" slack="0"/>
</pin_list>
<bind>
<StgValue><ssdm name="matprod_Pipeline_2"/></StgValue>
</bind>
</comp>

<comp id="78" class="1001" name="const_78">
<pin_list>
<pin id="79" dir="1" index="0" bw="1" slack="0"/>
</pin_list>
<bind>
<StgValue><ssdm name="matprod_Pipeline_VITIS_LOOP_26_1"/></StgValue>
</bind>
</comp>

<comp id="80" class="1001" name="const_80">
<pin_list>
<pin id="81" dir="1" index="0" bw="1" slack="0"/>
</pin_list>
<bind>
<StgValue><ssdm name="_ssdm_op_WriteReq.m_axi.p1i32"/></StgValue>
</bind>
</comp>

<comp id="82" class="1001" name="const_82">
<pin_list>
<pin id="83" dir="1" index="0" bw="1" slack="0"/>
</pin_list>
<bind>
<StgValue><ssdm name="matprod_Pipeline_4"/></StgValue>
</bind>
</comp>

<comp id="84" class="1001" name="const_84">
<pin_list>
<pin id="85" dir="1" index="0" bw="1" slack="0"/>
</pin_list>
<bind>
<StgValue><ssdm name="_ssdm_op_WriteResp.m_axi.p1i32"/></StgValue>
</bind>
</comp>

<comp id="86" class="1004" name="m1_buffer_alloca_fu_86">
<pin_list>
<pin id="87" dir="0" index="0" bw="1" slack="0"/>
<pin id="88" dir="1" index="1" bw="32" slack="2147483647"/>
</pin_list>
<bind>
<opcode="alloca(26) " fcode="alloca"/>
<opset="m1_buffer/1 "/>
</bind>
</comp>

<comp id="90" class="1004" name="m2_buffer_alloca_fu_90">
<pin_list>
<pin id="91" dir="0" index="0" bw="1" slack="0"/>
<pin id="92" dir="1" index="1" bw="32" slack="2147483647"/>
</pin_list>
<bind>
<opcode="alloca(26) " fcode="alloca"/>
<opset="m2_buffer/1 "/>
</bind>
</comp>

<comp id="94" class="1004" name="m3_buffer_alloca_fu_94">
<pin_list>
<pin id="95" dir="0" index="0" bw="1" slack="0"/>
<pin id="96" dir="1" index="1" bw="32" slack="2147483647"/>
</pin_list>
<bind>
<opcode="alloca(26) " fcode="alloca"/>
<opset="m3_buffer/1 "/>
</bind>
</comp>

<comp id="98" class="1004" name="N3_read_read_fu_98">
<pin_list>
<pin id="99" dir="0" index="0" bw="32" slack="0"/>
<pin id="100" dir="0" index="1" bw="32" slack="0"/>
<pin id="101" dir="1" index="2" bw="32" slack="0"/>
</pin_list>
<bind>
<opcode="read(1150) " fcode="read"/>
<opset="N3_read/1 "/>
</bind>
</comp>

<comp id="104" class="1004" name="N2_read_read_fu_104">
<pin_list>
<pin id="105" dir="0" index="0" bw="32" slack="0"/>
<pin id="106" dir="0" index="1" bw="32" slack="0"/>
<pin id="107" dir="1" index="2" bw="32" slack="0"/>
</pin_list>
<bind>
<opcode="read(1150) " fcode="read"/>
<opset="N2_read/1 "/>
</bind>
</comp>

<comp id="110" class="1004" name="N1_read_read_fu_110">
<pin_list>
<pin id="111" dir="0" index="0" bw="32" slack="0"/>
<pin id="112" dir="0" index="1" bw="32" slack="0"/>
<pin id="113" dir="1" index="2" bw="32" slack="1"/>
</pin_list>
<bind>
<opcode="read(1150) " fcode="read"/>
<opset="N1_read/1 "/>
</bind>
</comp>

<comp id="116" class="1004" name="m3_read_read_fu_116">
<pin_list>
<pin id="117" dir="0" index="0" bw="64" slack="0"/>
<pin id="118" dir="0" index="1" bw="64" slack="0"/>
<pin id="119" dir="1" index="2" bw="64" slack="25"/>
</pin_list>
<bind>
<opcode="read(1150) " fcode="read"/>
<opset="m3_read/1 "/>
</bind>
</comp>

<comp id="122" class="1004" name="m2_read_read_fu_122">
<pin_list>
<pin id="123" dir="0" index="0" bw="64" slack="0"/>
<pin id="124" dir="0" index="1" bw="64" slack="0"/>
<pin id="125" dir="1" index="2" bw="64" slack="14"/>
</pin_list>
<bind>
<opcode="read(1150) " fcode="read"/>
<opset="m2_read/1 "/>
</bind>
</comp>

<comp id="128" class="1004" name="m1_read_read_fu_128">
<pin_list>
<pin id="129" dir="0" index="0" bw="64" slack="0"/>
<pin id="130" dir="0" index="1" bw="64" slack="0"/>
<pin id="131" dir="1" index="2" bw="64" slack="3"/>
</pin_list>
<bind>
<opcode="read(1150) " fcode="read"/>
<opset="m1_read/1 "/>
</bind>
</comp>

<comp id="134" class="1004" name="grp_readreq_fu_134">
<pin_list>
<pin id="135" dir="0" index="0" bw="1" slack="0"/>
<pin id="136" dir="0" index="1" bw="32" slack="0"/>
<pin id="137" dir="0" index="2" bw="32" slack="2"/>
<pin id="138" dir="1" index="3" bw="1" slack="2147483647"/>
</pin_list>
<bind>
<opcode="readreq(1154) " fcode="readreq"/>
<opset="empty/5 "/>
</bind>
</comp>

<comp id="140" class="1004" name="grp_readreq_fu_140">
<pin_list>
<pin id="141" dir="0" index="0" bw="1" slack="0"/>
<pin id="142" dir="0" index="1" bw="32" slack="0"/>
<pin id="143" dir="0" index="2" bw="32" slack="2"/>
<pin id="144" dir="1" index="3" bw="1" slack="2147483647"/>
</pin_list>
<bind>
<opcode="readreq(1154) " fcode="readreq"/>
<opset="empty_20/16 "/>
</bind>
</comp>

<comp id="146" class="1004" name="grp_writeresp_fu_146">
<pin_list>
<pin id="147" dir="0" index="0" bw="1" slack="0"/>
<pin id="148" dir="0" index="1" bw="32" slack="0"/>
<pin id="149" dir="0" index="2" bw="32" slack="2"/>
<pin id="150" dir="1" index="3" bw="1" slack="2147483647"/>
</pin_list>
<bind>
<opcode="writereq(1155) writeresp(1158) " fcode="writeresp"/>
<opset="empty_21/27 empty_22/30 "/>
</bind>
</comp>

<comp id="153" class="1004" name="grp_matprod_Pipeline_1_fu_153">
<pin_list>
<pin id="154" dir="0" index="0" bw="0" slack="0"/>
<pin id="155" dir="0" index="1" bw="32" slack="0"/>
<pin id="156" dir="0" index="2" bw="62" slack="8"/>
<pin id="157" dir="0" index="3" bw="32" slack="2147483647"/>
<pin id="158" dir="0" index="4" bw="32" slack="9"/>
<pin id="159" dir="1" index="5" bw="0" slack="2147483647"/>
</pin_list>
<bind>
<opcode="call(48) " fcode="call"/>
<opset="call_ln6/12 "/>
</bind>
</comp>

<comp id="162" class="1004" name="grp_matprod_Pipeline_2_fu_162">
<pin_list>
<pin id="163" dir="0" index="0" bw="0" slack="0"/>
<pin id="164" dir="0" index="1" bw="32" slack="0"/>
<pin id="165" dir="0" index="2" bw="62" slack="8"/>
<pin id="166" dir="0" index="3" bw="32" slack="2147483647"/>
<pin id="167" dir="0" index="4" bw="32" slack="9"/>
<pin id="168" dir="1" index="5" bw="0" slack="2147483647"/>
</pin_list>
<bind>
<opcode="call(48) " fcode="call"/>
<opset="call_ln6/23 "/>
</bind>
</comp>

<comp id="171" class="1004" name="grp_matprod_Pipeline_VITIS_LOOP_26_1_fu_171">
<pin_list>
<pin id="172" dir="0" index="0" bw="0" slack="0"/>
<pin id="173" dir="0" index="1" bw="32" slack="24"/>
<pin id="174" dir="0" index="2" bw="10" slack="24"/>
<pin id="175" dir="0" index="3" bw="32" slack="2147483647"/>
<pin id="176" dir="0" index="4" bw="10" slack="24"/>
<pin id="177" dir="0" index="5" bw="32" slack="2147483647"/>
<pin id="178" dir="0" index="6" bw="32" slack="24"/>
<pin id="179" dir="0" index="7" bw="32" slack="2147483647"/>
<pin id="180" dir="0" index="8" bw="32" slack="24"/>
<pin id="181" dir="0" index="9" bw="32" slack="0"/>
<pin id="182" dir="1" index="10" bw="0" slack="2147483647"/>
</pin_list>
<bind>
<opcode="call(48) " fcode="call"/>
<opset="call_ln6/25 "/>
</bind>
</comp>

<comp id="185" class="1004" name="grp_matprod_Pipeline_4_fu_185">
<pin_list>
<pin id="186" dir="0" index="0" bw="0" slack="0"/>
<pin id="187" dir="0" index="1" bw="32" slack="0"/>
<pin id="188" dir="0" index="2" bw="62" slack="2"/>
<pin id="189" dir="0" index="3" bw="32" slack="2147483647"/>
<pin id="190" dir="0" index="4" bw="32" slack="3"/>
<pin id="191" dir="1" index="5" bw="0" slack="2147483647"/>
</pin_list>
<bind>
<opcode="call(48) " fcode="call"/>
<opset="call_ln6/28 "/>
</bind>
</comp>

<comp id="194" class="1004" name="trunc_ln6_fu_194">
<pin_list>
<pin id="195" dir="0" index="0" bw="32" slack="0"/>
<pin id="196" dir="1" index="1" bw="10" slack="24"/>
</pin_list>
<bind>
<opcode="trunc(33) " fcode="trunc"/>
<opset="trunc_ln6/1 "/>
</bind>
</comp>

<comp id="198" class="1004" name="trunc_ln6_1_fu_198">
<pin_list>
<pin id="199" dir="0" index="0" bw="32" slack="0"/>
<pin id="200" dir="1" index="1" bw="10" slack="24"/>
</pin_list>
<bind>
<opcode="trunc(33) " fcode="trunc"/>
<opset="trunc_ln6_1/1 "/>
</bind>
</comp>

<comp id="202" class="1004" name="grp_fu_202">
<pin_list>
<pin id="203" dir="0" index="0" bw="32" slack="1"/>
<pin id="204" dir="0" index="1" bw="32" slack="1"/>
<pin id="205" dir="1" index="2" bw="32" slack="1"/>
</pin_list>
<bind>
<opcode="mul(12) " fcode="mul"/>
<opset="mul_ln23/2 "/>
</bind>
</comp>

<comp id="206" class="1004" name="icmp_ln23_fu_206">
<pin_list>
<pin id="207" dir="0" index="0" bw="32" slack="1"/>
<pin id="208" dir="0" index="1" bw="1" slack="0"/>
<pin id="209" dir="1" index="2" bw="1" slack="9"/>
</pin_list>
<bind>
<opcode="icmp(45) " fcode="icmp"/>
<opset="icmp_ln23/4 "/>
</bind>
</comp>

<comp id="211" class="1004" name="p_cast_fu_211">
<pin_list>
<pin id="212" dir="0" index="0" bw="62" slack="0"/>
<pin id="213" dir="0" index="1" bw="64" slack="3"/>
<pin id="214" dir="0" index="2" bw="3" slack="0"/>
<pin id="215" dir="0" index="3" bw="7" slack="0"/>
<pin id="216" dir="1" index="4" bw="62" slack="1"/>
</pin_list>
<bind>
<opcode="partselect(1002) " fcode="partselect"/>
<opset="p_cast/4 "/>
</bind>
</comp>

<comp id="220" class="1004" name="p_cast_cast_fu_220">
<pin_list>
<pin id="221" dir="0" index="0" bw="62" slack="1"/>
<pin id="222" dir="1" index="1" bw="64" slack="0"/>
</pin_list>
<bind>
<opcode="sext(35) " fcode="sext"/>
<opset="p_cast_cast/5 "/>
</bind>
</comp>

<comp id="223" class="1004" name="gmem_addr_fu_223">
<pin_list>
<pin id="224" dir="0" index="0" bw="32" slack="0"/>
<pin id="225" dir="0" index="1" bw="62" slack="0"/>
<pin id="226" dir="1" index="2" bw="32" slack="0"/>
</pin_list>
<bind>
<opcode="getelementptr(29) " fcode="getelementptr"/>
<opset="gmem_addr/5 "/>
</bind>
</comp>

<comp id="230" class="1004" name="grp_fu_230">
<pin_list>
<pin id="231" dir="0" index="0" bw="32" slack="12"/>
<pin id="232" dir="0" index="1" bw="32" slack="12"/>
<pin id="233" dir="1" index="2" bw="32" slack="1"/>
</pin_list>
<bind>
<opcode="mul(12) " fcode="mul"/>
<opset="mul_ln24/13 "/>
</bind>
</comp>

<comp id="234" class="1004" name="icmp_ln24_fu_234">
<pin_list>
<pin id="235" dir="0" index="0" bw="32" slack="1"/>
<pin id="236" dir="0" index="1" bw="1" slack="0"/>
<pin id="237" dir="1" index="2" bw="1" slack="9"/>
</pin_list>
<bind>
<opcode="icmp(45) " fcode="icmp"/>
<opset="icmp_ln24/15 "/>
</bind>
</comp>

<comp id="239" class="1004" name="p_cast1_fu_239">
<pin_list>
<pin id="240" dir="0" index="0" bw="62" slack="0"/>
<pin id="241" dir="0" index="1" bw="64" slack="14"/>
<pin id="242" dir="0" index="2" bw="3" slack="0"/>
<pin id="243" dir="0" index="3" bw="7" slack="0"/>
<pin id="244" dir="1" index="4" bw="62" slack="1"/>
</pin_list>
<bind>
<opcode="partselect(1002) " fcode="partselect"/>
<opset="p_cast1/15 "/>
</bind>
</comp>

<comp id="248" class="1004" name="p_cast1_cast_fu_248">
<pin_list>
<pin id="249" dir="0" index="0" bw="62" slack="1"/>
<pin id="250" dir="1" index="1" bw="64" slack="0"/>
</pin_list>
<bind>
<opcode="sext(35) " fcode="sext"/>
<opset="p_cast1_cast/16 "/>
</bind>
</comp>

<comp id="251" class="1004" name="gmem_addr_1_fu_251">
<pin_list>
<pin id="252" dir="0" index="0" bw="32" slack="0"/>
<pin id="253" dir="0" index="1" bw="62" slack="0"/>
<pin id="254" dir="1" index="2" bw="32" slack="0"/>
</pin_list>
<bind>
<opcode="getelementptr(29) " fcode="getelementptr"/>
<opset="gmem_addr_1/16 "/>
</bind>
</comp>

<comp id="258" class="1004" name="grp_fu_258">
<pin_list>
<pin id="259" dir="0" index="0" bw="32" slack="23"/>
<pin id="260" dir="0" index="1" bw="32" slack="23"/>
<pin id="261" dir="1" index="2" bw="32" slack="1"/>
</pin_list>
<bind>
<opcode="mul(12) " fcode="mul"/>
<opset="mul_ln42/24 "/>
</bind>
</comp>

<comp id="262" class="1004" name="icmp_ln42_fu_262">
<pin_list>
<pin id="263" dir="0" index="0" bw="32" slack="1"/>
<pin id="264" dir="0" index="1" bw="1" slack="0"/>
<pin id="265" dir="1" index="2" bw="1" slack="8"/>
</pin_list>
<bind>
<opcode="icmp(45) " fcode="icmp"/>
<opset="icmp_ln42/26 "/>
</bind>
</comp>

<comp id="267" class="1004" name="p_cast3_fu_267">
<pin_list>
<pin id="268" dir="0" index="0" bw="62" slack="0"/>
<pin id="269" dir="0" index="1" bw="64" slack="25"/>
<pin id="270" dir="0" index="2" bw="3" slack="0"/>
<pin id="271" dir="0" index="3" bw="7" slack="0"/>
<pin id="272" dir="1" index="4" bw="62" slack="1"/>
</pin_list>
<bind>
<opcode="partselect(1002) " fcode="partselect"/>
<opset="p_cast3/26 "/>
</bind>
</comp>

<comp id="276" class="1004" name="p_cast3_cast_fu_276">
<pin_list>
<pin id="277" dir="0" index="0" bw="62" slack="1"/>
<pin id="278" dir="1" index="1" bw="64" slack="0"/>
</pin_list>
<bind>
<opcode="sext(35) " fcode="sext"/>
<opset="p_cast3_cast/27 "/>
</bind>
</comp>

<comp id="279" class="1004" name="gmem_addr_2_fu_279">
<pin_list>
<pin id="280" dir="0" index="0" bw="32" slack="0"/>
<pin id="281" dir="0" index="1" bw="62" slack="0"/>
<pin id="282" dir="1" index="2" bw="32" slack="0"/>
</pin_list>
<bind>
<opcode="getelementptr(29) " fcode="getelementptr"/>
<opset="gmem_addr_2/27 "/>
</bind>
</comp>

<comp id="286" class="1005" name="N3_read_reg_286">
<pin_list>
<pin id="287" dir="0" index="0" bw="32" slack="12"/>
<pin id="288" dir="1" index="1" bw="32" slack="12"/>
</pin_list>
<bind>
<opset="N3_read "/>
</bind>
</comp>

<comp id="293" class="1005" name="N2_read_reg_293">
<pin_list>
<pin id="294" dir="0" index="0" bw="32" slack="1"/>
<pin id="295" dir="1" index="1" bw="32" slack="1"/>
</pin_list>
<bind>
<opset="N2_read "/>
</bind>
</comp>

<comp id="300" class="1005" name="N1_read_reg_300">
<pin_list>
<pin id="301" dir="0" index="0" bw="32" slack="1"/>
<pin id="302" dir="1" index="1" bw="32" slack="1"/>
</pin_list>
<bind>
<opset="N1_read "/>
</bind>
</comp>

<comp id="307" class="1005" name="m3_read_reg_307">
<pin_list>
<pin id="308" dir="0" index="0" bw="64" slack="25"/>
<pin id="309" dir="1" index="1" bw="64" slack="25"/>
</pin_list>
<bind>
<opset="m3_read "/>
</bind>
</comp>

<comp id="312" class="1005" name="m2_read_reg_312">
<pin_list>
<pin id="313" dir="0" index="0" bw="64" slack="14"/>
<pin id="314" dir="1" index="1" bw="64" slack="14"/>
</pin_list>
<bind>
<opset="m2_read "/>
</bind>
</comp>

<comp id="317" class="1005" name="m1_read_reg_317">
<pin_list>
<pin id="318" dir="0" index="0" bw="64" slack="3"/>
<pin id="319" dir="1" index="1" bw="64" slack="3"/>
</pin_list>
<bind>
<opset="m1_read "/>
</bind>
</comp>

<comp id="322" class="1005" name="trunc_ln6_reg_322">
<pin_list>
<pin id="323" dir="0" index="0" bw="10" slack="24"/>
<pin id="324" dir="1" index="1" bw="10" slack="24"/>
</pin_list>
<bind>
<opset="trunc_ln6 "/>
</bind>
</comp>

<comp id="327" class="1005" name="trunc_ln6_1_reg_327">
<pin_list>
<pin id="328" dir="0" index="0" bw="10" slack="24"/>
<pin id="329" dir="1" index="1" bw="10" slack="24"/>
</pin_list>
<bind>
<opset="trunc_ln6_1 "/>
</bind>
</comp>

<comp id="332" class="1005" name="mul_ln23_reg_332">
<pin_list>
<pin id="333" dir="0" index="0" bw="32" slack="1"/>
<pin id="334" dir="1" index="1" bw="32" slack="1"/>
</pin_list>
<bind>
<opset="mul_ln23 "/>
</bind>
</comp>

<comp id="339" class="1005" name="icmp_ln23_reg_339">
<pin_list>
<pin id="340" dir="0" index="0" bw="1" slack="9"/>
<pin id="341" dir="1" index="1" bw="1" slack="2147483647"/>
</pin_list>
<bind>
<opset="icmp_ln23 "/>
</bind>
</comp>

<comp id="343" class="1005" name="p_cast_reg_343">
<pin_list>
<pin id="344" dir="0" index="0" bw="62" slack="1"/>
<pin id="345" dir="1" index="1" bw="62" slack="1"/>
</pin_list>
<bind>
<opset="p_cast "/>
</bind>
</comp>

<comp id="349" class="1005" name="gmem_addr_reg_349">
<pin_list>
<pin id="350" dir="0" index="0" bw="32" slack="1"/>
<pin id="351" dir="1" index="1" bw="32" slack="1"/>
</pin_list>
<bind>
<opset="gmem_addr "/>
</bind>
</comp>

<comp id="354" class="1005" name="mul_ln24_reg_354">
<pin_list>
<pin id="355" dir="0" index="0" bw="32" slack="1"/>
<pin id="356" dir="1" index="1" bw="32" slack="1"/>
</pin_list>
<bind>
<opset="mul_ln24 "/>
</bind>
</comp>

<comp id="361" class="1005" name="icmp_ln24_reg_361">
<pin_list>
<pin id="362" dir="0" index="0" bw="1" slack="9"/>
<pin id="363" dir="1" index="1" bw="1" slack="2147483647"/>
</pin_list>
<bind>
<opset="icmp_ln24 "/>
</bind>
</comp>

<comp id="365" class="1005" name="p_cast1_reg_365">
<pin_list>
<pin id="366" dir="0" index="0" bw="62" slack="1"/>
<pin id="367" dir="1" index="1" bw="62" slack="1"/>
</pin_list>
<bind>
<opset="p_cast1 "/>
</bind>
</comp>

<comp id="371" class="1005" name="gmem_addr_1_reg_371">
<pin_list>
<pin id="372" dir="0" index="0" bw="32" slack="1"/>
<pin id="373" dir="1" index="1" bw="32" slack="1"/>
</pin_list>
<bind>
<opset="gmem_addr_1 "/>
</bind>
</comp>

<comp id="376" class="1005" name="mul_ln42_reg_376">
<pin_list>
<pin id="377" dir="0" index="0" bw="32" slack="1"/>
<pin id="378" dir="1" index="1" bw="32" slack="1"/>
</pin_list>
<bind>
<opset="mul_ln42 "/>
</bind>
</comp>

<comp id="383" class="1005" name="icmp_ln42_reg_383">
<pin_list>
<pin id="384" dir="0" index="0" bw="1" slack="8"/>
<pin id="385" dir="1" index="1" bw="1" slack="2147483647"/>
</pin_list>
<bind>
<opset="icmp_ln42 "/>
</bind>
</comp>

<comp id="387" class="1005" name="p_cast3_reg_387">
<pin_list>
<pin id="388" dir="0" index="0" bw="62" slack="1"/>
<pin id="389" dir="1" index="1" bw="62" slack="1"/>
</pin_list>
<bind>
<opset="p_cast3 "/>
</bind>
</comp>

<comp id="393" class="1005" name="gmem_addr_2_reg_393">
<pin_list>
<pin id="394" dir="0" index="0" bw="32" slack="3"/>
<pin id="395" dir="1" index="1" bw="32" slack="3"/>
</pin_list>
<bind>
<opset="gmem_addr_2 "/>
</bind>
</comp>

</comp_list>

<net_list>
<net id="89"><net_src comp="20" pin="0"/><net_sink comp="86" pin=0"/></net>

<net id="93"><net_src comp="20" pin="0"/><net_sink comp="90" pin=0"/></net>

<net id="97"><net_src comp="20" pin="0"/><net_sink comp="94" pin=0"/></net>

<net id="102"><net_src comp="16" pin="0"/><net_sink comp="98" pin=0"/></net>

<net id="103"><net_src comp="12" pin="0"/><net_sink comp="98" pin=1"/></net>

<net id="108"><net_src comp="16" pin="0"/><net_sink comp="104" pin=0"/></net>

<net id="109"><net_src comp="10" pin="0"/><net_sink comp="104" pin=1"/></net>

<net id="114"><net_src comp="16" pin="0"/><net_sink comp="110" pin=0"/></net>

<net id="115"><net_src comp="8" pin="0"/><net_sink comp="110" pin=1"/></net>

<net id="120"><net_src comp="18" pin="0"/><net_sink comp="116" pin=0"/></net>

<net id="121"><net_src comp="6" pin="0"/><net_sink comp="116" pin=1"/></net>

<net id="126"><net_src comp="18" pin="0"/><net_sink comp="122" pin=0"/></net>

<net id="127"><net_src comp="4" pin="0"/><net_sink comp="122" pin=1"/></net>

<net id="132"><net_src comp="18" pin="0"/><net_sink comp="128" pin=0"/></net>

<net id="133"><net_src comp="2" pin="0"/><net_sink comp="128" pin=1"/></net>

<net id="139"><net_src comp="72" pin="0"/><net_sink comp="134" pin=0"/></net>

<net id="145"><net_src comp="72" pin="0"/><net_sink comp="140" pin=0"/></net>

<net id="151"><net_src comp="80" pin="0"/><net_sink comp="146" pin=0"/></net>

<net id="152"><net_src comp="84" pin="0"/><net_sink comp="146" pin=0"/></net>

<net id="160"><net_src comp="74" pin="0"/><net_sink comp="153" pin=0"/></net>

<net id="161"><net_src comp="0" pin="0"/><net_sink comp="153" pin=1"/></net>

<net id="169"><net_src comp="76" pin="0"/><net_sink comp="162" pin=0"/></net>

<net id="170"><net_src comp="0" pin="0"/><net_sink comp="162" pin=1"/></net>

<net id="183"><net_src comp="78" pin="0"/><net_sink comp="171" pin=0"/></net>

<net id="184"><net_src comp="14" pin="0"/><net_sink comp="171" pin=9"/></net>

<net id="192"><net_src comp="82" pin="0"/><net_sink comp="185" pin=0"/></net>

<net id="193"><net_src comp="0" pin="0"/><net_sink comp="185" pin=1"/></net>

<net id="197"><net_src comp="98" pin="2"/><net_sink comp="194" pin=0"/></net>

<net id="201"><net_src comp="104" pin="2"/><net_sink comp="198" pin=0"/></net>

<net id="210"><net_src comp="30" pin="0"/><net_sink comp="206" pin=1"/></net>

<net id="217"><net_src comp="66" pin="0"/><net_sink comp="211" pin=0"/></net>

<net id="218"><net_src comp="68" pin="0"/><net_sink comp="211" pin=2"/></net>

<net id="219"><net_src comp="70" pin="0"/><net_sink comp="211" pin=3"/></net>

<net id="227"><net_src comp="0" pin="0"/><net_sink comp="223" pin=0"/></net>

<net id="228"><net_src comp="220" pin="1"/><net_sink comp="223" pin=1"/></net>

<net id="229"><net_src comp="223" pin="2"/><net_sink comp="134" pin=1"/></net>

<net id="238"><net_src comp="30" pin="0"/><net_sink comp="234" pin=1"/></net>

<net id="245"><net_src comp="66" pin="0"/><net_sink comp="239" pin=0"/></net>

<net id="246"><net_src comp="68" pin="0"/><net_sink comp="239" pin=2"/></net>

<net id="247"><net_src comp="70" pin="0"/><net_sink comp="239" pin=3"/></net>

<net id="255"><net_src comp="0" pin="0"/><net_sink comp="251" pin=0"/></net>

<net id="256"><net_src comp="248" pin="1"/><net_sink comp="251" pin=1"/></net>

<net id="257"><net_src comp="251" pin="2"/><net_sink comp="140" pin=1"/></net>

<net id="266"><net_src comp="30" pin="0"/><net_sink comp="262" pin=1"/></net>

<net id="273"><net_src comp="66" pin="0"/><net_sink comp="267" pin=0"/></net>

<net id="274"><net_src comp="68" pin="0"/><net_sink comp="267" pin=2"/></net>

<net id="275"><net_src comp="70" pin="0"/><net_sink comp="267" pin=3"/></net>

<net id="283"><net_src comp="0" pin="0"/><net_sink comp="279" pin=0"/></net>

<net id="284"><net_src comp="276" pin="1"/><net_sink comp="279" pin=1"/></net>

<net id="285"><net_src comp="279" pin="2"/><net_sink comp="146" pin=1"/></net>

<net id="289"><net_src comp="98" pin="2"/><net_sink comp="286" pin=0"/></net>

<net id="290"><net_src comp="286" pin="1"/><net_sink comp="230" pin=0"/></net>

<net id="291"><net_src comp="286" pin="1"/><net_sink comp="258" pin=0"/></net>

<net id="292"><net_src comp="286" pin="1"/><net_sink comp="171" pin=8"/></net>

<net id="296"><net_src comp="104" pin="2"/><net_sink comp="293" pin=0"/></net>

<net id="297"><net_src comp="293" pin="1"/><net_sink comp="202" pin=0"/></net>

<net id="298"><net_src comp="293" pin="1"/><net_sink comp="230" pin=1"/></net>

<net id="299"><net_src comp="293" pin="1"/><net_sink comp="171" pin=6"/></net>

<net id="303"><net_src comp="110" pin="2"/><net_sink comp="300" pin=0"/></net>

<net id="304"><net_src comp="300" pin="1"/><net_sink comp="202" pin=1"/></net>

<net id="305"><net_src comp="300" pin="1"/><net_sink comp="258" pin=1"/></net>

<net id="306"><net_src comp="300" pin="1"/><net_sink comp="171" pin=1"/></net>

<net id="310"><net_src comp="116" pin="2"/><net_sink comp="307" pin=0"/></net>

<net id="311"><net_src comp="307" pin="1"/><net_sink comp="267" pin=1"/></net>

<net id="315"><net_src comp="122" pin="2"/><net_sink comp="312" pin=0"/></net>

<net id="316"><net_src comp="312" pin="1"/><net_sink comp="239" pin=1"/></net>

<net id="320"><net_src comp="128" pin="2"/><net_sink comp="317" pin=0"/></net>

<net id="321"><net_src comp="317" pin="1"/><net_sink comp="211" pin=1"/></net>

<net id="325"><net_src comp="194" pin="1"/><net_sink comp="322" pin=0"/></net>

<net id="326"><net_src comp="322" pin="1"/><net_sink comp="171" pin=4"/></net>

<net id="330"><net_src comp="198" pin="1"/><net_sink comp="327" pin=0"/></net>

<net id="331"><net_src comp="327" pin="1"/><net_sink comp="171" pin=2"/></net>

<net id="335"><net_src comp="202" pin="2"/><net_sink comp="332" pin=0"/></net>

<net id="336"><net_src comp="332" pin="1"/><net_sink comp="206" pin=0"/></net>

<net id="337"><net_src comp="332" pin="1"/><net_sink comp="134" pin=2"/></net>

<net id="338"><net_src comp="332" pin="1"/><net_sink comp="153" pin=4"/></net>

<net id="342"><net_src comp="206" pin="2"/><net_sink comp="339" pin=0"/></net>

<net id="346"><net_src comp="211" pin="4"/><net_sink comp="343" pin=0"/></net>

<net id="347"><net_src comp="343" pin="1"/><net_sink comp="220" pin=0"/></net>

<net id="348"><net_src comp="343" pin="1"/><net_sink comp="153" pin=2"/></net>

<net id="352"><net_src comp="223" pin="2"/><net_sink comp="349" pin=0"/></net>

<net id="353"><net_src comp="349" pin="1"/><net_sink comp="134" pin=1"/></net>

<net id="357"><net_src comp="230" pin="2"/><net_sink comp="354" pin=0"/></net>

<net id="358"><net_src comp="354" pin="1"/><net_sink comp="234" pin=0"/></net>

<net id="359"><net_src comp="354" pin="1"/><net_sink comp="140" pin=2"/></net>

<net id="360"><net_src comp="354" pin="1"/><net_sink comp="162" pin=4"/></net>

<net id="364"><net_src comp="234" pin="2"/><net_sink comp="361" pin=0"/></net>

<net id="368"><net_src comp="239" pin="4"/><net_sink comp="365" pin=0"/></net>

<net id="369"><net_src comp="365" pin="1"/><net_sink comp="248" pin=0"/></net>

<net id="370"><net_src comp="365" pin="1"/><net_sink comp="162" pin=2"/></net>

<net id="374"><net_src comp="251" pin="2"/><net_sink comp="371" pin=0"/></net>

<net id="375"><net_src comp="371" pin="1"/><net_sink comp="140" pin=1"/></net>

<net id="379"><net_src comp="258" pin="2"/><net_sink comp="376" pin=0"/></net>

<net id="380"><net_src comp="376" pin="1"/><net_sink comp="262" pin=0"/></net>

<net id="381"><net_src comp="376" pin="1"/><net_sink comp="146" pin=2"/></net>

<net id="382"><net_src comp="376" pin="1"/><net_sink comp="185" pin=4"/></net>

<net id="386"><net_src comp="262" pin="2"/><net_sink comp="383" pin=0"/></net>

<net id="390"><net_src comp="267" pin="4"/><net_sink comp="387" pin=0"/></net>

<net id="391"><net_src comp="387" pin="1"/><net_sink comp="276" pin=0"/></net>

<net id="392"><net_src comp="387" pin="1"/><net_sink comp="185" pin=2"/></net>

<net id="396"><net_src comp="279" pin="2"/><net_sink comp="393" pin=0"/></net>

<net id="397"><net_src comp="393" pin="1"/><net_sink comp="146" pin=1"/></net>

</net_list>

</model> 
---------------- Datapath Model END ------------------

* FSMD analyzer results:
  - Output states:
	Port: gmem | {27 28 29 30 31 32 33 34 }
	Port: regc | {25 26 }
 - Input state : 
	Port: matprod : gmem | {5 6 7 8 9 10 11 12 13 16 17 18 19 20 21 22 23 24 }
	Port: matprod : m1 | {1 }
	Port: matprod : m2 | {1 }
	Port: matprod : m3 | {1 }
	Port: matprod : N1 | {1 }
	Port: matprod : N2 | {1 }
	Port: matprod : N3 | {1 }
	Port: matprod : regc | {25 26 }
  - Chain level:
	State 1
	State 2
	State 3
	State 4
		br_ln23 : 1
	State 5
		gmem_addr : 1
		empty : 2
	State 6
	State 7
	State 8
	State 9
	State 10
	State 11
	State 12
	State 13
	State 14
	State 15
		br_ln24 : 1
	State 16
		gmem_addr_1 : 1
		empty_20 : 2
	State 17
	State 18
	State 19
	State 20
	State 21
	State 22
	State 23
	State 24
	State 25
	State 26
		br_ln42 : 1
	State 27
		gmem_addr_2 : 1
		empty_21 : 2
	State 28
	State 29
	State 30
	State 31
	State 32
	State 33
	State 34


============================================================
+ Verbose Summary: Datapath Resource usage 
============================================================

* Functional unit list:
|----------|---------------------------------------------|---------|---------|---------|---------|
| Operation|               Functional Unit               |   DSP   |  Delay  |    FF   |   LUT   |
|----------|---------------------------------------------|---------|---------|---------|---------|
|          |        grp_matprod_Pipeline_1_fu_153        |    0    |    0    |   345   |    97   |
|   call   |        grp_matprod_Pipeline_2_fu_162        |    0    |    0    |   345   |    97   |
|          | grp_matprod_Pipeline_VITIS_LOOP_26_1_fu_171 |    6    | 11.3024 |   633   |   441   |
|          |        grp_matprod_Pipeline_4_fu_185        |    0    |   1.61  |   293   |   106   |
|----------|---------------------------------------------|---------|---------|---------|---------|
|          |                  grp_fu_202                 |    3    |    0    |   165   |    50   |
|    mul   |                  grp_fu_230                 |    3    |    0    |   165   |    50   |
|          |                  grp_fu_258                 |    3    |    0    |   165   |    50   |
|----------|---------------------------------------------|---------|---------|---------|---------|
|          |               icmp_ln23_fu_206              |    0    |    0    |    0    |    18   |
|   icmp   |               icmp_ln24_fu_234              |    0    |    0    |    0    |    18   |
|          |               icmp_ln42_fu_262              |    0    |    0    |    0    |    18   |
|----------|---------------------------------------------|---------|---------|---------|---------|
|          |              N3_read_read_fu_98             |    0    |    0    |    0    |    0    |
|          |             N2_read_read_fu_104             |    0    |    0    |    0    |    0    |
|   read   |             N1_read_read_fu_110             |    0    |    0    |    0    |    0    |
|          |             m3_read_read_fu_116             |    0    |    0    |    0    |    0    |
|          |             m2_read_read_fu_122             |    0    |    0    |    0    |    0    |
|          |             m1_read_read_fu_128             |    0    |    0    |    0    |    0    |
|----------|---------------------------------------------|---------|---------|---------|---------|
|  readreq |              grp_readreq_fu_134             |    0    |    0    |    0    |    0    |
|          |              grp_readreq_fu_140             |    0    |    0    |    0    |    0    |
|----------|---------------------------------------------|---------|---------|---------|---------|
| writeresp|             grp_writeresp_fu_146            |    0    |    0    |    0    |    0    |
|----------|---------------------------------------------|---------|---------|---------|---------|
|   trunc  |               trunc_ln6_fu_194              |    0    |    0    |    0    |    0    |
|          |              trunc_ln6_1_fu_198             |    0    |    0    |    0    |    0    |
|----------|---------------------------------------------|---------|---------|---------|---------|
|          |                p_cast_fu_211                |    0    |    0    |    0    |    0    |
|partselect|                p_cast1_fu_239               |    0    |    0    |    0    |    0    |
|          |                p_cast3_fu_267               |    0    |    0    |    0    |    0    |
|----------|---------------------------------------------|---------|---------|---------|---------|
|          |              p_cast_cast_fu_220             |    0    |    0    |    0    |    0    |
|   sext   |             p_cast1_cast_fu_248             |    0    |    0    |    0    |    0    |
|          |             p_cast3_cast_fu_276             |    0    |    0    |    0    |    0    |
|----------|---------------------------------------------|---------|---------|---------|---------|
|   Total  |                                             |    15   | 12.9124 |   2111  |   945   |
|----------|---------------------------------------------|---------|---------|---------|---------|

Memories:
+---------+--------+--------+--------+--------+
|         |  BRAM  |   FF   |   LUT  |  URAM  |
+---------+--------+--------+--------+--------+
|m1_buffer|    2   |    0   |    0   |    0   |
|m2_buffer|    2   |    0   |    0   |    0   |
|m3_buffer|    2   |    0   |    0   |    0   |
+---------+--------+--------+--------+--------+
|  Total  |    6   |    0   |    0   |    0   |
+---------+--------+--------+--------+--------+

* Register list:
+-------------------+--------+
|                   |   FF   |
+-------------------+--------+
|  N1_read_reg_300  |   32   |
|  N2_read_reg_293  |   32   |
|  N3_read_reg_286  |   32   |
|gmem_addr_1_reg_371|   32   |
|gmem_addr_2_reg_393|   32   |
| gmem_addr_reg_349 |   32   |
| icmp_ln23_reg_339 |    1   |
| icmp_ln24_reg_361 |    1   |
| icmp_ln42_reg_383 |    1   |
|  m1_read_reg_317  |   64   |
|  m2_read_reg_312  |   64   |
|  m3_read_reg_307  |   64   |
|  mul_ln23_reg_332 |   32   |
|  mul_ln24_reg_354 |   32   |
|  mul_ln42_reg_376 |   32   |
|  p_cast1_reg_365  |   62   |
|  p_cast3_reg_387  |   62   |
|   p_cast_reg_343  |   62   |
|trunc_ln6_1_reg_327|   10   |
| trunc_ln6_reg_322 |   10   |
+-------------------+--------+
|       Total       |   689  |
+-------------------+--------+

* Multiplexer (MUX) list: 
|----------------------|------|------|------|--------||---------||---------|
|         Comp         |  Pin | Size |  BW  | S x BW ||  Delay  ||   LUT   |
|----------------------|------|------|------|--------||---------||---------|
|  grp_readreq_fu_134  |  p1  |   2  |  32  |   64   ||    9    |
|  grp_readreq_fu_140  |  p1  |   2  |  32  |   64   ||    9    |
| grp_writeresp_fu_146 |  p0  |   2  |   1  |    2   |
| grp_writeresp_fu_146 |  p1  |   2  |  32  |   64   ||    9    |
|----------------------|------|------|------|--------||---------||---------|
|         Total        |      |      |      |   194  ||   6.44  ||    27   |
|----------------------|------|------|------|--------||---------||---------|



* Summary:
+-----------+--------+--------+--------+--------+--------+--------+
|           |  BRAM  |   DSP  |  Delay |   FF   |   LUT  |  URAM  |
+-----------+--------+--------+--------+--------+--------+--------+
|  Function |    -   |   15   |   12   |  2111  |   945  |    -   |
|   Memory  |    6   |    -   |    -   |    0   |    0   |    0   |
|Multiplexer|    -   |    -   |    6   |    -   |   27   |    -   |
|  Register |    -   |    -   |    -   |   689  |    -   |    -   |
+-----------+--------+--------+--------+--------+--------+--------+
|   Total   |    6   |   15   |   19   |  2800  |   972  |    0   |
+-----------+--------+--------+--------+--------+--------+--------+
