

================================================================
== Vitis HLS Report for 'matprod_Pipeline_VITIS_LOOP_24_2'
================================================================
* Date:           Tue Apr  2 20:24:21 2024

* Version:        2022.2 (Build 3670227 on Oct 13 2022)
* Project:        first_accel
* Solution:       solution1 (Vivado IP Flow Target)
* Product family: artix7
* Target device:  xc7a100t-csg324-1


================================================================
== Performance Estimates
================================================================
+ Timing: 
    * Summary: 
    +--------+----------+-----------+------------+
    |  Clock |  Target  | Estimated | Uncertainty|
    +--------+----------+-----------+------------+
    |ap_clk  |  20.00 ns|  14.600 ns|     5.40 ns|
    +--------+----------+-----------+------------+

+ Latency: 
    * Summary: 
    +---------+---------+----------+----------+-----+-----+---------+
    |  Latency (cycles) |  Latency (absolute) |  Interval | Pipeline|
    |   min   |   max   |    min   |    max   | min | max |   Type  |
    +---------+---------+----------+----------+-----+-----+---------+
    |        ?|        ?|         ?|         ?|    ?|    ?|       no|
    +---------+---------+----------+----------+-----+-----+---------+

    + Detail: 
        * Instance: 
        N/A

        * Loop: 
        +-------------------+---------+---------+----------+-----------+-----------+------+----------+
        |                   |  Latency (cycles) | Iteration|  Initiation Interval  | Trip |          |
        |     Loop Name     |   min   |   max   |  Latency |  achieved |   target  | Count| Pipelined|
        +-------------------+---------+---------+----------+-----------+-----------+------+----------+
        |- VITIS_LOOP_24_2  |        ?|        ?|         3|          1|          1|     ?|       yes|
        +-------------------+---------+---------+----------+-----------+-----------+------+----------+



================================================================
== Utilization Estimates
================================================================
* Summary: 
+-----------------+---------+-----+--------+-------+-----+
|       Name      | BRAM_18K| DSP |   FF   |  LUT  | URAM|
+-----------------+---------+-----+--------+-------+-----+
|DSP              |        -|    -|       -|      -|    -|
|Expression       |        -|    -|       0|     62|    -|
|FIFO             |        -|    -|       -|      -|    -|
|Instance         |        -|    -|       -|      -|    -|
|Memory           |        -|    -|       -|      -|    -|
|Multiplexer      |        -|    -|       -|     45|    -|
|Register         |        -|    -|      89|      -|    -|
+-----------------+---------+-----+--------+-------+-----+
|Total            |        0|    0|      89|    107|    0|
+-----------------+---------+-----+--------+-------+-----+
|Available        |      270|  240|  126800|  63400|    0|
+-----------------+---------+-----+--------+-------+-----+
|Utilization (%)  |        0|    0|      ~0|     ~0|    0|
+-----------------+---------+-----+--------+-------+-----+

+ Detail: 
    * Instance: 
    N/A

    * DSP: 
    N/A

    * Memory: 
    N/A

    * FIFO: 
    N/A

    * Expression: 
    +----------------------------------+----------+----+---+----+------------+------------+
    |           Variable Name          | Operation| DSP| FF| LUT| Bitwidth P0| Bitwidth P1|
    +----------------------------------+----------+----+---+----+------------+------------+
    |add_ln24_fu_104_p2                |         +|   0|  0|  38|          31|           1|
    |ap_block_pp0_stage0_11001         |       and|   0|  0|   2|           1|           1|
    |ap_block_state2_pp0_stage0_iter1  |       and|   0|  0|   2|           1|           1|
    |icmp_ln24_fu_98_p2                |      icmp|   0|  0|  18|          32|          32|
    |ap_enable_pp0                     |       xor|   0|  0|   2|           1|           2|
    +----------------------------------+----------+----+---+----+------------+------------+
    |Total                             |          |   0|  0|  62|          66|          37|
    +----------------------------------+----------+----+---+----+------------+------------+

    * Multiplexer: 
    +-------------------------+----+-----------+-----+-----------+
    |           Name          | LUT| Input Size| Bits| Total Bits|
    +-------------------------+----+-----------+-----+-----------+
    |ap_done_int              |   9|          2|    1|          2|
    |ap_enable_reg_pp0_iter2  |   9|          2|    1|          2|
    |ap_sig_allocacmp_i       |   9|          2|   31|         62|
    |gmem_blk_n_R             |   9|          2|    1|          2|
    |i_1_fu_48                |   9|          2|   31|         62|
    +-------------------------+----+-----------+-----+-----------+
    |Total                    |  45|         10|   65|        130|
    +-------------------------+----+-----------+-----+-----------+

    * Register: 
    +----------------------------------+----+----+-----+-----------+
    |               Name               | FF | LUT| Bits| Const Bits|
    +----------------------------------+----+----+-----+-----------+
    |ap_CS_fsm                         |   1|   0|    1|          0|
    |ap_done_reg                       |   1|   0|    1|          0|
    |ap_enable_reg_pp0_iter1           |   1|   0|    1|          0|
    |ap_enable_reg_pp0_iter2           |   1|   0|    1|          0|
    |ap_loop_exit_ready_pp0_iter1_reg  |   1|   0|    1|          0|
    |gmem_addr_read_reg_154            |  32|   0|   32|          0|
    |i_1_fu_48                         |  31|   0|   31|          0|
    |icmp_ln24_reg_145                 |   1|   0|    1|          0|
    |trunc_ln24_reg_149                |  10|   0|   10|          0|
    |trunc_ln24_reg_149_pp0_iter1_reg  |  10|   0|   10|          0|
    +----------------------------------+----+----+-----+-----------+
    |Total                             |  89|   0|   89|          0|
    +----------------------------------+----+----+-----+-----------+



================================================================
== Interface
================================================================
* Summary: 
+---------------------+-----+-----+------------+----------------------------------+--------------+
|      RTL Ports      | Dir | Bits|  Protocol  |           Source Object          |    C Type    |
+---------------------+-----+-----+------------+----------------------------------+--------------+
|ap_clk               |   in|    1|  ap_ctrl_hs|  matprod_Pipeline_VITIS_LOOP_24_2|  return value|
|ap_rst               |   in|    1|  ap_ctrl_hs|  matprod_Pipeline_VITIS_LOOP_24_2|  return value|
|ap_start             |   in|    1|  ap_ctrl_hs|  matprod_Pipeline_VITIS_LOOP_24_2|  return value|
|ap_done              |  out|    1|  ap_ctrl_hs|  matprod_Pipeline_VITIS_LOOP_24_2|  return value|
|ap_idle              |  out|    1|  ap_ctrl_hs|  matprod_Pipeline_VITIS_LOOP_24_2|  return value|
|ap_ready             |  out|    1|  ap_ctrl_hs|  matprod_Pipeline_VITIS_LOOP_24_2|  return value|
|m_axi_gmem_AWVALID   |  out|    1|       m_axi|                              gmem|       pointer|
|m_axi_gmem_AWREADY   |   in|    1|       m_axi|                              gmem|       pointer|
|m_axi_gmem_AWADDR    |  out|   32|       m_axi|                              gmem|       pointer|
|m_axi_gmem_AWID      |  out|    1|       m_axi|                              gmem|       pointer|
|m_axi_gmem_AWLEN     |  out|   32|       m_axi|                              gmem|       pointer|
|m_axi_gmem_AWSIZE    |  out|    3|       m_axi|                              gmem|       pointer|
|m_axi_gmem_AWBURST   |  out|    2|       m_axi|                              gmem|       pointer|
|m_axi_gmem_AWLOCK    |  out|    2|       m_axi|                              gmem|       pointer|
|m_axi_gmem_AWCACHE   |  out|    4|       m_axi|                              gmem|       pointer|
|m_axi_gmem_AWPROT    |  out|    3|       m_axi|                              gmem|       pointer|
|m_axi_gmem_AWQOS     |  out|    4|       m_axi|                              gmem|       pointer|
|m_axi_gmem_AWREGION  |  out|    4|       m_axi|                              gmem|       pointer|
|m_axi_gmem_AWUSER    |  out|    1|       m_axi|                              gmem|       pointer|
|m_axi_gmem_WVALID    |  out|    1|       m_axi|                              gmem|       pointer|
|m_axi_gmem_WREADY    |   in|    1|       m_axi|                              gmem|       pointer|
|m_axi_gmem_WDATA     |  out|   32|       m_axi|                              gmem|       pointer|
|m_axi_gmem_WSTRB     |  out|    4|       m_axi|                              gmem|       pointer|
|m_axi_gmem_WLAST     |  out|    1|       m_axi|                              gmem|       pointer|
|m_axi_gmem_WID       |  out|    1|       m_axi|                              gmem|       pointer|
|m_axi_gmem_WUSER     |  out|    1|       m_axi|                              gmem|       pointer|
|m_axi_gmem_ARVALID   |  out|    1|       m_axi|                              gmem|       pointer|
|m_axi_gmem_ARREADY   |   in|    1|       m_axi|                              gmem|       pointer|
|m_axi_gmem_ARADDR    |  out|   32|       m_axi|                              gmem|       pointer|
|m_axi_gmem_ARID      |  out|    1|       m_axi|                              gmem|       pointer|
|m_axi_gmem_ARLEN     |  out|   32|       m_axi|                              gmem|       pointer|
|m_axi_gmem_ARSIZE    |  out|    3|       m_axi|                              gmem|       pointer|
|m_axi_gmem_ARBURST   |  out|    2|       m_axi|                              gmem|       pointer|
|m_axi_gmem_ARLOCK    |  out|    2|       m_axi|                              gmem|       pointer|
|m_axi_gmem_ARCACHE   |  out|    4|       m_axi|                              gmem|       pointer|
|m_axi_gmem_ARPROT    |  out|    3|       m_axi|                              gmem|       pointer|
|m_axi_gmem_ARQOS     |  out|    4|       m_axi|                              gmem|       pointer|
|m_axi_gmem_ARREGION  |  out|    4|       m_axi|                              gmem|       pointer|
|m_axi_gmem_ARUSER    |  out|    1|       m_axi|                              gmem|       pointer|
|m_axi_gmem_RVALID    |   in|    1|       m_axi|                              gmem|       pointer|
|m_axi_gmem_RREADY    |  out|    1|       m_axi|                              gmem|       pointer|
|m_axi_gmem_RDATA     |   in|   32|       m_axi|                              gmem|       pointer|
|m_axi_gmem_RLAST     |   in|    1|       m_axi|                              gmem|       pointer|
|m_axi_gmem_RID       |   in|    1|       m_axi|                              gmem|       pointer|
|m_axi_gmem_RFIFONUM  |   in|    9|       m_axi|                              gmem|       pointer|
|m_axi_gmem_RUSER     |   in|    1|       m_axi|                              gmem|       pointer|
|m_axi_gmem_RRESP     |   in|    2|       m_axi|                              gmem|       pointer|
|m_axi_gmem_BVALID    |   in|    1|       m_axi|                              gmem|       pointer|
|m_axi_gmem_BREADY    |  out|    1|       m_axi|                              gmem|       pointer|
|m_axi_gmem_BRESP     |   in|    2|       m_axi|                              gmem|       pointer|
|m_axi_gmem_BID       |   in|    1|       m_axi|                              gmem|       pointer|
|m_axi_gmem_BUSER     |   in|    1|       m_axi|                              gmem|       pointer|
|sext_ln24            |   in|   30|     ap_none|                         sext_ln24|        scalar|
|mul6                 |   in|   32|     ap_none|                              mul6|        scalar|
|m2_buffer_address0   |  out|   10|   ap_memory|                         m2_buffer|         array|
|m2_buffer_ce0        |  out|    1|   ap_memory|                         m2_buffer|         array|
|m2_buffer_we0        |  out|    1|   ap_memory|                         m2_buffer|         array|
|m2_buffer_d0         |  out|   32|   ap_memory|                         m2_buffer|         array|
+---------------------+-----+-----+------------+----------------------------------+--------------+

============================================================
+ Verbose Summary: Synthesis Manager
============================================================
InlineROM: 1
ExposeGlobal: 0
============================================================
+ Verbose Summary: CDFG Model
============================================================
IsTopModel: 0
ResetActiveHigh: 1
IsCombinational: 2
IsDatapathOnly: 2
HasWiredReturn: 1
HasMFsm: 2
HasVarLatency: 1
IsPipeline: 0
IsRtlPipelined: 0
IsInstanceOverlapped: 0
IsDontTouch: 0
HasImplIP: 0
IsGatedGlobalClock: 0

+ Individual pipeline summary: 
  * Pipeline-0: initiation interval (II) = 1, depth = 3


============================================================
+ Verbose Summary: Schedule
============================================================
* Number of FSM states : 3
* Pipeline : 1
  Pipeline-0 : II = 1, D = 3, States = { 1 2 3 }
* Dataflow Pipeline: 0

* FSM state transitions: 
1 --> 2 
2 --> 3 
3 --> 

* FSM state operations: 

State 1 <SV = 0> <Delay = 4.27>
ST_1 : Operation 6 [1/1] (0.00ns)   --->   "%i_1 = alloca i32 1"   --->   Operation 6 'alloca' 'i_1' <Predicate = true> <Delay = 0.00>
ST_1 : Operation 7 [1/1] (0.00ns)   --->   "%mul6_read = read i32 @_ssdm_op_Read.ap_auto.i32, i32 %mul6"   --->   Operation 7 'read' 'mul6_read' <Predicate = true> <Delay = 0.00>
ST_1 : Operation 8 [1/1] (0.00ns)   --->   "%sext_ln24_read = read i30 @_ssdm_op_Read.ap_auto.i30, i30 %sext_ln24"   --->   Operation 8 'read' 'sext_ln24_read' <Predicate = true> <Delay = 0.00>
ST_1 : Operation 9 [1/1] (0.00ns)   --->   "%sext_ln24_cast = sext i30 %sext_ln24_read"   --->   Operation 9 'sext' 'sext_ln24_cast' <Predicate = true> <Delay = 0.00>
ST_1 : Operation 10 [1/1] (0.00ns)   --->   "%specinterface_ln0 = specinterface void @_ssdm_op_SpecInterface, i32 %gmem, void @empty, i32 0, i32 0, void @empty_0, i32 0, i32 64, void @empty_1, void @empty_2, void @empty_0, i32 16, i32 16, i32 16, i32 16, void @empty_0, void @empty_0, i32 4294967295, i32 0"   --->   Operation 10 'specinterface' 'specinterface_ln0' <Predicate = true> <Delay = 0.00>
ST_1 : Operation 11 [1/1] (1.61ns)   --->   "%store_ln0 = store i31 0, i31 %i_1"   --->   Operation 11 'store' 'store_ln0' <Predicate = true> <Delay = 1.61>
ST_1 : Operation 12 [1/1] (0.00ns)   --->   "%br_ln0 = br void %for.inc14"   --->   Operation 12 'br' 'br_ln0' <Predicate = true> <Delay = 0.00>
ST_1 : Operation 13 [1/1] (0.00ns)   --->   "%i = load i31 %i_1" [first_accel/matprod.cpp:24]   --->   Operation 13 'load' 'i' <Predicate = true> <Delay = 0.00>
ST_1 : Operation 14 [1/1] (0.00ns)   --->   "%i_1_cast = zext i31 %i" [first_accel/matprod.cpp:24]   --->   Operation 14 'zext' 'i_1_cast' <Predicate = true> <Delay = 0.00>
ST_1 : Operation 15 [1/1] (2.43ns)   --->   "%icmp_ln24 = icmp_slt  i32 %i_1_cast, i32 %mul6_read" [first_accel/matprod.cpp:24]   --->   Operation 15 'icmp' 'icmp_ln24' <Predicate = true> <Delay = 2.43> <CoreInst = "Cmp">   --->   Core 9 'Cmp' <Latency = 0> <II = 1> <Delay = 2.43> <FuncUnit> <Opcode : 'icmp'> <InPorts = 2> <OutPorts = 1>
ST_1 : Operation 16 [1/1] (2.66ns)   --->   "%add_ln24 = add i31 %i, i31 1" [first_accel/matprod.cpp:24]   --->   Operation 16 'add' 'add_ln24' <Predicate = true> <Delay = 2.66> <CoreInst = "Adder">   --->   Core 1 'Adder' <Latency = 0> <II = 1> <Delay = 2.66> <FuncUnit> <Opcode : 'add' 'sub'> <InPorts = 2> <OutPorts = 1>
ST_1 : Operation 17 [1/1] (0.00ns)   --->   "%br_ln24 = br i1 %icmp_ln24, void %VITIS_LOOP_26_3.loopexit.exitStub, void %for.inc14.split" [first_accel/matprod.cpp:24]   --->   Operation 17 'br' 'br_ln24' <Predicate = true> <Delay = 0.00>
ST_1 : Operation 18 [1/1] (0.00ns)   --->   "%trunc_ln24 = trunc i31 %i" [first_accel/matprod.cpp:24]   --->   Operation 18 'trunc' 'trunc_ln24' <Predicate = (icmp_ln24)> <Delay = 0.00>
ST_1 : Operation 19 [1/1] (1.61ns)   --->   "%store_ln24 = store i31 %add_ln24, i31 %i_1" [first_accel/matprod.cpp:24]   --->   Operation 19 'store' 'store_ln24' <Predicate = (icmp_ln24)> <Delay = 1.61>

State 2 <SV = 1> <Delay = 14.6>
ST_2 : Operation 20 [1/1] (0.00ns)   --->   "%specbitsmap_ln0 = specbitsmap void @_ssdm_op_SpecBitsMap, i32 %gmem"   --->   Operation 20 'specbitsmap' 'specbitsmap_ln0' <Predicate = true> <Delay = 0.00>
ST_2 : Operation 21 [1/1] (0.00ns)   --->   "%gmem_addr = getelementptr i32 %gmem, i32 %sext_ln24_cast" [first_accel/matprod.cpp:24]   --->   Operation 21 'getelementptr' 'gmem_addr' <Predicate = true> <Delay = 0.00>
ST_2 : Operation 22 [1/1] (0.00ns)   --->   "%specpipeline_ln0 = specpipeline void @_ssdm_op_SpecPipeline, i32 4294967295, i32 0, i32 1, i32 0, void @p_str"   --->   Operation 22 'specpipeline' 'specpipeline_ln0' <Predicate = true> <Delay = 0.00>
ST_2 : Operation 23 [1/1] (14.6ns)   --->   "%gmem_addr_read = read i32 @_ssdm_op_Read.m_axi.p1i32, i32 %gmem_addr" [first_accel/matprod.cpp:24]   --->   Operation 23 'read' 'gmem_addr_read' <Predicate = (icmp_ln24)> <Delay = 14.6> <CoreInst = "m_axi">   --->   Core 113 'm_axi' <Latency = 0> <II = 1> <Delay = 1.00> <Adapter> <Opcode : 'read' 'write' 'readreq' 'writereq' 'writeresp'>
ST_2 : Operation 30 [1/1] (0.00ns)   --->   "%ret_ln0 = ret"   --->   Operation 30 'ret' 'ret_ln0' <Predicate = (!icmp_ln24)> <Delay = 0.00>

State 3 <SV = 2> <Delay = 3.25>
ST_3 : Operation 24 [1/1] (0.00ns)   --->   "%specloopname_ln24 = specloopname void @_ssdm_op_SpecLoopName, void @empty_17" [first_accel/matprod.cpp:24]   --->   Operation 24 'specloopname' 'specloopname_ln24' <Predicate = true> <Delay = 0.00>
ST_3 : Operation 25 [1/1] (0.00ns)   --->   "%bitcast_ln24 = bitcast i32 %gmem_addr_read" [first_accel/matprod.cpp:24]   --->   Operation 25 'bitcast' 'bitcast_ln24' <Predicate = true> <Delay = 0.00>
ST_3 : Operation 26 [1/1] (0.00ns)   --->   "%zext_ln24 = zext i10 %trunc_ln24" [first_accel/matprod.cpp:24]   --->   Operation 26 'zext' 'zext_ln24' <Predicate = true> <Delay = 0.00>
ST_3 : Operation 27 [1/1] (0.00ns)   --->   "%m2_buffer_addr = getelementptr i32 %m2_buffer, i32 0, i32 %zext_ln24" [first_accel/matprod.cpp:24]   --->   Operation 27 'getelementptr' 'm2_buffer_addr' <Predicate = true> <Delay = 0.00>
ST_3 : Operation 28 [1/1] (3.25ns)   --->   "%store_ln24 = store i32 %bitcast_ln24, i10 %m2_buffer_addr" [first_accel/matprod.cpp:24]   --->   Operation 28 'store' 'store_ln24' <Predicate = true> <Delay = 3.25> <CoreInst = "RAM">   --->   Core 82 'RAM' <Latency = 1> <II = 1> <Delay = 3.25> <Storage> <Opcode : 'load' 'store'> <Ports = 2> <Width = 32> <Depth = 1024> <RAM>
ST_3 : Operation 29 [1/1] (0.00ns)   --->   "%br_ln24 = br void %for.inc14" [first_accel/matprod.cpp:24]   --->   Operation 29 'br' 'br_ln24' <Predicate = true> <Delay = 0.00>


============================================================
+ Verbose Summary: Binding
============================================================
STG Binding: 
---------------- STG Properties BEGIN ----------------
- Is combinational: 0
- Is one-state seq: 0
- Is datapath-only: 0
- Is pipelined: 0
- Is top level: 0
Port [ Return ] is wired: 1; IO mode=ap_ctrl_hs:ce=0
Port [ gmem]:  wired=1; compound=1; hidden=0; nouse=0; global=0; static=0; extern=0; dir=0; type=4; pingpong=0; private_global=0; IO mode=m_axi:ce=0
Port [ sext_ln24]:  wired=1; compound=0; hidden=0; nouse=0; global=0; static=0; extern=0; dir=0; type=0; pingpong=0; private_global=0; IO mode=ap_none:ce=0
Port [ mul6]:  wired=1; compound=0; hidden=0; nouse=0; global=0; static=0; extern=0; dir=0; type=0; pingpong=0; private_global=0; IO mode=ap_none:ce=0
Port [ m2_buffer]:  wired=1; compound=1; hidden=0; nouse=0; global=0; static=0; extern=0; dir=1; type=1; pingpong=0; private_global=0; MemPort=[03]; IO mode=ap_memory:ce=0
---------------- STG Properties END ------------------

---------------- Datapath Model BEGIN ----------------

<LifeTime>
<method=bitvector/>
i_1               (alloca       ) [ 0100]
mul6_read         (read         ) [ 0000]
sext_ln24_read    (read         ) [ 0000]
sext_ln24_cast    (sext         ) [ 0110]
specinterface_ln0 (specinterface) [ 0000]
store_ln0         (store        ) [ 0000]
br_ln0            (br           ) [ 0000]
i                 (load         ) [ 0000]
i_1_cast          (zext         ) [ 0000]
icmp_ln24         (icmp         ) [ 0110]
add_ln24          (add          ) [ 0000]
br_ln24           (br           ) [ 0000]
trunc_ln24        (trunc        ) [ 0111]
store_ln24        (store        ) [ 0000]
specbitsmap_ln0   (specbitsmap  ) [ 0000]
gmem_addr         (getelementptr) [ 0000]
specpipeline_ln0  (specpipeline ) [ 0000]
gmem_addr_read    (read         ) [ 0101]
specloopname_ln24 (specloopname ) [ 0000]
bitcast_ln24      (bitcast      ) [ 0000]
zext_ln24         (zext         ) [ 0000]
m2_buffer_addr    (getelementptr) [ 0000]
store_ln24        (store        ) [ 0000]
br_ln24           (br           ) [ 0000]
ret_ln0           (ret          ) [ 0000]
</LifeTime>

<model>

<comp_list>
<comp id="0" class="1000" name="gmem">
<pin_list>
<pin id="1" dir="1" index="0" bw="1" slack="0"/>
</pin_list>
<bind>
<StgValue><ssdm name="gmem"/></StgValue>
</bind>
</comp>

<comp id="2" class="1000" name="sext_ln24">
<pin_list>
<pin id="3" dir="1" index="0" bw="1" slack="0"/>
</pin_list>
<bind>
<StgValue><ssdm name="sext_ln24"/></StgValue>
</bind>
</comp>

<comp id="4" class="1000" name="mul6">
<pin_list>
<pin id="5" dir="1" index="0" bw="1" slack="0"/>
</pin_list>
<bind>
<StgValue><ssdm name="mul6"/></StgValue>
</bind>
</comp>

<comp id="6" class="1000" name="m2_buffer">
<pin_list>
<pin id="7" dir="1" index="0" bw="1" slack="0"/>
</pin_list>
<bind>
<StgValue><ssdm name="m2_buffer"/><MemPortTyVec>0 3 </MemPortTyVec>
</StgValue>
</bind>
</comp>

<comp id="8" class="1001" name="const_8">
<pin_list>
<pin id="9" dir="1" index="0" bw="1" slack="0"/>
</pin_list>
<bind>
<StgValue><ssdm name=""/></StgValue>
</bind>
</comp>

<comp id="10" class="1001" name="const_10">
<pin_list>
<pin id="11" dir="1" index="0" bw="1" slack="0"/>
</pin_list>
<bind>
<StgValue><ssdm name="_ssdm_op_Read.ap_auto.i32"/></StgValue>
</bind>
</comp>

<comp id="12" class="1001" name="const_12">
<pin_list>
<pin id="13" dir="1" index="0" bw="1" slack="0"/>
</pin_list>
<bind>
<StgValue><ssdm name="_ssdm_op_Read.ap_auto.i30"/></StgValue>
</bind>
</comp>

<comp id="14" class="1001" name="const_14">
<pin_list>
<pin id="15" dir="1" index="0" bw="1" slack="2147483647"/>
</pin_list>
<bind>
<StgValue><ssdm name="_ssdm_op_SpecInterface"/></StgValue>
</bind>
</comp>

<comp id="16" class="1001" name="const_16">
<pin_list>
<pin id="17" dir="1" index="0" bw="1" slack="2147483647"/>
</pin_list>
<bind>
<StgValue><ssdm name="empty"/></StgValue>
</bind>
</comp>

<comp id="18" class="1001" name="const_18">
<pin_list>
<pin id="19" dir="1" index="0" bw="1" slack="0"/>
</pin_list>
<bind>
<StgValue><ssdm name=""/></StgValue>
</bind>
</comp>

<comp id="20" class="1001" name="const_20">
<pin_list>
<pin id="21" dir="1" index="0" bw="1" slack="2147483647"/>
</pin_list>
<bind>
<StgValue><ssdm name="empty_0"/></StgValue>
</bind>
</comp>

<comp id="22" class="1001" name="const_22">
<pin_list>
<pin id="23" dir="1" index="0" bw="1" slack="2147483647"/>
</pin_list>
<bind>
<StgValue><ssdm name=""/></StgValue>
</bind>
</comp>

<comp id="24" class="1001" name="const_24">
<pin_list>
<pin id="25" dir="1" index="0" bw="1" slack="2147483647"/>
</pin_list>
<bind>
<StgValue><ssdm name="empty_1"/></StgValue>
</bind>
</comp>

<comp id="26" class="1001" name="const_26">
<pin_list>
<pin id="27" dir="1" index="0" bw="1" slack="2147483647"/>
</pin_list>
<bind>
<StgValue><ssdm name="empty_2"/></StgValue>
</bind>
</comp>

<comp id="28" class="1001" name="const_28">
<pin_list>
<pin id="29" dir="1" index="0" bw="1" slack="2147483647"/>
</pin_list>
<bind>
<StgValue><ssdm name=""/></StgValue>
</bind>
</comp>

<comp id="30" class="1001" name="const_30">
<pin_list>
<pin id="31" dir="1" index="0" bw="1" slack="2147483647"/>
</pin_list>
<bind>
<StgValue><ssdm name=""/></StgValue>
</bind>
</comp>

<comp id="32" class="1001" name="const_32">
<pin_list>
<pin id="33" dir="1" index="0" bw="1" slack="0"/>
</pin_list>
<bind>
<StgValue><ssdm name=""/></StgValue>
</bind>
</comp>

<comp id="34" class="1001" name="const_34">
<pin_list>
<pin id="35" dir="1" index="0" bw="1" slack="0"/>
</pin_list>
<bind>
<StgValue><ssdm name=""/></StgValue>
</bind>
</comp>

<comp id="36" class="1001" name="const_36">
<pin_list>
<pin id="37" dir="1" index="0" bw="1" slack="2147483647"/>
</pin_list>
<bind>
<StgValue><ssdm name="_ssdm_op_SpecBitsMap"/></StgValue>
</bind>
</comp>

<comp id="38" class="1001" name="const_38">
<pin_list>
<pin id="39" dir="1" index="0" bw="1" slack="2147483647"/>
</pin_list>
<bind>
<StgValue><ssdm name="_ssdm_op_SpecPipeline"/></StgValue>
</bind>
</comp>

<comp id="40" class="1001" name="const_40">
<pin_list>
<pin id="41" dir="1" index="0" bw="1" slack="2147483647"/>
</pin_list>
<bind>
<StgValue><ssdm name="p_str"/></StgValue>
</bind>
</comp>

<comp id="42" class="1001" name="const_42">
<pin_list>
<pin id="43" dir="1" index="0" bw="1" slack="0"/>
</pin_list>
<bind>
<StgValue><ssdm name="_ssdm_op_Read.m_axi.p1i32"/></StgValue>
</bind>
</comp>

<comp id="44" class="1001" name="const_44">
<pin_list>
<pin id="45" dir="1" index="0" bw="1" slack="2147483647"/>
</pin_list>
<bind>
<StgValue><ssdm name="_ssdm_op_SpecLoopName"/></StgValue>
</bind>
</comp>

<comp id="46" class="1001" name="const_46">
<pin_list>
<pin id="47" dir="1" index="0" bw="1" slack="2147483647"/>
</pin_list>
<bind>
<StgValue><ssdm name="empty_17"/></StgValue>
</bind>
</comp>

<comp id="48" class="1004" name="i_1_fu_48">
<pin_list>
<pin id="49" dir="0" index="0" bw="1" slack="0"/>
<pin id="50" dir="1" index="1" bw="31" slack="0"/>
</pin_list>
<bind>
<opcode="alloca(26) " fcode="alloca"/>
<opset="i_1/1 "/>
</bind>
</comp>

<comp id="52" class="1004" name="mul6_read_read_fu_52">
<pin_list>
<pin id="53" dir="0" index="0" bw="32" slack="0"/>
<pin id="54" dir="0" index="1" bw="32" slack="0"/>
<pin id="55" dir="1" index="2" bw="32" slack="0"/>
</pin_list>
<bind>
<opcode="read(1150) " fcode="read"/>
<opset="mul6_read/1 "/>
</bind>
</comp>

<comp id="58" class="1004" name="sext_ln24_read_read_fu_58">
<pin_list>
<pin id="59" dir="0" index="0" bw="30" slack="0"/>
<pin id="60" dir="0" index="1" bw="30" slack="0"/>
<pin id="61" dir="1" index="2" bw="30" slack="0"/>
</pin_list>
<bind>
<opcode="read(1150) " fcode="read"/>
<opset="sext_ln24_read/1 "/>
</bind>
</comp>

<comp id="64" class="1004" name="gmem_addr_read_read_fu_64">
<pin_list>
<pin id="65" dir="0" index="0" bw="32" slack="0"/>
<pin id="66" dir="0" index="1" bw="32" slack="0"/>
<pin id="67" dir="1" index="2" bw="32" slack="1"/>
</pin_list>
<bind>
<opcode="read(1150) " fcode="read"/>
<opset="gmem_addr_read/2 "/>
</bind>
</comp>

<comp id="69" class="1004" name="m2_buffer_addr_gep_fu_69">
<pin_list>
<pin id="70" dir="0" index="0" bw="32" slack="0"/>
<pin id="71" dir="0" index="1" bw="1" slack="0"/>
<pin id="72" dir="0" index="2" bw="10" slack="0"/>
<pin id="73" dir="1" index="3" bw="10" slack="0"/>
</pin_list>
<bind>
<opcode="getelementptr(29) " fcode="getelementptr"/>
<opset="m2_buffer_addr/3 "/>
</bind>
</comp>

<comp id="76" class="1004" name="store_ln24_access_fu_76">
<pin_list>
<pin id="77" dir="0" index="0" bw="10" slack="0"/>
<pin id="78" dir="0" index="1" bw="32" slack="0"/>
<pin id="79" dir="0" index="2" bw="0" slack="2147483647"/>
<pin id="80" dir="1" index="3" bw="32" slack="2147483647"/>
</pin_list>
<bind>
<opcode="store(28) " fcode="store"/>
<opset="store_ln24/3 "/>
</bind>
</comp>

<comp id="82" class="1004" name="sext_ln24_cast_fu_82">
<pin_list>
<pin id="83" dir="0" index="0" bw="30" slack="0"/>
<pin id="84" dir="1" index="1" bw="32" slack="1"/>
</pin_list>
<bind>
<opcode="sext(35) " fcode="sext"/>
<opset="sext_ln24_cast/1 "/>
</bind>
</comp>

<comp id="86" class="1004" name="store_ln0_store_fu_86">
<pin_list>
<pin id="87" dir="0" index="0" bw="1" slack="0"/>
<pin id="88" dir="0" index="1" bw="31" slack="0"/>
<pin id="89" dir="1" index="2" bw="0" slack="2147483647"/>
</pin_list>
<bind>
<opcode="store(28) " fcode="store"/>
<opset="store_ln0/1 "/>
</bind>
</comp>

<comp id="91" class="1004" name="i_load_fu_91">
<pin_list>
<pin id="92" dir="0" index="0" bw="31" slack="0"/>
<pin id="93" dir="1" index="1" bw="31" slack="0"/>
</pin_list>
<bind>
<opcode="load(27) " fcode="load"/>
<opset="i/1 "/>
</bind>
</comp>

<comp id="94" class="1004" name="i_1_cast_fu_94">
<pin_list>
<pin id="95" dir="0" index="0" bw="31" slack="0"/>
<pin id="96" dir="1" index="1" bw="32" slack="0"/>
</pin_list>
<bind>
<opcode="zext(34) " fcode="zext"/>
<opset="i_1_cast/1 "/>
</bind>
</comp>

<comp id="98" class="1004" name="icmp_ln24_fu_98">
<pin_list>
<pin id="99" dir="0" index="0" bw="32" slack="0"/>
<pin id="100" dir="0" index="1" bw="32" slack="0"/>
<pin id="101" dir="1" index="2" bw="1" slack="1"/>
</pin_list>
<bind>
<opcode="icmp(45) " fcode="icmp"/>
<opset="icmp_ln24/1 "/>
</bind>
</comp>

<comp id="104" class="1004" name="add_ln24_fu_104">
<pin_list>
<pin id="105" dir="0" index="0" bw="31" slack="0"/>
<pin id="106" dir="0" index="1" bw="1" slack="0"/>
<pin id="107" dir="1" index="2" bw="31" slack="0"/>
</pin_list>
<bind>
<opcode="add(8) " fcode="add"/>
<opset="add_ln24/1 "/>
</bind>
</comp>

<comp id="110" class="1004" name="trunc_ln24_fu_110">
<pin_list>
<pin id="111" dir="0" index="0" bw="31" slack="0"/>
<pin id="112" dir="1" index="1" bw="10" slack="2"/>
</pin_list>
<bind>
<opcode="trunc(33) " fcode="trunc"/>
<opset="trunc_ln24/1 "/>
</bind>
</comp>

<comp id="114" class="1004" name="store_ln24_store_fu_114">
<pin_list>
<pin id="115" dir="0" index="0" bw="31" slack="0"/>
<pin id="116" dir="0" index="1" bw="31" slack="0"/>
<pin id="117" dir="1" index="2" bw="0" slack="2147483647"/>
</pin_list>
<bind>
<opcode="store(28) " fcode="store"/>
<opset="store_ln24/1 "/>
</bind>
</comp>

<comp id="119" class="1004" name="gmem_addr_fu_119">
<pin_list>
<pin id="120" dir="0" index="0" bw="32" slack="0"/>
<pin id="121" dir="0" index="1" bw="32" slack="1"/>
<pin id="122" dir="1" index="2" bw="32" slack="0"/>
</pin_list>
<bind>
<opcode="getelementptr(29) " fcode="getelementptr"/>
<opset="gmem_addr/2 "/>
</bind>
</comp>

<comp id="125" class="1004" name="bitcast_ln24_fu_125">
<pin_list>
<pin id="126" dir="0" index="0" bw="32" slack="1"/>
<pin id="127" dir="1" index="1" bw="32" slack="0"/>
</pin_list>
<bind>
<opcode="bitcast(44) " fcode="bitcast"/>
<opset="bitcast_ln24/3 "/>
</bind>
</comp>

<comp id="129" class="1004" name="zext_ln24_fu_129">
<pin_list>
<pin id="130" dir="0" index="0" bw="10" slack="2"/>
<pin id="131" dir="1" index="1" bw="32" slack="0"/>
</pin_list>
<bind>
<opcode="zext(34) " fcode="zext"/>
<opset="zext_ln24/3 "/>
</bind>
</comp>

<comp id="133" class="1005" name="i_1_reg_133">
<pin_list>
<pin id="134" dir="0" index="0" bw="31" slack="0"/>
<pin id="135" dir="1" index="1" bw="31" slack="0"/>
</pin_list>
<bind>
<opset="i_1 "/>
</bind>
</comp>

<comp id="140" class="1005" name="sext_ln24_cast_reg_140">
<pin_list>
<pin id="141" dir="0" index="0" bw="32" slack="1"/>
<pin id="142" dir="1" index="1" bw="32" slack="1"/>
</pin_list>
<bind>
<opset="sext_ln24_cast "/>
</bind>
</comp>

<comp id="145" class="1005" name="icmp_ln24_reg_145">
<pin_list>
<pin id="146" dir="0" index="0" bw="1" slack="1"/>
<pin id="147" dir="1" index="1" bw="1" slack="2147483647"/>
</pin_list>
<bind>
<opset="icmp_ln24 "/>
</bind>
</comp>

<comp id="149" class="1005" name="trunc_ln24_reg_149">
<pin_list>
<pin id="150" dir="0" index="0" bw="10" slack="2"/>
<pin id="151" dir="1" index="1" bw="10" slack="2"/>
</pin_list>
<bind>
<opset="trunc_ln24 "/>
</bind>
</comp>

<comp id="154" class="1005" name="gmem_addr_read_reg_154">
<pin_list>
<pin id="155" dir="0" index="0" bw="32" slack="1"/>
<pin id="156" dir="1" index="1" bw="32" slack="1"/>
</pin_list>
<bind>
<opset="gmem_addr_read "/>
</bind>
</comp>

</comp_list>

<net_list>
<net id="51"><net_src comp="8" pin="0"/><net_sink comp="48" pin=0"/></net>

<net id="56"><net_src comp="10" pin="0"/><net_sink comp="52" pin=0"/></net>

<net id="57"><net_src comp="4" pin="0"/><net_sink comp="52" pin=1"/></net>

<net id="62"><net_src comp="12" pin="0"/><net_sink comp="58" pin=0"/></net>

<net id="63"><net_src comp="2" pin="0"/><net_sink comp="58" pin=1"/></net>

<net id="68"><net_src comp="42" pin="0"/><net_sink comp="64" pin=0"/></net>

<net id="74"><net_src comp="6" pin="0"/><net_sink comp="69" pin=0"/></net>

<net id="75"><net_src comp="18" pin="0"/><net_sink comp="69" pin=1"/></net>

<net id="81"><net_src comp="69" pin="3"/><net_sink comp="76" pin=0"/></net>

<net id="85"><net_src comp="58" pin="2"/><net_sink comp="82" pin=0"/></net>

<net id="90"><net_src comp="32" pin="0"/><net_sink comp="86" pin=0"/></net>

<net id="97"><net_src comp="91" pin="1"/><net_sink comp="94" pin=0"/></net>

<net id="102"><net_src comp="94" pin="1"/><net_sink comp="98" pin=0"/></net>

<net id="103"><net_src comp="52" pin="2"/><net_sink comp="98" pin=1"/></net>

<net id="108"><net_src comp="91" pin="1"/><net_sink comp="104" pin=0"/></net>

<net id="109"><net_src comp="34" pin="0"/><net_sink comp="104" pin=1"/></net>

<net id="113"><net_src comp="91" pin="1"/><net_sink comp="110" pin=0"/></net>

<net id="118"><net_src comp="104" pin="2"/><net_sink comp="114" pin=0"/></net>

<net id="123"><net_src comp="0" pin="0"/><net_sink comp="119" pin=0"/></net>

<net id="124"><net_src comp="119" pin="2"/><net_sink comp="64" pin=1"/></net>

<net id="128"><net_src comp="125" pin="1"/><net_sink comp="76" pin=1"/></net>

<net id="132"><net_src comp="129" pin="1"/><net_sink comp="69" pin=2"/></net>

<net id="136"><net_src comp="48" pin="1"/><net_sink comp="133" pin=0"/></net>

<net id="137"><net_src comp="133" pin="1"/><net_sink comp="86" pin=1"/></net>

<net id="138"><net_src comp="133" pin="1"/><net_sink comp="91" pin=0"/></net>

<net id="139"><net_src comp="133" pin="1"/><net_sink comp="114" pin=1"/></net>

<net id="143"><net_src comp="82" pin="1"/><net_sink comp="140" pin=0"/></net>

<net id="144"><net_src comp="140" pin="1"/><net_sink comp="119" pin=1"/></net>

<net id="148"><net_src comp="98" pin="2"/><net_sink comp="145" pin=0"/></net>

<net id="152"><net_src comp="110" pin="1"/><net_sink comp="149" pin=0"/></net>

<net id="153"><net_src comp="149" pin="1"/><net_sink comp="129" pin=0"/></net>

<net id="157"><net_src comp="64" pin="2"/><net_sink comp="154" pin=0"/></net>

<net id="158"><net_src comp="154" pin="1"/><net_sink comp="125" pin=0"/></net>

</net_list>

</model> 
---------------- Datapath Model END ------------------

* FSMD analyzer results:
  - Output states:
	Port: gmem | {}
	Port: m2_buffer | {3 }
 - Input state : 
	Port: matprod_Pipeline_VITIS_LOOP_24_2 : gmem | {2 }
	Port: matprod_Pipeline_VITIS_LOOP_24_2 : sext_ln24 | {1 }
	Port: matprod_Pipeline_VITIS_LOOP_24_2 : mul6 | {1 }
  - Chain level:
	State 1
		store_ln0 : 1
		i : 1
		i_1_cast : 2
		icmp_ln24 : 3
		add_ln24 : 2
		br_ln24 : 4
		trunc_ln24 : 2
		store_ln24 : 3
	State 2
		gmem_addr_read : 1
	State 3
		m2_buffer_addr : 1
		store_ln24 : 2


============================================================
+ Verbose Summary: Datapath Resource usage 
============================================================

* Functional unit list:
|----------|---------------------------|---------|---------|
| Operation|      Functional Unit      |    FF   |   LUT   |
|----------|---------------------------|---------|---------|
|    add   |      add_ln24_fu_104      |    0    |    38   |
|----------|---------------------------|---------|---------|
|   icmp   |      icmp_ln24_fu_98      |    0    |    18   |
|----------|---------------------------|---------|---------|
|          |    mul6_read_read_fu_52   |    0    |    0    |
|   read   | sext_ln24_read_read_fu_58 |    0    |    0    |
|          | gmem_addr_read_read_fu_64 |    0    |    0    |
|----------|---------------------------|---------|---------|
|   sext   |    sext_ln24_cast_fu_82   |    0    |    0    |
|----------|---------------------------|---------|---------|
|   zext   |       i_1_cast_fu_94      |    0    |    0    |
|          |      zext_ln24_fu_129     |    0    |    0    |
|----------|---------------------------|---------|---------|
|   trunc  |     trunc_ln24_fu_110     |    0    |    0    |
|----------|---------------------------|---------|---------|
|   Total  |                           |    0    |    56   |
|----------|---------------------------|---------|---------|

Memories:
N/A

* Register list:
+----------------------+--------+
|                      |   FF   |
+----------------------+--------+
|gmem_addr_read_reg_154|   32   |
|      i_1_reg_133     |   31   |
|   icmp_ln24_reg_145  |    1   |
|sext_ln24_cast_reg_140|   32   |
|  trunc_ln24_reg_149  |   10   |
+----------------------+--------+
|         Total        |   106  |
+----------------------+--------+

* Multiplexer (MUX) list: 
|--------|------|------|------|--------|
|  Comp  |  Pin | Size |  BW  | S x BW |
|--------|------|------|------|--------|
|  Total |      |      |      |    0   |
|--------|------|------|------|--------|



* Summary:
+-----------+--------+--------+
|           |   FF   |   LUT  |
+-----------+--------+--------+
|  Function |    0   |   56   |
|   Memory  |    -   |    -   |
|Multiplexer|    -   |    -   |
|  Register |   106  |    -   |
+-----------+--------+--------+
|   Total   |   106  |   56   |
+-----------+--------+--------+
