C:/Users/MSI/Rui/MSc_Dissertation/SoC/accelerator/first_accel/solution1/csynth.tcl:17:9: warning: HLS pragma dump _XLX_SEP_ PragmaIsValid=1_XLX_SEP_ PragmaType=top_XLX_SEP_ PragmaContext=directive_XLX_SEP_ PragmaFunction=matprod_XLX_SEP_ PragmaOptions=name=matprod_XLX_SEP_ [-Wdump-hls-pragmas]
#pragma HLSDIRECTIVE TOP name=matprod
        ^
C:/Users/MSI/Rui/MSc_Dissertation/SoC/accelerator/first_accel/solution1/directives.tcl:6:9: warning: HLS pragma dump _XLX_SEP_ PragmaIsValid=1_XLX_SEP_ PragmaType=top_XLX_SEP_ PragmaContext=directive_XLX_SEP_ PragmaFunction=matprod_XLX_SEP_ PragmaOptions=name=matprod_XLX_SEP_ [-Wdump-hls-pragmas]
#pragma HLSDIRECTIVE TOP name=matprod
        ^
first_accel/matprod.cpp:7:9: warning: HLS pragma dump _XLX_SEP_ PragmaIsValid=1_XLX_SEP_ PragmaType=interface_XLX_SEP_ PragmaContext=_XLX_SEP_ PragmaFunction=matprod_XLX_SEP_ PragmaOptions=s_axilite port=return bundle=BUS1_XLX_SEP_ [-Wdump-hls-pragmas]
#pragma HLS INTERFACE s_axilite port=return bundle=BUS1
        ^
first_accel/matprod.cpp:8:9: warning: HLS pragma dump _XLX_SEP_ PragmaIsValid=1_XLX_SEP_ PragmaType=interface_XLX_SEP_ PragmaContext=_XLX_SEP_ PragmaFunction=matprod_XLX_SEP_ PragmaOptions=s_axilite port=N1 bundle=BUS1_XLX_SEP_ [-Wdump-hls-pragmas]
#pragma HLS INTERFACE s_axilite port=N1 bundle=BUS1
        ^
first_accel/matprod.cpp:9:9: warning: HLS pragma dump _XLX_SEP_ PragmaIsValid=1_XLX_SEP_ PragmaType=interface_XLX_SEP_ PragmaContext=_XLX_SEP_ PragmaFunction=matprod_XLX_SEP_ PragmaOptions=s_axilite port=N2 bundle=BUS1_XLX_SEP_ [-Wdump-hls-pragmas]
#pragma HLS INTERFACE s_axilite port=N2 bundle=BUS1
        ^
first_accel/matprod.cpp:10:9: warning: HLS pragma dump _XLX_SEP_ PragmaIsValid=1_XLX_SEP_ PragmaType=interface_XLX_SEP_ PragmaContext=_XLX_SEP_ PragmaFunction=matprod_XLX_SEP_ PragmaOptions=s_axilite port=N3 bundle=BUS1_XLX_SEP_ [-Wdump-hls-pragmas]
#pragma HLS INTERFACE s_axilite port=N3 bundle=BUS1
        ^
first_accel/matprod.cpp:12:9: warning: HLS pragma dump _XLX_SEP_ PragmaIsValid=1_XLX_SEP_ PragmaType=interface_XLX_SEP_ PragmaContext=_XLX_SEP_ PragmaFunction=matprod_XLX_SEP_ PragmaOptions=m_axi port = m1 depth=32_XLX_SEP_ [-Wdump-hls-pragmas]
#pragma HLS INTERFACE m_axi port = m1 depth=32
        ^
first_accel/matprod.cpp:13:9: warning: HLS pragma dump _XLX_SEP_ PragmaIsValid=1_XLX_SEP_ PragmaType=interface_XLX_SEP_ PragmaContext=_XLX_SEP_ PragmaFunction=matprod_XLX_SEP_ PragmaOptions=m_axi port = m2 depth=32_XLX_SEP_ [-Wdump-hls-pragmas]
#pragma HLS INTERFACE m_axi port = m2 depth=32
        ^
first_accel/matprod.cpp:14:9: warning: HLS pragma dump _XLX_SEP_ PragmaIsValid=1_XLX_SEP_ PragmaType=interface_XLX_SEP_ PragmaContext=_XLX_SEP_ PragmaFunction=matprod_XLX_SEP_ PragmaOptions=m_axi port = m3 depth=32_XLX_SEP_ [-Wdump-hls-pragmas]
#pragma HLS INTERFACE m_axi port = m3 depth=32
        ^
9 warnings generated.
