#-----------------------------------------------------------
# Vivado v2022.2 (64-bit)
# SW Build 3671981 on Fri Oct 14 05:00:03 MDT 2022
# IP Build 3669848 on Fri Oct 14 08:30:02 MDT 2022
# Start of session at: Wed Jan 31 01:06:58 2024
# Process ID: 15076
# Current directory: C:/Users/MSI/Rui/MSc_Dissertation/SoC/accelerator/first_accel/solution1/.autopilot/db/ip_tmp
# Command line: vivado.exe -notrace -log vivado.log -mode batch -source run_vivado_gen_ip.tcl
# Log file: C:/Users/MSI/Rui/MSc_Dissertation/SoC/accelerator/first_accel/solution1/.autopilot/db/ip_tmp/vivado.log
# Journal file: C:/Users/MSI/Rui/MSc_Dissertation/SoC/accelerator/first_accel/solution1/.autopilot/db/ip_tmp\vivado.jou
# Running On: DESKTOP-3C6QEMK, OS: Windows, CPU Frequency: 1997 MHz, CPU Physical cores: 14, Host memory: 16869 MB
#-----------------------------------------------------------
source run_vivado_gen_ip.tcl -notrace
create_project: Time (s): cpu = 00:00:02 ; elapsed = 00:00:08 . Memory (MB): peak = 394.895 ; gain = 45.645
INFO: [IP_Flow 19-234] Refreshing IP repositories
INFO: [IP_Flow 19-1704] No user IP repositories specified
INFO: [IP_Flow 19-2313] Loaded Vivado IP repository 'C:/Xilinx/Vivado/2022.2/data/ip'.
WARNING: [IP_Flow 19-4832] The IP name 'matprod_fadd_32ns_32ns_32_4_full_dsp_1_ip' you have specified is long. The Windows operating system has path length limitations. It is recommended you use shorter names to reduce the likelihood of issues.
INFO: [IP_Flow 19-1686] Generating 'Synthesis' target for IP 'matprod_fadd_32ns_32ns_32_4_full_dsp_1_ip'...
INFO: [IP_Flow 19-1686] Generating 'Simulation' target for IP 'matprod_fadd_32ns_32ns_32_4_full_dsp_1_ip'...
WARNING: [IP_Flow 19-4832] The IP name 'matprod_fmul_32ns_32ns_32_2_max_dsp_1_ip' you have specified is long. The Windows operating system has path length limitations. It is recommended you use shorter names to reduce the likelihood of issues.
INFO: [IP_Flow 19-1686] Generating 'Synthesis' target for IP 'matprod_fmul_32ns_32ns_32_2_max_dsp_1_ip'...
INFO: [IP_Flow 19-1686] Generating 'Simulation' target for IP 'matprod_fmul_32ns_32ns_32_2_max_dsp_1_ip'...
INFO: [Common 17-206] Exiting Vivado at Wed Jan 31 01:07:11 2024...
