

================================================================
== Synthesis Summary Report of 'matprod'
================================================================
+ General Information: 
    * Date:           Wed Apr  3 20:46:20 2024
    * Version:        2022.2 (Build 3670227 on Oct 13 2022)
    * Project:        first_accel
    * Solution:       solution1 (Vivado IP Flow Target)
    * Product family: artix7
    * Target device:  xc7a100t-csg324-1
    

+ Performance & Resource Estimates: 
    
    PS: '+' for module; 'o' for loop; '*' for dataflow
    +--------------------------------------+------+-------+---------------------+-----------+----------+---------------------+---------------------+----------+--------+---------+-----------+-----------+-----+
    |                Modules               | Issue|       |       Latency       |  Latency  | Iteration|                     |         Trip        |          |        |         |           |           |     |
    |                & Loops               | Type | Slack |       (cycles)      |    (ns)   |  Latency |       Interval      |        Count        | Pipelined|  BRAM  |   DSP   |     FF    |    LUT    | URAM|
    +--------------------------------------+------+-------+---------------------+-----------+----------+---------------------+---------------------+----------+--------+---------+-----------+-----------+-----+
    |+ matprod                             |     -|   0.00|                    -|          -|         -|                    -|                    -|        no|  6 (2%)|  18 (7%)|  2731 (2%)|  3662 (5%)|    -|
    | + matprod_Pipeline_1                 |     -|   0.00|  4611686018427387904|  9.223e+19|         -|  4611686018427387904|                    -|        no|       -|        -|  171 (~0%)|  146 (~0%)|    -|
    |  o Loop 1                            |     -|  14.60|  4611686018427387904|  9.223e+19|         2|                    1|  4611686018427387903|       yes|       -|        -|          -|          -|    -|
    | + matprod_Pipeline_2                 |     -|   0.00|  4611686018427387904|  9.223e+19|         -|  4611686018427387904|                    -|        no|       -|        -|  171 (~0%)|  146 (~0%)|    -|
    |  o Loop 1                            |     -|  14.60|  4611686018427387904|  9.223e+19|         2|                    1|  4611686018427387903|       yes|       -|        -|          -|          -|    -|
    | + matprod_Pipeline_4                 |     -|   0.00|  4611686018427387904|  9.223e+19|         -|  4611686018427387904|                    -|        no|       -|        -|  163 (~0%)|  146 (~0%)|    -|
    |  o Loop 1                            |     -|  14.60|  4611686018427387904|  9.223e+19|         3|                    1|  4611686018427387903|       yes|       -|        -|          -|          -|    -|
    | o VITIS_LOOP_26_1_VITIS_LOOP_27_2    |     -|  14.60|                    -|          -|         -|                    -|                    -|        no|       -|        -|          -|          -|    -|
    |  + matprod_Pipeline_VITIS_LOOP_28_3  |     -|   2.02|                    -|          -|         -|                    -|                    -|        no|       -|   5 (2%)|  598 (~0%)|  624 (~0%)|    -|
    |   o VITIS_LOOP_28_3                  |    II|  14.60|                    -|          -|         8|                    3|                    -|       yes|       -|        -|          -|          -|    -|
    +--------------------------------------+------+-------+---------------------+-----------+----------+---------------------+---------------------+----------+--------+---------+-----------+-----------+-----+


================================================================
== HW Interfaces
================================================================
* M_AXI
+------------+------------+---------------+---------+--------+----------+-----------+--------------+--------------+-------------+-------------+
| Interface  | Data Width | Address Width | Latency | Offset | Register | Max Widen | Max Read     | Max Write    | Num Read    | Num Write   |
|            | (SW->HW)   |               |         |        |          | Bitwidth  | Burst Length | Burst Length | Outstanding | Outstanding |
+------------+------------+---------------+---------+--------+----------+-----------+--------------+--------------+-------------+-------------+
| m_axi_gmem | 32 -> 32   | 32            | 0       | slave  | 0        | 0         | 16           | 16           | 16          | 16          |
+------------+------------+---------------+---------+--------+----------+-----------+--------------+--------------+-------------+-------------+

* S_AXILITE Interfaces
+------------+------------+---------------+--------+----------+
| Interface  | Data Width | Address Width | Offset | Register |
+------------+------------+---------------+--------+----------+
| s_axi_BUS1 | 32         | 6             | 16     | 0        |
+------------+------------+---------------+--------+----------+

* S_AXILITE Registers
+------------+----------+--------+-------+--------+----------------------------------+----------------------------------------------------------------------+
| Interface  | Register | Offset | Width | Access | Description                      | Bit Fields                                                           |
+------------+----------+--------+-------+--------+----------------------------------+----------------------------------------------------------------------+
| s_axi_BUS1 | CTRL     | 0x00   | 32    | RW     | Control signals                  | 0=AP_START 1=AP_DONE 2=AP_IDLE 3=AP_READY 7=AUTO_RESTART 9=INTERRUPT |
| s_axi_BUS1 | GIER     | 0x04   | 32    | RW     | Global Interrupt Enable Register | 0=Enable                                                             |
| s_axi_BUS1 | IP_IER   | 0x08   | 32    | RW     | IP Interrupt Enable Register     | 0=CHAN0_INT_EN 1=CHAN1_INT_EN                                        |
| s_axi_BUS1 | IP_ISR   | 0x0c   | 32    | RW     | IP Interrupt Status Register     | 0=CHAN0_INT_ST 1=CHAN1_INT_ST                                        |
| s_axi_BUS1 | m1       | 0x10   | 32    | W      | Data signal of m1                |                                                                      |
| s_axi_BUS1 | m2       | 0x18   | 32    | W      | Data signal of m2                |                                                                      |
| s_axi_BUS1 | m3       | 0x20   | 32    | W      | Data signal of m3                |                                                                      |
| s_axi_BUS1 | N1       | 0x28   | 32    | W      | Data signal of N1                |                                                                      |
| s_axi_BUS1 | N2       | 0x30   | 32    | W      | Data signal of N2                |                                                                      |
| s_axi_BUS1 | N3       | 0x38   | 32    | W      | Data signal of N3                |                                                                      |
+------------+----------+--------+-------+--------+----------------------------------+----------------------------------------------------------------------+

* TOP LEVEL CONTROL
+-----------+------------+-----------+
| Interface | Type       | Ports     |
+-----------+------------+-----------+
| ap_clk    | clock      | ap_clk    |
| ap_rst_n  | reset      | ap_rst_n  |
| interrupt | interrupt  | interrupt |
| ap_ctrl   | ap_ctrl_hs |           |
+-----------+------------+-----------+


================================================================
== SW I/O Information
================================================================
* Top Function Arguments
+----------+-----------+----------+
| Argument | Direction | Datatype |
+----------+-----------+----------+
| m1       | inout     | float*   |
| m2       | inout     | float*   |
| m3       | inout     | float*   |
| N1       | in        | int      |
| N2       | in        | int      |
| N3       | in        | int      |
+----------+-----------+----------+

* SW-to-HW Mapping
+----------+--------------+-----------+----------+------------------------------+
| Argument | HW Interface | HW Type   | HW Usage | HW Info                      |
+----------+--------------+-----------+----------+------------------------------+
| m1       | m_axi_gmem   | interface |          |                              |
| m1       | s_axi_BUS1   | register  | offset   | name=m1 offset=0x10 range=32 |
| m2       | m_axi_gmem   | interface |          |                              |
| m2       | s_axi_BUS1   | register  | offset   | name=m2 offset=0x18 range=32 |
| m3       | m_axi_gmem   | interface |          |                              |
| m3       | s_axi_BUS1   | register  | offset   | name=m3 offset=0x20 range=32 |
| N1       | s_axi_BUS1   | register  |          | name=N1 offset=0x28 range=32 |
| N2       | s_axi_BUS1   | register  |          | name=N2 offset=0x30 range=32 |
| N3       | s_axi_BUS1   | register  |          | name=N3 offset=0x38 range=32 |
+----------+--------------+-----------+----------+------------------------------+


================================================================
== M_AXI Burst Information
================================================================
 Note: All burst requests might be further partitioned into multiple requests during RTL generation based on max_read_burst_length or max_write_burst_length settings.

  No burst in design

================================================================
== Bind Op Report
================================================================
+--------------------------------------+-----+--------+------------+------+---------+---------+
| Name                                 | DSP | Pragma | Variable   | Op   | Impl    | Latency |
+--------------------------------------+-----+--------+------------+------+---------+---------+
| + matprod                            | 18  |        |            |      |         |         |
|   mul_32s_32s_32_1_1_U24             | 3   |        | mul_ln23   | mul  | auto    | 0       |
|   mul_32s_32s_32_1_1_U25             | 3   |        | mul_ln24   | mul  | auto    | 0       |
|   mul_32ns_32ns_64_1_1_U26           | 3   |        | mul_ln26   | mul  | auto    | 0       |
|   add_ln26_fu_342_p2                 | -   |        | add_ln26   | add  | fabric  | 0       |
|   add_ln26_1_fu_359_p2               | -   |        | add_ln26_1 | add  | fabric  | 0       |
|   mul_10s_10s_10_1_1_U27             | -   |        | mul_ln26_1 | mul  | auto    | 0       |
|   mac_muladd_10s_10s_10ns_10_4_1_U29 | 1   |        | mul_ln26_2 | mul  | dsp48   | 3       |
|   mac_muladd_10s_10s_10ns_10_4_1_U29 | 1   |        | add_ln33   | add  | dsp48   | 3       |
|   add_ln27_fu_388_p2                 | -   |        | add_ln27   | add  | fabric  | 0       |
|   mul_32s_32s_32_1_1_U28             | 3   |        | mul_ln37   | mul  | auto    | 0       |
|  + matprod_Pipeline_1                | 0   |        |            |      |         |         |
|    empty_28_fu_112_p2                | -   |        | empty_28   | add  | fabric  | 0       |
|  + matprod_Pipeline_2                | 0   |        |            |      |         |         |
|    empty_25_fu_112_p2                | -   |        | empty_25   | add  | fabric  | 0       |
|  + matprod_Pipeline_VITIS_LOOP_28_3  | 5   |        |            |      |         |         |
|    add_ln28_fu_126_p2                | -   |        | add_ln28   | add  | fabric  | 0       |
|    add_ln29_fu_139_p2                | -   |        | add_ln29   | add  | fabric  | 0       |
|    add_ln29_2_fu_149_p2              | -   |        | add_ln29_2 | add  | fabric  | 0       |
|    add_ln29_1_fu_154_p2              | -   |        | add_ln29_1 | add  | fabric  | 0       |
|    fmul_32ns_32ns_32_2_max_dsp_1_U10 | 3   |        | mul        | fmul | maxdsp  | 1       |
|    fadd_32ns_32ns_32_4_full_dsp_1_U9 | 2   |        | add        | fadd | fulldsp | 3       |
|  + matprod_Pipeline_4                | 0   |        |            |      |         |         |
|    empty_22_fu_116_p2                | -   |        | empty_22   | add  | fabric  | 0       |
+--------------------------------------+-----+--------+------------+------+---------+---------+


================================================================
== Bind Storage Report
================================================================
+---------------+------+------+--------+-----------+---------+------+---------+
| Name          | BRAM | URAM | Pragma | Variable  | Storage | Impl | Latency |
+---------------+------+------+--------+-----------+---------+------+---------+
| + matprod     | 6    | 0    |        |           |         |      |         |
|   m1_buffer_U | 2    | -    |        | m1_buffer | ram_1p  | auto | 1       |
|   m2_buffer_U | 2    | -    |        | m2_buffer | ram_1p  | auto | 1       |
|   m3_buffer_U | 2    | -    |        | m3_buffer | ram_1p  | auto | 1       |
+---------------+------+------+--------+-----------+---------+------+---------+


================================================================
== Pragma Report
================================================================
* Valid Pragma Syntax
+-----------+-----------------------------------+----------------------------------------------+
| Type      | Options                           | Location                                     |
+-----------+-----------------------------------+----------------------------------------------+
| interface | s_axilite port=return bundle=BUS1 | first_accel/matprod.cpp:7 in matprod, return |
| interface | s_axilite port=N1 bundle=BUS1     | first_accel/matprod.cpp:8 in matprod, N1     |
| interface | s_axilite port=N2 bundle=BUS1     | first_accel/matprod.cpp:9 in matprod, N2     |
| interface | s_axilite port=N3 bundle=BUS1     | first_accel/matprod.cpp:10 in matprod, N3    |
| interface | m_axi port = m1 depth=32          | first_accel/matprod.cpp:12 in matprod        |
| interface | m_axi port = m2 depth=32          | first_accel/matprod.cpp:13 in matprod        |
| interface | m_axi port = m3 depth=32          | first_accel/matprod.cpp:14 in matprod        |
+-----------+-----------------------------------+----------------------------------------------+


