

================================================================
== Vitis HLS Report for 'matprod_Pipeline_VITIS_LOOP_24_2'
================================================================
* Date:           Wed Jan 31 01:06:19 2024

* Version:        2022.2 (Build 3670227 on Oct 13 2022)
* Project:        first_accel
* Solution:       solution1 (Vivado IP Flow Target)
* Product family: artix7
* Target device:  xc7a100t-csg324-1


================================================================
== Performance Estimates
================================================================
+ Timing: 
    * Summary: 
    +--------+----------+-----------+------------+
    |  Clock |  Target  | Estimated | Uncertainty|
    +--------+----------+-----------+------------+
    |ap_clk  |  20.00 ns|  14.600 ns|     5.40 ns|
    +--------+----------+-----------+------------+

+ Latency: 
    * Summary: 
    +---------+---------+----------+----------+-----+-----+---------+
    |  Latency (cycles) |  Latency (absolute) |  Interval | Pipeline|
    |   min   |   max   |    min   |    max   | min | max |   Type  |
    +---------+---------+----------+----------+-----+-----+---------+
    |        ?|        ?|         ?|         ?|    ?|    ?|       no|
    +---------+---------+----------+----------+-----+-----+---------+

    + Detail: 
        * Instance: 
        N/A

        * Loop: 
        +-------------------+---------+---------+----------+-----------+-----------+------+----------+
        |                   |  Latency (cycles) | Iteration|  Initiation Interval  | Trip |          |
        |     Loop Name     |   min   |   max   |  Latency |  achieved |   target  | Count| Pipelined|
        +-------------------+---------+---------+----------+-----------+-----------+------+----------+
        |- VITIS_LOOP_24_2  |        ?|        ?|         3|          1|          1|     ?|       yes|
        +-------------------+---------+---------+----------+-----------+-----------+------+----------+



================================================================
== Utilization Estimates
================================================================
* Summary: 
+-----------------+---------+-----+--------+-------+-----+
|       Name      | BRAM_18K| DSP |   FF   |  LUT  | URAM|
+-----------------+---------+-----+--------+-------+-----+
|DSP              |        -|    -|       -|      -|    -|
|Expression       |        -|    -|       0|     62|    -|
|FIFO             |        -|    -|       -|      -|    -|
|Instance         |        -|    -|       -|      -|    -|
|Memory           |        -|    -|       -|      -|    -|
|Multiplexer      |        -|    -|       -|     45|    -|
|Register         |        -|    -|      89|      -|    -|
+-----------------+---------+-----+--------+-------+-----+
|Total            |        0|    0|      89|    107|    0|
+-----------------+---------+-----+--------+-------+-----+
|Available        |      270|  240|  126800|  63400|    0|
+-----------------+---------+-----+--------+-------+-----+
|Utilization (%)  |        0|    0|      ~0|     ~0|    0|
+-----------------+---------+-----+--------+-------+-----+

+ Detail: 
    * Instance: 
    N/A

    * DSP: 
    N/A

    * Memory: 
    N/A

    * FIFO: 
    N/A

    * Expression: 
    +----------------------------------+----------+----+---+----+------------+------------+
    |           Variable Name          | Operation| DSP| FF| LUT| Bitwidth P0| Bitwidth P1|
    +----------------------------------+----------+----+---+----+------------+------------+
    |add_ln24_fu_104_p2                |         +|   0|  0|  38|          31|           1|
    |ap_block_pp0_stage0_11001         |       and|   0|  0|   2|           1|           1|
    |ap_block_state2_pp0_stage0_iter1  |       and|   0|  0|   2|           1|           1|
    |icmp_ln24_fu_98_p2                |      icmp|   0|  0|  18|          32|          32|
    |ap_enable_pp0                     |       xor|   0|  0|   2|           1|           2|
    +----------------------------------+----------+----+---+----+------------+------------+
    |Total                             |          |   0|  0|  62|          66|          37|
    +----------------------------------+----------+----+---+----+------------+------------+

    * Multiplexer: 
    +-------------------------+----+-----------+-----+-----------+
    |           Name          | LUT| Input Size| Bits| Total Bits|
    +-------------------------+----+-----------+-----+-----------+
    |ap_done_int              |   9|          2|    1|          2|
    |ap_enable_reg_pp0_iter2  |   9|          2|    1|          2|
    |ap_sig_allocacmp_i       |   9|          2|   31|         62|
    |gmem_blk_n_R             |   9|          2|    1|          2|
    |i_1_fu_48                |   9|          2|   31|         62|
    +-------------------------+----+-----------+-----+-----------+
    |Total                    |  45|         10|   65|        130|
    +-------------------------+----+-----------+-----+-----------+

    * Register: 
    +----------------------------------+----+----+-----+-----------+
    |               Name               | FF | LUT| Bits| Const Bits|
    +----------------------------------+----+----+-----+-----------+
    |ap_CS_fsm                         |   1|   0|    1|          0|
    |ap_done_reg                       |   1|   0|    1|          0|
    |ap_enable_reg_pp0_iter1           |   1|   0|    1|          0|
    |ap_enable_reg_pp0_iter2           |   1|   0|    1|          0|
    |ap_loop_exit_ready_pp0_iter1_reg  |   1|   0|    1|          0|
    |gmem_addr_read_reg_154            |  32|   0|   32|          0|
    |i_1_fu_48                         |  31|   0|   31|          0|
    |icmp_ln24_reg_145                 |   1|   0|    1|          0|
    |trunc_ln24_reg_149                |  10|   0|   10|          0|
    |trunc_ln24_reg_149_pp0_iter1_reg  |  10|   0|   10|          0|
    +----------------------------------+----+----+-----+-----------+
    |Total                             |  89|   0|   89|          0|
    +----------------------------------+----+----+-----+-----------+



================================================================
== Interface
================================================================
* Summary: 
+---------------------+-----+-----+------------+----------------------------------+--------------+
|      RTL Ports      | Dir | Bits|  Protocol  |           Source Object          |    C Type    |
+---------------------+-----+-----+------------+----------------------------------+--------------+
|ap_clk               |   in|    1|  ap_ctrl_hs|  matprod_Pipeline_VITIS_LOOP_24_2|  return value|
|ap_rst               |   in|    1|  ap_ctrl_hs|  matprod_Pipeline_VITIS_LOOP_24_2|  return value|
|ap_start             |   in|    1|  ap_ctrl_hs|  matprod_Pipeline_VITIS_LOOP_24_2|  return value|
|ap_done              |  out|    1|  ap_ctrl_hs|  matprod_Pipeline_VITIS_LOOP_24_2|  return value|
|ap_idle              |  out|    1|  ap_ctrl_hs|  matprod_Pipeline_VITIS_LOOP_24_2|  return value|
|ap_ready             |  out|    1|  ap_ctrl_hs|  matprod_Pipeline_VITIS_LOOP_24_2|  return value|
|m_axi_gmem_AWVALID   |  out|    1|       m_axi|                              gmem|       pointer|
|m_axi_gmem_AWREADY   |   in|    1|       m_axi|                              gmem|       pointer|
|m_axi_gmem_AWADDR    |  out|   32|       m_axi|                              gmem|       pointer|
|m_axi_gmem_AWID      |  out|    1|       m_axi|                              gmem|       pointer|
|m_axi_gmem_AWLEN     |  out|   32|       m_axi|                              gmem|       pointer|
|m_axi_gmem_AWSIZE    |  out|    3|       m_axi|                              gmem|       pointer|
|m_axi_gmem_AWBURST   |  out|    2|       m_axi|                              gmem|       pointer|
|m_axi_gmem_AWLOCK    |  out|    2|       m_axi|                              gmem|       pointer|
|m_axi_gmem_AWCACHE   |  out|    4|       m_axi|                              gmem|       pointer|
|m_axi_gmem_AWPROT    |  out|    3|       m_axi|                              gmem|       pointer|
|m_axi_gmem_AWQOS     |  out|    4|       m_axi|                              gmem|       pointer|
|m_axi_gmem_AWREGION  |  out|    4|       m_axi|                              gmem|       pointer|
|m_axi_gmem_AWUSER    |  out|    1|       m_axi|                              gmem|       pointer|
|m_axi_gmem_WVALID    |  out|    1|       m_axi|                              gmem|       pointer|
|m_axi_gmem_WREADY    |   in|    1|       m_axi|                              gmem|       pointer|
|m_axi_gmem_WDATA     |  out|   32|       m_axi|                              gmem|       pointer|
|m_axi_gmem_WSTRB     |  out|    4|       m_axi|                              gmem|       pointer|
|m_axi_gmem_WLAST     |  out|    1|       m_axi|                              gmem|       pointer|
|m_axi_gmem_WID       |  out|    1|       m_axi|                              gmem|       pointer|
|m_axi_gmem_WUSER     |  out|    1|       m_axi|                              gmem|       pointer|
|m_axi_gmem_ARVALID   |  out|    1|       m_axi|                              gmem|       pointer|
|m_axi_gmem_ARREADY   |   in|    1|       m_axi|                              gmem|       pointer|
|m_axi_gmem_ARADDR    |  out|   32|       m_axi|                              gmem|       pointer|
|m_axi_gmem_ARID      |  out|    1|       m_axi|                              gmem|       pointer|
|m_axi_gmem_ARLEN     |  out|   32|       m_axi|                              gmem|       pointer|
|m_axi_gmem_ARSIZE    |  out|    3|       m_axi|                              gmem|       pointer|
|m_axi_gmem_ARBURST   |  out|    2|       m_axi|                              gmem|       pointer|
|m_axi_gmem_ARLOCK    |  out|    2|       m_axi|                              gmem|       pointer|
|m_axi_gmem_ARCACHE   |  out|    4|       m_axi|                              gmem|       pointer|
|m_axi_gmem_ARPROT    |  out|    3|       m_axi|                              gmem|       pointer|
|m_axi_gmem_ARQOS     |  out|    4|       m_axi|                              gmem|       pointer|
|m_axi_gmem_ARREGION  |  out|    4|       m_axi|                              gmem|       pointer|
|m_axi_gmem_ARUSER    |  out|    1|       m_axi|                              gmem|       pointer|
|m_axi_gmem_RVALID    |   in|    1|       m_axi|                              gmem|       pointer|
|m_axi_gmem_RREADY    |  out|    1|       m_axi|                              gmem|       pointer|
|m_axi_gmem_RDATA     |   in|   32|       m_axi|                              gmem|       pointer|
|m_axi_gmem_RLAST     |   in|    1|       m_axi|                              gmem|       pointer|
|m_axi_gmem_RID       |   in|    1|       m_axi|                              gmem|       pointer|
|m_axi_gmem_RFIFONUM  |   in|    9|       m_axi|                              gmem|       pointer|
|m_axi_gmem_RUSER     |   in|    1|       m_axi|                              gmem|       pointer|
|m_axi_gmem_RRESP     |   in|    2|       m_axi|                              gmem|       pointer|
|m_axi_gmem_BVALID    |   in|    1|       m_axi|                              gmem|       pointer|
|m_axi_gmem_BREADY    |  out|    1|       m_axi|                              gmem|       pointer|
|m_axi_gmem_BRESP     |   in|    2|       m_axi|                              gmem|       pointer|
|m_axi_gmem_BID       |   in|    1|       m_axi|                              gmem|       pointer|
|m_axi_gmem_BUSER     |   in|    1|       m_axi|                              gmem|       pointer|
|sext_ln24            |   in|   30|     ap_none|                         sext_ln24|        scalar|
|mul6                 |   in|   32|     ap_none|                              mul6|        scalar|
|m2_buffer_address0   |  out|   10|   ap_memory|                         m2_buffer|         array|
|m2_buffer_ce0        |  out|    1|   ap_memory|                         m2_buffer|         array|
|m2_buffer_we0        |  out|    1|   ap_memory|                         m2_buffer|         array|
|m2_buffer_d0         |  out|   32|   ap_memory|                         m2_buffer|         array|
+---------------------+-----+-----+------------+----------------------------------+--------------+

