Copyright 1986-2022 Xilinx, Inc. All Rights Reserved.
----------------------------------------------------------------------------------------------------------------
| Tool Version : Vivado v.2022.2 (win64) Build 3671981 Fri Oct 14 05:00:03 MDT 2022
| Date         : Fri Aug 25 16:40:08 2023
| Host         : DESKTOP-8UFOBMP running 64-bit major release  (build 9200)
| Command      : upgrade_project -migrate_output_products
| Project_Path : C:/Users/Rui/Rui/MSc_Dissertation/rvfpga/RVfpgaSoC/Labs/LabSolution/Lab1/Lab1.xpr
----------------------------------------------------------------------------------------------------------------

Project Status Summary

1. Project IP Status
--------------------
This project contains 0 IP and 1 Block Designs.


1.1 Project IP Instances
+------------------------------+-------------------------+-------------------------------------+-------------------------------------+
| Instance Name                | Status                  | Reason                              | Recommendation                      |
+------------------------------+-------------------------+-------------------------------------+-------------------------------------+
| BD_bidirec_0_0               | Will be Migrated.       |                                     |                                     |
+------------------------------+-------------------------+-------------------------------------+-------------------------------------+
| BD_bidirec_0_1               | Will be Migrated.       |                                     |                                     |
+------------------------------+-------------------------+-------------------------------------+-------------------------------------+
| BD_bidirec_0_2               | Will be Migrated.       |                                     |                                     |
+------------------------------+-------------------------+-------------------------------------+-------------------------------------+
| BD_bidirec_0_3               | Will be Migrated.       |                                     |                                     |
+------------------------------+-------------------------+-------------------------------------+-------------------------------------+
| BD_bidirec_0_4               | Will be Migrated.       |                                     |                                     |
+------------------------------+-------------------------+-------------------------------------+-------------------------------------+
| BD_bidirec_0_5               | Will be Migrated.       |                                     |                                     |
+------------------------------+-------------------------+-------------------------------------+-------------------------------------+
| BD_bidirec_10_0              | Will be Migrated.       |                                     |                                     |
+------------------------------+-------------------------+-------------------------------------+-------------------------------------+
| BD_bidirec_11_0              | Will be Migrated.       |                                     |                                     |
+------------------------------+-------------------------+-------------------------------------+-------------------------------------+
| BD_bidirec_12_0              | Will be Migrated.       |                                     |                                     |
+------------------------------+-------------------------+-------------------------------------+-------------------------------------+
| BD_bidirec_13_0              | Will be Migrated.       |                                     |                                     |
+------------------------------+-------------------------+-------------------------------------+-------------------------------------+
| BD_bidirec_14_0              | Will be Migrated.       |                                     |                                     |
+------------------------------+-------------------------+-------------------------------------+-------------------------------------+
| BD_bidirec_15_0              | Will be Migrated.       |                                     |                                     |
+------------------------------+-------------------------+-------------------------------------+-------------------------------------+
| BD_bidirec_1_0               | Will be Migrated.       |                                     |                                     |
+------------------------------+-------------------------+-------------------------------------+-------------------------------------+
| BD_bidirec_1_1               | Will be Migrated.       |                                     |                                     |
+------------------------------+-------------------------+-------------------------------------+-------------------------------------+
| BD_bidirec_1_2               | Will be Migrated.       |                                     |                                     |
+------------------------------+-------------------------+-------------------------------------+-------------------------------------+
| BD_bidirec_1_3               | Will be Migrated.       |                                     |                                     |
+------------------------------+-------------------------+-------------------------------------+-------------------------------------+
| BD_bidirec_2_0               | Will be Migrated.       |                                     |                                     |
+------------------------------+-------------------------+-------------------------------------+-------------------------------------+
| BD_bidirec_2_1               | Will be Migrated.       |                                     |                                     |
+------------------------------+-------------------------+-------------------------------------+-------------------------------------+
| BD_bidirec_2_2               | Will be Migrated.       |                                     |                                     |
+------------------------------+-------------------------+-------------------------------------+-------------------------------------+
| BD_bidirec_3_0               | Will be Migrated.       |                                     |                                     |
+------------------------------+-------------------------+-------------------------------------+-------------------------------------+
| BD_bidirec_3_1               | Will be Migrated.       |                                     |                                     |
+------------------------------+-------------------------+-------------------------------------+-------------------------------------+
| BD_bidirec_3_2               | Will be Migrated.       |                                     |                                     |
+------------------------------+-------------------------+-------------------------------------+-------------------------------------+
| BD_bidirec_4_0               | Will be Migrated.       |                                     |                                     |
+------------------------------+-------------------------+-------------------------------------+-------------------------------------+
| BD_bidirec_4_1               | Will be Migrated.       |                                     |                                     |
+------------------------------+-------------------------+-------------------------------------+-------------------------------------+
| BD_bidirec_5_0               | Will be Migrated.       |                                     |                                     |
+------------------------------+-------------------------+-------------------------------------+-------------------------------------+
| BD_bidirec_5_1               | Will be Migrated.       |                                     |                                     |
+------------------------------+-------------------------+-------------------------------------+-------------------------------------+
| BD_bidirec_6_0               | Will be Migrated.       |                                     |                                     |
+------------------------------+-------------------------+-------------------------------------+-------------------------------------+
| BD_bidirec_6_1               | Will be Migrated.       |                                     |                                     |
+------------------------------+-------------------------+-------------------------------------+-------------------------------------+
| BD_bidirec_7_0               | Will be Migrated.       |                                     |                                     |
+------------------------------+-------------------------+-------------------------------------+-------------------------------------+
| BD_bidirec_7_1               | Will be Migrated.       |                                     |                                     |
+------------------------------+-------------------------+-------------------------------------+-------------------------------------+
| BD_bidirec_8_0               | Will be Migrated.       |                                     |                                     |
+------------------------------+-------------------------+-------------------------------------+-------------------------------------+
| BD_bidirec_9_0               | Will be Migrated.       |                                     |                                     |
+------------------------------+-------------------------+-------------------------------------+-------------------------------------+
| BD_bootrom_wrapper_0_0       | Will be Migrated.       |                                     |                                     |
+------------------------------+-------------------------+-------------------------------------+-------------------------------------+
| BD_gpio_wrapper_0_0          | Will be Migrated.       |                                     |                                     |
+------------------------------+-------------------------+-------------------------------------+-------------------------------------+
| BD_intcon_wrapper_bd_0_0     | Will be Migrated.       |                                     |                                     |
+------------------------------+-------------------------+-------------------------------------+-------------------------------------+
| BD_swerv_wrapper_verilog_0_0 | Will be Migrated.       |                                     |                                     |
+------------------------------+-------------------------+-------------------------------------+-------------------------------------+
| BD_syscon_wrapper_0_0        | Will be Migrated.       |                                     |                                     |
+------------------------------+-------------------------+-------------------------------------+-------------------------------------+


1.2 Project Block Designs
+----+-------------------------+-------------------------------------+-------------------------------------+
| De | Status                  | Reason                              | Recommendation                      |
| Na |                         |                                     |                                     |
+----+-------------------------+-------------------------------------+-------------------------------------+
| BD | Will be Migrated.       |                                     |                                     |
+----+-------------------------+-------------------------------------+-------------------------------------+



