#-----------------------------------------------------------
# Vivado v2022.2 (64-bit)
# SW Build 3671981 on Fri Oct 14 05:00:03 MDT 2022
# IP Build 3669848 on Fri Oct 14 08:30:02 MDT 2022
# Start of session at: Fri Aug 25 16:36:47 2023
# Process ID: 17004
# Current directory: C:/Users/Rui/Rui/MSc_Dissertation/rvfpga/RVfpgaSoC/Labs/LabSolution/Lab1
# Command line: vivado.exe -gui_launcher_event rodinguilauncherevent22792 C:\Users\Rui\Rui\MSc_Dissertation\rvfpga\RVfpgaSoC\Labs\LabSolution\Lab1\Lab1.xpr
# Log file: C:/Users/Rui/Rui/MSc_Dissertation/rvfpga/RVfpgaSoC/Labs/LabSolution/Lab1/vivado.log
# Journal file: C:/Users/Rui/Rui/MSc_Dissertation/rvfpga/RVfpgaSoC/Labs/LabSolution/Lab1\vivado.jou
# Running On: DESKTOP-8UFOBMP, OS: Windows, CPU Frequency: 1997 MHz, CPU Physical cores: 14, Host memory: 16869 MB
#-----------------------------------------------------------
start_gui
WARNING: [Board 49-26] cannot add Board Part xilinx.com:vek280_es:part0:1.0 available at C:/Xilinx/Vivado/2022.2/data/xhub/boards/XilinxBoardStore/boards/Xilinx/vek280/es/1.0/board.xml as part xcve2802-vsvh1760-2lp-e-s-es1 specified in board_part file is either invalid or not available
WARNING: [Board 49-26] cannot add Board Part xilinx.com:vhk158_es:part0:1.0 available at C:/Xilinx/Vivado/2022.2/data/xhub/boards/XilinxBoardStore/boards/Xilinx/vhk158/es/1.0/board.xml as part xcvh1582-vsva3697-2mp-e-s-es1 specified in board_part file is either invalid or not available
WARNING: [Board 49-26] cannot add Board Part xilinx.com:vpk120_es:part0:1.2 available at C:/Xilinx/Vivado/2022.2/data/xhub/boards/XilinxBoardStore/boards/Xilinx/vpk120/es/1.2/board.xml as part xcvp1202-vsva2785-2mp-e-s-es1 specified in board_part file is either invalid or not available
WARNING: [Board 49-26] cannot add Board Part xilinx.com:vpk120_es_revb:part0:1.0 available at C:/Xilinx/Vivado/2022.2/data/xhub/boards/XilinxBoardStore/boards/Xilinx/vpk120_revb/es/1.0/board.xml as part xcvp1202-vsva2785-2mp-e-s-es1 specified in board_part file is either invalid or not available
WARNING: [Board 49-26] cannot add Board Part xilinx.com:vpk180_es:part0:1.0 available at C:/Xilinx/Vivado/2022.2/data/xhub/boards/XilinxBoardStore/boards/Xilinx/vpk180/es/1.0/board.xml as part xcvp1802-lsvc4072-2mp-e-s-es1 specified in board_part file is either invalid or not available
WARNING: [Board 49-26] cannot add Board Part xilinx.com:zcu208ld:part0:2.0 available at C:/Xilinx/Vivado/2022.2/data/xhub/boards/XilinxBoardStore/boards/Xilinx/zcu208ld/production/2.0/board.xml as part xczu58dr-fsvg1517-2-i specified in board_part file is either invalid or not available
WARNING: [Board 49-26] cannot add Board Part xilinx.com:zcu216ld:part0:2.0 available at C:/Xilinx/Vivado/2022.2/data/xhub/boards/XilinxBoardStore/boards/Xilinx/zcu216ld/production/2.0/board.xml as part xczu59dr-ffvf1760-2-i specified in board_part file is either invalid or not available
WARNING: [Board 49-26] cannot add Board Part xilinx.com:zcu670:part0:2.0 available at C:/Xilinx/Vivado/2022.2/data/xhub/boards/XilinxBoardStore/boards/Xilinx/zcu670/2.0/board.xml as part xczu67dr-fsve1156-2-i specified in board_part file is either invalid or not available
WARNING: [Board 49-26] cannot add Board Part xilinx.com:zcu670ld:part0:1.0 available at C:/Xilinx/Vivado/2022.2/data/xhub/boards/XilinxBoardStore/boards/Xilinx/zcu670ld/1.0/board.xml as part xczu57dr-fsve1156-2-i specified in board_part file is either invalid or not available
open_project C:/Users/Rui/Rui/MSc_Dissertation/rvfpga/RVfpgaSoC/Labs/LabSolution/Lab1/Lab1.xpr
INFO: [Project 1-313] Project file moved from 'E:/RvfpgaSoC/Labs/LabSolution/Lab1' since last save.
WARNING: [filemgmt 56-3] Board Part Repository Path: Could not find the directory 'C:/Users/Hamza'.
WARNING: [filemgmt 56-3] Board Part Repository Path: Could not find the directory 'C:/Users/Hamza Ali/AppData/Roaming/Xilinx/Vivado/Ali/AppData/Roaming/Xilinx/Vivado/2019.2/xhub/board_store'.
WARNING: [filemgmt 56-3] Board Part Repository Path: Could not find the directory 'C:/Users/Hamza'.
WARNING: [filemgmt 56-3] Board Part Repository Path: Could not find the directory 'C:/Users/Hamza Ali/AppData/Roaming/Xilinx/Vivado/Ali/AppData/Roaming/Xilinx/Vivado/{C:/Users/Hamza'.
WARNING: [filemgmt 56-3] Board Part Repository Path: Could not find the directory 'C:/Users/Hamza'.
WARNING: [filemgmt 56-3] Board Part Repository Path: Could not find the directory 'C:/Users/Hamza Ali/AppData/Roaming/Xilinx/Vivado/Ali/AppData/Roaming/Xilinx/Vivado/Ali/AppData/Roaming/Xilinx/Vivado/2019.2/xhub/board_store}'.
WARNING: [filemgmt 56-3] IPUserFilesDir: Could not find the directory 'C:/Users/Rui/Rui/MSc_Dissertation/rvfpga/RVfpgaSoC/Labs/LabSolution/Lab1/Lab1.ip_user_files'.
Scanning sources...
Finished scanning sources
INFO: [IP_Flow 19-234] Refreshing IP repositories
INFO: [IP_Flow 19-1704] No user IP repositories specified
INFO: [IP_Flow 19-2313] Loaded Vivado IP repository 'C:/Xilinx/Vivado/2022.2/data/ip'.
INFO: [Project 1-230] Project 'Lab1.xpr' upgraded for this version of Vivado.
open_project: Time (s): cpu = 00:00:03 ; elapsed = 00:00:10 . Memory (MB): peak = 1788.941 ; gain = 232.254
upgrade_project -migrate_output_products
WARNING: [IP_Flow 19-3571] IP 'BD_swerv_wrapper_verilog_0_0' is restricted:
* Detected changes to module reference file(s).
INFO: [BD 41-2710] Migrated 'BD_swerv_wrapper_verilog_0_0.xci'
  Source files are located in 'c:/Users/Rui/Rui/MSc_Dissertation/rvfpga/RVfpgaSoC/Labs/LabSolution/Lab1/Lab1.srcs/sources_1/bd/BD/ip/BD_swerv_wrapper_verilog_0_0'
  Output files are located in 'c:/Users/Rui/Rui/MSc_Dissertation/rvfpga/RVfpgaSoC/Labs/LabSolution/Lab1/Lab1.gen/sources_1/bd/BD/ip/BD_swerv_wrapper_verilog_0_0'.
WARNING: [IP_Flow 19-3571] IP 'BD_intcon_wrapper_bd_0_0' is restricted:
* Detected changes to module reference file(s).
INFO: [BD 41-2710] Migrated 'BD_intcon_wrapper_bd_0_0.xci'
  Source files are located in 'c:/Users/Rui/Rui/MSc_Dissertation/rvfpga/RVfpgaSoC/Labs/LabSolution/Lab1/Lab1.srcs/sources_1/bd/BD/ip/BD_intcon_wrapper_bd_0_0'
  Output files are located in 'c:/Users/Rui/Rui/MSc_Dissertation/rvfpga/RVfpgaSoC/Labs/LabSolution/Lab1/Lab1.gen/sources_1/bd/BD/ip/BD_intcon_wrapper_bd_0_0'.
WARNING: [IP_Flow 19-3571] IP 'BD_gpio_wrapper_0_0' is restricted:
* Detected changes to module reference file(s).
INFO: [BD 41-2710] Migrated 'BD_gpio_wrapper_0_0.xci'
  Source files are located in 'c:/Users/Rui/Rui/MSc_Dissertation/rvfpga/RVfpgaSoC/Labs/LabSolution/Lab1/Lab1.srcs/sources_1/bd/BD/ip/BD_gpio_wrapper_0_0'
  Output files are located in 'c:/Users/Rui/Rui/MSc_Dissertation/rvfpga/RVfpgaSoC/Labs/LabSolution/Lab1/Lab1.gen/sources_1/bd/BD/ip/BD_gpio_wrapper_0_0'.
WARNING: [IP_Flow 19-3571] IP 'BD_syscon_wrapper_0_0' is restricted:
* Detected changes to module reference file(s).
INFO: [BD 41-2710] Migrated 'BD_syscon_wrapper_0_0.xci'
  Source files are located in 'c:/Users/Rui/Rui/MSc_Dissertation/rvfpga/RVfpgaSoC/Labs/LabSolution/Lab1/Lab1.srcs/sources_1/bd/BD/ip/BD_syscon_wrapper_0_0'
  Output files are located in 'c:/Users/Rui/Rui/MSc_Dissertation/rvfpga/RVfpgaSoC/Labs/LabSolution/Lab1/Lab1.gen/sources_1/bd/BD/ip/BD_syscon_wrapper_0_0'.
WARNING: [IP_Flow 19-3571] IP 'BD_bootrom_wrapper_0_0' is restricted:
* Detected changes to module reference file(s).
INFO: [BD 41-2710] Migrated 'BD_bootrom_wrapper_0_0.xci'
  Source files are located in 'c:/Users/Rui/Rui/MSc_Dissertation/rvfpga/RVfpgaSoC/Labs/LabSolution/Lab1/Lab1.srcs/sources_1/bd/BD/ip/BD_bootrom_wrapper_0_0'
  Output files are located in 'c:/Users/Rui/Rui/MSc_Dissertation/rvfpga/RVfpgaSoC/Labs/LabSolution/Lab1/Lab1.gen/sources_1/bd/BD/ip/BD_bootrom_wrapper_0_0'.
WARNING: [IP_Flow 19-3571] IP 'BD_bidirec_0_0' is restricted:
* Detected changes to module reference file(s).
INFO: [BD 41-2710] Migrated 'BD_bidirec_0_0.xci'
  Source files are located in 'c:/Users/Rui/Rui/MSc_Dissertation/rvfpga/RVfpgaSoC/Labs/LabSolution/Lab1/Lab1.srcs/sources_1/bd/BD/ip/BD_bidirec_0_0'
  Output files are located in 'c:/Users/Rui/Rui/MSc_Dissertation/rvfpga/RVfpgaSoC/Labs/LabSolution/Lab1/Lab1.gen/sources_1/bd/BD/ip/BD_bidirec_0_0'.
WARNING: [IP_Flow 19-3571] IP 'BD_bidirec_0_1' is restricted:
* Detected changes to module reference file(s).
INFO: [BD 41-2710] Migrated 'BD_bidirec_0_1.xci'
  Source files are located in 'c:/Users/Rui/Rui/MSc_Dissertation/rvfpga/RVfpgaSoC/Labs/LabSolution/Lab1/Lab1.srcs/sources_1/bd/BD/ip/BD_bidirec_0_1'
  Output files are located in 'c:/Users/Rui/Rui/MSc_Dissertation/rvfpga/RVfpgaSoC/Labs/LabSolution/Lab1/Lab1.gen/sources_1/bd/BD/ip/BD_bidirec_0_1'.
WARNING: [IP_Flow 19-3571] IP 'BD_bidirec_0_2' is restricted:
* Detected changes to module reference file(s).
INFO: [BD 41-2710] Migrated 'BD_bidirec_0_2.xci'
  Source files are located in 'c:/Users/Rui/Rui/MSc_Dissertation/rvfpga/RVfpgaSoC/Labs/LabSolution/Lab1/Lab1.srcs/sources_1/bd/BD/ip/BD_bidirec_0_2'
  Output files are located in 'c:/Users/Rui/Rui/MSc_Dissertation/rvfpga/RVfpgaSoC/Labs/LabSolution/Lab1/Lab1.gen/sources_1/bd/BD/ip/BD_bidirec_0_2'.
WARNING: [IP_Flow 19-3571] IP 'BD_bidirec_1_0' is restricted:
* Detected changes to module reference file(s).
INFO: [BD 41-2710] Migrated 'BD_bidirec_1_0.xci'
  Source files are located in 'c:/Users/Rui/Rui/MSc_Dissertation/rvfpga/RVfpgaSoC/Labs/LabSolution/Lab1/Lab1.srcs/sources_1/bd/BD/ip/BD_bidirec_1_0'
  Output files are located in 'c:/Users/Rui/Rui/MSc_Dissertation/rvfpga/RVfpgaSoC/Labs/LabSolution/Lab1/Lab1.gen/sources_1/bd/BD/ip/BD_bidirec_1_0'.
WARNING: [IP_Flow 19-3571] IP 'BD_bidirec_0_3' is restricted:
* Detected changes to module reference file(s).
INFO: [BD 41-2710] Migrated 'BD_bidirec_0_3.xci'
  Source files are located in 'c:/Users/Rui/Rui/MSc_Dissertation/rvfpga/RVfpgaSoC/Labs/LabSolution/Lab1/Lab1.srcs/sources_1/bd/BD/ip/BD_bidirec_0_3'
  Output files are located in 'c:/Users/Rui/Rui/MSc_Dissertation/rvfpga/RVfpgaSoC/Labs/LabSolution/Lab1/Lab1.gen/sources_1/bd/BD/ip/BD_bidirec_0_3'.
WARNING: [IP_Flow 19-3571] IP 'BD_bidirec_1_1' is restricted:
* Detected changes to module reference file(s).
INFO: [BD 41-2710] Migrated 'BD_bidirec_1_1.xci'
  Source files are located in 'c:/Users/Rui/Rui/MSc_Dissertation/rvfpga/RVfpgaSoC/Labs/LabSolution/Lab1/Lab1.srcs/sources_1/bd/BD/ip/BD_bidirec_1_1'
  Output files are located in 'c:/Users/Rui/Rui/MSc_Dissertation/rvfpga/RVfpgaSoC/Labs/LabSolution/Lab1/Lab1.gen/sources_1/bd/BD/ip/BD_bidirec_1_1'.
WARNING: [IP_Flow 19-3571] IP 'BD_bidirec_2_0' is restricted:
* Detected changes to module reference file(s).
INFO: [BD 41-2710] Migrated 'BD_bidirec_2_0.xci'
  Source files are located in 'c:/Users/Rui/Rui/MSc_Dissertation/rvfpga/RVfpgaSoC/Labs/LabSolution/Lab1/Lab1.srcs/sources_1/bd/BD/ip/BD_bidirec_2_0'
  Output files are located in 'c:/Users/Rui/Rui/MSc_Dissertation/rvfpga/RVfpgaSoC/Labs/LabSolution/Lab1/Lab1.gen/sources_1/bd/BD/ip/BD_bidirec_2_0'.
WARNING: [IP_Flow 19-3571] IP 'BD_bidirec_3_0' is restricted:
* Detected changes to module reference file(s).
INFO: [BD 41-2710] Migrated 'BD_bidirec_3_0.xci'
  Source files are located in 'c:/Users/Rui/Rui/MSc_Dissertation/rvfpga/RVfpgaSoC/Labs/LabSolution/Lab1/Lab1.srcs/sources_1/bd/BD/ip/BD_bidirec_3_0'
  Output files are located in 'c:/Users/Rui/Rui/MSc_Dissertation/rvfpga/RVfpgaSoC/Labs/LabSolution/Lab1/Lab1.gen/sources_1/bd/BD/ip/BD_bidirec_3_0'.
WARNING: [IP_Flow 19-3571] IP 'BD_bidirec_0_4' is restricted:
* Detected changes to module reference file(s).
INFO: [BD 41-2710] Migrated 'BD_bidirec_0_4.xci'
  Source files are located in 'c:/Users/Rui/Rui/MSc_Dissertation/rvfpga/RVfpgaSoC/Labs/LabSolution/Lab1/Lab1.srcs/sources_1/bd/BD/ip/BD_bidirec_0_4'
  Output files are located in 'c:/Users/Rui/Rui/MSc_Dissertation/rvfpga/RVfpgaSoC/Labs/LabSolution/Lab1/Lab1.gen/sources_1/bd/BD/ip/BD_bidirec_0_4'.
WARNING: [IP_Flow 19-3571] IP 'BD_bidirec_1_2' is restricted:
* Detected changes to module reference file(s).
INFO: [BD 41-2710] Migrated 'BD_bidirec_1_2.xci'
  Source files are located in 'c:/Users/Rui/Rui/MSc_Dissertation/rvfpga/RVfpgaSoC/Labs/LabSolution/Lab1/Lab1.srcs/sources_1/bd/BD/ip/BD_bidirec_1_2'
  Output files are located in 'c:/Users/Rui/Rui/MSc_Dissertation/rvfpga/RVfpgaSoC/Labs/LabSolution/Lab1/Lab1.gen/sources_1/bd/BD/ip/BD_bidirec_1_2'.
WARNING: [IP_Flow 19-3571] IP 'BD_bidirec_2_1' is restricted:
* Detected changes to module reference file(s).
INFO: [BD 41-2710] Migrated 'BD_bidirec_2_1.xci'
  Source files are located in 'c:/Users/Rui/Rui/MSc_Dissertation/rvfpga/RVfpgaSoC/Labs/LabSolution/Lab1/Lab1.srcs/sources_1/bd/BD/ip/BD_bidirec_2_1'
  Output files are located in 'c:/Users/Rui/Rui/MSc_Dissertation/rvfpga/RVfpgaSoC/Labs/LabSolution/Lab1/Lab1.gen/sources_1/bd/BD/ip/BD_bidirec_2_1'.
WARNING: [IP_Flow 19-3571] IP 'BD_bidirec_3_1' is restricted:
* Detected changes to module reference file(s).
INFO: [BD 41-2710] Migrated 'BD_bidirec_3_1.xci'
  Source files are located in 'c:/Users/Rui/Rui/MSc_Dissertation/rvfpga/RVfpgaSoC/Labs/LabSolution/Lab1/Lab1.srcs/sources_1/bd/BD/ip/BD_bidirec_3_1'
  Output files are located in 'c:/Users/Rui/Rui/MSc_Dissertation/rvfpga/RVfpgaSoC/Labs/LabSolution/Lab1/Lab1.gen/sources_1/bd/BD/ip/BD_bidirec_3_1'.
WARNING: [IP_Flow 19-3571] IP 'BD_bidirec_4_0' is restricted:
* Detected changes to module reference file(s).
INFO: [BD 41-2710] Migrated 'BD_bidirec_4_0.xci'
  Source files are located in 'c:/Users/Rui/Rui/MSc_Dissertation/rvfpga/RVfpgaSoC/Labs/LabSolution/Lab1/Lab1.srcs/sources_1/bd/BD/ip/BD_bidirec_4_0'
  Output files are located in 'c:/Users/Rui/Rui/MSc_Dissertation/rvfpga/RVfpgaSoC/Labs/LabSolution/Lab1/Lab1.gen/sources_1/bd/BD/ip/BD_bidirec_4_0'.
WARNING: [IP_Flow 19-3571] IP 'BD_bidirec_5_0' is restricted:
* Detected changes to module reference file(s).
INFO: [BD 41-2710] Migrated 'BD_bidirec_5_0.xci'
  Source files are located in 'c:/Users/Rui/Rui/MSc_Dissertation/rvfpga/RVfpgaSoC/Labs/LabSolution/Lab1/Lab1.srcs/sources_1/bd/BD/ip/BD_bidirec_5_0'
  Output files are located in 'c:/Users/Rui/Rui/MSc_Dissertation/rvfpga/RVfpgaSoC/Labs/LabSolution/Lab1/Lab1.gen/sources_1/bd/BD/ip/BD_bidirec_5_0'.
WARNING: [IP_Flow 19-3571] IP 'BD_bidirec_6_0' is restricted:
* Detected changes to module reference file(s).
INFO: [BD 41-2710] Migrated 'BD_bidirec_6_0.xci'
  Source files are located in 'c:/Users/Rui/Rui/MSc_Dissertation/rvfpga/RVfpgaSoC/Labs/LabSolution/Lab1/Lab1.srcs/sources_1/bd/BD/ip/BD_bidirec_6_0'
  Output files are located in 'c:/Users/Rui/Rui/MSc_Dissertation/rvfpga/RVfpgaSoC/Labs/LabSolution/Lab1/Lab1.gen/sources_1/bd/BD/ip/BD_bidirec_6_0'.
WARNING: [IP_Flow 19-3571] IP 'BD_bidirec_7_0' is restricted:
* Detected changes to module reference file(s).
INFO: [BD 41-2710] Migrated 'BD_bidirec_7_0.xci'
  Source files are located in 'c:/Users/Rui/Rui/MSc_Dissertation/rvfpga/RVfpgaSoC/Labs/LabSolution/Lab1/Lab1.srcs/sources_1/bd/BD/ip/BD_bidirec_7_0'
  Output files are located in 'c:/Users/Rui/Rui/MSc_Dissertation/rvfpga/RVfpgaSoC/Labs/LabSolution/Lab1/Lab1.gen/sources_1/bd/BD/ip/BD_bidirec_7_0'.
WARNING: [IP_Flow 19-3571] IP 'BD_bidirec_0_5' is restricted:
* Detected changes to module reference file(s).
INFO: [BD 41-2710] Migrated 'BD_bidirec_0_5.xci'
  Source files are located in 'c:/Users/Rui/Rui/MSc_Dissertation/rvfpga/RVfpgaSoC/Labs/LabSolution/Lab1/Lab1.srcs/sources_1/bd/BD/ip/BD_bidirec_0_5'
  Output files are located in 'c:/Users/Rui/Rui/MSc_Dissertation/rvfpga/RVfpgaSoC/Labs/LabSolution/Lab1/Lab1.gen/sources_1/bd/BD/ip/BD_bidirec_0_5'.
WARNING: [IP_Flow 19-3571] IP 'BD_bidirec_1_3' is restricted:
* Detected changes to module reference file(s).
INFO: [BD 41-2710] Migrated 'BD_bidirec_1_3.xci'
  Source files are located in 'c:/Users/Rui/Rui/MSc_Dissertation/rvfpga/RVfpgaSoC/Labs/LabSolution/Lab1/Lab1.srcs/sources_1/bd/BD/ip/BD_bidirec_1_3'
  Output files are located in 'c:/Users/Rui/Rui/MSc_Dissertation/rvfpga/RVfpgaSoC/Labs/LabSolution/Lab1/Lab1.gen/sources_1/bd/BD/ip/BD_bidirec_1_3'.
WARNING: [IP_Flow 19-3571] IP 'BD_bidirec_10_0' is restricted:
* Detected changes to module reference file(s).
INFO: [BD 41-2710] Migrated 'BD_bidirec_10_0.xci'
  Source files are located in 'c:/Users/Rui/Rui/MSc_Dissertation/rvfpga/RVfpgaSoC/Labs/LabSolution/Lab1/Lab1.srcs/sources_1/bd/BD/ip/BD_bidirec_10_0'
  Output files are located in 'c:/Users/Rui/Rui/MSc_Dissertation/rvfpga/RVfpgaSoC/Labs/LabSolution/Lab1/Lab1.gen/sources_1/bd/BD/ip/BD_bidirec_10_0'.
WARNING: [IP_Flow 19-3571] IP 'BD_bidirec_11_0' is restricted:
* Detected changes to module reference file(s).
INFO: [BD 41-2710] Migrated 'BD_bidirec_11_0.xci'
  Source files are located in 'c:/Users/Rui/Rui/MSc_Dissertation/rvfpga/RVfpgaSoC/Labs/LabSolution/Lab1/Lab1.srcs/sources_1/bd/BD/ip/BD_bidirec_11_0'
  Output files are located in 'c:/Users/Rui/Rui/MSc_Dissertation/rvfpga/RVfpgaSoC/Labs/LabSolution/Lab1/Lab1.gen/sources_1/bd/BD/ip/BD_bidirec_11_0'.
WARNING: [IP_Flow 19-3571] IP 'BD_bidirec_12_0' is restricted:
* Detected changes to module reference file(s).
INFO: [BD 41-2710] Migrated 'BD_bidirec_12_0.xci'
  Source files are located in 'c:/Users/Rui/Rui/MSc_Dissertation/rvfpga/RVfpgaSoC/Labs/LabSolution/Lab1/Lab1.srcs/sources_1/bd/BD/ip/BD_bidirec_12_0'
  Output files are located in 'c:/Users/Rui/Rui/MSc_Dissertation/rvfpga/RVfpgaSoC/Labs/LabSolution/Lab1/Lab1.gen/sources_1/bd/BD/ip/BD_bidirec_12_0'.
WARNING: [IP_Flow 19-3571] IP 'BD_bidirec_13_0' is restricted:
* Detected changes to module reference file(s).
INFO: [BD 41-2710] Migrated 'BD_bidirec_13_0.xci'
  Source files are located in 'c:/Users/Rui/Rui/MSc_Dissertation/rvfpga/RVfpgaSoC/Labs/LabSolution/Lab1/Lab1.srcs/sources_1/bd/BD/ip/BD_bidirec_13_0'
  Output files are located in 'c:/Users/Rui/Rui/MSc_Dissertation/rvfpga/RVfpgaSoC/Labs/LabSolution/Lab1/Lab1.gen/sources_1/bd/BD/ip/BD_bidirec_13_0'.
WARNING: [IP_Flow 19-3571] IP 'BD_bidirec_14_0' is restricted:
* Detected changes to module reference file(s).
INFO: [BD 41-2710] Migrated 'BD_bidirec_14_0.xci'
  Source files are located in 'c:/Users/Rui/Rui/MSc_Dissertation/rvfpga/RVfpgaSoC/Labs/LabSolution/Lab1/Lab1.srcs/sources_1/bd/BD/ip/BD_bidirec_14_0'
  Output files are located in 'c:/Users/Rui/Rui/MSc_Dissertation/rvfpga/RVfpgaSoC/Labs/LabSolution/Lab1/Lab1.gen/sources_1/bd/BD/ip/BD_bidirec_14_0'.
WARNING: [IP_Flow 19-3571] IP 'BD_bidirec_15_0' is restricted:
* Detected changes to module reference file(s).
INFO: [BD 41-2710] Migrated 'BD_bidirec_15_0.xci'
  Source files are located in 'c:/Users/Rui/Rui/MSc_Dissertation/rvfpga/RVfpgaSoC/Labs/LabSolution/Lab1/Lab1.srcs/sources_1/bd/BD/ip/BD_bidirec_15_0'
  Output files are located in 'c:/Users/Rui/Rui/MSc_Dissertation/rvfpga/RVfpgaSoC/Labs/LabSolution/Lab1/Lab1.gen/sources_1/bd/BD/ip/BD_bidirec_15_0'.
WARNING: [IP_Flow 19-3571] IP 'BD_bidirec_2_2' is restricted:
* Detected changes to module reference file(s).
INFO: [BD 41-2710] Migrated 'BD_bidirec_2_2.xci'
  Source files are located in 'c:/Users/Rui/Rui/MSc_Dissertation/rvfpga/RVfpgaSoC/Labs/LabSolution/Lab1/Lab1.srcs/sources_1/bd/BD/ip/BD_bidirec_2_2'
  Output files are located in 'c:/Users/Rui/Rui/MSc_Dissertation/rvfpga/RVfpgaSoC/Labs/LabSolution/Lab1/Lab1.gen/sources_1/bd/BD/ip/BD_bidirec_2_2'.
WARNING: [IP_Flow 19-3571] IP 'BD_bidirec_3_2' is restricted:
* Detected changes to module reference file(s).
INFO: [BD 41-2710] Migrated 'BD_bidirec_3_2.xci'
  Source files are located in 'c:/Users/Rui/Rui/MSc_Dissertation/rvfpga/RVfpgaSoC/Labs/LabSolution/Lab1/Lab1.srcs/sources_1/bd/BD/ip/BD_bidirec_3_2'
  Output files are located in 'c:/Users/Rui/Rui/MSc_Dissertation/rvfpga/RVfpgaSoC/Labs/LabSolution/Lab1/Lab1.gen/sources_1/bd/BD/ip/BD_bidirec_3_2'.
WARNING: [IP_Flow 19-3571] IP 'BD_bidirec_4_1' is restricted:
* Detected changes to module reference file(s).
INFO: [BD 41-2710] Migrated 'BD_bidirec_4_1.xci'
  Source files are located in 'c:/Users/Rui/Rui/MSc_Dissertation/rvfpga/RVfpgaSoC/Labs/LabSolution/Lab1/Lab1.srcs/sources_1/bd/BD/ip/BD_bidirec_4_1'
  Output files are located in 'c:/Users/Rui/Rui/MSc_Dissertation/rvfpga/RVfpgaSoC/Labs/LabSolution/Lab1/Lab1.gen/sources_1/bd/BD/ip/BD_bidirec_4_1'.
WARNING: [IP_Flow 19-3571] IP 'BD_bidirec_5_1' is restricted:
* Detected changes to module reference file(s).
INFO: [BD 41-2710] Migrated 'BD_bidirec_5_1.xci'
  Source files are located in 'c:/Users/Rui/Rui/MSc_Dissertation/rvfpga/RVfpgaSoC/Labs/LabSolution/Lab1/Lab1.srcs/sources_1/bd/BD/ip/BD_bidirec_5_1'
  Output files are located in 'c:/Users/Rui/Rui/MSc_Dissertation/rvfpga/RVfpgaSoC/Labs/LabSolution/Lab1/Lab1.gen/sources_1/bd/BD/ip/BD_bidirec_5_1'.
WARNING: [IP_Flow 19-3571] IP 'BD_bidirec_6_1' is restricted:
* Detected changes to module reference file(s).
INFO: [BD 41-2710] Migrated 'BD_bidirec_6_1.xci'
  Source files are located in 'c:/Users/Rui/Rui/MSc_Dissertation/rvfpga/RVfpgaSoC/Labs/LabSolution/Lab1/Lab1.srcs/sources_1/bd/BD/ip/BD_bidirec_6_1'
  Output files are located in 'c:/Users/Rui/Rui/MSc_Dissertation/rvfpga/RVfpgaSoC/Labs/LabSolution/Lab1/Lab1.gen/sources_1/bd/BD/ip/BD_bidirec_6_1'.
WARNING: [IP_Flow 19-3571] IP 'BD_bidirec_7_1' is restricted:
* Detected changes to module reference file(s).
INFO: [BD 41-2710] Migrated 'BD_bidirec_7_1.xci'
  Source files are located in 'c:/Users/Rui/Rui/MSc_Dissertation/rvfpga/RVfpgaSoC/Labs/LabSolution/Lab1/Lab1.srcs/sources_1/bd/BD/ip/BD_bidirec_7_1'
  Output files are located in 'c:/Users/Rui/Rui/MSc_Dissertation/rvfpga/RVfpgaSoC/Labs/LabSolution/Lab1/Lab1.gen/sources_1/bd/BD/ip/BD_bidirec_7_1'.
WARNING: [IP_Flow 19-3571] IP 'BD_bidirec_8_0' is restricted:
* Detected changes to module reference file(s).
INFO: [BD 41-2710] Migrated 'BD_bidirec_8_0.xci'
  Source files are located in 'c:/Users/Rui/Rui/MSc_Dissertation/rvfpga/RVfpgaSoC/Labs/LabSolution/Lab1/Lab1.srcs/sources_1/bd/BD/ip/BD_bidirec_8_0'
  Output files are located in 'c:/Users/Rui/Rui/MSc_Dissertation/rvfpga/RVfpgaSoC/Labs/LabSolution/Lab1/Lab1.gen/sources_1/bd/BD/ip/BD_bidirec_8_0'.
WARNING: [IP_Flow 19-3571] IP 'BD_bidirec_9_0' is restricted:
* Detected changes to module reference file(s).
INFO: [BD 41-2710] Migrated 'BD_bidirec_9_0.xci'
  Source files are located in 'c:/Users/Rui/Rui/MSc_Dissertation/rvfpga/RVfpgaSoC/Labs/LabSolution/Lab1/Lab1.srcs/sources_1/bd/BD/ip/BD_bidirec_9_0'
  Output files are located in 'c:/Users/Rui/Rui/MSc_Dissertation/rvfpga/RVfpgaSoC/Labs/LabSolution/Lab1/Lab1.gen/sources_1/bd/BD/ip/BD_bidirec_9_0'.
upgrade_project: Time (s): cpu = 00:00:04 ; elapsed = 00:01:29 . Memory (MB): peak = 1809.355 ; gain = 20.414
report_ip_status -name ip_status 
upgrade_ip [get_ips  {BD_bidirec_15_0 BD_bidirec_10_0 BD_intcon_wrapper_bd_0_0 BD_bidirec_0_0 BD_bidirec_1_3 BD_bidirec_5_0 BD_bidirec_3_1 BD_swerv_wrapper_verilog_0_0 BD_bidirec_1_2 BD_bidirec_1_1 BD_bidirec_0_2 BD_bidirec_8_0 BD_bidirec_3_0 BD_bidirec_12_0 BD_bidirec_7_0 BD_gpio_wrapper_0_0 BD_bidirec_2_0 BD_bidirec_6_1 BD_bidirec_0_5 BD_bidirec_0_1 BD_bidirec_3_2 BD_bidirec_6_0 BD_bidirec_1_0 BD_bidirec_5_1 BD_bidirec_11_0 BD_bidirec_0_4 BD_bidirec_4_1 BD_bootrom_wrapper_0_0 BD_bidirec_14_0 BD_syscon_wrapper_0_0 BD_bidirec_2_2 BD_bidirec_13_0 BD_bidirec_0_3 BD_bidirec_4_0 BD_bidirec_7_1 BD_bidirec_2_1 BD_bidirec_9_0}] -log ip_upgrade.log
INFO: [IP_Flow 19-234] Refreshing IP repositories
INFO: [IP_Flow 19-1704] No user IP repositories specified
WARNING: [IP_Flow 19-4747] Not inferring AXIMM interface 'i_ifu' due to missing slave read-channel signals ARREADY RDATA RVALID.
WARNING: [IP_Flow 19-4747] Not inferring AXIMM interface 'i_lsu' due to missing slave read-channel signals ARREADY RDATA RVALID.
WARNING: [IP_Flow 19-4747] Not inferring AXIMM interface 'i_ram' due to missing master read-channel signals ARADDR ARVALID RREADY.
WARNING: [IP_Flow 19-4747] Not inferring AXIMM interface 'i_sb' due to missing slave read-channel signals ARREADY RDATA RVALID.
WARNING: [IP_Flow 19-4747] Not inferring AXIMM interface 'o_lsu' due to missing slave read-channel signals ARADDR ARVALID RREADY.
WARNING: [IP_Flow 19-4747] Not inferring AXIMM interface 'o_ram' due to missing master read-channel signals ARREADY RDATA RVALID.
WARNING: [IP_Flow 19-4747] Not inferring AXIMM interface 'o_sb' due to missing slave read-channel signals ARADDR ARVALID RREADY.
INFO: [IP_Flow 19-234] Refreshing IP repositories
INFO: [IP_Flow 19-1704] No user IP repositories specified
WARNING: [IP_Flow 19-4747] Not inferring AXIMM interface 'i_ifu' due to missing slave read-channel signals ARREADY RDATA RVALID.
WARNING: [IP_Flow 19-4747] Not inferring AXIMM interface 'i_lsu' due to missing slave read-channel signals ARREADY RDATA RVALID.
WARNING: [IP_Flow 19-4747] Not inferring AXIMM interface 'i_ram' due to missing master read-channel signals ARADDR ARVALID RREADY.
WARNING: [IP_Flow 19-4747] Not inferring AXIMM interface 'i_sb' due to missing slave read-channel signals ARREADY RDATA RVALID.
WARNING: [IP_Flow 19-4747] Not inferring AXIMM interface 'o_lsu' due to missing slave read-channel signals ARADDR ARVALID RREADY.
WARNING: [IP_Flow 19-4747] Not inferring AXIMM interface 'o_ram' due to missing master read-channel signals ARREADY RDATA RVALID.
WARNING: [IP_Flow 19-4747] Not inferring AXIMM interface 'o_sb' due to missing slave read-channel signals ARADDR ARVALID RREADY.
INFO: [IP_Flow 19-234] Refreshing IP repositories
INFO: [IP_Flow 19-1704] No user IP repositories specified
Reading block design file <C:/Users/Rui/Rui/MSc_Dissertation/rvfpga/RVfpgaSoC/Labs/LabSolution/Lab1/Lab1.srcs/sources_1/bd/BD/BD.bd>...
Adding component instance block -- xilinx.com:module_ref:intcon_wrapper_bd:1.0 - intcon_wrapper_bd_0
Adding component instance block -- xilinx.com:module_ref:gpio_wrapper:1.0 - gpio_wrapper_0
INFO: [IP_Flow 19-234] Refreshing IP repositories
INFO: [IP_Flow 19-1704] No user IP repositories specified
Adding component instance block -- xilinx.com:module_ref:syscon_wrapper:1.0 - syscon_wrapper_0
INFO: [IP_Flow 19-5107] Inferred bus interface 'i_rst' of definition 'xilinx.com:signal:reset:1.0' (from Xilinx Repository).
INFO: [IP_Flow 19-5107] Inferred bus interface 'i_clk' of definition 'xilinx.com:signal:clock:1.0' (from Xilinx Repository).
INFO: [IP_Flow 19-5107] Inferred bus interface 'gpio_irq' of definition 'xilinx.com:signal:interrupt:1.0' (from Xilinx Repository).
INFO: [IP_Flow 19-5107] Inferred bus interface 'o_timer_irq' of definition 'xilinx.com:signal:interrupt:1.0' (from Xilinx Repository).
INFO: [IP_Flow 19-5107] Inferred bus interface 'ptc_irq' of definition 'xilinx.com:signal:interrupt:1.0' (from Xilinx Repository).
INFO: [IP_Flow 19-4728] Bus Interface 'gpio_irq': Added interface parameter 'SENSITIVITY' with value 'LEVEL_HIGH'.
INFO: [IP_Flow 19-4728] Bus Interface 'o_timer_irq': Added interface parameter 'SENSITIVITY' with value 'LEVEL_HIGH'.
INFO: [IP_Flow 19-4728] Bus Interface 'ptc_irq': Added interface parameter 'SENSITIVITY' with value 'LEVEL_HIGH'.
INFO: [IP_Flow 19-4728] Bus Interface 'i_clk': Added interface parameter 'ASSOCIATED_RESET' with value 'i_rst'.
WARNING: [IP_Flow 19-5661] Bus Interface 'i_clk' does not have any bus interfaces associated with it.
INFO: [IP_Flow 19-234] Refreshing IP repositories
INFO: [IP_Flow 19-1704] No user IP repositories specified
Adding component instance block -- xilinx.com:module_ref:bootrom_wrapper:1.0 - bootrom_wrapper_0
INFO: [IP_Flow 19-5107] Inferred bus interface 'i_rst' of definition 'xilinx.com:signal:reset:1.0' (from Xilinx Repository).
INFO: [IP_Flow 19-5107] Inferred bus interface 'i_clk' of definition 'xilinx.com:signal:clock:1.0' (from Xilinx Repository).
INFO: [IP_Flow 19-4728] Bus Interface 'i_clk': Added interface parameter 'ASSOCIATED_RESET' with value 'i_rst'.
WARNING: [IP_Flow 19-5661] Bus Interface 'i_clk' does not have any bus interfaces associated with it.
INFO: [IP_Flow 19-234] Refreshing IP repositories
INFO: [IP_Flow 19-1704] No user IP repositories specified
Adding component instance block -- xilinx.com:module_ref:bidirec:1.0 - bidirec_0
Adding component instance block -- xilinx.com:module_ref:bidirec:1.0 - bidirec_1
Adding component instance block -- xilinx.com:module_ref:bidirec:1.0 - bidirec_2
Adding component instance block -- xilinx.com:module_ref:bidirec:1.0 - bidirec_3
Adding component instance block -- xilinx.com:module_ref:bidirec:1.0 - bidirec_4
Adding component instance block -- xilinx.com:module_ref:bidirec:1.0 - bidirec_5
Adding component instance block -- xilinx.com:module_ref:bidirec:1.0 - bidirec_6
Adding component instance block -- xilinx.com:module_ref:bidirec:1.0 - bidirec_7
Adding component instance block -- xilinx.com:module_ref:bidirec:1.0 - bidirec_8
Adding component instance block -- xilinx.com:module_ref:bidirec:1.0 - bidirec_9
Adding component instance block -- xilinx.com:module_ref:bidirec:1.0 - bidirec_10
Adding component instance block -- xilinx.com:module_ref:bidirec:1.0 - bidirec_11
Adding component instance block -- xilinx.com:module_ref:bidirec:1.0 - bidirec_12
Adding component instance block -- xilinx.com:module_ref:bidirec:1.0 - bidirec_13
Adding component instance block -- xilinx.com:module_ref:bidirec:1.0 - bidirec_14
Adding component instance block -- xilinx.com:module_ref:bidirec:1.0 - bidirec_15
Adding component instance block -- xilinx.com:module_ref:bidirec:1.0 - bidirec_16
Adding component instance block -- xilinx.com:module_ref:bidirec:1.0 - bidirec_17
Adding component instance block -- xilinx.com:module_ref:bidirec:1.0 - bidirec_18
Adding component instance block -- xilinx.com:module_ref:bidirec:1.0 - bidirec_19
Adding component instance block -- xilinx.com:module_ref:bidirec:1.0 - bidirec_20
Adding component instance block -- xilinx.com:module_ref:bidirec:1.0 - bidirec_21
Adding component instance block -- xilinx.com:module_ref:bidirec:1.0 - bidirec_22
Adding component instance block -- xilinx.com:module_ref:bidirec:1.0 - bidirec_23
Adding component instance block -- xilinx.com:module_ref:bidirec:1.0 - bidirec_24
Adding component instance block -- xilinx.com:module_ref:bidirec:1.0 - bidirec_25
Adding component instance block -- xilinx.com:module_ref:bidirec:1.0 - bidirec_26
Adding component instance block -- xilinx.com:module_ref:bidirec:1.0 - bidirec_27
Adding component instance block -- xilinx.com:module_ref:bidirec:1.0 - bidirec_28
Adding component instance block -- xilinx.com:module_ref:bidirec:1.0 - bidirec_29
Adding component instance block -- xilinx.com:module_ref:bidirec:1.0 - bidirec_30
Adding component instance block -- xilinx.com:module_ref:bidirec:1.0 - bidirec_31
Adding component instance block -- xilinx.com:module_ref:swerv_wrapper_verilog:1.0 - swerv_wrapper_verilog_0
CRITICAL WARNING: [HDL 9-1206] Syntax error near 'begin' [c:/Users/Rui/Rui/MSc_Dissertation/rvfpga/RVfpgaSoC/Labs/LabSolution/Lab1/Lab1.srcs/sources_1/imports/src/SweRVolfSoC/SweRVEh1CoreComplex/include/pic_map_auto.h:2]
INFO: [IP_Flow 19-5151] The Range '31:0' is present in all ports of the interface 'dmi_reg'. It is assumed that this is meant to declare an array of interface. If this is not the desired behaviour, switch of this feature by disabling the parameter 'ips.enableInterfaceArrayInference'.
INFO: [IP_Flow 19-5107] Inferred bus interface 'ifu_axi' of definition 'xilinx.com:interface:aximm:1.0' (from Xilinx Repository).
INFO: [IP_Flow 19-5107] Inferred bus interface 'lsu_axi' of definition 'xilinx.com:interface:aximm:1.0' (from Xilinx Repository).
INFO: [IP_Flow 19-5107] Inferred bus interface 'sb_axi' of definition 'xilinx.com:interface:aximm:1.0' (from Xilinx Repository).
INFO: [IP_Flow 19-5107] Inferred bus interface 'dmi_hard_reset' of definition 'xilinx.com:signal:reset:1.0' (from Xilinx Repository).
INFO: [IP_Flow 19-5107] Inferred bus interface 'rst' of definition 'xilinx.com:signal:reset:1.0' (from Xilinx Repository).
INFO: [IP_Flow 19-5107] Inferred bus interface 'clk' of definition 'xilinx.com:signal:clock:1.0' (from Xilinx Repository).
INFO: [IP_Flow 19-4728] Bus Interface 'clk': Added interface parameter 'ASSOCIATED_BUSIF' with value 'ifu_axi'.
INFO: [IP_Flow 19-4728] Bus Interface 'clk': Added interface parameter 'ASSOCIATED_RESET' with value 'rst'.
INFO: [IP_Flow 19-234] Refreshing IP repositories
INFO: [IP_Flow 19-1704] No user IP repositories specified
Successfully read diagram <BD> from block design file <C:/Users/Rui/Rui/MSc_Dissertation/rvfpga/RVfpgaSoC/Labs/LabSolution/Lab1/Lab1.srcs/sources_1/bd/BD/BD.bd>
Upgrading 'C:/Users/Rui/Rui/MSc_Dissertation/rvfpga/RVfpgaSoC/Labs/LabSolution/Lab1/Lab1.srcs/sources_1/bd/BD/BD.bd'
INFO: [IP_Flow 19-3420] Updated BD_bidirec_0_0 to use current project options
INFO: [IP_Flow 19-3420] Updated BD_bidirec_0_1 to use current project options
WARNING: [IP_Flow 19-3571] IP 'BD_bidirec_0_1' is restricted:
* Detected changes to module reference file(s).
INFO: [IP_Flow 19-3420] Updated BD_bidirec_0_2 to use current project options
WARNING: [IP_Flow 19-3571] IP 'BD_bidirec_0_2' is restricted:
* Detected changes to module reference file(s).
INFO: [IP_Flow 19-3420] Updated BD_bidirec_0_3 to use current project options
WARNING: [IP_Flow 19-3571] IP 'BD_bidirec_0_3' is restricted:
* Detected changes to module reference file(s).
INFO: [IP_Flow 19-3420] Updated BD_bidirec_0_4 to use current project options
WARNING: [IP_Flow 19-3571] IP 'BD_bidirec_0_4' is restricted:
* Detected changes to module reference file(s).
INFO: [IP_Flow 19-3420] Updated BD_bidirec_0_5 to use current project options
WARNING: [IP_Flow 19-3571] IP 'BD_bidirec_0_5' is restricted:
* Detected changes to module reference file(s).
INFO: [IP_Flow 19-3420] Updated BD_bidirec_10_0 to use current project options
WARNING: [IP_Flow 19-3571] IP 'BD_bidirec_10_0' is restricted:
* Detected changes to module reference file(s).
INFO: [IP_Flow 19-3420] Updated BD_bidirec_11_0 to use current project options
WARNING: [IP_Flow 19-3571] IP 'BD_bidirec_11_0' is restricted:
* Detected changes to module reference file(s).
INFO: [IP_Flow 19-3420] Updated BD_bidirec_12_0 to use current project options
WARNING: [IP_Flow 19-3571] IP 'BD_bidirec_12_0' is restricted:
* Detected changes to module reference file(s).
INFO: [IP_Flow 19-3420] Updated BD_bidirec_13_0 to use current project options
WARNING: [IP_Flow 19-3571] IP 'BD_bidirec_13_0' is restricted:
* Detected changes to module reference file(s).
INFO: [IP_Flow 19-3420] Updated BD_bidirec_14_0 to use current project options
WARNING: [IP_Flow 19-3571] IP 'BD_bidirec_14_0' is restricted:
* Detected changes to module reference file(s).
INFO: [IP_Flow 19-3420] Updated BD_bidirec_15_0 to use current project options
WARNING: [IP_Flow 19-3571] IP 'BD_bidirec_15_0' is restricted:
* Detected changes to module reference file(s).
INFO: [IP_Flow 19-3420] Updated BD_bidirec_1_0 to use current project options
WARNING: [IP_Flow 19-3571] IP 'BD_bidirec_1_0' is restricted:
* Detected changes to module reference file(s).
INFO: [IP_Flow 19-3420] Updated BD_bidirec_1_1 to use current project options
WARNING: [IP_Flow 19-3571] IP 'BD_bidirec_1_1' is restricted:
* Detected changes to module reference file(s).
INFO: [IP_Flow 19-3420] Updated BD_bidirec_1_2 to use current project options
WARNING: [IP_Flow 19-3571] IP 'BD_bidirec_1_2' is restricted:
* Detected changes to module reference file(s).
INFO: [IP_Flow 19-3420] Updated BD_bidirec_1_3 to use current project options
WARNING: [IP_Flow 19-3571] IP 'BD_bidirec_1_3' is restricted:
* Detected changes to module reference file(s).
INFO: [IP_Flow 19-3420] Updated BD_bidirec_2_0 to use current project options
WARNING: [IP_Flow 19-3571] IP 'BD_bidirec_2_0' is restricted:
* Detected changes to module reference file(s).
INFO: [IP_Flow 19-3420] Updated BD_bidirec_2_1 to use current project options
WARNING: [IP_Flow 19-3571] IP 'BD_bidirec_2_1' is restricted:
* Detected changes to module reference file(s).
INFO: [IP_Flow 19-3420] Updated BD_bidirec_2_2 to use current project options
WARNING: [IP_Flow 19-3571] IP 'BD_bidirec_2_2' is restricted:
* Detected changes to module reference file(s).
INFO: [IP_Flow 19-3420] Updated BD_bidirec_3_0 to use current project options
WARNING: [IP_Flow 19-3571] IP 'BD_bidirec_3_0' is restricted:
* Detected changes to module reference file(s).
INFO: [IP_Flow 19-3420] Updated BD_bidirec_3_1 to use current project options
WARNING: [IP_Flow 19-3571] IP 'BD_bidirec_3_1' is restricted:
* Detected changes to module reference file(s).
INFO: [IP_Flow 19-3420] Updated BD_bidirec_3_2 to use current project options
WARNING: [IP_Flow 19-3571] IP 'BD_bidirec_3_2' is restricted:
* Detected changes to module reference file(s).
INFO: [IP_Flow 19-3420] Updated BD_bidirec_4_0 to use current project options
WARNING: [IP_Flow 19-3571] IP 'BD_bidirec_4_0' is restricted:
* Detected changes to module reference file(s).
INFO: [IP_Flow 19-3420] Updated BD_bidirec_4_1 to use current project options
WARNING: [IP_Flow 19-3571] IP 'BD_bidirec_4_1' is restricted:
* Detected changes to module reference file(s).
INFO: [IP_Flow 19-3420] Updated BD_bidirec_5_0 to use current project options
WARNING: [IP_Flow 19-3571] IP 'BD_bidirec_5_0' is restricted:
* Detected changes to module reference file(s).
INFO: [IP_Flow 19-3420] Updated BD_bidirec_5_1 to use current project options
WARNING: [IP_Flow 19-3571] IP 'BD_bidirec_5_1' is restricted:
* Detected changes to module reference file(s).
INFO: [IP_Flow 19-3420] Updated BD_bidirec_6_0 to use current project options
WARNING: [IP_Flow 19-3571] IP 'BD_bidirec_6_0' is restricted:
* Detected changes to module reference file(s).
INFO: [IP_Flow 19-3420] Updated BD_bidirec_6_1 to use current project options
WARNING: [IP_Flow 19-3571] IP 'BD_bidirec_6_1' is restricted:
* Detected changes to module reference file(s).
INFO: [IP_Flow 19-3420] Updated BD_bidirec_7_0 to use current project options
WARNING: [IP_Flow 19-3571] IP 'BD_bidirec_7_0' is restricted:
* Detected changes to module reference file(s).
INFO: [IP_Flow 19-3420] Updated BD_bidirec_7_1 to use current project options
WARNING: [IP_Flow 19-3571] IP 'BD_bidirec_7_1' is restricted:
* Detected changes to module reference file(s).
INFO: [IP_Flow 19-3420] Updated BD_bidirec_8_0 to use current project options
WARNING: [IP_Flow 19-3571] IP 'BD_bidirec_8_0' is restricted:
* Detected changes to module reference file(s).
INFO: [IP_Flow 19-3420] Updated BD_bidirec_9_0 to use current project options
WARNING: [IP_Flow 19-3571] IP 'BD_bidirec_9_0' is restricted:
* Detected changes to module reference file(s).
INFO: [IP_Flow 19-3420] Updated BD_bootrom_wrapper_0_0 to use current project options
INFO: [IP_Flow 19-3420] Updated BD_gpio_wrapper_0_0 to use current project options
INFO: [IP_Flow 19-3420] Updated BD_intcon_wrapper_bd_0_0 to use current project options
INFO: [IP_Flow 19-3420] Updated BD_swerv_wrapper_verilog_0_0 to use current project options
INFO: [IP_Flow 19-3420] Updated BD_syscon_wrapper_0_0 to use current project options
Wrote  : <C:\Users\Rui\Rui\MSc_Dissertation\rvfpga\RVfpgaSoC\Labs\LabSolution\Lab1\Lab1.srcs\sources_1\bd\BD\BD.bd> 
Wrote  : <C:/Users/Rui/Rui/MSc_Dissertation/rvfpga/RVfpgaSoC/Labs/LabSolution/Lab1/Lab1.srcs/sources_1/bd/BD/ui/bd_206cfb42.ui> 
INFO: [Coretcl 2-1525] Wrote upgrade log to 'C:/Users/Rui/Rui/MSc_Dissertation/rvfpga/RVfpgaSoC/Labs/LabSolution/Lab1/ip_upgrade.log'.
upgrade_ip: Time (s): cpu = 00:00:10 ; elapsed = 00:00:51 . Memory (MB): peak = 2078.004 ; gain = 268.648
export_ip_user_files -of_objects [get_ips {BD_bidirec_15_0 BD_bidirec_10_0 BD_intcon_wrapper_bd_0_0 BD_bidirec_0_0 BD_bidirec_1_3 BD_bidirec_5_0 BD_bidirec_3_1 BD_swerv_wrapper_verilog_0_0 BD_bidirec_1_2 BD_bidirec_1_1 BD_bidirec_0_2 BD_bidirec_8_0 BD_bidirec_3_0 BD_bidirec_12_0 BD_bidirec_7_0 BD_gpio_wrapper_0_0 BD_bidirec_2_0 BD_bidirec_6_1 BD_bidirec_0_5 BD_bidirec_0_1 BD_bidirec_3_2 BD_bidirec_6_0 BD_bidirec_1_0 BD_bidirec_5_1 BD_bidirec_11_0 BD_bidirec_0_4 BD_bidirec_4_1 BD_bootrom_wrapper_0_0 BD_bidirec_14_0 BD_syscon_wrapper_0_0 BD_bidirec_2_2 BD_bidirec_13_0 BD_bidirec_0_3 BD_bidirec_4_0 BD_bidirec_7_1 BD_bidirec_2_1 BD_bidirec_9_0}] -no_script -sync -force -quiet
generate_target all [get_files  C:/Users/Rui/Rui/MSc_Dissertation/rvfpga/RVfpgaSoC/Labs/LabSolution/Lab1/Lab1.srcs/sources_1/bd/BD/BD.bd]
WARNING: [BD 41-2670] Found an incomplete address path from address space '/swerv_wrapper_verilog_0/ifu_axi' to master interface '/swerv_wrapper_verilog_0/ifu_axi'. Please either complete or remove this path to resolve.
WARNING: [BD 41-2670] Found an incomplete address path from address space '/swerv_wrapper_verilog_0/lsu_axi' to master interface '/swerv_wrapper_verilog_0/lsu_axi'. Please either complete or remove this path to resolve.
WARNING: [BD 41-2670] Found an incomplete address path from address space '/swerv_wrapper_verilog_0/sb_axi' to master interface '/swerv_wrapper_verilog_0/sb_axi'. Please either complete or remove this path to resolve.
CRITICAL WARNING: [BD 41-759] The input pins (listed below) are either not connected or do not have a source port, and they don't have a tie-off specified. These pins are tied-off to all 0's to avoid error in Implementation flow.
Please check your design and connect them as needed: 
/intcon_wrapper_bd_0/wb_spi_flash_dat_i
/intcon_wrapper_bd_0/wb_spi_flash_ack_i
/intcon_wrapper_bd_0/wb_spi_flash_err_i
/intcon_wrapper_bd_0/wb_spi_flash_rty_i
/intcon_wrapper_bd_0/wb_sys_err_i
/intcon_wrapper_bd_0/wb_sys_rty_i
/intcon_wrapper_bd_0/wb_uart_dat_i
/intcon_wrapper_bd_0/wb_uart_ack_i
/intcon_wrapper_bd_0/wb_uart_err_i
/intcon_wrapper_bd_0/wb_uart_rty_i
/intcon_wrapper_bd_0/wb_ptc_dat_i
/intcon_wrapper_bd_0/wb_ptc_ack_i
/intcon_wrapper_bd_0/wb_ptc_err_i
/intcon_wrapper_bd_0/wb_ptc_rty_i
/intcon_wrapper_bd_0/wb_spi_accel_dat_i
/intcon_wrapper_bd_0/wb_spi_accel_ack_i
/intcon_wrapper_bd_0/wb_spi_accel_err_i
/intcon_wrapper_bd_0/wb_spi_accel_rty_i
/syscon_wrapper_0/ptc_irq

Wrote  : <C:\Users\Rui\Rui\MSc_Dissertation\rvfpga\RVfpgaSoC\Labs\LabSolution\Lab1\Lab1.srcs\sources_1\bd\BD\BD.bd> 
Verilog Output written to : c:/Users/Rui/Rui/MSc_Dissertation/rvfpga/RVfpgaSoC/Labs/LabSolution/Lab1/Lab1.gen/sources_1/bd/BD/synth/BD.v
Verilog Output written to : c:/Users/Rui/Rui/MSc_Dissertation/rvfpga/RVfpgaSoC/Labs/LabSolution/Lab1/Lab1.gen/sources_1/bd/BD/sim/BD.v
Verilog Output written to : c:/Users/Rui/Rui/MSc_Dissertation/rvfpga/RVfpgaSoC/Labs/LabSolution/Lab1/Lab1.gen/sources_1/bd/BD/hdl/BD_wrapper.v
INFO: [BD 41-1029] Generation completed for the IP Integrator block swerv_wrapper_verilog_0 .
INFO: [BD 41-1029] Generation completed for the IP Integrator block intcon_wrapper_bd_0 .
INFO: [BD 41-1029] Generation completed for the IP Integrator block gpio_wrapper_0 .
INFO: [BD 41-1029] Generation completed for the IP Integrator block syscon_wrapper_0 .
INFO: [BD 41-1029] Generation completed for the IP Integrator block bootrom_wrapper_0 .
INFO: [BD 41-1029] Generation completed for the IP Integrator block bidirec_0 .
INFO: [BD 41-1029] Generation completed for the IP Integrator block bidirec_1 .
INFO: [BD 41-1029] Generation completed for the IP Integrator block bidirec_2 .
INFO: [BD 41-1029] Generation completed for the IP Integrator block bidirec_3 .
INFO: [BD 41-1029] Generation completed for the IP Integrator block bidirec_4 .
INFO: [BD 41-1029] Generation completed for the IP Integrator block bidirec_5 .
INFO: [BD 41-1029] Generation completed for the IP Integrator block bidirec_6 .
INFO: [BD 41-1029] Generation completed for the IP Integrator block bidirec_7 .
INFO: [BD 41-1029] Generation completed for the IP Integrator block bidirec_8 .
INFO: [BD 41-1029] Generation completed for the IP Integrator block bidirec_9 .
INFO: [BD 41-1029] Generation completed for the IP Integrator block bidirec_10 .
INFO: [BD 41-1029] Generation completed for the IP Integrator block bidirec_11 .
INFO: [BD 41-1029] Generation completed for the IP Integrator block bidirec_12 .
INFO: [BD 41-1029] Generation completed for the IP Integrator block bidirec_13 .
INFO: [BD 41-1029] Generation completed for the IP Integrator block bidirec_14 .
INFO: [BD 41-1029] Generation completed for the IP Integrator block bidirec_15 .
INFO: [BD 41-1029] Generation completed for the IP Integrator block bidirec_16 .
INFO: [BD 41-1029] Generation completed for the IP Integrator block bidirec_17 .
INFO: [BD 41-1029] Generation completed for the IP Integrator block bidirec_18 .
INFO: [BD 41-1029] Generation completed for the IP Integrator block bidirec_19 .
INFO: [BD 41-1029] Generation completed for the IP Integrator block bidirec_20 .
INFO: [BD 41-1029] Generation completed for the IP Integrator block bidirec_21 .
INFO: [BD 41-1029] Generation completed for the IP Integrator block bidirec_22 .
INFO: [BD 41-1029] Generation completed for the IP Integrator block bidirec_23 .
INFO: [BD 41-1029] Generation completed for the IP Integrator block bidirec_24 .
INFO: [BD 41-1029] Generation completed for the IP Integrator block bidirec_25 .
INFO: [BD 41-1029] Generation completed for the IP Integrator block bidirec_26 .
INFO: [BD 41-1029] Generation completed for the IP Integrator block bidirec_27 .
INFO: [BD 41-1029] Generation completed for the IP Integrator block bidirec_28 .
INFO: [BD 41-1029] Generation completed for the IP Integrator block bidirec_29 .
INFO: [BD 41-1029] Generation completed for the IP Integrator block bidirec_30 .
INFO: [BD 41-1029] Generation completed for the IP Integrator block bidirec_31 .
Exporting to file c:/Users/Rui/Rui/MSc_Dissertation/rvfpga/RVfpgaSoC/Labs/LabSolution/Lab1/Lab1.gen/sources_1/bd/BD/hw_handoff/BD.hwh
Generated Hardware Definition File c:/Users/Rui/Rui/MSc_Dissertation/rvfpga/RVfpgaSoC/Labs/LabSolution/Lab1/Lab1.gen/sources_1/bd/BD/synth/BD.hwdef
generate_target: Time (s): cpu = 00:00:02 ; elapsed = 00:00:10 . Memory (MB): peak = 2479.828 ; gain = 247.727
catch { config_ip_cache -export [get_ips -all BD_swerv_wrapper_verilog_0_0] }
INFO: [IP_Flow 19-6924] IPCACHE: Running cache check for IP inst: BD_swerv_wrapper_verilog_0_0
catch { config_ip_cache -export [get_ips -all BD_intcon_wrapper_bd_0_0] }
INFO: [IP_Flow 19-6924] IPCACHE: Running cache check for IP inst: BD_intcon_wrapper_bd_0_0
catch { config_ip_cache -export [get_ips -all BD_gpio_wrapper_0_0] }
INFO: [IP_Flow 19-6924] IPCACHE: Running cache check for IP inst: BD_gpio_wrapper_0_0
catch { config_ip_cache -export [get_ips -all BD_syscon_wrapper_0_0] }
INFO: [IP_Flow 19-6924] IPCACHE: Running cache check for IP inst: BD_syscon_wrapper_0_0
catch { config_ip_cache -export [get_ips -all BD_bootrom_wrapper_0_0] }
INFO: [IP_Flow 19-6924] IPCACHE: Running cache check for IP inst: BD_bootrom_wrapper_0_0
catch { config_ip_cache -export [get_ips -all BD_bidirec_0_0] }
INFO: [IP_Flow 19-6924] IPCACHE: Running cache check for IP inst: BD_bidirec_0_0
catch { config_ip_cache -export [get_ips -all BD_bidirec_0_1] }
INFO: [IP_Flow 19-6924] IPCACHE: Running cache check for IP inst: BD_bidirec_0_1
catch { config_ip_cache -export [get_ips -all BD_bidirec_0_2] }
INFO: [IP_Flow 19-6924] IPCACHE: Running cache check for IP inst: BD_bidirec_0_2
catch { config_ip_cache -export [get_ips -all BD_bidirec_1_0] }
INFO: [IP_Flow 19-6924] IPCACHE: Running cache check for IP inst: BD_bidirec_1_0
catch { config_ip_cache -export [get_ips -all BD_bidirec_0_3] }
INFO: [IP_Flow 19-6924] IPCACHE: Running cache check for IP inst: BD_bidirec_0_3
catch { config_ip_cache -export [get_ips -all BD_bidirec_1_1] }
INFO: [IP_Flow 19-6924] IPCACHE: Running cache check for IP inst: BD_bidirec_1_1
catch { config_ip_cache -export [get_ips -all BD_bidirec_2_0] }
INFO: [IP_Flow 19-6924] IPCACHE: Running cache check for IP inst: BD_bidirec_2_0
catch { config_ip_cache -export [get_ips -all BD_bidirec_3_0] }
INFO: [IP_Flow 19-6924] IPCACHE: Running cache check for IP inst: BD_bidirec_3_0
catch { config_ip_cache -export [get_ips -all BD_bidirec_0_4] }
INFO: [IP_Flow 19-6924] IPCACHE: Running cache check for IP inst: BD_bidirec_0_4
catch { config_ip_cache -export [get_ips -all BD_bidirec_1_2] }
INFO: [IP_Flow 19-6924] IPCACHE: Running cache check for IP inst: BD_bidirec_1_2
catch { config_ip_cache -export [get_ips -all BD_bidirec_2_1] }
INFO: [IP_Flow 19-6924] IPCACHE: Running cache check for IP inst: BD_bidirec_2_1
catch { config_ip_cache -export [get_ips -all BD_bidirec_3_1] }
INFO: [IP_Flow 19-6924] IPCACHE: Running cache check for IP inst: BD_bidirec_3_1
catch { config_ip_cache -export [get_ips -all BD_bidirec_4_0] }
INFO: [IP_Flow 19-6924] IPCACHE: Running cache check for IP inst: BD_bidirec_4_0
catch { config_ip_cache -export [get_ips -all BD_bidirec_5_0] }
INFO: [IP_Flow 19-6924] IPCACHE: Running cache check for IP inst: BD_bidirec_5_0
catch { config_ip_cache -export [get_ips -all BD_bidirec_6_0] }
INFO: [IP_Flow 19-6924] IPCACHE: Running cache check for IP inst: BD_bidirec_6_0
catch { config_ip_cache -export [get_ips -all BD_bidirec_7_0] }
INFO: [IP_Flow 19-6924] IPCACHE: Running cache check for IP inst: BD_bidirec_7_0
catch { config_ip_cache -export [get_ips -all BD_bidirec_0_5] }
INFO: [IP_Flow 19-6924] IPCACHE: Running cache check for IP inst: BD_bidirec_0_5
catch { config_ip_cache -export [get_ips -all BD_bidirec_1_3] }
INFO: [IP_Flow 19-6924] IPCACHE: Running cache check for IP inst: BD_bidirec_1_3
catch { config_ip_cache -export [get_ips -all BD_bidirec_10_0] }
INFO: [IP_Flow 19-6924] IPCACHE: Running cache check for IP inst: BD_bidirec_10_0
catch { config_ip_cache -export [get_ips -all BD_bidirec_11_0] }
INFO: [IP_Flow 19-6924] IPCACHE: Running cache check for IP inst: BD_bidirec_11_0
catch { config_ip_cache -export [get_ips -all BD_bidirec_12_0] }
INFO: [IP_Flow 19-6924] IPCACHE: Running cache check for IP inst: BD_bidirec_12_0
catch { config_ip_cache -export [get_ips -all BD_bidirec_13_0] }
INFO: [IP_Flow 19-6924] IPCACHE: Running cache check for IP inst: BD_bidirec_13_0
catch { config_ip_cache -export [get_ips -all BD_bidirec_14_0] }
INFO: [IP_Flow 19-6924] IPCACHE: Running cache check for IP inst: BD_bidirec_14_0
catch { config_ip_cache -export [get_ips -all BD_bidirec_15_0] }
INFO: [IP_Flow 19-6924] IPCACHE: Running cache check for IP inst: BD_bidirec_15_0
catch { config_ip_cache -export [get_ips -all BD_bidirec_2_2] }
INFO: [IP_Flow 19-6924] IPCACHE: Running cache check for IP inst: BD_bidirec_2_2
catch { config_ip_cache -export [get_ips -all BD_bidirec_3_2] }
INFO: [IP_Flow 19-6924] IPCACHE: Running cache check for IP inst: BD_bidirec_3_2
catch { config_ip_cache -export [get_ips -all BD_bidirec_4_1] }
INFO: [IP_Flow 19-6924] IPCACHE: Running cache check for IP inst: BD_bidirec_4_1
catch { config_ip_cache -export [get_ips -all BD_bidirec_5_1] }
INFO: [IP_Flow 19-6924] IPCACHE: Running cache check for IP inst: BD_bidirec_5_1
catch { config_ip_cache -export [get_ips -all BD_bidirec_6_1] }
INFO: [IP_Flow 19-6924] IPCACHE: Running cache check for IP inst: BD_bidirec_6_1
catch { config_ip_cache -export [get_ips -all BD_bidirec_7_1] }
INFO: [IP_Flow 19-6924] IPCACHE: Running cache check for IP inst: BD_bidirec_7_1
catch { config_ip_cache -export [get_ips -all BD_bidirec_8_0] }
INFO: [IP_Flow 19-6924] IPCACHE: Running cache check for IP inst: BD_bidirec_8_0
catch { config_ip_cache -export [get_ips -all BD_bidirec_9_0] }
INFO: [IP_Flow 19-6924] IPCACHE: Running cache check for IP inst: BD_bidirec_9_0
export_ip_user_files -of_objects [get_files C:/Users/Rui/Rui/MSc_Dissertation/rvfpga/RVfpgaSoC/Labs/LabSolution/Lab1/Lab1.srcs/sources_1/bd/BD/BD.bd] -no_script -sync -force -quiet
create_ip_run [get_files -of_objects [get_fileset sources_1] C:/Users/Rui/Rui/MSc_Dissertation/rvfpga/RVfpgaSoC/Labs/LabSolution/Lab1/Lab1.srcs/sources_1/bd/BD/BD.bd]
create_ip_run: Time (s): cpu = 00:00:02 ; elapsed = 00:00:06 . Memory (MB): peak = 2509.898 ; gain = 30.070
launch_runs BD_swerv_wrapper_verilog_0_0_synth_1 BD_intcon_wrapper_bd_0_0_synth_1 BD_gpio_wrapper_0_0_synth_1 BD_syscon_wrapper_0_0_synth_1 BD_bootrom_wrapper_0_0_synth_1 BD_bidirec_0_0_synth_1 BD_bidirec_0_1_synth_1 BD_bidirec_0_2_synth_1 BD_bidirec_1_0_synth_1 BD_bidirec_0_3_synth_1 BD_bidirec_1_1_synth_1 BD_bidirec_2_0_synth_1 BD_bidirec_3_0_synth_1 BD_bidirec_0_4_synth_1 BD_bidirec_1_2_synth_1 BD_bidirec_2_1_synth_1 BD_bidirec_3_1_synth_1 BD_bidirec_4_0_synth_1 BD_bidirec_5_0_synth_1 BD_bidirec_6_0_synth_1 BD_bidirec_7_0_synth_1 BD_bidirec_0_5_synth_1 BD_bidirec_1_3_synth_1 BD_bidirec_10_0_synth_1 BD_bidirec_11_0_synth_1 BD_bidirec_12_0_synth_1 BD_bidirec_13_0_synth_1 BD_bidirec_14_0_synth_1 BD_bidirec_15_0_synth_1 BD_bidirec_2_2_synth_1 BD_bidirec_3_2_synth_1 BD_bidirec_4_1_synth_1 BD_bidirec_5_1_synth_1 BD_bidirec_6_1_synth_1 BD_bidirec_7_1_synth_1 BD_bidirec_8_0_synth_1 BD_bidirec_9_0_synth_1 -jobs 10
INFO: [IP_Flow 19-6924] IPCACHE: Running cache check for IP inst: BD_swerv_wrapper_verilog_0_0
INFO: [IP_Flow 19-6924] IPCACHE: Running cache check for IP inst: BD_intcon_wrapper_bd_0_0
INFO: [IP_Flow 19-6924] IPCACHE: Running cache check for IP inst: BD_gpio_wrapper_0_0
INFO: [IP_Flow 19-6924] IPCACHE: Running cache check for IP inst: BD_syscon_wrapper_0_0
INFO: [IP_Flow 19-6924] IPCACHE: Running cache check for IP inst: BD_bootrom_wrapper_0_0
INFO: [IP_Flow 19-6924] IPCACHE: Running cache check for IP inst: BD_bidirec_0_0
INFO: [IP_Flow 19-6924] IPCACHE: Running cache check for IP inst: BD_bidirec_0_1
INFO: [IP_Flow 19-6924] IPCACHE: Running cache check for IP inst: BD_bidirec_0_2
INFO: [IP_Flow 19-6924] IPCACHE: Running cache check for IP inst: BD_bidirec_1_0
INFO: [IP_Flow 19-6924] IPCACHE: Running cache check for IP inst: BD_bidirec_0_3
INFO: [IP_Flow 19-6924] IPCACHE: Running cache check for IP inst: BD_bidirec_1_1
INFO: [IP_Flow 19-6924] IPCACHE: Running cache check for IP inst: BD_bidirec_2_0
INFO: [IP_Flow 19-6924] IPCACHE: Running cache check for IP inst: BD_bidirec_3_0
INFO: [IP_Flow 19-6924] IPCACHE: Running cache check for IP inst: BD_bidirec_0_4
INFO: [IP_Flow 19-6924] IPCACHE: Running cache check for IP inst: BD_bidirec_1_2
INFO: [IP_Flow 19-6924] IPCACHE: Running cache check for IP inst: BD_bidirec_2_1
INFO: [IP_Flow 19-6924] IPCACHE: Running cache check for IP inst: BD_bidirec_3_1
INFO: [IP_Flow 19-6924] IPCACHE: Running cache check for IP inst: BD_bidirec_4_0
INFO: [IP_Flow 19-6924] IPCACHE: Running cache check for IP inst: BD_bidirec_5_0
INFO: [IP_Flow 19-6924] IPCACHE: Running cache check for IP inst: BD_bidirec_6_0
INFO: [IP_Flow 19-6924] IPCACHE: Running cache check for IP inst: BD_bidirec_7_0
INFO: [IP_Flow 19-6924] IPCACHE: Running cache check for IP inst: BD_bidirec_0_5
INFO: [IP_Flow 19-6924] IPCACHE: Running cache check for IP inst: BD_bidirec_1_3
INFO: [IP_Flow 19-6924] IPCACHE: Running cache check for IP inst: BD_bidirec_10_0
INFO: [IP_Flow 19-6924] IPCACHE: Running cache check for IP inst: BD_bidirec_11_0
INFO: [IP_Flow 19-6924] IPCACHE: Running cache check for IP inst: BD_bidirec_12_0
INFO: [IP_Flow 19-6924] IPCACHE: Running cache check for IP inst: BD_bidirec_13_0
INFO: [IP_Flow 19-6924] IPCACHE: Running cache check for IP inst: BD_bidirec_14_0
INFO: [IP_Flow 19-6924] IPCACHE: Running cache check for IP inst: BD_bidirec_15_0
INFO: [IP_Flow 19-6924] IPCACHE: Running cache check for IP inst: BD_bidirec_2_2
INFO: [IP_Flow 19-6924] IPCACHE: Running cache check for IP inst: BD_bidirec_3_2
INFO: [IP_Flow 19-6924] IPCACHE: Running cache check for IP inst: BD_bidirec_4_1
INFO: [IP_Flow 19-6924] IPCACHE: Running cache check for IP inst: BD_bidirec_5_1
INFO: [IP_Flow 19-6924] IPCACHE: Running cache check for IP inst: BD_bidirec_6_1
INFO: [IP_Flow 19-6924] IPCACHE: Running cache check for IP inst: BD_bidirec_7_1
INFO: [IP_Flow 19-6924] IPCACHE: Running cache check for IP inst: BD_bidirec_8_0
INFO: [IP_Flow 19-6924] IPCACHE: Running cache check for IP inst: BD_bidirec_9_0
[Fri Aug 25 16:43:18 2023] Launched BD_swerv_wrapper_verilog_0_0_synth_1, BD_intcon_wrapper_bd_0_0_synth_1, BD_gpio_wrapper_0_0_synth_1, BD_syscon_wrapper_0_0_synth_1, BD_bootrom_wrapper_0_0_synth_1, BD_bidirec_0_0_synth_1, BD_bidirec_0_1_synth_1, BD_bidirec_0_2_synth_1, BD_bidirec_1_0_synth_1, BD_bidirec_0_3_synth_1, BD_bidirec_1_1_synth_1, BD_bidirec_2_0_synth_1, BD_bidirec_3_0_synth_1, BD_bidirec_0_4_synth_1, BD_bidirec_1_2_synth_1, BD_bidirec_2_1_synth_1, BD_bidirec_3_1_synth_1, BD_bidirec_4_0_synth_1, BD_bidirec_5_0_synth_1, BD_bidirec_6_0_synth_1, BD_bidirec_7_0_synth_1, BD_bidirec_0_5_synth_1, BD_bidirec_1_3_synth_1, BD_bidirec_10_0_synth_1, BD_bidirec_11_0_synth_1, BD_bidirec_12_0_synth_1, BD_bidirec_13_0_synth_1, BD_bidirec_14_0_synth_1, BD_bidirec_15_0_synth_1, BD_bidirec_2_2_synth_1, BD_bidirec_3_2_synth_1, BD_bidirec_4_1_synth_1, BD_bidirec_5_1_synth_1, BD_bidirec_6_1_synth_1, BD_bidirec_7_1_synth_1, BD_bidirec_8_0_synth_1, BD_bidirec_9_0_synth_1...
Run output will be captured here:
BD_swerv_wrapper_verilog_0_0_synth_1: C:/Users/Rui/Rui/MSc_Dissertation/rvfpga/RVfpgaSoC/Labs/LabSolution/Lab1/Lab1.runs/BD_swerv_wrapper_verilog_0_0_synth_1/runme.log
BD_intcon_wrapper_bd_0_0_synth_1: C:/Users/Rui/Rui/MSc_Dissertation/rvfpga/RVfpgaSoC/Labs/LabSolution/Lab1/Lab1.runs/BD_intcon_wrapper_bd_0_0_synth_1/runme.log
BD_gpio_wrapper_0_0_synth_1: C:/Users/Rui/Rui/MSc_Dissertation/rvfpga/RVfpgaSoC/Labs/LabSolution/Lab1/Lab1.runs/BD_gpio_wrapper_0_0_synth_1/runme.log
BD_syscon_wrapper_0_0_synth_1: C:/Users/Rui/Rui/MSc_Dissertation/rvfpga/RVfpgaSoC/Labs/LabSolution/Lab1/Lab1.runs/BD_syscon_wrapper_0_0_synth_1/runme.log
BD_bootrom_wrapper_0_0_synth_1: C:/Users/Rui/Rui/MSc_Dissertation/rvfpga/RVfpgaSoC/Labs/LabSolution/Lab1/Lab1.runs/BD_bootrom_wrapper_0_0_synth_1/runme.log
BD_bidirec_0_0_synth_1: C:/Users/Rui/Rui/MSc_Dissertation/rvfpga/RVfpgaSoC/Labs/LabSolution/Lab1/Lab1.runs/BD_bidirec_0_0_synth_1/runme.log
BD_bidirec_0_1_synth_1: C:/Users/Rui/Rui/MSc_Dissertation/rvfpga/RVfpgaSoC/Labs/LabSolution/Lab1/Lab1.runs/BD_bidirec_0_1_synth_1/runme.log
BD_bidirec_0_2_synth_1: C:/Users/Rui/Rui/MSc_Dissertation/rvfpga/RVfpgaSoC/Labs/LabSolution/Lab1/Lab1.runs/BD_bidirec_0_2_synth_1/runme.log
BD_bidirec_1_0_synth_1: C:/Users/Rui/Rui/MSc_Dissertation/rvfpga/RVfpgaSoC/Labs/LabSolution/Lab1/Lab1.runs/BD_bidirec_1_0_synth_1/runme.log
BD_bidirec_0_3_synth_1: C:/Users/Rui/Rui/MSc_Dissertation/rvfpga/RVfpgaSoC/Labs/LabSolution/Lab1/Lab1.runs/BD_bidirec_0_3_synth_1/runme.log
BD_bidirec_1_1_synth_1: C:/Users/Rui/Rui/MSc_Dissertation/rvfpga/RVfpgaSoC/Labs/LabSolution/Lab1/Lab1.runs/BD_bidirec_1_1_synth_1/runme.log
BD_bidirec_2_0_synth_1: C:/Users/Rui/Rui/MSc_Dissertation/rvfpga/RVfpgaSoC/Labs/LabSolution/Lab1/Lab1.runs/BD_bidirec_2_0_synth_1/runme.log
BD_bidirec_3_0_synth_1: C:/Users/Rui/Rui/MSc_Dissertation/rvfpga/RVfpgaSoC/Labs/LabSolution/Lab1/Lab1.runs/BD_bidirec_3_0_synth_1/runme.log
BD_bidirec_0_4_synth_1: C:/Users/Rui/Rui/MSc_Dissertation/rvfpga/RVfpgaSoC/Labs/LabSolution/Lab1/Lab1.runs/BD_bidirec_0_4_synth_1/runme.log
BD_bidirec_1_2_synth_1: C:/Users/Rui/Rui/MSc_Dissertation/rvfpga/RVfpgaSoC/Labs/LabSolution/Lab1/Lab1.runs/BD_bidirec_1_2_synth_1/runme.log
BD_bidirec_2_1_synth_1: C:/Users/Rui/Rui/MSc_Dissertation/rvfpga/RVfpgaSoC/Labs/LabSolution/Lab1/Lab1.runs/BD_bidirec_2_1_synth_1/runme.log
BD_bidirec_3_1_synth_1: C:/Users/Rui/Rui/MSc_Dissertation/rvfpga/RVfpgaSoC/Labs/LabSolution/Lab1/Lab1.runs/BD_bidirec_3_1_synth_1/runme.log
BD_bidirec_4_0_synth_1: C:/Users/Rui/Rui/MSc_Dissertation/rvfpga/RVfpgaSoC/Labs/LabSolution/Lab1/Lab1.runs/BD_bidirec_4_0_synth_1/runme.log
BD_bidirec_5_0_synth_1: C:/Users/Rui/Rui/MSc_Dissertation/rvfpga/RVfpgaSoC/Labs/LabSolution/Lab1/Lab1.runs/BD_bidirec_5_0_synth_1/runme.log
BD_bidirec_6_0_synth_1: C:/Users/Rui/Rui/MSc_Dissertation/rvfpga/RVfpgaSoC/Labs/LabSolution/Lab1/Lab1.runs/BD_bidirec_6_0_synth_1/runme.log
BD_bidirec_7_0_synth_1: C:/Users/Rui/Rui/MSc_Dissertation/rvfpga/RVfpgaSoC/Labs/LabSolution/Lab1/Lab1.runs/BD_bidirec_7_0_synth_1/runme.log
BD_bidirec_0_5_synth_1: C:/Users/Rui/Rui/MSc_Dissertation/rvfpga/RVfpgaSoC/Labs/LabSolution/Lab1/Lab1.runs/BD_bidirec_0_5_synth_1/runme.log
BD_bidirec_1_3_synth_1: C:/Users/Rui/Rui/MSc_Dissertation/rvfpga/RVfpgaSoC/Labs/LabSolution/Lab1/Lab1.runs/BD_bidirec_1_3_synth_1/runme.log
BD_bidirec_10_0_synth_1: C:/Users/Rui/Rui/MSc_Dissertation/rvfpga/RVfpgaSoC/Labs/LabSolution/Lab1/Lab1.runs/BD_bidirec_10_0_synth_1/runme.log
BD_bidirec_11_0_synth_1: C:/Users/Rui/Rui/MSc_Dissertation/rvfpga/RVfpgaSoC/Labs/LabSolution/Lab1/Lab1.runs/BD_bidirec_11_0_synth_1/runme.log
BD_bidirec_12_0_synth_1: C:/Users/Rui/Rui/MSc_Dissertation/rvfpga/RVfpgaSoC/Labs/LabSolution/Lab1/Lab1.runs/BD_bidirec_12_0_synth_1/runme.log
BD_bidirec_13_0_synth_1: C:/Users/Rui/Rui/MSc_Dissertation/rvfpga/RVfpgaSoC/Labs/LabSolution/Lab1/Lab1.runs/BD_bidirec_13_0_synth_1/runme.log
BD_bidirec_14_0_synth_1: C:/Users/Rui/Rui/MSc_Dissertation/rvfpga/RVfpgaSoC/Labs/LabSolution/Lab1/Lab1.runs/BD_bidirec_14_0_synth_1/runme.log
BD_bidirec_15_0_synth_1: C:/Users/Rui/Rui/MSc_Dissertation/rvfpga/RVfpgaSoC/Labs/LabSolution/Lab1/Lab1.runs/BD_bidirec_15_0_synth_1/runme.log
BD_bidirec_2_2_synth_1: C:/Users/Rui/Rui/MSc_Dissertation/rvfpga/RVfpgaSoC/Labs/LabSolution/Lab1/Lab1.runs/BD_bidirec_2_2_synth_1/runme.log
BD_bidirec_3_2_synth_1: C:/Users/Rui/Rui/MSc_Dissertation/rvfpga/RVfpgaSoC/Labs/LabSolution/Lab1/Lab1.runs/BD_bidirec_3_2_synth_1/runme.log
BD_bidirec_4_1_synth_1: C:/Users/Rui/Rui/MSc_Dissertation/rvfpga/RVfpgaSoC/Labs/LabSolution/Lab1/Lab1.runs/BD_bidirec_4_1_synth_1/runme.log
BD_bidirec_5_1_synth_1: C:/Users/Rui/Rui/MSc_Dissertation/rvfpga/RVfpgaSoC/Labs/LabSolution/Lab1/Lab1.runs/BD_bidirec_5_1_synth_1/runme.log
BD_bidirec_6_1_synth_1: C:/Users/Rui/Rui/MSc_Dissertation/rvfpga/RVfpgaSoC/Labs/LabSolution/Lab1/Lab1.runs/BD_bidirec_6_1_synth_1/runme.log
BD_bidirec_7_1_synth_1: C:/Users/Rui/Rui/MSc_Dissertation/rvfpga/RVfpgaSoC/Labs/LabSolution/Lab1/Lab1.runs/BD_bidirec_7_1_synth_1/runme.log
BD_bidirec_8_0_synth_1: C:/Users/Rui/Rui/MSc_Dissertation/rvfpga/RVfpgaSoC/Labs/LabSolution/Lab1/Lab1.runs/BD_bidirec_8_0_synth_1/runme.log
BD_bidirec_9_0_synth_1: C:/Users/Rui/Rui/MSc_Dissertation/rvfpga/RVfpgaSoC/Labs/LabSolution/Lab1/Lab1.runs/BD_bidirec_9_0_synth_1/runme.log
launch_runs: Time (s): cpu = 00:00:06 ; elapsed = 00:01:07 . Memory (MB): peak = 2593.746 ; gain = 83.680
export_simulation -of_objects [get_files C:/Users/Rui/Rui/MSc_Dissertation/rvfpga/RVfpgaSoC/Labs/LabSolution/Lab1/Lab1.srcs/sources_1/bd/BD/BD.bd] -directory C:/Users/Rui/Rui/MSc_Dissertation/rvfpga/RVfpgaSoC/Labs/LabSolution/Lab1/Lab1.ip_user_files/sim_scripts -ip_user_files_dir C:/Users/Rui/Rui/MSc_Dissertation/rvfpga/RVfpgaSoC/Labs/LabSolution/Lab1/Lab1.ip_user_files -ipstatic_source_dir C:/Users/Rui/Rui/MSc_Dissertation/rvfpga/RVfpgaSoC/Labs/LabSolution/Lab1/Lab1.ip_user_files/ipstatic -lib_map_path [list {modelsim=C:/Users/Rui/Rui/MSc_Dissertation/rvfpga/RVfpgaSoC/Labs/LabSolution/Lab1/Lab1.cache/compile_simlib/modelsim} {questa=C:/Users/Rui/Rui/MSc_Dissertation/rvfpga/RVfpgaSoC/Labs/LabSolution/Lab1/Lab1.cache/compile_simlib/questa} {riviera=C:/Users/Rui/Rui/MSc_Dissertation/rvfpga/RVfpgaSoC/Labs/LabSolution/Lab1/Lab1.cache/compile_simlib/riviera} {activehdl=C:/Users/Rui/Rui/MSc_Dissertation/rvfpga/RVfpgaSoC/Labs/LabSolution/Lab1/Lab1.cache/compile_simlib/activehdl}] -use_ip_compiled_libs -force -quiet
update_compile_order -fileset sources_1
update_module_reference {BD_bidirec_0_1 BD_bidirec_0_2 BD_bidirec_1_0 BD_bidirec_0_3 BD_bidirec_1_1 BD_bidirec_2_0 BD_bidirec_3_0 BD_bidirec_0_4 BD_bidirec_1_2 BD_bidirec_2_1 BD_bidirec_3_1 BD_bidirec_4_0 BD_bidirec_5_0 BD_bidirec_6_0 BD_bidirec_7_0 BD_bidirec_0_5 BD_bidirec_1_3 BD_bidirec_10_0 BD_bidirec_11_0 BD_bidirec_12_0 BD_bidirec_13_0 BD_bidirec_14_0 BD_bidirec_15_0 BD_bidirec_2_2 BD_bidirec_3_2 BD_bidirec_4_1 BD_bidirec_5_1 BD_bidirec_6_1 BD_bidirec_7_1 BD_bidirec_8_0 BD_bidirec_9_0}
INFO: [IP_Flow 19-234] Refreshing IP repositories
INFO: [IP_Flow 19-1704] No user IP repositories specified
Upgrading 'C:/Users/Rui/Rui/MSc_Dissertation/rvfpga/RVfpgaSoC/Labs/LabSolution/Lab1/Lab1.srcs/sources_1/bd/BD/BD.bd'
WARNING: [Vivado 12-1017] Problems encountered:
1. Failed to delete one or more files in run directory C:/Users/Rui/Rui/MSc_Dissertation/rvfpga/RVfpgaSoC/Labs/LabSolution/Lab1/Lab1.runs/BD_bidirec_0_1_synth_1

WARNING: [Vivado 12-1017] Problems encountered:
1. Failed to delete one or more files in run directory C:/Users/Rui/Rui/MSc_Dissertation/rvfpga/RVfpgaSoC/Labs/LabSolution/Lab1/Lab1.runs/BD_bidirec_0_2_synth_1

WARNING: [Vivado 12-1017] Problems encountered:
1. Failed to delete one or more files in run directory C:/Users/Rui/Rui/MSc_Dissertation/rvfpga/RVfpgaSoC/Labs/LabSolution/Lab1/Lab1.runs/BD_bidirec_0_3_synth_1

WARNING: [Vivado 12-1017] Problems encountered:
1. PID not specified

WARNING: [Vivado 12-1017] Problems encountered:
1. Failed to delete one or more files in run directory C:/Users/Rui/Rui/MSc_Dissertation/rvfpga/RVfpgaSoC/Labs/LabSolution/Lab1/Lab1.runs/BD_bidirec_1_0_synth_1

WARNING: [Vivado 12-1017] Problems encountered:
1. Failed to delete one or more files in run directory C:/Users/Rui/Rui/MSc_Dissertation/rvfpga/RVfpgaSoC/Labs/LabSolution/Lab1/Lab1.runs/BD_bidirec_1_1_synth_1

WARNING: [Vivado 12-1017] Problems encountered:
1. Failed to delete one or more files in run directory C:/Users/Rui/Rui/MSc_Dissertation/rvfpga/RVfpgaSoC/Labs/LabSolution/Lab1/Lab1.runs/BD_bidirec_1_2_synth_1

WARNING: [Vivado 12-1017] Problems encountered:
1. Failed to delete one or more files in run directory C:/Users/Rui/Rui/MSc_Dissertation/rvfpga/RVfpgaSoC/Labs/LabSolution/Lab1/Lab1.runs/BD_bidirec_2_0_synth_1

WARNING: [Vivado 12-1017] Problems encountered:
1. PID not specified

WARNING: [Vivado 12-1017] Problems encountered:
1. Failed to delete one or more files in run directory C:/Users/Rui/Rui/MSc_Dissertation/rvfpga/RVfpgaSoC/Labs/LabSolution/Lab1/Lab1.runs/BD_bidirec_3_0_synth_1

