#-----------------------------------------------------------
# Vivado v2022.2 (64-bit)
# SW Build 3671981 on Fri Oct 14 05:00:03 MDT 2022
# IP Build 3669848 on Fri Oct 14 08:30:02 MDT 2022
# Start of session at: Wed Jan 10 14:34:05 2024
# Process ID: 15988
# Current directory: C:/Users/catia/Rui/MSc_Dissertation/SoC/accelerator/first_accel/solution1/impl/ip
# Command line: vivado.exe -notrace -mode batch -source run_ippack.tcl
# Log file: C:/Users/catia/Rui/MSc_Dissertation/SoC/accelerator/first_accel/solution1/impl/ip/vivado.log
# Journal file: C:/Users/catia/Rui/MSc_Dissertation/SoC/accelerator/first_accel/solution1/impl/ip\vivado.jou
# Running On: DESKTOP-8GAVNOH, OS: Windows, CPU Frequency: 2419 MHz, CPU Physical cores: 4, Host memory: 16705 MB
#-----------------------------------------------------------
source run_ippack.tcl -notrace
INFO: [ProjectBase 1-489] The host OS only allows 260 characters in a normal path. The project is stored in a path with more than 80 characters. If you experience issues with IP, Block Designs, or files not being found, please consider moving the project to a location with a shorter path. Alternately consider using the OS subst command to map part of the path to a drive letter.
Current project path is 'C:/Users/catia/Rui/MSc_Dissertation/SoC/accelerator/first_accel/solution1/impl/ip'
create_project: Time (s): cpu = 00:00:03 ; elapsed = 00:00:06 . Memory (MB): peak = 394.742 ; gain = 68.574
INFO: [IP_Flow 19-234] Refreshing IP repositories
INFO: [IP_Flow 19-1704] No user IP repositories specified
INFO: [IP_Flow 19-2313] Loaded Vivado IP repository 'C:/Xilinx/Vivado/2022.2/data/ip'.
WARNING: [IP_Flow 19-4832] The IP name 'matprod_dadd_64ns_64ns_64_4_full_dsp_1_ip' you have specified is long. The Windows operating system has path length limitations. It is recommended you use shorter names to reduce the likelihood of issues.
INFO: [IP_Flow 19-1686] Generating 'Synthesis' target for IP 'matprod_dadd_64ns_64ns_64_4_full_dsp_1_ip'...
INFO: [IP_Flow 19-1686] Generating 'Simulation' target for IP 'matprod_dadd_64ns_64ns_64_4_full_dsp_1_ip'...
WARNING: [IP_Flow 19-4832] The IP name 'matprod_dmul_64ns_64ns_64_4_max_dsp_1_ip' you have specified is long. The Windows operating system has path length limitations. It is recommended you use shorter names to reduce the likelihood of issues.
INFO: [IP_Flow 19-1686] Generating 'Synthesis' target for IP 'matprod_dmul_64ns_64ns_64_4_max_dsp_1_ip'...
INFO: [IP_Flow 19-1686] Generating 'Simulation' target for IP 'matprod_dmul_64ns_64ns_64_4_max_dsp_1_ip'...
INFO: [IP_Flow 19-234] Refreshing IP repositories
INFO: [IP_Flow 19-1704] No user IP repositories specified
INFO: [IP_Flow 19-2313] Loaded Vivado IP repository 'C:/Xilinx/Vivado/2022.2/data/ip'.
INFO: [Common 17-206] Exiting Vivado at Wed Jan 10 14:34:21 2024...
