
*** Running vivado
    with args -log BD_bootrom_wrapper_0_0.vds -m64 -product Vivado -mode batch -messageDb vivado.pb -notrace -source BD_bootrom_wrapper_0_0.tcl



****** Vivado v2022.2 (64-bit)
  **** SW Build 3671981 on Fri Oct 14 05:00:03 MDT 2022
  **** IP Build 3669848 on Fri Oct 14 08:30:02 MDT 2022
    ** Copyright 1986-2022 Xilinx, Inc. All Rights Reserved.

source BD_bootrom_wrapper_0_0.tcl -notrace
create_project: Time (s): cpu = 00:00:03 ; elapsed = 00:00:06 . Memory (MB): peak = 1038.980 ; gain = 154.895
INFO: [IP_Flow 19-234] Refreshing IP repositories
INFO: [IP_Flow 19-1704] No user IP repositories specified
INFO: [IP_Flow 19-2313] Loaded Vivado IP repository 'C:/Xilinx/Vivado/2022.2/data/ip'.
INFO: [IP_Flow 19-6924] IPCACHE: Running cache check for IP inst: BD_bootrom_wrapper_0_0
Command: synth_design -top BD_bootrom_wrapper_0_0 -part xc7a100tcsg324-1 -incremental_mode off -mode out_of_context
Starting synth_design
Attempting to get a license for feature 'Synthesis' and/or device 'xc7a100t'
INFO: [Common 17-349] Got license for feature 'Synthesis' and/or device 'xc7a100t'
INFO: [Designutils 20-5008] Incremental synthesis strategy off
INFO: [Synth 8-7079] Multithreading enabled for synth_design using a maximum of 2 processes.
INFO: [Synth 8-7078] Launching helper process for spawning children vivado processes
INFO: [Synth 8-7075] Helper process launched with PID 15956
INFO: [Synth 8-11241] undeclared symbol 'REGCCE', assumed default net type 'wire' [C:/Xilinx/Vivado/2022.2/data/verilog/src/unimacro/BRAM_SINGLE_MACRO.v:2170]
---------------------------------------------------------------------------------
Starting Synthesize : Time (s): cpu = 00:00:02 ; elapsed = 00:00:05 . Memory (MB): peak = 1486.375 ; gain = 406.129
---------------------------------------------------------------------------------
INFO: [Synth 8-6157] synthesizing module 'BD_bootrom_wrapper_0_0' [c:/Users/Rui/Rui/MSc_Dissertation/SoC/base/project/project.gen/sources_1/bd/BD/ip/BD_bootrom_wrapper_0_0/synth/BD_bootrom_wrapper_0_0.v:53]
INFO: [Synth 8-6157] synthesizing module 'bootrom_wrapper' [C:/Users/Rui/Rui/MSc_Dissertation/SoC/base/project/project.srcs/sources_1/imports/src/SweRVolfSoC/BootROM/bootrom_wrapper.v:23]
INFO: [Synth 8-6157] synthesizing module 'wb_mem_wrapper' [C:/Users/Rui/Rui/MSc_Dissertation/SoC/base/project/project.srcs/sources_1/imports/src/SweRVolfSoC/BootROM/wb_mem_wrapper.v:25]
INFO: [Synth 8-6157] synthesizing module 'dpram64' [C:/Users/Rui/Rui/MSc_Dissertation/SoC/base/project/project.srcs/sources_1/imports/src/SweRVolfSoC/BootROM/dpram64.v:24]
INFO: [Synth 8-6155] done synthesizing module 'dpram64' (0#1) [C:/Users/Rui/Rui/MSc_Dissertation/SoC/base/project/project.srcs/sources_1/imports/src/SweRVolfSoC/BootROM/dpram64.v:24]
INFO: [Synth 8-6155] done synthesizing module 'wb_mem_wrapper' (0#1) [C:/Users/Rui/Rui/MSc_Dissertation/SoC/base/project/project.srcs/sources_1/imports/src/SweRVolfSoC/BootROM/wb_mem_wrapper.v:25]
WARNING: [Synth 8-689] width (32) of port connection 'i_wb_adr' does not match port width (10) of module 'wb_mem_wrapper' [C:/Users/Rui/Rui/MSc_Dissertation/SoC/base/project/project.srcs/sources_1/imports/src/SweRVolfSoC/BootROM/bootrom_wrapper.v:39]
INFO: [Synth 8-6155] done synthesizing module 'bootrom_wrapper' (0#1) [C:/Users/Rui/Rui/MSc_Dissertation/SoC/base/project/project.srcs/sources_1/imports/src/SweRVolfSoC/BootROM/bootrom_wrapper.v:23]
INFO: [Synth 8-6155] done synthesizing module 'BD_bootrom_wrapper_0_0' (0#1) [c:/Users/Rui/Rui/MSc_Dissertation/SoC/base/project/project.gen/sources_1/bd/BD/ip/BD_bootrom_wrapper_0_0/synth/BD_bootrom_wrapper_0_0.v:53]
WARNING: [Synth 8-7129] Port waddr[2] in module dpram64 is either unconnected or has no load
WARNING: [Synth 8-7129] Port waddr[1] in module dpram64 is either unconnected or has no load
WARNING: [Synth 8-7129] Port waddr[0] in module dpram64 is either unconnected or has no load
WARNING: [Synth 8-7129] Port raddr[2] in module dpram64 is either unconnected or has no load
WARNING: [Synth 8-7129] Port raddr[1] in module dpram64 is either unconnected or has no load
WARNING: [Synth 8-7129] Port raddr[0] in module dpram64 is either unconnected or has no load
WARNING: [Synth 8-7129] Port i_wb_adr[31] in module bootrom_wrapper is either unconnected or has no load
WARNING: [Synth 8-7129] Port i_wb_adr[30] in module bootrom_wrapper is either unconnected or has no load
WARNING: [Synth 8-7129] Port i_wb_adr[29] in module bootrom_wrapper is either unconnected or has no load
WARNING: [Synth 8-7129] Port i_wb_adr[28] in module bootrom_wrapper is either unconnected or has no load
WARNING: [Synth 8-7129] Port i_wb_adr[27] in module bootrom_wrapper is either unconnected or has no load
WARNING: [Synth 8-7129] Port i_wb_adr[26] in module bootrom_wrapper is either unconnected or has no load
WARNING: [Synth 8-7129] Port i_wb_adr[25] in module bootrom_wrapper is either unconnected or has no load
WARNING: [Synth 8-7129] Port i_wb_adr[24] in module bootrom_wrapper is either unconnected or has no load
WARNING: [Synth 8-7129] Port i_wb_adr[23] in module bootrom_wrapper is either unconnected or has no load
WARNING: [Synth 8-7129] Port i_wb_adr[22] in module bootrom_wrapper is either unconnected or has no load
WARNING: [Synth 8-7129] Port i_wb_adr[21] in module bootrom_wrapper is either unconnected or has no load
WARNING: [Synth 8-7129] Port i_wb_adr[20] in module bootrom_wrapper is either unconnected or has no load
WARNING: [Synth 8-7129] Port i_wb_adr[19] in module bootrom_wrapper is either unconnected or has no load
WARNING: [Synth 8-7129] Port i_wb_adr[18] in module bootrom_wrapper is either unconnected or has no load
WARNING: [Synth 8-7129] Port i_wb_adr[17] in module bootrom_wrapper is either unconnected or has no load
WARNING: [Synth 8-7129] Port i_wb_adr[16] in module bootrom_wrapper is either unconnected or has no load
WARNING: [Synth 8-7129] Port i_wb_adr[15] in module bootrom_wrapper is either unconnected or has no load
WARNING: [Synth 8-7129] Port i_wb_adr[14] in module bootrom_wrapper is either unconnected or has no load
WARNING: [Synth 8-7129] Port i_wb_adr[13] in module bootrom_wrapper is either unconnected or has no load
WARNING: [Synth 8-7129] Port i_wb_adr[12] in module bootrom_wrapper is either unconnected or has no load
WARNING: [Synth 8-7129] Port i_wb_adr[11] in module bootrom_wrapper is either unconnected or has no load
WARNING: [Synth 8-7129] Port i_wb_adr[10] in module bootrom_wrapper is either unconnected or has no load
---------------------------------------------------------------------------------
Finished Synthesize : Time (s): cpu = 00:00:03 ; elapsed = 00:00:06 . Memory (MB): peak = 1576.078 ; gain = 495.832
---------------------------------------------------------------------------------
---------------------------------------------------------------------------------
Finished Constraint Validation : Time (s): cpu = 00:00:04 ; elapsed = 00:00:07 . Memory (MB): peak = 1576.078 ; gain = 495.832
---------------------------------------------------------------------------------
---------------------------------------------------------------------------------
Start Loading Part and Timing Information
---------------------------------------------------------------------------------
Loading part: xc7a100tcsg324-1
---------------------------------------------------------------------------------
Finished Loading Part and Timing Information : Time (s): cpu = 00:00:04 ; elapsed = 00:00:07 . Memory (MB): peak = 1576.078 ; gain = 495.832
---------------------------------------------------------------------------------
INFO: [Device 21-403] Loading part xc7a100tcsg324-1
---------------------------------------------------------------------------------
Finished RTL Optimization Phase 2 : Time (s): cpu = 00:00:04 ; elapsed = 00:00:07 . Memory (MB): peak = 1576.078 ; gain = 495.832
---------------------------------------------------------------------------------
No constraint files found.
---------------------------------------------------------------------------------
Start RTL Component Statistics 
---------------------------------------------------------------------------------
Detailed RTL Component Info : 
+---Registers : 
	               64 Bit    Registers := 1     
	                1 Bit    Registers := 1     
+---RAMs : 
	              32K Bit	(512 X 64 bit)          RAMs := 1     
+---Muxes : 
	   2 Input   64 Bit        Muxes := 14    
	   2 Input   32 Bit        Muxes := 1     
	   2 Input    8 Bit        Muxes := 1     
	   2 Input    4 Bit        Muxes := 2     
---------------------------------------------------------------------------------
Finished RTL Component Statistics 
---------------------------------------------------------------------------------
---------------------------------------------------------------------------------
Start Part Resource Summary
---------------------------------------------------------------------------------
Part Resources:
DSPs: 240 (col length:80)
BRAMs: 270 (col length: RAMB18 80 RAMB36 40)
---------------------------------------------------------------------------------
Finished Part Resource Summary
---------------------------------------------------------------------------------
No constraint files found.
---------------------------------------------------------------------------------
Start Cross Boundary and Area Optimization
---------------------------------------------------------------------------------
WARNING: [Synth 8-7080] Parallel synthesis criteria is not met
WARNING: [Synth 8-7129] Port i_wb_adr[31] in module BD_bootrom_wrapper_0_0 is either unconnected or has no load
WARNING: [Synth 8-7129] Port i_wb_adr[30] in module BD_bootrom_wrapper_0_0 is either unconnected or has no load
WARNING: [Synth 8-7129] Port i_wb_adr[29] in module BD_bootrom_wrapper_0_0 is either unconnected or has no load
WARNING: [Synth 8-7129] Port i_wb_adr[28] in module BD_bootrom_wrapper_0_0 is either unconnected or has no load
WARNING: [Synth 8-7129] Port i_wb_adr[27] in module BD_bootrom_wrapper_0_0 is either unconnected or has no load
WARNING: [Synth 8-7129] Port i_wb_adr[26] in module BD_bootrom_wrapper_0_0 is either unconnected or has no load
WARNING: [Synth 8-7129] Port i_wb_adr[25] in module BD_bootrom_wrapper_0_0 is either unconnected or has no load
WARNING: [Synth 8-7129] Port i_wb_adr[24] in module BD_bootrom_wrapper_0_0 is either unconnected or has no load
WARNING: [Synth 8-7129] Port i_wb_adr[23] in module BD_bootrom_wrapper_0_0 is either unconnected or has no load
WARNING: [Synth 8-7129] Port i_wb_adr[22] in module BD_bootrom_wrapper_0_0 is either unconnected or has no load
WARNING: [Synth 8-7129] Port i_wb_adr[21] in module BD_bootrom_wrapper_0_0 is either unconnected or has no load
WARNING: [Synth 8-7129] Port i_wb_adr[20] in module BD_bootrom_wrapper_0_0 is either unconnected or has no load
WARNING: [Synth 8-7129] Port i_wb_adr[19] in module BD_bootrom_wrapper_0_0 is either unconnected or has no load
WARNING: [Synth 8-7129] Port i_wb_adr[18] in module BD_bootrom_wrapper_0_0 is either unconnected or has no load
WARNING: [Synth 8-7129] Port i_wb_adr[17] in module BD_bootrom_wrapper_0_0 is either unconnected or has no load
WARNING: [Synth 8-7129] Port i_wb_adr[16] in module BD_bootrom_wrapper_0_0 is either unconnected or has no load
WARNING: [Synth 8-7129] Port i_wb_adr[15] in module BD_bootrom_wrapper_0_0 is either unconnected or has no load
WARNING: [Synth 8-7129] Port i_wb_adr[14] in module BD_bootrom_wrapper_0_0 is either unconnected or has no load
WARNING: [Synth 8-7129] Port i_wb_adr[13] in module BD_bootrom_wrapper_0_0 is either unconnected or has no load
WARNING: [Synth 8-7129] Port i_wb_adr[12] in module BD_bootrom_wrapper_0_0 is either unconnected or has no load
WARNING: [Synth 8-7129] Port i_wb_adr[11] in module BD_bootrom_wrapper_0_0 is either unconnected or has no load
WARNING: [Synth 8-7129] Port i_wb_adr[10] in module BD_bootrom_wrapper_0_0 is either unconnected or has no load
---------------------------------------------------------------------------------
Finished Cross Boundary and Area Optimization : Time (s): cpu = 00:00:06 ; elapsed = 00:00:13 . Memory (MB): peak = 1780.531 ; gain = 700.285
---------------------------------------------------------------------------------
---------------------------------------------------------------------------------
Start ROM, RAM, DSP, Shift Register and Retiming Reporting
---------------------------------------------------------------------------------

Block RAM: Preliminary Mapping Report (see note below)
+-----------------------+--------------------------+------------------------+---+---+------------------------+---+---+------------------+--------+--------+
|Module Name            | RTL Object               | PORT A (Depth x Width) | W | R | PORT B (Depth x Width) | W | R | Ports driving FF | RAMB18 | RAMB36 | 
+-----------------------+--------------------------+------------------------+---+---+------------------------+---+---+------------------+--------+--------+
|BD_bootrom_wrapper_0_0 | inst/bootrom/ram/mem_reg | 512 x 64(READ_FIRST)   | W | R |                        |   |   | Port A           | 0      | 1      | 
+-----------------------+--------------------------+------------------------+---+---+------------------------+---+---+------------------+--------+--------+

Note: The table above is a preliminary report that shows the Block RAMs at the current stage of the synthesis flow. Some Block RAMs may be reimplemented as non Block RAM primitives later in the synthesis flow. Multiple instantiated Block RAMs are reported only once. 
---------------------------------------------------------------------------------
Finished ROM, RAM, DSP, Shift Register and Retiming Reporting
---------------------------------------------------------------------------------
No constraint files found.
---------------------------------------------------------------------------------
Start Timing Optimization
---------------------------------------------------------------------------------
---------------------------------------------------------------------------------
Finished Timing Optimization : Time (s): cpu = 00:00:06 ; elapsed = 00:00:13 . Memory (MB): peak = 1780.531 ; gain = 700.285
---------------------------------------------------------------------------------
---------------------------------------------------------------------------------
Start ROM, RAM, DSP, Shift Register and Retiming Reporting
---------------------------------------------------------------------------------

Block RAM: Final Mapping Report
+-----------------------+--------------------------+------------------------+---+---+------------------------+---+---+------------------+--------+--------+
|Module Name            | RTL Object               | PORT A (Depth x Width) | W | R | PORT B (Depth x Width) | W | R | Ports driving FF | RAMB18 | RAMB36 | 
+-----------------------+--------------------------+------------------------+---+---+------------------------+---+---+------------------+--------+--------+
|BD_bootrom_wrapper_0_0 | inst/bootrom/ram/mem_reg | 512 x 64(READ_FIRST)   | W | R |                        |   |   | Port A           | 0      | 1      | 
+-----------------------+--------------------------+------------------------+---+---+------------------------+---+---+------------------+--------+--------+

---------------------------------------------------------------------------------
Finished ROM, RAM, DSP, Shift Register and Retiming Reporting
---------------------------------------------------------------------------------
---------------------------------------------------------------------------------
Start Technology Mapping
---------------------------------------------------------------------------------
INFO: [Synth 8-7052] The timing for the instance inst/bootrom/ram/mem_reg (implemented as a Block RAM) might be sub-optimal as no optional output register could be merged into the ram block. Providing additional output register may help in improving timing.
INFO: [Synth 8-7052] The timing for the instance inst/bootrom/ram/mem_reg (implemented as a Block RAM) might be sub-optimal as no optional output register could be merged into the ram block. Providing additional output register may help in improving timing.
---------------------------------------------------------------------------------
Finished Technology Mapping : Time (s): cpu = 00:00:06 ; elapsed = 00:00:13 . Memory (MB): peak = 1780.648 ; gain = 700.402
---------------------------------------------------------------------------------
---------------------------------------------------------------------------------
Start IO Insertion
---------------------------------------------------------------------------------
---------------------------------------------------------------------------------
Start Flattening Before IO Insertion
---------------------------------------------------------------------------------
---------------------------------------------------------------------------------
Finished Flattening Before IO Insertion
---------------------------------------------------------------------------------
---------------------------------------------------------------------------------
Start Final Netlist Cleanup
---------------------------------------------------------------------------------
---------------------------------------------------------------------------------
Finished Final Netlist Cleanup
---------------------------------------------------------------------------------
---------------------------------------------------------------------------------
Finished IO Insertion : Time (s): cpu = 00:00:08 ; elapsed = 00:00:17 . Memory (MB): peak = 1780.648 ; gain = 700.402
---------------------------------------------------------------------------------
---------------------------------------------------------------------------------
Start Renaming Generated Instances
---------------------------------------------------------------------------------
---------------------------------------------------------------------------------
Finished Renaming Generated Instances : Time (s): cpu = 00:00:08 ; elapsed = 00:00:17 . Memory (MB): peak = 1780.648 ; gain = 700.402
---------------------------------------------------------------------------------
---------------------------------------------------------------------------------
Start Rebuilding User Hierarchy
---------------------------------------------------------------------------------
---------------------------------------------------------------------------------
Finished Rebuilding User Hierarchy : Time (s): cpu = 00:00:08 ; elapsed = 00:00:17 . Memory (MB): peak = 1780.648 ; gain = 700.402
---------------------------------------------------------------------------------
---------------------------------------------------------------------------------
Start Renaming Generated Ports
---------------------------------------------------------------------------------
---------------------------------------------------------------------------------
Finished Renaming Generated Ports : Time (s): cpu = 00:00:08 ; elapsed = 00:00:17 . Memory (MB): peak = 1780.648 ; gain = 700.402
---------------------------------------------------------------------------------
---------------------------------------------------------------------------------
Start Handling Custom Attributes
---------------------------------------------------------------------------------
---------------------------------------------------------------------------------
Finished Handling Custom Attributes : Time (s): cpu = 00:00:08 ; elapsed = 00:00:17 . Memory (MB): peak = 1780.648 ; gain = 700.402
---------------------------------------------------------------------------------
---------------------------------------------------------------------------------
Start Renaming Generated Nets
---------------------------------------------------------------------------------
---------------------------------------------------------------------------------
Finished Renaming Generated Nets : Time (s): cpu = 00:00:08 ; elapsed = 00:00:17 . Memory (MB): peak = 1780.648 ; gain = 700.402
---------------------------------------------------------------------------------
---------------------------------------------------------------------------------
Start Writing Synthesis Report
---------------------------------------------------------------------------------

Report BlackBoxes: 
+-+--------------+----------+
| |BlackBox name |Instances |
+-+--------------+----------+
+-+--------------+----------+

Report Cell Usage: 
+------+---------+------+
|      |Cell     |Count |
+------+---------+------+
|1     |LUT3     |    32|
|2     |LUT4     |     1|
|3     |LUT5     |     8|
|4     |RAMB36E1 |     1|
|5     |FDRE     |     1|
+------+---------+------+

Report Instance Areas: 
+------+------------+----------------+------+
|      |Instance    |Module          |Cells |
+------+------------+----------------+------+
|1     |top         |                |    43|
|2     |  inst      |bootrom_wrapper |    43|
|3     |    bootrom |wb_mem_wrapper  |    43|
|4     |      ram   |dpram64         |     9|
+------+------------+----------------+------+
---------------------------------------------------------------------------------
Finished Writing Synthesis Report : Time (s): cpu = 00:00:08 ; elapsed = 00:00:17 . Memory (MB): peak = 1780.648 ; gain = 700.402
---------------------------------------------------------------------------------
Synthesis finished with 0 errors, 0 critical warnings and 52 warnings.
Synthesis Optimization Runtime : Time (s): cpu = 00:00:08 ; elapsed = 00:00:17 . Memory (MB): peak = 1780.648 ; gain = 700.402
Synthesis Optimization Complete : Time (s): cpu = 00:00:08 ; elapsed = 00:00:17 . Memory (MB): peak = 1780.648 ; gain = 700.402
INFO: [Project 1-571] Translating synthesized netlist
Netlist sorting complete. Time (s): cpu = 00:00:00 ; elapsed = 00:00:00.002 . Memory (MB): peak = 1793.496 ; gain = 0.000
INFO: [Netlist 29-17] Analyzing 1 Unisim elements for replacement
INFO: [Netlist 29-28] Unisim Transformation completed in 0 CPU seconds
INFO: [Project 1-570] Preparing netlist for logic optimization
INFO: [Opt 31-138] Pushed 0 inverter(s) to 0 load pin(s).
Netlist sorting complete. Time (s): cpu = 00:00:00 ; elapsed = 00:00:00 . Memory (MB): peak = 1890.176 ; gain = 0.000
INFO: [Project 1-111] Unisim Transformation Summary:
No Unisim elements were transformed.

Synth Design complete, checksum: a12d195
INFO: [Common 17-83] Releasing license: Synthesis
28 Infos, 52 Warnings, 0 Critical Warnings and 0 Errors encountered.
synth_design completed successfully
synth_design: Time (s): cpu = 00:00:09 ; elapsed = 00:00:19 . Memory (MB): peak = 1890.176 ; gain = 816.891
INFO: [Timing 38-35] Done setting XDC timing constraints.
INFO: [Common 17-1381] The checkpoint 'C:/Users/Rui/Rui/MSc_Dissertation/SoC/base/project/project.runs/BD_bootrom_wrapper_0_0_synth_1/BD_bootrom_wrapper_0_0.dcp' has been generated.
write_checkpoint: Time (s): cpu = 00:00:03 ; elapsed = 00:00:07 . Memory (MB): peak = 2147.129 ; gain = 256.953
INFO: [Coretcl 2-1648] Added synthesis output to IP cache for IP BD_bootrom_wrapper_0_0, cache-ID = db922c6d27bcd28f
INFO: [Coretcl 2-1174] Renamed 3 cell refs.
INFO: [Common 17-1381] The checkpoint 'C:/Users/Rui/Rui/MSc_Dissertation/SoC/base/project/project.runs/BD_bootrom_wrapper_0_0_synth_1/BD_bootrom_wrapper_0_0.dcp' has been generated.
INFO: [runtcl-4] Executing : report_utilization -file BD_bootrom_wrapper_0_0_utilization_synth.rpt -pb BD_bootrom_wrapper_0_0_utilization_synth.pb
INFO: [Common 17-206] Exiting Vivado at Thu Aug 31 16:55:51 2023...
