\BOOKMARK [0][-]{chapter.1}{\376\377\000I\000n\000t\000r\000o\000d\000u\000c\000t\000i\000o\000n}{}% 1
\BOOKMARK [1][-]{section.1.1}{\376\377\000M\000o\000t\000i\000v\000a\000t\000i\000o\000n}{chapter.1}% 2
\BOOKMARK [1][-]{section.1.2}{\376\377\000O\000b\000j\000e\000c\000t\000i\000v\000e\000s}{chapter.1}% 3
\BOOKMARK [1][-]{section.1.3}{\376\377\000D\000o\000c\000u\000m\000e\000n\000t\000\040\000O\000u\000t\000l\000i\000n\000e}{chapter.1}% 4
\BOOKMARK [0][-]{chapter.2}{\376\377\000B\000a\000c\000k\000g\000r\000o\000u\000n\000d}{}% 5
\BOOKMARK [1][-]{section.2.1}{\376\377\000R\000I\000S\000C\000-\000V\000\040\000I\000n\000s\000t\000r\000u\000c\000t\000i\000o\000n\000\040\000S\000e\000t\000\040\000A\000r\000c\000h\000i\000t\000e\000c\000t\000u\000r\000e}{chapter.2}% 6
\BOOKMARK [2][-]{subsection.2.1.1}{\376\377\000R\000I\000S\000C\000-\000V\000\040\000H\000a\000r\000d\000w\000a\000r\000e\000\040\000I\000m\000p\000l\000e\000m\000e\000n\000t\000a\000t\000i\000o\000n\000s}{section.2.1}% 7
\BOOKMARK [1][-]{section.2.2}{\376\377\000R\000e\000a\000l\000-\000T\000i\000m\000e\000\040\000O\000p\000e\000r\000a\000t\000i\000n\000g\000\040\000S\000y\000s\000t\000e\000m\000s}{chapter.2}% 8
\BOOKMARK [2][-]{subsection.2.2.1}{\376\377\000T\000a\000s\000k\000\040\000S\000c\000h\000e\000d\000u\000l\000i\000n\000g\000\040\000a\000n\000d\000\040\000C\000o\000n\000t\000e\000x\000t\000\040\000S\000w\000i\000t\000c\000h\000i\000n\000g}{section.2.2}% 9
\BOOKMARK [2][-]{subsection.2.2.2}{\376\377\000I\000n\000t\000e\000r\000r\000u\000p\000t\000\040\000H\000a\000n\000d\000l\000i\000n\000g}{section.2.2}% 10
\BOOKMARK [2][-]{subsection.2.2.3}{\376\377\000R\000e\000s\000o\000u\000r\000c\000e\000\040\000S\000h\000a\000r\000i\000n\000g}{section.2.2}% 11
\BOOKMARK [2][-]{subsection.2.2.4}{\376\377\000R\000T\000O\000S\000\040\000C\000o\000m\000p\000a\000r\000i\000s\000o\000n}{section.2.2}% 12
\BOOKMARK [0][-]{chapter.3}{\376\377\000R\000V\000f\000p\000g\000a}{}% 13
\BOOKMARK [1][-]{section.3.1}{\376\377\000B\000a\000s\000e\000l\000i\000n\000e\000\040\000S\000o\000C\000:\000\040\000R\000V\000f\000p\000g\000a\000N\000e\000x\000y\000s}{chapter.3}% 14
\BOOKMARK [1][-]{section.3.2}{\376\377\000A\000X\000I\000\040\000I\000n\000t\000e\000r\000c\000o\000n\000n\000e\000c\000t}{chapter.3}% 15
\BOOKMARK [1][-]{section.3.3}{\376\377\000H\000a\000r\000d\000w\000a\000r\000e\000\040\000A\000c\000c\000e\000l\000e\000r\000a\000t\000o\000r}{chapter.3}% 16
\BOOKMARK [0][-]{chapter.4}{\376\377\000S\000o\000f\000t\000w\000a\000r\000e\000\040\000D\000e\000v\000e\000l\000o\000p\000e\000d}{}% 17
\BOOKMARK [0][-]{chapter.5}{\376\377\000R\000T\000O\000S\000\040\000i\000n\000\040\000R\000I\000S\000C\000-\000V}{}% 18
\BOOKMARK [0][-]{chapter.6}{\376\377\000C\000o\000n\000c\000l\000u\000s\000i\000o\000n\000s}{}% 19
\BOOKMARK [1][-]{section.6.1}{\376\377\000F\000u\000t\000u\000r\000e\000\040\000W\000o\000r\000k}{chapter.6}% 20
\BOOKMARK [0][-]{section*.10}{\376\377\000R\000e\000f\000e\000r\000e\000n\000c\000e\000s}{}% 21
